2024-03-07 22:49:19,824 - INFO - ============================================================
2024-03-07 22:49:19,824 - INFO - env_name                      | ma_gym:Checkers-v0
2024-03-07 22:49:19,824 - INFO - experiment_name               | ddqn_20000
2024-03-07 22:49:19,824 - INFO - use_wandb                     | False
2024-03-07 22:49:19,824 - INFO - use_cuda                      | False
2024-03-07 22:49:19,824 - INFO - n_training_threads            | 12
2024-03-07 22:49:19,824 - INFO - use_render                    | False
2024-03-07 22:49:19,824 - INFO - use_time_sleep                | False
2024-03-07 22:49:19,824 - INFO - sleep_second                  | 0.5
2024-03-07 22:49:19,824 - INFO - seed                          | 42
2024-03-07 22:49:19,824 - INFO - fix_seed                      | True
2024-03-07 22:49:19,824 - INFO - epsilon_anneal_episode        | 60000
2024-03-07 22:49:19,824 - INFO - max_epsilon                   | 0.9
2024-03-07 22:49:19,824 - INFO - min_epsilon                   | 0.05
2024-03-07 22:49:19,824 - INFO - lr                            | 0.001
2024-03-07 22:49:19,824 - INFO - gamma                         | 0.99
2024-03-07 22:49:19,824 - INFO - batch_size                    | 32
2024-03-07 22:49:19,824 - INFO - max_episodes                  | 100000
2024-03-07 22:49:19,824 - INFO - max_step                      | 100
2024-03-07 22:49:19,824 - INFO - step_cost                     | -0.01
2024-03-07 22:49:19,824 - INFO - chunk_size                    | 10
2024-03-07 22:49:19,824 - INFO - update_iter                   | 10
2024-03-07 22:49:19,824 - INFO - update_target_interval        | 20
2024-03-07 22:49:19,824 - INFO - grad_clip_norm                | 5
2024-03-07 22:49:19,824 - INFO - use_recurrent                 | True
2024-03-07 22:49:19,824 - INFO - nn_module                     | ddqn
2024-03-07 22:49:19,824 - INFO - test_interval                 | 10
2024-03-07 22:49:19,824 - INFO - test_episodes                 | 10
2024-03-07 22:49:19,824 - INFO - buffer_limit                  | 20000
2024-03-07 22:49:19,824 - INFO - eps                           | 1e-06
2024-03-07 22:49:19,824 - INFO - alpha                         | 0.8
2024-03-07 22:49:19,824 - INFO - beta                          | 0.2
2024-03-07 22:49:19,824 - INFO - update_alpha_beta             | True
2024-03-07 22:49:19,824 - INFO - ============================================================
2024-03-07 22:51:50,864 - INFO - 10      /100000     episodes | avg train score: -4.84  | avg test score: -2.00  | n_buffer: 20000  | eps: 0.8999 | alpha: 0.8000 | beta: 0.2001
2024-03-07 22:51:54,806 - INFO - 20      /100000     episodes | avg train score: -1.76  | avg test score: -2.00  | n_buffer: 20000  | eps: 0.8997 | alpha: 0.8000 | beta: 0.2002
2024-03-07 22:51:59,218 - INFO - 30      /100000     episodes | avg train score: 0.90   | avg test score: -1.00  | n_buffer: 20000  | eps: 0.8996 | alpha: 0.8001 | beta: 0.2002
2024-03-07 22:52:03,244 - INFO - 40      /100000     episodes | avg train score: 2.73   | avg test score: 8.00   | n_buffer: 20000  | eps: 0.8994 | alpha: 0.8001 | beta: 0.2003
2024-03-07 22:52:07,196 - INFO - 50      /100000     episodes | avg train score: -0.53  | avg test score: 8.00   | n_buffer: 20000  | eps: 0.8993 | alpha: 0.8001 | beta: 0.2004
2024-03-07 22:52:11,069 - INFO - 60      /100000     episodes | avg train score: 1.59   | avg test score: 8.00   | n_buffer: 20000  | eps: 0.8992 | alpha: 0.8001 | beta: 0.2005
2024-03-07 22:52:14,915 - INFO - 70      /100000     episodes | avg train score: 7.10   | avg test score: 8.00   | n_buffer: 20000  | eps: 0.8990 | alpha: 0.8001 | beta: 0.2006
2024-03-07 22:52:18,944 - INFO - 80      /100000     episodes | avg train score: 0.46   | avg test score: 8.00   | n_buffer: 20000  | eps: 0.8989 | alpha: 0.8002 | beta: 0.2006
2024-03-07 22:52:22,873 - INFO - 90      /100000     episodes | avg train score: -0.11  | avg test score: 48.00  | n_buffer: 20000  | eps: 0.8987 | alpha: 0.8002 | beta: 0.2007
2024-03-07 22:52:26,860 - INFO - 100     /100000     episodes | avg train score: 2.79   | avg test score: 48.00  | n_buffer: 20000  | eps: 0.8986 | alpha: 0.8002 | beta: 0.2008
2024-03-07 22:52:31,050 - INFO - 110     /100000     episodes | avg train score: -1.16  | avg test score: 48.00  | n_buffer: 20000  | eps: 0.8985 | alpha: 0.8002 | beta: 0.2009
2024-03-07 22:52:34,911 - INFO - 120     /100000     episodes | avg train score: 10.63  | avg test score: 8.00   | n_buffer: 20000  | eps: 0.8983 | alpha: 0.8002 | beta: 0.2010
2024-03-07 22:52:38,641 - INFO - 130     /100000     episodes | avg train score: 7.37   | avg test score: 28.00  | n_buffer: 20000  | eps: 0.8982 | alpha: 0.8003 | beta: 0.2010
2024-03-07 22:52:42,147 - INFO - 140     /100000     episodes | avg train score: 4.74   | avg test score: 38.66  | n_buffer: 20000  | eps: 0.8980 | alpha: 0.8003 | beta: 0.2011
2024-03-07 22:52:46,057 - INFO - 150     /100000     episodes | avg train score: 8.82   | avg test score: 18.00  | n_buffer: 20000  | eps: 0.8979 | alpha: 0.8003 | beta: 0.2012
2024-03-07 22:52:49,922 - INFO - 160     /100000     episodes | avg train score: 5.14   | avg test score: 37.00  | n_buffer: 20000  | eps: 0.8977 | alpha: 0.8003 | beta: 0.2013
2024-03-07 22:52:53,650 - INFO - 170     /100000     episodes | avg train score: 2.69   | avg test score: 7.00   | n_buffer: 20000  | eps: 0.8976 | alpha: 0.8003 | beta: 0.2014
2024-03-07 22:52:57,501 - INFO - 180     /100000     episodes | avg train score: 0.38   | avg test score: 17.00  | n_buffer: 20000  | eps: 0.8975 | alpha: 0.8004 | beta: 0.2014
2024-03-07 22:53:01,293 - INFO - 190     /100000     episodes | avg train score: 4.66   | avg test score: 6.00   | n_buffer: 20000  | eps: 0.8973 | alpha: 0.8004 | beta: 0.2015
2024-03-07 22:53:05,048 - INFO - 200     /100000     episodes | avg train score: 5.29   | avg test score: 8.00   | n_buffer: 20000  | eps: 0.8972 | alpha: 0.8004 | beta: 0.2016
2024-03-07 22:53:08,865 - INFO - 210     /100000     episodes | avg train score: 9.99   | avg test score: 8.00   | n_buffer: 20000  | eps: 0.8970 | alpha: 0.8004 | beta: 0.2017
2024-03-07 22:53:12,741 - INFO - 220     /100000     episodes | avg train score: 3.99   | avg test score: 17.00  | n_buffer: 20000  | eps: 0.8969 | alpha: 0.8004 | beta: 0.2018
2024-03-07 22:53:16,585 - INFO - 230     /100000     episodes | avg train score: 5.31   | avg test score: -13.00 | n_buffer: 20000  | eps: 0.8968 | alpha: 0.8005 | beta: 0.2018
2024-03-07 22:53:20,446 - INFO - 240     /100000     episodes | avg train score: 4.57   | avg test score: 7.00   | n_buffer: 20000  | eps: 0.8966 | alpha: 0.8005 | beta: 0.2019
2024-03-07 22:53:24,273 - INFO - 250     /100000     episodes | avg train score: -0.74  | avg test score: -13.00 | n_buffer: 20000  | eps: 0.8965 | alpha: 0.8005 | beta: 0.2020
2024-03-07 22:53:28,205 - INFO - 260     /100000     episodes | avg train score: 6.51   | avg test score: -13.00 | n_buffer: 20000  | eps: 0.8963 | alpha: 0.8005 | beta: 0.2021
2024-03-07 22:53:32,099 - INFO - 270     /100000     episodes | avg train score: 5.45   | avg test score: -3.00  | n_buffer: 20000  | eps: 0.8962 | alpha: 0.8005 | beta: 0.2022
2024-03-07 22:53:35,871 - INFO - 280     /100000     episodes | avg train score: 0.46   | avg test score: -12.00 | n_buffer: 20000  | eps: 0.8960 | alpha: 0.8006 | beta: 0.2022
2024-03-07 22:53:39,655 - INFO - 290     /100000     episodes | avg train score: 6.27   | avg test score: -4.00  | n_buffer: 20000  | eps: 0.8959 | alpha: 0.8006 | beta: 0.2023
2024-03-07 22:53:43,408 - INFO - 300     /100000     episodes | avg train score: 6.64   | avg test score: -13.00 | n_buffer: 20000  | eps: 0.8958 | alpha: 0.8006 | beta: 0.2024
2024-03-07 22:53:47,797 - INFO - 310     /100000     episodes | avg train score: -2.31  | avg test score: -13.00 | n_buffer: 20000  | eps: 0.8956 | alpha: 0.8006 | beta: 0.2025
2024-03-07 22:53:51,720 - INFO - 320     /100000     episodes | avg train score: 0.35   | avg test score: -13.00 | n_buffer: 20000  | eps: 0.8955 | alpha: 0.8006 | beta: 0.2026
2024-03-07 22:53:55,642 - INFO - 330     /100000     episodes | avg train score: 0.93   | avg test score: -13.00 | n_buffer: 20000  | eps: 0.8953 | alpha: 0.8007 | beta: 0.2026
2024-03-07 22:53:59,593 - INFO - 340     /100000     episodes | avg train score: 1.20   | avg test score: -13.00 | n_buffer: 20000  | eps: 0.8952 | alpha: 0.8007 | beta: 0.2027
2024-03-07 22:54:03,532 - INFO - 350     /100000     episodes | avg train score: 6.16   | avg test score: -13.00 | n_buffer: 20000  | eps: 0.8951 | alpha: 0.8007 | beta: 0.2028
2024-03-07 22:54:07,556 - INFO - 360     /100000     episodes | avg train score: 3.69   | avg test score: -13.00 | n_buffer: 20000  | eps: 0.8949 | alpha: 0.8007 | beta: 0.2029
2024-03-07 22:54:14,547 - INFO - 370     /100000     episodes | avg train score: -2.84  | avg test score: -12.00 | n_buffer: 20000  | eps: 0.8948 | alpha: 0.8007 | beta: 0.2030
2024-03-07 22:54:23,260 - INFO - 380     /100000     episodes | avg train score: 5.93   | avg test score: -13.00 | n_buffer: 20000  | eps: 0.8946 | alpha: 0.8008 | beta: 0.2030
2024-03-07 22:54:31,433 - INFO - 390     /100000     episodes | avg train score: 3.75   | avg test score: -12.00 | n_buffer: 20000  | eps: 0.8945 | alpha: 0.8008 | beta: 0.2031
2024-03-07 22:54:38,318 - INFO - 400     /100000     episodes | avg train score: 1.16   | avg test score: -12.00 | n_buffer: 20000  | eps: 0.8943 | alpha: 0.8008 | beta: 0.2032
2024-03-07 22:54:45,910 - INFO - 410     /100000     episodes | avg train score: 4.37   | avg test score: -12.00 | n_buffer: 20000  | eps: 0.8942 | alpha: 0.8008 | beta: 0.2033
2024-03-07 22:54:52,263 - INFO - 420     /100000     episodes | avg train score: -0.50  | avg test score: -2.00  | n_buffer: 20000  | eps: 0.8941 | alpha: 0.8008 | beta: 0.2034
2024-03-07 22:54:58,918 - INFO - 430     /100000     episodes | avg train score: -3.45  | avg test score: -2.00  | n_buffer: 20000  | eps: 0.8939 | alpha: 0.8009 | beta: 0.2034
2024-03-07 22:55:03,832 - INFO - 440     /100000     episodes | avg train score: 0.66   | avg test score: -2.00  | n_buffer: 20000  | eps: 0.8938 | alpha: 0.8009 | beta: 0.2035
2024-03-07 22:55:08,789 - INFO - 450     /100000     episodes | avg train score: -1.23  | avg test score: -12.00 | n_buffer: 20000  | eps: 0.8936 | alpha: 0.8009 | beta: 0.2036
2024-03-07 22:55:13,744 - INFO - 460     /100000     episodes | avg train score: 0.95   | avg test score: -2.00  | n_buffer: 20000  | eps: 0.8935 | alpha: 0.8009 | beta: 0.2037
2024-03-07 22:55:18,084 - INFO - 470     /100000     episodes | avg train score: 0.75   | avg test score: -2.00  | n_buffer: 20000  | eps: 0.8934 | alpha: 0.8009 | beta: 0.2038
2024-03-07 22:55:25,021 - INFO - 480     /100000     episodes | avg train score: 4.00   | avg test score: -12.00 | n_buffer: 20000  | eps: 0.8932 | alpha: 0.8010 | beta: 0.2038
2024-03-07 22:55:32,757 - INFO - 490     /100000     episodes | avg train score: 4.04   | avg test score: 8.00   | n_buffer: 20000  | eps: 0.8931 | alpha: 0.8010 | beta: 0.2039
2024-03-07 22:55:40,323 - INFO - 500     /100000     episodes | avg train score: 0.22   | avg test score: -2.00  | n_buffer: 20000  | eps: 0.8929 | alpha: 0.8010 | beta: 0.2040
2024-03-07 22:55:48,113 - INFO - 510     /100000     episodes | avg train score: 0.70   | avg test score: -2.00  | n_buffer: 20000  | eps: 0.8928 | alpha: 0.8010 | beta: 0.2041
2024-03-07 22:55:56,190 - INFO - 520     /100000     episodes | avg train score: -0.50  | avg test score: -2.00  | n_buffer: 20000  | eps: 0.8926 | alpha: 0.8010 | beta: 0.2042
2024-03-07 22:56:03,139 - INFO - 530     /100000     episodes | avg train score: -0.39  | avg test score: -2.00  | n_buffer: 20000  | eps: 0.8925 | alpha: 0.8011 | beta: 0.2042
2024-03-07 22:56:10,097 - INFO - 540     /100000     episodes | avg train score: -5.78  | avg test score: -2.00  | n_buffer: 20000  | eps: 0.8924 | alpha: 0.8011 | beta: 0.2043
2024-03-07 22:56:16,599 - INFO - 550     /100000     episodes | avg train score: -3.15  | avg test score: -2.00  | n_buffer: 20000  | eps: 0.8922 | alpha: 0.8011 | beta: 0.2044
2024-03-07 22:56:23,260 - INFO - 560     /100000     episodes | avg train score: -4.83  | avg test score: -2.00  | n_buffer: 20000  | eps: 0.8921 | alpha: 0.8011 | beta: 0.2045
2024-03-07 22:56:29,849 - INFO - 570     /100000     episodes | avg train score: -9.84  | avg test score: -2.00  | n_buffer: 20000  | eps: 0.8919 | alpha: 0.8011 | beta: 0.2046
2024-03-07 22:56:36,333 - INFO - 580     /100000     episodes | avg train score: -3.07  | avg test score: -2.00  | n_buffer: 20000  | eps: 0.8918 | alpha: 0.8012 | beta: 0.2046
2024-03-07 22:56:43,374 - INFO - 590     /100000     episodes | avg train score: -0.70  | avg test score: -2.00  | n_buffer: 20000  | eps: 0.8917 | alpha: 0.8012 | beta: 0.2047
2024-03-07 22:56:51,259 - INFO - 600     /100000     episodes | avg train score: -7.30  | avg test score: -2.00  | n_buffer: 20000  | eps: 0.8915 | alpha: 0.8012 | beta: 0.2048
2024-03-07 22:56:58,337 - INFO - 610     /100000     episodes | avg train score: -4.06  | avg test score: -2.00  | n_buffer: 20000  | eps: 0.8914 | alpha: 0.8012 | beta: 0.2049
2024-03-07 22:57:04,738 - INFO - 620     /100000     episodes | avg train score: -8.79  | avg test score: -2.00  | n_buffer: 20000  | eps: 0.8912 | alpha: 0.8012 | beta: 0.2050
2024-03-07 22:57:11,473 - INFO - 630     /100000     episodes | avg train score: -9.67  | avg test score: -2.00  | n_buffer: 20000  | eps: 0.8911 | alpha: 0.8013 | beta: 0.2050
2024-03-07 22:57:18,241 - INFO - 640     /100000     episodes | avg train score: -3.23  | avg test score: -2.00  | n_buffer: 20000  | eps: 0.8909 | alpha: 0.8013 | beta: 0.2051
2024-03-07 22:57:27,758 - INFO - 650     /100000     episodes | avg train score: -7.91  | avg test score: -2.00  | n_buffer: 20000  | eps: 0.8908 | alpha: 0.8013 | beta: 0.2052
2024-03-07 22:57:34,713 - INFO - 660     /100000     episodes | avg train score: 1.78   | avg test score: -2.00  | n_buffer: 20000  | eps: 0.8907 | alpha: 0.8013 | beta: 0.2053
2024-03-07 22:57:41,806 - INFO - 670     /100000     episodes | avg train score: -5.76  | avg test score: -2.00  | n_buffer: 20000  | eps: 0.8905 | alpha: 0.8013 | beta: 0.2054
2024-03-07 22:57:48,509 - INFO - 680     /100000     episodes | avg train score: 1.31   | avg test score: -2.00  | n_buffer: 20000  | eps: 0.8904 | alpha: 0.8014 | beta: 0.2054
2024-03-07 22:57:55,420 - INFO - 690     /100000     episodes | avg train score: -7.68  | avg test score: -2.00  | n_buffer: 20000  | eps: 0.8902 | alpha: 0.8014 | beta: 0.2055
2024-03-07 22:58:02,737 - INFO - 700     /100000     episodes | avg train score: -1.50  | avg test score: -2.00  | n_buffer: 20000  | eps: 0.8901 | alpha: 0.8014 | beta: 0.2056
2024-03-07 22:58:09,332 - INFO - 710     /100000     episodes | avg train score: 2.27   | avg test score: -2.00  | n_buffer: 20000  | eps: 0.8900 | alpha: 0.8014 | beta: 0.2057
2024-03-07 22:58:16,246 - INFO - 720     /100000     episodes | avg train score: -5.90  | avg test score: -2.00  | n_buffer: 20000  | eps: 0.8898 | alpha: 0.8014 | beta: 0.2058
2024-03-07 22:58:24,167 - INFO - 730     /100000     episodes | avg train score: -7.72  | avg test score: -2.00  | n_buffer: 20000  | eps: 0.8897 | alpha: 0.8015 | beta: 0.2058
2024-03-07 22:58:32,055 - INFO - 740     /100000     episodes | avg train score: 3.49   | avg test score: -2.00  | n_buffer: 20000  | eps: 0.8895 | alpha: 0.8015 | beta: 0.2059
2024-03-07 22:58:39,497 - INFO - 750     /100000     episodes | avg train score: -2.55  | avg test score: -2.00  | n_buffer: 20000  | eps: 0.8894 | alpha: 0.8015 | beta: 0.2060
2024-03-07 22:58:47,710 - INFO - 760     /100000     episodes | avg train score: -5.02  | avg test score: -2.00  | n_buffer: 20000  | eps: 0.8892 | alpha: 0.8015 | beta: 0.2061
2024-03-07 22:58:54,268 - INFO - 770     /100000     episodes | avg train score: 0.13   | avg test score: -2.00  | n_buffer: 20000  | eps: 0.8891 | alpha: 0.8015 | beta: 0.2062
2024-03-07 22:59:00,374 - INFO - 780     /100000     episodes | avg train score: -2.10  | avg test score: -2.00  | n_buffer: 20000  | eps: 0.8890 | alpha: 0.8016 | beta: 0.2062
2024-03-07 22:59:07,261 - INFO - 790     /100000     episodes | avg train score: -2.17  | avg test score: -2.00  | n_buffer: 20000  | eps: 0.8888 | alpha: 0.8016 | beta: 0.2063
2024-03-07 22:59:13,445 - INFO - 800     /100000     episodes | avg train score: -3.84  | avg test score: -2.00  | n_buffer: 20000  | eps: 0.8887 | alpha: 0.8016 | beta: 0.2064
2024-03-07 22:59:19,758 - INFO - 810     /100000     episodes | avg train score: -2.09  | avg test score: -2.00  | n_buffer: 20000  | eps: 0.8885 | alpha: 0.8016 | beta: 0.2065
2024-03-07 22:59:27,014 - INFO - 820     /100000     episodes | avg train score: -0.49  | avg test score: -2.00  | n_buffer: 20000  | eps: 0.8884 | alpha: 0.8016 | beta: 0.2066
2024-03-07 22:59:33,590 - INFO - 830     /100000     episodes | avg train score: -1.08  | avg test score: -2.00  | n_buffer: 20000  | eps: 0.8883 | alpha: 0.8017 | beta: 0.2066
2024-03-07 22:59:40,454 - INFO - 840     /100000     episodes | avg train score: -5.31  | avg test score: -2.00  | n_buffer: 20000  | eps: 0.8881 | alpha: 0.8017 | beta: 0.2067
2024-03-07 22:59:47,169 - INFO - 850     /100000     episodes | avg train score: 0.21   | avg test score: -2.00  | n_buffer: 20000  | eps: 0.8880 | alpha: 0.8017 | beta: 0.2068
2024-03-07 22:59:53,311 - INFO - 860     /100000     episodes | avg train score: -4.32  | avg test score: -2.00  | n_buffer: 20000  | eps: 0.8878 | alpha: 0.8017 | beta: 0.2069
2024-03-07 22:59:59,496 - INFO - 870     /100000     episodes | avg train score: -6.16  | avg test score: -2.00  | n_buffer: 20000  | eps: 0.8877 | alpha: 0.8017 | beta: 0.2070
2024-03-07 23:00:06,786 - INFO - 880     /100000     episodes | avg train score: -0.75  | avg test score: -2.00  | n_buffer: 20000  | eps: 0.8875 | alpha: 0.8018 | beta: 0.2070
2024-03-07 23:00:13,331 - INFO - 890     /100000     episodes | avg train score: -0.83  | avg test score: -2.00  | n_buffer: 20000  | eps: 0.8874 | alpha: 0.8018 | beta: 0.2071
2024-03-07 23:00:20,304 - INFO - 900     /100000     episodes | avg train score: 1.06   | avg test score: -2.00  | n_buffer: 20000  | eps: 0.8873 | alpha: 0.8018 | beta: 0.2072
2024-03-07 23:00:26,838 - INFO - 910     /100000     episodes | avg train score: -3.97  | avg test score: -2.00  | n_buffer: 20000  | eps: 0.8871 | alpha: 0.8018 | beta: 0.2073
2024-03-07 23:00:34,800 - INFO - 920     /100000     episodes | avg train score: -0.03  | avg test score: -2.00  | n_buffer: 20000  | eps: 0.8870 | alpha: 0.8018 | beta: 0.2074
2024-03-07 23:00:41,206 - INFO - 930     /100000     episodes | avg train score: -8.22  | avg test score: -2.00  | n_buffer: 20000  | eps: 0.8868 | alpha: 0.8019 | beta: 0.2074
2024-03-07 23:00:47,747 - INFO - 940     /100000     episodes | avg train score: -6.56  | avg test score: -2.00  | n_buffer: 20000  | eps: 0.8867 | alpha: 0.8019 | beta: 0.2075
2024-03-07 23:00:54,890 - INFO - 950     /100000     episodes | avg train score: -6.93  | avg test score: -2.00  | n_buffer: 20000  | eps: 0.8866 | alpha: 0.8019 | beta: 0.2076
2024-03-07 23:01:02,576 - INFO - 960     /100000     episodes | avg train score: -2.76  | avg test score: -2.00  | n_buffer: 20000  | eps: 0.8864 | alpha: 0.8019 | beta: 0.2077
2024-03-07 23:01:09,947 - INFO - 970     /100000     episodes | avg train score: -4.67  | avg test score: -2.00  | n_buffer: 20000  | eps: 0.8863 | alpha: 0.8019 | beta: 0.2078
2024-03-07 23:01:17,054 - INFO - 980     /100000     episodes | avg train score: -9.52  | avg test score: -2.00  | n_buffer: 20000  | eps: 0.8861 | alpha: 0.8020 | beta: 0.2078
2024-03-07 23:01:24,492 - INFO - 990     /100000     episodes | avg train score: -4.74  | avg test score: -2.00  | n_buffer: 20000  | eps: 0.8860 | alpha: 0.8020 | beta: 0.2079
2024-03-07 23:01:30,966 - INFO - 1000    /100000     episodes | avg train score: -2.48  | avg test score: -2.00  | n_buffer: 20000  | eps: 0.8858 | alpha: 0.8020 | beta: 0.2080
2024-03-07 23:01:37,699 - INFO - 1010    /100000     episodes | avg train score: -2.14  | avg test score: -2.00  | n_buffer: 20000  | eps: 0.8857 | alpha: 0.8020 | beta: 0.2081
2024-03-07 23:01:43,779 - INFO - 1020    /100000     episodes | avg train score: -2.09  | avg test score: -2.00  | n_buffer: 20000  | eps: 0.8856 | alpha: 0.8020 | beta: 0.2082
2024-03-07 23:01:50,113 - INFO - 1030    /100000     episodes | avg train score: -2.36  | avg test score: -2.00  | n_buffer: 20000  | eps: 0.8854 | alpha: 0.8021 | beta: 0.2082
2024-03-07 23:01:56,572 - INFO - 1040    /100000     episodes | avg train score: -3.08  | avg test score: -2.00  | n_buffer: 20000  | eps: 0.8853 | alpha: 0.8021 | beta: 0.2083
2024-03-07 23:02:03,140 - INFO - 1050    /100000     episodes | avg train score: -0.19  | avg test score: -2.00  | n_buffer: 20000  | eps: 0.8851 | alpha: 0.8021 | beta: 0.2084
2024-03-07 23:02:10,329 - INFO - 1060    /100000     episodes | avg train score: -5.32  | avg test score: -2.00  | n_buffer: 20000  | eps: 0.8850 | alpha: 0.8021 | beta: 0.2085
2024-03-07 23:02:16,906 - INFO - 1070    /100000     episodes | avg train score: -1.96  | avg test score: -2.00  | n_buffer: 20000  | eps: 0.8849 | alpha: 0.8021 | beta: 0.2086
2024-03-07 23:02:23,069 - INFO - 1080    /100000     episodes | avg train score: -7.84  | avg test score: -2.00  | n_buffer: 20000  | eps: 0.8847 | alpha: 0.8022 | beta: 0.2086
2024-03-07 23:02:29,981 - INFO - 1090    /100000     episodes | avg train score: -6.60  | avg test score: -2.00  | n_buffer: 20000  | eps: 0.8846 | alpha: 0.8022 | beta: 0.2087
2024-03-07 23:02:38,588 - INFO - 1100    /100000     episodes | avg train score: -1.33  | avg test score: -2.00  | n_buffer: 20000  | eps: 0.8844 | alpha: 0.8022 | beta: 0.2088
2024-03-07 23:02:46,781 - INFO - 1110    /100000     episodes | avg train score: -0.23  | avg test score: -2.00  | n_buffer: 20000  | eps: 0.8843 | alpha: 0.8022 | beta: 0.2089
2024-03-07 23:02:53,209 - INFO - 1120    /100000     episodes | avg train score: -4.27  | avg test score: -2.00  | n_buffer: 20000  | eps: 0.8841 | alpha: 0.8022 | beta: 0.2090
2024-03-07 23:02:59,390 - INFO - 1130    /100000     episodes | avg train score: -3.36  | avg test score: -2.00  | n_buffer: 20000  | eps: 0.8840 | alpha: 0.8023 | beta: 0.2090
2024-03-07 23:03:05,382 - INFO - 1140    /100000     episodes | avg train score: -1.13  | avg test score: -2.00  | n_buffer: 20000  | eps: 0.8839 | alpha: 0.8023 | beta: 0.2091
2024-03-07 23:03:12,336 - INFO - 1150    /100000     episodes | avg train score: -4.18  | avg test score: -2.00  | n_buffer: 20000  | eps: 0.8837 | alpha: 0.8023 | beta: 0.2092
2024-03-07 23:03:18,912 - INFO - 1160    /100000     episodes | avg train score: -4.01  | avg test score: -2.00  | n_buffer: 20000  | eps: 0.8836 | alpha: 0.8023 | beta: 0.2093
2024-03-07 23:03:25,782 - INFO - 1170    /100000     episodes | avg train score: -4.14  | avg test score: -2.00  | n_buffer: 20000  | eps: 0.8834 | alpha: 0.8023 | beta: 0.2094
2024-03-07 23:03:32,674 - INFO - 1180    /100000     episodes | avg train score: -4.26  | avg test score: -2.00  | n_buffer: 20000  | eps: 0.8833 | alpha: 0.8024 | beta: 0.2094
2024-03-07 23:03:39,760 - INFO - 1190    /100000     episodes | avg train score: 2.70   | avg test score: -2.00  | n_buffer: 20000  | eps: 0.8832 | alpha: 0.8024 | beta: 0.2095
2024-03-07 23:03:47,378 - INFO - 1200    /100000     episodes | avg train score: -1.78  | avg test score: -2.00  | n_buffer: 20000  | eps: 0.8830 | alpha: 0.8024 | beta: 0.2096
2024-03-07 23:03:53,894 - INFO - 1210    /100000     episodes | avg train score: 1.91   | avg test score: -2.00  | n_buffer: 20000  | eps: 0.8829 | alpha: 0.8024 | beta: 0.2097
2024-03-07 23:04:00,441 - INFO - 1220    /100000     episodes | avg train score: -0.09  | avg test score: -2.00  | n_buffer: 20000  | eps: 0.8827 | alpha: 0.8024 | beta: 0.2098
2024-03-07 23:04:07,700 - INFO - 1230    /100000     episodes | avg train score: -0.79  | avg test score: -2.00  | n_buffer: 20000  | eps: 0.8826 | alpha: 0.8025 | beta: 0.2098
2024-03-07 23:04:14,626 - INFO - 1240    /100000     episodes | avg train score: -5.20  | avg test score: -2.00  | n_buffer: 20000  | eps: 0.8824 | alpha: 0.8025 | beta: 0.2099
2024-03-07 23:04:21,525 - INFO - 1250    /100000     episodes | avg train score: 1.76   | avg test score: -2.00  | n_buffer: 20000  | eps: 0.8823 | alpha: 0.8025 | beta: 0.2100
2024-03-07 23:04:28,738 - INFO - 1260    /100000     episodes | avg train score: -1.76  | avg test score: -2.00  | n_buffer: 20000  | eps: 0.8822 | alpha: 0.8025 | beta: 0.2101
2024-03-07 23:04:34,814 - INFO - 1270    /100000     episodes | avg train score: -5.76  | avg test score: -2.00  | n_buffer: 20000  | eps: 0.8820 | alpha: 0.8025 | beta: 0.2102
2024-03-07 23:04:41,533 - INFO - 1280    /100000     episodes | avg train score: -7.77  | avg test score: -2.00  | n_buffer: 20000  | eps: 0.8819 | alpha: 0.8026 | beta: 0.2102
2024-03-07 23:04:48,170 - INFO - 1290    /100000     episodes | avg train score: 2.54   | avg test score: -2.00  | n_buffer: 20000  | eps: 0.8817 | alpha: 0.8026 | beta: 0.2103
2024-03-07 23:04:55,248 - INFO - 1300    /100000     episodes | avg train score: -2.76  | avg test score: -2.00  | n_buffer: 20000  | eps: 0.8816 | alpha: 0.8026 | beta: 0.2104
2024-03-07 23:05:02,018 - INFO - 1310    /100000     episodes | avg train score: -4.05  | avg test score: -2.00  | n_buffer: 20000  | eps: 0.8815 | alpha: 0.8026 | beta: 0.2105
2024-03-07 23:05:08,744 - INFO - 1320    /100000     episodes | avg train score: -1.93  | avg test score: -2.00  | n_buffer: 20000  | eps: 0.8813 | alpha: 0.8026 | beta: 0.2106
2024-03-07 23:05:15,375 - INFO - 1330    /100000     episodes | avg train score: -5.20  | avg test score: -2.00  | n_buffer: 20000  | eps: 0.8812 | alpha: 0.8027 | beta: 0.2106
2024-03-07 23:05:21,732 - INFO - 1340    /100000     episodes | avg train score: -5.05  | avg test score: -2.00  | n_buffer: 20000  | eps: 0.8810 | alpha: 0.8027 | beta: 0.2107
2024-03-07 23:05:27,564 - INFO - 1350    /100000     episodes | avg train score: -1.11  | avg test score: -2.00  | n_buffer: 20000  | eps: 0.8809 | alpha: 0.8027 | beta: 0.2108
2024-03-07 23:05:34,877 - INFO - 1360    /100000     episodes | avg train score: -3.58  | avg test score: -2.00  | n_buffer: 20000  | eps: 0.8807 | alpha: 0.8027 | beta: 0.2109
2024-03-07 23:05:41,763 - INFO - 1370    /100000     episodes | avg train score: 0.83   | avg test score: -2.00  | n_buffer: 20000  | eps: 0.8806 | alpha: 0.8027 | beta: 0.2110
2024-03-07 23:05:48,695 - INFO - 1380    /100000     episodes | avg train score: -2.46  | avg test score: -2.00  | n_buffer: 20000  | eps: 0.8805 | alpha: 0.8028 | beta: 0.2110
2024-03-07 23:05:54,627 - INFO - 1390    /100000     episodes | avg train score: 2.64   | avg test score: -2.00  | n_buffer: 20000  | eps: 0.8803 | alpha: 0.8028 | beta: 0.2111
2024-03-07 23:06:01,059 - INFO - 1400    /100000     episodes | avg train score: -10.57 | avg test score: -2.00  | n_buffer: 20000  | eps: 0.8802 | alpha: 0.8028 | beta: 0.2112
2024-03-07 23:06:08,345 - INFO - 1410    /100000     episodes | avg train score: 3.42   | avg test score: -2.00  | n_buffer: 20000  | eps: 0.8800 | alpha: 0.8028 | beta: 0.2113
2024-03-07 23:06:15,799 - INFO - 1420    /100000     episodes | avg train score: 0.30   | avg test score: -2.00  | n_buffer: 20000  | eps: 0.8799 | alpha: 0.8028 | beta: 0.2114
2024-03-07 23:06:22,238 - INFO - 1430    /100000     episodes | avg train score: -2.79  | avg test score: -2.00  | n_buffer: 20000  | eps: 0.8798 | alpha: 0.8029 | beta: 0.2114
2024-03-07 23:06:28,749 - INFO - 1440    /100000     episodes | avg train score: -10.00 | avg test score: -2.00  | n_buffer: 20000  | eps: 0.8796 | alpha: 0.8029 | beta: 0.2115
2024-03-07 23:06:34,777 - INFO - 1450    /100000     episodes | avg train score: 0.81   | avg test score: -2.00  | n_buffer: 20000  | eps: 0.8795 | alpha: 0.8029 | beta: 0.2116
2024-03-07 23:06:41,060 - INFO - 1460    /100000     episodes | avg train score: -3.51  | avg test score: -2.00  | n_buffer: 20000  | eps: 0.8793 | alpha: 0.8029 | beta: 0.2117
2024-03-07 23:06:46,991 - INFO - 1470    /100000     episodes | avg train score: 0.57   | avg test score: -2.00  | n_buffer: 20000  | eps: 0.8792 | alpha: 0.8029 | beta: 0.2118
2024-03-07 23:06:53,969 - INFO - 1480    /100000     episodes | avg train score: -3.69  | avg test score: -2.00  | n_buffer: 20000  | eps: 0.8790 | alpha: 0.8030 | beta: 0.2118
2024-03-07 23:07:01,636 - INFO - 1490    /100000     episodes | avg train score: -6.71  | avg test score: -2.00  | n_buffer: 20000  | eps: 0.8789 | alpha: 0.8030 | beta: 0.2119
2024-03-07 23:07:10,375 - INFO - 1500    /100000     episodes | avg train score: -4.73  | avg test score: -2.00  | n_buffer: 20000  | eps: 0.8788 | alpha: 0.8030 | beta: 0.2120
2024-03-07 23:07:19,703 - INFO - 1510    /100000     episodes | avg train score: -4.32  | avg test score: -2.00  | n_buffer: 20000  | eps: 0.8786 | alpha: 0.8030 | beta: 0.2121
2024-03-07 23:07:27,030 - INFO - 1520    /100000     episodes | avg train score: 0.98   | avg test score: -2.00  | n_buffer: 20000  | eps: 0.8785 | alpha: 0.8030 | beta: 0.2122
2024-03-07 23:07:34,789 - INFO - 1530    /100000     episodes | avg train score: -4.72  | avg test score: -2.00  | n_buffer: 20000  | eps: 0.8783 | alpha: 0.8031 | beta: 0.2122
2024-03-07 23:07:42,772 - INFO - 1540    /100000     episodes | avg train score: -2.91  | avg test score: -2.00  | n_buffer: 20000  | eps: 0.8782 | alpha: 0.8031 | beta: 0.2123
2024-03-07 23:07:50,951 - INFO - 1550    /100000     episodes | avg train score: 3.41   | avg test score: -2.00  | n_buffer: 20000  | eps: 0.8781 | alpha: 0.8031 | beta: 0.2124
2024-03-07 23:07:59,059 - INFO - 1560    /100000     episodes | avg train score: 0.76   | avg test score: -2.00  | n_buffer: 20000  | eps: 0.8779 | alpha: 0.8031 | beta: 0.2125
2024-03-07 23:08:06,540 - INFO - 1570    /100000     episodes | avg train score: -5.63  | avg test score: -2.00  | n_buffer: 20000  | eps: 0.8778 | alpha: 0.8031 | beta: 0.2126
2024-03-07 23:08:13,470 - INFO - 1580    /100000     episodes | avg train score: -3.99  | avg test score: -2.00  | n_buffer: 20000  | eps: 0.8776 | alpha: 0.8032 | beta: 0.2126
2024-03-07 23:08:21,149 - INFO - 1590    /100000     episodes | avg train score: 1.88   | avg test score: -2.00  | n_buffer: 20000  | eps: 0.8775 | alpha: 0.8032 | beta: 0.2127
2024-03-07 23:08:27,671 - INFO - 1600    /100000     episodes | avg train score: -6.79  | avg test score: -2.00  | n_buffer: 20000  | eps: 0.8773 | alpha: 0.8032 | beta: 0.2128
2024-03-07 23:08:34,250 - INFO - 1610    /100000     episodes | avg train score: 3.35   | avg test score: -2.00  | n_buffer: 20000  | eps: 0.8772 | alpha: 0.8032 | beta: 0.2129
2024-03-07 23:08:40,826 - INFO - 1620    /100000     episodes | avg train score: -4.42  | avg test score: -2.00  | n_buffer: 20000  | eps: 0.8771 | alpha: 0.8032 | beta: 0.2130
2024-03-07 23:08:47,391 - INFO - 1630    /100000     episodes | avg train score: -0.67  | avg test score: -2.00  | n_buffer: 20000  | eps: 0.8769 | alpha: 0.8033 | beta: 0.2130
2024-03-07 23:08:54,133 - INFO - 1640    /100000     episodes | avg train score: -2.12  | avg test score: -2.00  | n_buffer: 20000  | eps: 0.8768 | alpha: 0.8033 | beta: 0.2131
2024-03-07 23:09:01,233 - INFO - 1650    /100000     episodes | avg train score: -0.62  | avg test score: -2.00  | n_buffer: 20000  | eps: 0.8766 | alpha: 0.8033 | beta: 0.2132
2024-03-07 23:09:09,183 - INFO - 1660    /100000     episodes | avg train score: -2.18  | avg test score: -2.00  | n_buffer: 20000  | eps: 0.8765 | alpha: 0.8033 | beta: 0.2133
2024-03-07 23:09:16,563 - INFO - 1670    /100000     episodes | avg train score: -5.28  | avg test score: -2.00  | n_buffer: 20000  | eps: 0.8764 | alpha: 0.8033 | beta: 0.2134
2024-03-07 23:09:22,732 - INFO - 1680    /100000     episodes | avg train score: -5.11  | avg test score: -2.00  | n_buffer: 20000  | eps: 0.8762 | alpha: 0.8034 | beta: 0.2134
2024-03-07 23:09:29,742 - INFO - 1690    /100000     episodes | avg train score: 3.43   | avg test score: -2.00  | n_buffer: 20000  | eps: 0.8761 | alpha: 0.8034 | beta: 0.2135
2024-03-07 23:09:36,479 - INFO - 1700    /100000     episodes | avg train score: -4.30  | avg test score: -2.00  | n_buffer: 20000  | eps: 0.8759 | alpha: 0.8034 | beta: 0.2136
2024-03-07 23:09:43,404 - INFO - 1710    /100000     episodes | avg train score: 5.42   | avg test score: -2.00  | n_buffer: 20000  | eps: 0.8758 | alpha: 0.8034 | beta: 0.2137
2024-03-07 23:09:51,759 - INFO - 1720    /100000     episodes | avg train score: -3.10  | avg test score: -2.00  | n_buffer: 20000  | eps: 0.8756 | alpha: 0.8034 | beta: 0.2138
2024-03-07 23:09:58,794 - INFO - 1730    /100000     episodes | avg train score: -5.41  | avg test score: -2.00  | n_buffer: 20000  | eps: 0.8755 | alpha: 0.8035 | beta: 0.2138
2024-03-07 23:10:06,989 - INFO - 1740    /100000     episodes | avg train score: -4.26  | avg test score: -2.00  | n_buffer: 20000  | eps: 0.8754 | alpha: 0.8035 | beta: 0.2139
2024-03-07 23:10:13,990 - INFO - 1750    /100000     episodes | avg train score: -1.69  | avg test score: -2.00  | n_buffer: 20000  | eps: 0.8752 | alpha: 0.8035 | beta: 0.2140
2024-03-07 23:10:20,177 - INFO - 1760    /100000     episodes | avg train score: 0.28   | avg test score: -2.00  | n_buffer: 20000  | eps: 0.8751 | alpha: 0.8035 | beta: 0.2141
2024-03-07 23:10:26,946 - INFO - 1770    /100000     episodes | avg train score: -2.44  | avg test score: -2.00  | n_buffer: 20000  | eps: 0.8749 | alpha: 0.8035 | beta: 0.2142
2024-03-07 23:10:33,586 - INFO - 1780    /100000     episodes | avg train score: -3.03  | avg test score: -2.00  | n_buffer: 20000  | eps: 0.8748 | alpha: 0.8036 | beta: 0.2142
2024-03-07 23:10:40,473 - INFO - 1790    /100000     episodes | avg train score: -4.85  | avg test score: -2.00  | n_buffer: 20000  | eps: 0.8747 | alpha: 0.8036 | beta: 0.2143
2024-03-07 23:10:47,825 - INFO - 1800    /100000     episodes | avg train score: -3.10  | avg test score: -2.00  | n_buffer: 20000  | eps: 0.8745 | alpha: 0.8036 | beta: 0.2144
2024-03-07 23:10:54,920 - INFO - 1810    /100000     episodes | avg train score: -0.65  | avg test score: -2.00  | n_buffer: 20000  | eps: 0.8744 | alpha: 0.8036 | beta: 0.2145
2024-03-07 23:11:01,788 - INFO - 1820    /100000     episodes | avg train score: 0.62   | avg test score: -2.00  | n_buffer: 20000  | eps: 0.8742 | alpha: 0.8036 | beta: 0.2146
2024-03-07 23:11:07,851 - INFO - 1830    /100000     episodes | avg train score: -7.14  | avg test score: -2.00  | n_buffer: 20000  | eps: 0.8741 | alpha: 0.8037 | beta: 0.2146
2024-03-07 23:11:13,791 - INFO - 1840    /100000     episodes | avg train score: -2.66  | avg test score: -2.00  | n_buffer: 20000  | eps: 0.8739 | alpha: 0.8037 | beta: 0.2147
2024-03-07 23:11:20,353 - INFO - 1850    /100000     episodes | avg train score: -5.37  | avg test score: -2.00  | n_buffer: 20000  | eps: 0.8738 | alpha: 0.8037 | beta: 0.2148
2024-03-07 23:11:27,628 - INFO - 1860    /100000     episodes | avg train score: -4.19  | avg test score: -2.00  | n_buffer: 20000  | eps: 0.8737 | alpha: 0.8037 | beta: 0.2149
2024-03-07 23:11:35,995 - INFO - 1870    /100000     episodes | avg train score: -10.03 | avg test score: -2.00  | n_buffer: 20000  | eps: 0.8735 | alpha: 0.8037 | beta: 0.2150
2024-03-07 23:11:44,299 - INFO - 1880    /100000     episodes | avg train score: -2.41  | avg test score: -2.00  | n_buffer: 20000  | eps: 0.8734 | alpha: 0.8038 | beta: 0.2150
2024-03-07 23:11:50,452 - INFO - 1890    /100000     episodes | avg train score: 4.58   | avg test score: -2.00  | n_buffer: 20000  | eps: 0.8732 | alpha: 0.8038 | beta: 0.2151
2024-03-07 23:11:58,417 - INFO - 1900    /100000     episodes | avg train score: -7.37  | avg test score: -2.00  | n_buffer: 20000  | eps: 0.8731 | alpha: 0.8038 | beta: 0.2152
2024-03-07 23:12:04,852 - INFO - 1910    /100000     episodes | avg train score: -6.71  | avg test score: -2.00  | n_buffer: 20000  | eps: 0.8730 | alpha: 0.8038 | beta: 0.2153
2024-03-07 23:12:11,685 - INFO - 1920    /100000     episodes | avg train score: -7.38  | avg test score: -2.00  | n_buffer: 20000  | eps: 0.8728 | alpha: 0.8038 | beta: 0.2154
2024-03-07 23:12:17,851 - INFO - 1930    /100000     episodes | avg train score: -1.83  | avg test score: -2.00  | n_buffer: 20000  | eps: 0.8727 | alpha: 0.8039 | beta: 0.2154
2024-03-07 23:12:26,013 - INFO - 1940    /100000     episodes | avg train score: -4.27  | avg test score: -2.00  | n_buffer: 20000  | eps: 0.8725 | alpha: 0.8039 | beta: 0.2155
2024-03-07 23:12:33,057 - INFO - 1950    /100000     episodes | avg train score: -4.31  | avg test score: -2.00  | n_buffer: 20000  | eps: 0.8724 | alpha: 0.8039 | beta: 0.2156
2024-03-07 23:12:40,573 - INFO - 1960    /100000     episodes | avg train score: -2.12  | avg test score: -2.00  | n_buffer: 20000  | eps: 0.8722 | alpha: 0.8039 | beta: 0.2157
2024-03-07 23:12:47,437 - INFO - 1970    /100000     episodes | avg train score: -9.26  | avg test score: -2.00  | n_buffer: 20000  | eps: 0.8721 | alpha: 0.8039 | beta: 0.2158
2024-03-07 23:12:53,877 - INFO - 1980    /100000     episodes | avg train score: -4.05  | avg test score: -2.00  | n_buffer: 20000  | eps: 0.8720 | alpha: 0.8040 | beta: 0.2158
2024-03-07 23:13:01,591 - INFO - 1990    /100000     episodes | avg train score: -3.63  | avg test score: -2.00  | n_buffer: 20000  | eps: 0.8718 | alpha: 0.8040 | beta: 0.2159
2024-03-07 23:13:08,285 - INFO - 2000    /100000     episodes | avg train score: -5.86  | avg test score: -2.00  | n_buffer: 20000  | eps: 0.8717 | alpha: 0.8040 | beta: 0.2160
2024-03-07 23:13:14,452 - INFO - 2010    /100000     episodes | avg train score: -3.94  | avg test score: -2.00  | n_buffer: 20000  | eps: 0.8715 | alpha: 0.8040 | beta: 0.2161
2024-03-07 23:13:20,875 - INFO - 2020    /100000     episodes | avg train score: 1.26   | avg test score: -2.00  | n_buffer: 20000  | eps: 0.8714 | alpha: 0.8040 | beta: 0.2162
2024-03-07 23:13:27,305 - INFO - 2030    /100000     episodes | avg train score: -3.04  | avg test score: -2.00  | n_buffer: 20000  | eps: 0.8713 | alpha: 0.8041 | beta: 0.2162
2024-03-07 23:13:33,516 - INFO - 2040    /100000     episodes | avg train score: -5.85  | avg test score: -2.00  | n_buffer: 20000  | eps: 0.8711 | alpha: 0.8041 | beta: 0.2163
2024-03-07 23:13:39,648 - INFO - 2050    /100000     episodes | avg train score: -3.47  | avg test score: -2.00  | n_buffer: 20000  | eps: 0.8710 | alpha: 0.8041 | beta: 0.2164
2024-03-07 23:13:47,474 - INFO - 2060    /100000     episodes | avg train score: -8.07  | avg test score: -2.00  | n_buffer: 20000  | eps: 0.8708 | alpha: 0.8041 | beta: 0.2165
2024-03-07 23:13:53,949 - INFO - 2070    /100000     episodes | avg train score: 0.68   | avg test score: -2.00  | n_buffer: 20000  | eps: 0.8707 | alpha: 0.8041 | beta: 0.2166
2024-03-07 23:14:00,579 - INFO - 2080    /100000     episodes | avg train score: 5.27   | avg test score: -2.00  | n_buffer: 20000  | eps: 0.8705 | alpha: 0.8042 | beta: 0.2166
2024-03-07 23:14:08,147 - INFO - 2090    /100000     episodes | avg train score: 0.87   | avg test score: -2.00  | n_buffer: 20000  | eps: 0.8704 | alpha: 0.8042 | beta: 0.2167
2024-03-07 23:14:14,854 - INFO - 2100    /100000     episodes | avg train score: -1.26  | avg test score: -2.00  | n_buffer: 20000  | eps: 0.8703 | alpha: 0.8042 | beta: 0.2168
2024-03-07 23:14:21,402 - INFO - 2110    /100000     episodes | avg train score: -4.73  | avg test score: -2.00  | n_buffer: 20000  | eps: 0.8701 | alpha: 0.8042 | beta: 0.2169
2024-03-07 23:14:28,677 - INFO - 2120    /100000     episodes | avg train score: -4.63  | avg test score: -2.00  | n_buffer: 20000  | eps: 0.8700 | alpha: 0.8042 | beta: 0.2170
2024-03-07 23:14:35,894 - INFO - 2130    /100000     episodes | avg train score: -4.54  | avg test score: -2.00  | n_buffer: 20000  | eps: 0.8698 | alpha: 0.8043 | beta: 0.2170
2024-03-07 23:14:43,440 - INFO - 2140    /100000     episodes | avg train score: -0.10  | avg test score: -2.00  | n_buffer: 20000  | eps: 0.8697 | alpha: 0.8043 | beta: 0.2171
2024-03-07 23:14:50,225 - INFO - 2150    /100000     episodes | avg train score: 0.71   | avg test score: -2.00  | n_buffer: 20000  | eps: 0.8696 | alpha: 0.8043 | beta: 0.2172
2024-03-07 23:14:56,673 - INFO - 2160    /100000     episodes | avg train score: -3.67  | avg test score: -2.00  | n_buffer: 20000  | eps: 0.8694 | alpha: 0.8043 | beta: 0.2173
2024-03-07 23:15:03,214 - INFO - 2170    /100000     episodes | avg train score: -6.34  | avg test score: -2.00  | n_buffer: 20000  | eps: 0.8693 | alpha: 0.8043 | beta: 0.2174
2024-03-07 23:15:09,604 - INFO - 2180    /100000     episodes | avg train score: -6.03  | avg test score: -2.00  | n_buffer: 20000  | eps: 0.8691 | alpha: 0.8044 | beta: 0.2174
2024-03-07 23:15:17,069 - INFO - 2190    /100000     episodes | avg train score: 0.01   | avg test score: -2.00  | n_buffer: 20000  | eps: 0.8690 | alpha: 0.8044 | beta: 0.2175
2024-03-07 23:15:25,122 - INFO - 2200    /100000     episodes | avg train score: -5.74  | avg test score: -2.00  | n_buffer: 20000  | eps: 0.8688 | alpha: 0.8044 | beta: 0.2176
2024-03-07 23:15:32,722 - INFO - 2210    /100000     episodes | avg train score: -7.34  | avg test score: -2.00  | n_buffer: 20000  | eps: 0.8687 | alpha: 0.8044 | beta: 0.2177
2024-03-07 23:15:40,172 - INFO - 2220    /100000     episodes | avg train score: -2.05  | avg test score: -2.00  | n_buffer: 20000  | eps: 0.8686 | alpha: 0.8044 | beta: 0.2178
2024-03-07 23:15:46,476 - INFO - 2230    /100000     episodes | avg train score: 2.77   | avg test score: -2.00  | n_buffer: 20000  | eps: 0.8684 | alpha: 0.8045 | beta: 0.2178
2024-03-07 23:15:53,517 - INFO - 2240    /100000     episodes | avg train score: -3.16  | avg test score: -2.00  | n_buffer: 20000  | eps: 0.8683 | alpha: 0.8045 | beta: 0.2179
2024-03-07 23:15:59,468 - INFO - 2250    /100000     episodes | avg train score: 0.00   | avg test score: -2.00  | n_buffer: 20000  | eps: 0.8681 | alpha: 0.8045 | beta: 0.2180
2024-03-07 23:16:06,220 - INFO - 2260    /100000     episodes | avg train score: 2.17   | avg test score: -2.00  | n_buffer: 20000  | eps: 0.8680 | alpha: 0.8045 | beta: 0.2181
2024-03-07 23:16:13,275 - INFO - 2270    /100000     episodes | avg train score: -4.42  | avg test score: -2.00  | n_buffer: 20000  | eps: 0.8679 | alpha: 0.8045 | beta: 0.2182
2024-03-07 23:16:20,840 - INFO - 2280    /100000     episodes | avg train score: 1.13   | avg test score: -2.00  | n_buffer: 20000  | eps: 0.8677 | alpha: 0.8046 | beta: 0.2182
2024-03-07 23:16:28,063 - INFO - 2290    /100000     episodes | avg train score: -2.93  | avg test score: -2.00  | n_buffer: 20000  | eps: 0.8676 | alpha: 0.8046 | beta: 0.2183
2024-03-07 23:16:35,123 - INFO - 2300    /100000     episodes | avg train score: -0.55  | avg test score: -2.00  | n_buffer: 20000  | eps: 0.8674 | alpha: 0.8046 | beta: 0.2184
2024-03-07 23:16:41,381 - INFO - 2310    /100000     episodes | avg train score: -4.83  | avg test score: -2.00  | n_buffer: 20000  | eps: 0.8673 | alpha: 0.8046 | beta: 0.2185
2024-03-07 23:16:48,862 - INFO - 2320    /100000     episodes | avg train score: -3.45  | avg test score: -2.00  | n_buffer: 20000  | eps: 0.8671 | alpha: 0.8046 | beta: 0.2186
2024-03-07 23:16:56,102 - INFO - 2330    /100000     episodes | avg train score: 0.27   | avg test score: -2.00  | n_buffer: 20000  | eps: 0.8670 | alpha: 0.8047 | beta: 0.2186
2024-03-07 23:17:02,760 - INFO - 2340    /100000     episodes | avg train score: -2.96  | avg test score: -2.00  | n_buffer: 20000  | eps: 0.8669 | alpha: 0.8047 | beta: 0.2187
2024-03-07 23:17:09,380 - INFO - 2350    /100000     episodes | avg train score: -4.46  | avg test score: -2.00  | n_buffer: 20000  | eps: 0.8667 | alpha: 0.8047 | beta: 0.2188
2024-03-07 23:17:15,738 - INFO - 2360    /100000     episodes | avg train score: 1.41   | avg test score: -2.00  | n_buffer: 20000  | eps: 0.8666 | alpha: 0.8047 | beta: 0.2189
2024-03-07 23:17:23,150 - INFO - 2370    /100000     episodes | avg train score: -2.77  | avg test score: -2.00  | n_buffer: 20000  | eps: 0.8664 | alpha: 0.8047 | beta: 0.2190
2024-03-07 23:17:31,045 - INFO - 2380    /100000     episodes | avg train score: -6.57  | avg test score: -2.00  | n_buffer: 20000  | eps: 0.8663 | alpha: 0.8048 | beta: 0.2190
2024-03-07 23:17:37,723 - INFO - 2390    /100000     episodes | avg train score: -4.18  | avg test score: -2.00  | n_buffer: 20000  | eps: 0.8662 | alpha: 0.8048 | beta: 0.2191
2024-03-07 23:17:44,335 - INFO - 2400    /100000     episodes | avg train score: -4.62  | avg test score: -2.00  | n_buffer: 20000  | eps: 0.8660 | alpha: 0.8048 | beta: 0.2192
2024-03-07 23:17:50,961 - INFO - 2410    /100000     episodes | avg train score: -6.07  | avg test score: -2.00  | n_buffer: 20000  | eps: 0.8659 | alpha: 0.8048 | beta: 0.2193
2024-03-07 23:17:58,906 - INFO - 2420    /100000     episodes | avg train score: -2.65  | avg test score: -2.00  | n_buffer: 20000  | eps: 0.8657 | alpha: 0.8048 | beta: 0.2194
2024-03-07 23:18:07,479 - INFO - 2430    /100000     episodes | avg train score: -3.75  | avg test score: -2.00  | n_buffer: 20000  | eps: 0.8656 | alpha: 0.8049 | beta: 0.2194
2024-03-07 23:18:15,595 - INFO - 2440    /100000     episodes | avg train score: -5.90  | avg test score: -2.00  | n_buffer: 20000  | eps: 0.8654 | alpha: 0.8049 | beta: 0.2195
2024-03-07 23:18:22,391 - INFO - 2450    /100000     episodes | avg train score: -0.01  | avg test score: -2.00  | n_buffer: 20000  | eps: 0.8653 | alpha: 0.8049 | beta: 0.2196
2024-03-07 23:18:28,752 - INFO - 2460    /100000     episodes | avg train score: 2.66   | avg test score: -2.00  | n_buffer: 20000  | eps: 0.8652 | alpha: 0.8049 | beta: 0.2197
2024-03-07 23:18:35,704 - INFO - 2470    /100000     episodes | avg train score: -7.25  | avg test score: -2.00  | n_buffer: 20000  | eps: 0.8650 | alpha: 0.8049 | beta: 0.2198
2024-03-07 23:18:42,629 - INFO - 2480    /100000     episodes | avg train score: -1.93  | avg test score: -2.00  | n_buffer: 20000  | eps: 0.8649 | alpha: 0.8050 | beta: 0.2198
2024-03-07 23:18:50,598 - INFO - 2490    /100000     episodes | avg train score: -2.23  | avg test score: -2.00  | n_buffer: 20000  | eps: 0.8647 | alpha: 0.8050 | beta: 0.2199
2024-03-07 23:18:57,869 - INFO - 2500    /100000     episodes | avg train score: -2.14  | avg test score: -2.00  | n_buffer: 20000  | eps: 0.8646 | alpha: 0.8050 | beta: 0.2200
2024-03-07 23:19:05,796 - INFO - 2510    /100000     episodes | avg train score: -3.77  | avg test score: -2.00  | n_buffer: 20000  | eps: 0.8645 | alpha: 0.8050 | beta: 0.2201
2024-03-07 23:19:13,737 - INFO - 2520    /100000     episodes | avg train score: -3.83  | avg test score: -2.00  | n_buffer: 20000  | eps: 0.8643 | alpha: 0.8050 | beta: 0.2202
2024-03-07 23:19:20,930 - INFO - 2530    /100000     episodes | avg train score: -0.58  | avg test score: -2.00  | n_buffer: 20000  | eps: 0.8642 | alpha: 0.8051 | beta: 0.2202
2024-03-07 23:19:27,071 - INFO - 2540    /100000     episodes | avg train score: -2.96  | avg test score: -2.00  | n_buffer: 20000  | eps: 0.8640 | alpha: 0.8051 | beta: 0.2203
2024-03-07 23:19:33,393 - INFO - 2550    /100000     episodes | avg train score: -3.76  | avg test score: -2.00  | n_buffer: 20000  | eps: 0.8639 | alpha: 0.8051 | beta: 0.2204
2024-03-07 23:19:41,195 - INFO - 2560    /100000     episodes | avg train score: -3.69  | avg test score: -2.00  | n_buffer: 20000  | eps: 0.8637 | alpha: 0.8051 | beta: 0.2205
2024-03-07 23:19:47,896 - INFO - 2570    /100000     episodes | avg train score: -0.10  | avg test score: -2.00  | n_buffer: 20000  | eps: 0.8636 | alpha: 0.8051 | beta: 0.2206
2024-03-07 23:19:54,139 - INFO - 2580    /100000     episodes | avg train score: 2.14   | avg test score: -2.00  | n_buffer: 20000  | eps: 0.8635 | alpha: 0.8052 | beta: 0.2206
2024-03-07 23:20:00,868 - INFO - 2590    /100000     episodes | avg train score: -1.19  | avg test score: -2.00  | n_buffer: 20000  | eps: 0.8633 | alpha: 0.8052 | beta: 0.2207
2024-03-07 23:20:07,808 - INFO - 2600    /100000     episodes | avg train score: 4.15   | avg test score: -2.00  | n_buffer: 20000  | eps: 0.8632 | alpha: 0.8052 | beta: 0.2208
2024-03-07 23:20:14,809 - INFO - 2610    /100000     episodes | avg train score: -2.04  | avg test score: -2.00  | n_buffer: 20000  | eps: 0.8630 | alpha: 0.8052 | beta: 0.2209
2024-03-07 23:20:22,694 - INFO - 2620    /100000     episodes | avg train score: 2.53   | avg test score: -2.00  | n_buffer: 20000  | eps: 0.8629 | alpha: 0.8052 | beta: 0.2210
2024-03-07 23:20:29,854 - INFO - 2630    /100000     episodes | avg train score: -1.55  | avg test score: -2.00  | n_buffer: 20000  | eps: 0.8628 | alpha: 0.8053 | beta: 0.2210
2024-03-07 23:20:37,262 - INFO - 2640    /100000     episodes | avg train score: -5.31  | avg test score: -2.00  | n_buffer: 20000  | eps: 0.8626 | alpha: 0.8053 | beta: 0.2211
2024-03-07 23:20:44,999 - INFO - 2650    /100000     episodes | avg train score: -5.32  | avg test score: -2.00  | n_buffer: 20000  | eps: 0.8625 | alpha: 0.8053 | beta: 0.2212
2024-03-07 23:20:51,418 - INFO - 2660    /100000     episodes | avg train score: -5.08  | avg test score: -2.00  | n_buffer: 20000  | eps: 0.8623 | alpha: 0.8053 | beta: 0.2213
2024-03-07 23:20:57,661 - INFO - 2670    /100000     episodes | avg train score: -1.51  | avg test score: -2.00  | n_buffer: 20000  | eps: 0.8622 | alpha: 0.8053 | beta: 0.2214
2024-03-07 23:21:04,834 - INFO - 2680    /100000     episodes | avg train score: 1.56   | avg test score: -2.00  | n_buffer: 20000  | eps: 0.8620 | alpha: 0.8054 | beta: 0.2214
2024-03-07 23:21:12,444 - INFO - 2690    /100000     episodes | avg train score: -3.03  | avg test score: -2.00  | n_buffer: 20000  | eps: 0.8619 | alpha: 0.8054 | beta: 0.2215
2024-03-07 23:21:18,923 - INFO - 2700    /100000     episodes | avg train score: -4.41  | avg test score: -2.00  | n_buffer: 20000  | eps: 0.8618 | alpha: 0.8054 | beta: 0.2216
2024-03-07 23:21:26,796 - INFO - 2710    /100000     episodes | avg train score: -4.23  | avg test score: -2.00  | n_buffer: 20000  | eps: 0.8616 | alpha: 0.8054 | beta: 0.2217
2024-03-07 23:21:35,020 - INFO - 2720    /100000     episodes | avg train score: 2.20   | avg test score: -2.00  | n_buffer: 20000  | eps: 0.8615 | alpha: 0.8054 | beta: 0.2218
2024-03-07 23:21:43,245 - INFO - 2730    /100000     episodes | avg train score: 3.48   | avg test score: -2.00  | n_buffer: 20000  | eps: 0.8613 | alpha: 0.8055 | beta: 0.2218
2024-03-07 23:21:50,381 - INFO - 2740    /100000     episodes | avg train score: -5.76  | avg test score: -2.00  | n_buffer: 20000  | eps: 0.8612 | alpha: 0.8055 | beta: 0.2219
2024-03-07 23:21:57,792 - INFO - 2750    /100000     episodes | avg train score: -1.60  | avg test score: -2.00  | n_buffer: 20000  | eps: 0.8611 | alpha: 0.8055 | beta: 0.2220
2024-03-07 23:22:05,610 - INFO - 2760    /100000     episodes | avg train score: -1.90  | avg test score: -2.00  | n_buffer: 20000  | eps: 0.8609 | alpha: 0.8055 | beta: 0.2221
2024-03-07 23:22:13,017 - INFO - 2770    /100000     episodes | avg train score: -1.93  | avg test score: -2.00  | n_buffer: 20000  | eps: 0.8608 | alpha: 0.8055 | beta: 0.2222
2024-03-07 23:22:20,712 - INFO - 2780    /100000     episodes | avg train score: 1.53   | avg test score: -2.00  | n_buffer: 20000  | eps: 0.8606 | alpha: 0.8056 | beta: 0.2222
2024-03-07 23:22:26,980 - INFO - 2790    /100000     episodes | avg train score: 3.20   | avg test score: -2.00  | n_buffer: 20000  | eps: 0.8605 | alpha: 0.8056 | beta: 0.2223
2024-03-07 23:22:33,975 - INFO - 2800    /100000     episodes | avg train score: -5.49  | avg test score: -2.00  | n_buffer: 20000  | eps: 0.8603 | alpha: 0.8056 | beta: 0.2224
2024-03-07 23:22:41,145 - INFO - 2810    /100000     episodes | avg train score: -5.61  | avg test score: -2.00  | n_buffer: 20000  | eps: 0.8602 | alpha: 0.8056 | beta: 0.2225
2024-03-07 23:22:47,408 - INFO - 2820    /100000     episodes | avg train score: -4.48  | avg test score: -2.00  | n_buffer: 20000  | eps: 0.8601 | alpha: 0.8056 | beta: 0.2226
2024-03-07 23:22:56,112 - INFO - 2830    /100000     episodes | avg train score: 6.11   | avg test score: -2.00  | n_buffer: 20000  | eps: 0.8599 | alpha: 0.8057 | beta: 0.2226
2024-03-07 23:23:03,999 - INFO - 2840    /100000     episodes | avg train score: -5.79  | avg test score: -2.00  | n_buffer: 20000  | eps: 0.8598 | alpha: 0.8057 | beta: 0.2227
2024-03-07 23:23:11,118 - INFO - 2850    /100000     episodes | avg train score: -6.01  | avg test score: -2.00  | n_buffer: 20000  | eps: 0.8596 | alpha: 0.8057 | beta: 0.2228
2024-03-07 23:23:17,785 - INFO - 2860    /100000     episodes | avg train score: -4.99  | avg test score: -2.00  | n_buffer: 20000  | eps: 0.8595 | alpha: 0.8057 | beta: 0.2229
2024-03-07 23:23:24,497 - INFO - 2870    /100000     episodes | avg train score: -1.09  | avg test score: -2.00  | n_buffer: 20000  | eps: 0.8594 | alpha: 0.8057 | beta: 0.2230
2024-03-07 23:23:30,888 - INFO - 2880    /100000     episodes | avg train score: 2.94   | avg test score: -2.00  | n_buffer: 20000  | eps: 0.8592 | alpha: 0.8058 | beta: 0.2230
2024-03-07 23:23:37,315 - INFO - 2890    /100000     episodes | avg train score: -1.41  | avg test score: -2.00  | n_buffer: 20000  | eps: 0.8591 | alpha: 0.8058 | beta: 0.2231
2024-03-07 23:23:44,571 - INFO - 2900    /100000     episodes | avg train score: 0.22   | avg test score: -2.00  | n_buffer: 20000  | eps: 0.8589 | alpha: 0.8058 | beta: 0.2232
2024-03-07 23:23:50,863 - INFO - 2910    /100000     episodes | avg train score: 1.09   | avg test score: -2.00  | n_buffer: 20000  | eps: 0.8588 | alpha: 0.8058 | beta: 0.2233
2024-03-07 23:23:57,168 - INFO - 2920    /100000     episodes | avg train score: -1.17  | avg test score: -2.00  | n_buffer: 20000  | eps: 0.8586 | alpha: 0.8058 | beta: 0.2234
2024-03-07 23:24:04,146 - INFO - 2930    /100000     episodes | avg train score: -5.61  | avg test score: -2.00  | n_buffer: 20000  | eps: 0.8585 | alpha: 0.8059 | beta: 0.2234
2024-03-07 23:24:11,543 - INFO - 2940    /100000     episodes | avg train score: -3.80  | avg test score: -2.00  | n_buffer: 20000  | eps: 0.8584 | alpha: 0.8059 | beta: 0.2235
2024-03-07 23:24:18,877 - INFO - 2950    /100000     episodes | avg train score: 1.21   | avg test score: -2.00  | n_buffer: 20000  | eps: 0.8582 | alpha: 0.8059 | beta: 0.2236
2024-03-07 23:24:26,373 - INFO - 2960    /100000     episodes | avg train score: -0.83  | avg test score: -2.00  | n_buffer: 20000  | eps: 0.8581 | alpha: 0.8059 | beta: 0.2237
2024-03-07 23:24:33,133 - INFO - 2970    /100000     episodes | avg train score: 4.88   | avg test score: -2.00  | n_buffer: 20000  | eps: 0.8579 | alpha: 0.8059 | beta: 0.2238
2024-03-07 23:24:39,181 - INFO - 2980    /100000     episodes | avg train score: -4.90  | avg test score: -2.00  | n_buffer: 20000  | eps: 0.8578 | alpha: 0.8060 | beta: 0.2238
2024-03-07 23:24:45,068 - INFO - 2990    /100000     episodes | avg train score: -8.22  | avg test score: -2.00  | n_buffer: 20000  | eps: 0.8577 | alpha: 0.8060 | beta: 0.2239
2024-03-07 23:24:51,119 - INFO - 3000    /100000     episodes | avg train score: 0.04   | avg test score: -2.00  | n_buffer: 20000  | eps: 0.8575 | alpha: 0.8060 | beta: 0.2240
2024-03-07 23:24:57,096 - INFO - 3010    /100000     episodes | avg train score: -5.65  | avg test score: -2.00  | n_buffer: 20000  | eps: 0.8574 | alpha: 0.8060 | beta: 0.2241
2024-03-07 23:25:03,019 - INFO - 3020    /100000     episodes | avg train score: -7.63  | avg test score: -2.00  | n_buffer: 20000  | eps: 0.8572 | alpha: 0.8060 | beta: 0.2242
2024-03-07 23:25:09,479 - INFO - 3030    /100000     episodes | avg train score: -5.88  | avg test score: -2.00  | n_buffer: 20000  | eps: 0.8571 | alpha: 0.8061 | beta: 0.2242
2024-03-07 23:25:15,727 - INFO - 3040    /100000     episodes | avg train score: -1.08  | avg test score: -2.00  | n_buffer: 20000  | eps: 0.8569 | alpha: 0.8061 | beta: 0.2243
2024-03-07 23:25:21,688 - INFO - 3050    /100000     episodes | avg train score: -1.03  | avg test score: -2.00  | n_buffer: 20000  | eps: 0.8568 | alpha: 0.8061 | beta: 0.2244
2024-03-07 23:25:27,754 - INFO - 3060    /100000     episodes | avg train score: -0.95  | avg test score: -2.00  | n_buffer: 20000  | eps: 0.8567 | alpha: 0.8061 | beta: 0.2245
2024-03-07 23:25:34,742 - INFO - 3070    /100000     episodes | avg train score: -0.93  | avg test score: -2.00  | n_buffer: 20000  | eps: 0.8565 | alpha: 0.8061 | beta: 0.2246
2024-03-07 23:25:40,895 - INFO - 3080    /100000     episodes | avg train score: -7.13  | avg test score: -2.00  | n_buffer: 20000  | eps: 0.8564 | alpha: 0.8062 | beta: 0.2246
2024-03-07 23:25:46,928 - INFO - 3090    /100000     episodes | avg train score: 0.25   | avg test score: -2.00  | n_buffer: 20000  | eps: 0.8562 | alpha: 0.8062 | beta: 0.2247
2024-03-07 23:25:52,914 - INFO - 3100    /100000     episodes | avg train score: -2.75  | avg test score: -2.00  | n_buffer: 20000  | eps: 0.8561 | alpha: 0.8062 | beta: 0.2248
2024-03-07 23:25:59,113 - INFO - 3110    /100000     episodes | avg train score: -3.15  | avg test score: -2.00  | n_buffer: 20000  | eps: 0.8560 | alpha: 0.8062 | beta: 0.2249
2024-03-07 23:26:05,257 - INFO - 3120    /100000     episodes | avg train score: -3.98  | avg test score: -2.00  | n_buffer: 20000  | eps: 0.8558 | alpha: 0.8062 | beta: 0.2250
2024-03-07 23:26:11,395 - INFO - 3130    /100000     episodes | avg train score: -1.17  | avg test score: -2.00  | n_buffer: 20000  | eps: 0.8557 | alpha: 0.8063 | beta: 0.2250
2024-03-07 23:26:17,344 - INFO - 3140    /100000     episodes | avg train score: 1.84   | avg test score: -2.00  | n_buffer: 20000  | eps: 0.8555 | alpha: 0.8063 | beta: 0.2251
2024-03-07 23:26:23,498 - INFO - 3150    /100000     episodes | avg train score: -1.99  | avg test score: -2.00  | n_buffer: 20000  | eps: 0.8554 | alpha: 0.8063 | beta: 0.2252
2024-03-07 23:26:29,841 - INFO - 3160    /100000     episodes | avg train score: -1.55  | avg test score: -2.00  | n_buffer: 20000  | eps: 0.8552 | alpha: 0.8063 | beta: 0.2253
2024-03-07 23:26:36,100 - INFO - 3170    /100000     episodes | avg train score: 1.74   | avg test score: -2.00  | n_buffer: 20000  | eps: 0.8551 | alpha: 0.8063 | beta: 0.2254
2024-03-07 23:26:42,497 - INFO - 3180    /100000     episodes | avg train score: 2.75   | avg test score: -2.00  | n_buffer: 20000  | eps: 0.8550 | alpha: 0.8064 | beta: 0.2254
2024-03-07 23:26:48,397 - INFO - 3190    /100000     episodes | avg train score: -5.83  | avg test score: -2.00  | n_buffer: 20000  | eps: 0.8548 | alpha: 0.8064 | beta: 0.2255
2024-03-07 23:26:54,997 - INFO - 3200    /100000     episodes | avg train score: 5.65   | avg test score: -2.00  | n_buffer: 20000  | eps: 0.8547 | alpha: 0.8064 | beta: 0.2256
2024-03-07 23:27:01,379 - INFO - 3210    /100000     episodes | avg train score: -4.86  | avg test score: -2.00  | n_buffer: 20000  | eps: 0.8545 | alpha: 0.8064 | beta: 0.2257
2024-03-07 23:27:07,670 - INFO - 3220    /100000     episodes | avg train score: -0.70  | avg test score: -2.00  | n_buffer: 20000  | eps: 0.8544 | alpha: 0.8064 | beta: 0.2258
2024-03-07 23:27:14,686 - INFO - 3230    /100000     episodes | avg train score: -8.97  | avg test score: -2.00  | n_buffer: 20000  | eps: 0.8543 | alpha: 0.8065 | beta: 0.2258
2024-03-07 23:27:21,696 - INFO - 3240    /100000     episodes | avg train score: 2.36   | avg test score: -2.00  | n_buffer: 20000  | eps: 0.8541 | alpha: 0.8065 | beta: 0.2259
2024-03-07 23:27:27,856 - INFO - 3250    /100000     episodes | avg train score: -2.85  | avg test score: -2.00  | n_buffer: 20000  | eps: 0.8540 | alpha: 0.8065 | beta: 0.2260
2024-03-07 23:27:35,384 - INFO - 3260    /100000     episodes | avg train score: -4.55  | avg test score: -2.00  | n_buffer: 20000  | eps: 0.8538 | alpha: 0.8065 | beta: 0.2261
2024-03-07 23:27:42,410 - INFO - 3270    /100000     episodes | avg train score: -6.77  | avg test score: -2.00  | n_buffer: 20000  | eps: 0.8537 | alpha: 0.8065 | beta: 0.2262
2024-03-07 23:27:48,819 - INFO - 3280    /100000     episodes | avg train score: -5.50  | avg test score: -2.00  | n_buffer: 20000  | eps: 0.8535 | alpha: 0.8066 | beta: 0.2262
2024-03-07 23:27:57,146 - INFO - 3290    /100000     episodes | avg train score: -2.40  | avg test score: -2.00  | n_buffer: 20000  | eps: 0.8534 | alpha: 0.8066 | beta: 0.2263
2024-03-07 23:28:04,562 - INFO - 3300    /100000     episodes | avg train score: -7.14  | avg test score: -2.00  | n_buffer: 20000  | eps: 0.8533 | alpha: 0.8066 | beta: 0.2264
2024-03-07 23:28:12,393 - INFO - 3310    /100000     episodes | avg train score: -5.40  | avg test score: -2.00  | n_buffer: 20000  | eps: 0.8531 | alpha: 0.8066 | beta: 0.2265
2024-03-07 23:28:19,766 - INFO - 3320    /100000     episodes | avg train score: -5.94  | avg test score: -2.00  | n_buffer: 20000  | eps: 0.8530 | alpha: 0.8066 | beta: 0.2266
2024-03-07 23:28:26,243 - INFO - 3330    /100000     episodes | avg train score: 1.61   | avg test score: -2.00  | n_buffer: 20000  | eps: 0.8528 | alpha: 0.8067 | beta: 0.2266
2024-03-07 23:28:32,625 - INFO - 3340    /100000     episodes | avg train score: -4.65  | avg test score: -2.00  | n_buffer: 20000  | eps: 0.8527 | alpha: 0.8067 | beta: 0.2267
2024-03-07 23:28:38,564 - INFO - 3350    /100000     episodes | avg train score: -6.48  | avg test score: -2.00  | n_buffer: 20000  | eps: 0.8526 | alpha: 0.8067 | beta: 0.2268
2024-03-07 23:28:44,697 - INFO - 3360    /100000     episodes | avg train score: -1.58  | avg test score: -2.00  | n_buffer: 20000  | eps: 0.8524 | alpha: 0.8067 | beta: 0.2269
2024-03-07 23:28:51,672 - INFO - 3370    /100000     episodes | avg train score: -4.32  | avg test score: -2.00  | n_buffer: 20000  | eps: 0.8523 | alpha: 0.8067 | beta: 0.2270
2024-03-07 23:28:57,806 - INFO - 3380    /100000     episodes | avg train score: -8.68  | avg test score: -2.00  | n_buffer: 20000  | eps: 0.8521 | alpha: 0.8068 | beta: 0.2270
2024-03-07 23:29:04,050 - INFO - 3390    /100000     episodes | avg train score: -2.82  | avg test score: -2.00  | n_buffer: 20000  | eps: 0.8520 | alpha: 0.8068 | beta: 0.2271
2024-03-07 23:29:11,429 - INFO - 3400    /100000     episodes | avg train score: 0.47   | avg test score: -2.00  | n_buffer: 20000  | eps: 0.8518 | alpha: 0.8068 | beta: 0.2272
2024-03-07 23:29:18,236 - INFO - 3410    /100000     episodes | avg train score: -0.37  | avg test score: -2.00  | n_buffer: 20000  | eps: 0.8517 | alpha: 0.8068 | beta: 0.2273
2024-03-07 23:29:24,694 - INFO - 3420    /100000     episodes | avg train score: -3.00  | avg test score: -2.00  | n_buffer: 20000  | eps: 0.8516 | alpha: 0.8068 | beta: 0.2274
2024-03-07 23:29:31,242 - INFO - 3430    /100000     episodes | avg train score: -2.72  | avg test score: -2.00  | n_buffer: 20000  | eps: 0.8514 | alpha: 0.8069 | beta: 0.2274
2024-03-07 23:29:37,765 - INFO - 3440    /100000     episodes | avg train score: -6.93  | avg test score: -2.00  | n_buffer: 20000  | eps: 0.8513 | alpha: 0.8069 | beta: 0.2275
2024-03-07 23:29:44,121 - INFO - 3450    /100000     episodes | avg train score: -1.72  | avg test score: -2.00  | n_buffer: 20000  | eps: 0.8511 | alpha: 0.8069 | beta: 0.2276
2024-03-07 23:29:50,443 - INFO - 3460    /100000     episodes | avg train score: -5.90  | avg test score: -2.00  | n_buffer: 20000  | eps: 0.8510 | alpha: 0.8069 | beta: 0.2277
2024-03-07 23:29:56,438 - INFO - 3470    /100000     episodes | avg train score: -4.20  | avg test score: -2.00  | n_buffer: 20000  | eps: 0.8509 | alpha: 0.8069 | beta: 0.2278
2024-03-07 23:30:02,691 - INFO - 3480    /100000     episodes | avg train score: -1.90  | avg test score: -2.00  | n_buffer: 20000  | eps: 0.8507 | alpha: 0.8070 | beta: 0.2278
2024-03-07 23:30:09,781 - INFO - 3490    /100000     episodes | avg train score: -3.02  | avg test score: -2.00  | n_buffer: 20000  | eps: 0.8506 | alpha: 0.8070 | beta: 0.2279
2024-03-07 23:30:16,377 - INFO - 3500    /100000     episodes | avg train score: -3.37  | avg test score: -2.00  | n_buffer: 20000  | eps: 0.8504 | alpha: 0.8070 | beta: 0.2280
2024-03-07 23:30:23,371 - INFO - 3510    /100000     episodes | avg train score: -1.10  | avg test score: -2.00  | n_buffer: 20000  | eps: 0.8503 | alpha: 0.8070 | beta: 0.2281
2024-03-07 23:30:30,114 - INFO - 3520    /100000     episodes | avg train score: -1.61  | avg test score: -2.00  | n_buffer: 20000  | eps: 0.8501 | alpha: 0.8070 | beta: 0.2282
2024-03-07 23:30:36,925 - INFO - 3530    /100000     episodes | avg train score: -2.53  | avg test score: -2.00  | n_buffer: 20000  | eps: 0.8500 | alpha: 0.8071 | beta: 0.2282
