2024-03-08 11:42:44,560 - INFO - ============================================================
2024-03-08 11:42:44,560 - INFO - env_name                      | ma_gym:Checkers-v0
2024-03-08 11:42:44,560 - INFO - experiment_name               | dqn_20000
2024-03-08 11:42:44,560 - INFO - use_wandb                     | False
2024-03-08 11:42:44,560 - INFO - use_cuda                      | False
2024-03-08 11:42:44,560 - INFO - n_training_threads            | 12
2024-03-08 11:42:44,560 - INFO - use_render                    | False
2024-03-08 11:42:44,560 - INFO - use_time_sleep                | False
2024-03-08 11:42:44,560 - INFO - sleep_second                  | 0.5
2024-03-08 11:42:44,560 - INFO - seed                          | 42
2024-03-08 11:42:44,560 - INFO - fix_seed                      | True
2024-03-08 11:42:44,560 - INFO - epsilon_anneal_episode        | 60000
2024-03-08 11:42:44,560 - INFO - max_epsilon                   | 0.9
2024-03-08 11:42:44,560 - INFO - min_epsilon                   | 0.05
2024-03-08 11:42:44,560 - INFO - lr                            | 0.001
2024-03-08 11:42:44,560 - INFO - gamma                         | 0.99
2024-03-08 11:42:44,560 - INFO - batch_size                    | 32
2024-03-08 11:42:44,560 - INFO - max_episodes                  | 100000
2024-03-08 11:42:44,560 - INFO - max_step                      | 100
2024-03-08 11:42:44,560 - INFO - step_cost                     | -0.01
2024-03-08 11:42:44,560 - INFO - chunk_size                    | 10
2024-03-08 11:42:44,560 - INFO - update_iter                   | 10
2024-03-08 11:42:44,560 - INFO - update_target_interval        | 20
2024-03-08 11:42:44,560 - INFO - grad_clip_norm                | 5
2024-03-08 11:42:44,560 - INFO - target_setting                | dqn
2024-03-08 11:42:44,560 - INFO - action_network                | q_net
2024-03-08 11:42:44,560 - INFO - use_recurrent                 | True
2024-03-08 11:42:44,560 - INFO - test_interval                 | 10
2024-03-08 11:42:44,560 - INFO - test_episodes                 | 10
2024-03-08 11:42:44,560 - INFO - buffer_limit                  | 20000
2024-03-08 11:42:44,560 - INFO - eps                           | 1e-06
2024-03-08 11:42:44,560 - INFO - alpha                         | 0.8
2024-03-08 11:42:44,560 - INFO - beta                          | 0.2
2024-03-08 11:42:44,560 - INFO - update_alpha_beta             | True
2024-03-08 11:42:44,560 - INFO - ============================================================
2024-03-08 11:44:56,844 - INFO - 10      /100000     episodes | avg train score: 0.90   | avg test score: -2.00  | n_buffer: 20000  | eps: 0.8999 | alpha: 0.8000 | beta: 0.2001
2024-03-08 11:44:59,948 - INFO - 20      /100000     episodes | avg train score: 2.54   | avg test score: -2.00  | n_buffer: 20000  | eps: 0.8997 | alpha: 0.8000 | beta: 0.2002
2024-03-08 11:45:03,138 - INFO - 30      /100000     episodes | avg train score: -0.53  | avg test score: 8.00   | n_buffer: 20000  | eps: 0.8996 | alpha: 0.8001 | beta: 0.2002
2024-03-08 11:45:06,152 - INFO - 40      /100000     episodes | avg train score: 6.55   | avg test score: 8.00   | n_buffer: 20000  | eps: 0.8994 | alpha: 0.8001 | beta: 0.2003
2024-03-08 11:45:09,220 - INFO - 50      /100000     episodes | avg train score: 1.88   | avg test score: 8.00   | n_buffer: 20000  | eps: 0.8993 | alpha: 0.8001 | beta: 0.2004
2024-03-08 11:45:12,039 - INFO - 60      /100000     episodes | avg train score: 3.45   | avg test score: 59.62  | n_buffer: 20000  | eps: 0.8992 | alpha: 0.8001 | beta: 0.2005
2024-03-08 11:45:15,190 - INFO - 70      /100000     episodes | avg train score: 2.53   | avg test score: -2.00  | n_buffer: 20000  | eps: 0.8990 | alpha: 0.8001 | beta: 0.2006
2024-03-08 11:45:18,343 - INFO - 80      /100000     episodes | avg train score: 7.68   | avg test score: -2.00  | n_buffer: 20000  | eps: 0.8989 | alpha: 0.8002 | beta: 0.2006
2024-03-08 11:45:21,556 - INFO - 90      /100000     episodes | avg train score: 1.21   | avg test score: -2.00  | n_buffer: 20000  | eps: 0.8987 | alpha: 0.8002 | beta: 0.2007
2024-03-08 11:45:24,771 - INFO - 100     /100000     episodes | avg train score: 8.88   | avg test score: -2.00  | n_buffer: 20000  | eps: 0.8986 | alpha: 0.8002 | beta: 0.2008
2024-03-08 11:45:28,059 - INFO - 110     /100000     episodes | avg train score: 1.87   | avg test score: -2.00  | n_buffer: 20000  | eps: 0.8985 | alpha: 0.8002 | beta: 0.2009
2024-03-08 11:45:31,210 - INFO - 120     /100000     episodes | avg train score: -1.41  | avg test score: -2.00  | n_buffer: 20000  | eps: 0.8983 | alpha: 0.8002 | beta: 0.2010
2024-03-08 11:45:34,482 - INFO - 130     /100000     episodes | avg train score: 0.94   | avg test score: -2.00  | n_buffer: 20000  | eps: 0.8982 | alpha: 0.8003 | beta: 0.2010
2024-03-08 11:45:37,654 - INFO - 140     /100000     episodes | avg train score: -1.30  | avg test score: -2.00  | n_buffer: 20000  | eps: 0.8980 | alpha: 0.8003 | beta: 0.2011
2024-03-08 11:45:40,905 - INFO - 150     /100000     episodes | avg train score: 3.02   | avg test score: -2.00  | n_buffer: 20000  | eps: 0.8979 | alpha: 0.8003 | beta: 0.2012
2024-03-08 11:45:44,122 - INFO - 160     /100000     episodes | avg train score: -0.66  | avg test score: -2.00  | n_buffer: 20000  | eps: 0.8977 | alpha: 0.8003 | beta: 0.2013
2024-03-08 11:45:47,344 - INFO - 170     /100000     episodes | avg train score: -4.60  | avg test score: -2.00  | n_buffer: 20000  | eps: 0.8976 | alpha: 0.8003 | beta: 0.2014
2024-03-08 11:45:50,643 - INFO - 180     /100000     episodes | avg train score: -0.45  | avg test score: -2.00  | n_buffer: 20000  | eps: 0.8975 | alpha: 0.8004 | beta: 0.2014
2024-03-08 11:45:53,927 - INFO - 190     /100000     episodes | avg train score: -2.05  | avg test score: -2.00  | n_buffer: 20000  | eps: 0.8973 | alpha: 0.8004 | beta: 0.2015
2024-03-08 11:45:57,222 - INFO - 200     /100000     episodes | avg train score: 4.78   | avg test score: -2.00  | n_buffer: 20000  | eps: 0.8972 | alpha: 0.8004 | beta: 0.2016
2024-03-08 11:46:00,573 - INFO - 210     /100000     episodes | avg train score: -9.80  | avg test score: -2.00  | n_buffer: 20000  | eps: 0.8970 | alpha: 0.8004 | beta: 0.2017
2024-03-08 11:46:03,853 - INFO - 220     /100000     episodes | avg train score: -5.70  | avg test score: -2.00  | n_buffer: 20000  | eps: 0.8969 | alpha: 0.8004 | beta: 0.2018
2024-03-08 11:46:07,084 - INFO - 230     /100000     episodes | avg train score: 7.79   | avg test score: -2.00  | n_buffer: 20000  | eps: 0.8968 | alpha: 0.8005 | beta: 0.2018
2024-03-08 11:46:10,352 - INFO - 240     /100000     episodes | avg train score: -0.87  | avg test score: -2.00  | n_buffer: 20000  | eps: 0.8966 | alpha: 0.8005 | beta: 0.2019
2024-03-08 11:46:13,660 - INFO - 250     /100000     episodes | avg train score: -2.11  | avg test score: -2.00  | n_buffer: 20000  | eps: 0.8965 | alpha: 0.8005 | beta: 0.2020
2024-03-08 11:46:16,979 - INFO - 260     /100000     episodes | avg train score: -1.36  | avg test score: -2.00  | n_buffer: 20000  | eps: 0.8963 | alpha: 0.8005 | beta: 0.2021
2024-03-08 11:46:20,781 - INFO - 270     /100000     episodes | avg train score: -2.10  | avg test score: -2.00  | n_buffer: 20000  | eps: 0.8962 | alpha: 0.8005 | beta: 0.2022
2024-03-08 11:46:24,056 - INFO - 280     /100000     episodes | avg train score: -4.76  | avg test score: -2.00  | n_buffer: 20000  | eps: 0.8960 | alpha: 0.8006 | beta: 0.2022
2024-03-08 11:46:27,367 - INFO - 290     /100000     episodes | avg train score: -7.48  | avg test score: -2.00  | n_buffer: 20000  | eps: 0.8959 | alpha: 0.8006 | beta: 0.2023
2024-03-08 11:46:30,679 - INFO - 300     /100000     episodes | avg train score: -7.21  | avg test score: -2.00  | n_buffer: 20000  | eps: 0.8958 | alpha: 0.8006 | beta: 0.2024
2024-03-08 11:46:33,951 - INFO - 310     /100000     episodes | avg train score: -0.40  | avg test score: -2.00  | n_buffer: 20000  | eps: 0.8956 | alpha: 0.8006 | beta: 0.2025
2024-03-08 11:46:37,325 - INFO - 320     /100000     episodes | avg train score: -4.05  | avg test score: -2.00  | n_buffer: 20000  | eps: 0.8955 | alpha: 0.8006 | beta: 0.2026
2024-03-08 11:46:40,652 - INFO - 330     /100000     episodes | avg train score: -3.93  | avg test score: -2.00  | n_buffer: 20000  | eps: 0.8953 | alpha: 0.8007 | beta: 0.2026
2024-03-08 11:46:43,912 - INFO - 340     /100000     episodes | avg train score: -4.29  | avg test score: -2.00  | n_buffer: 20000  | eps: 0.8952 | alpha: 0.8007 | beta: 0.2027
2024-03-08 11:46:47,209 - INFO - 350     /100000     episodes | avg train score: -4.69  | avg test score: -2.00  | n_buffer: 20000  | eps: 0.8951 | alpha: 0.8007 | beta: 0.2028
2024-03-08 11:46:50,557 - INFO - 360     /100000     episodes | avg train score: -9.90  | avg test score: -2.00  | n_buffer: 20000  | eps: 0.8949 | alpha: 0.8007 | beta: 0.2029
2024-03-08 11:46:53,947 - INFO - 370     /100000     episodes | avg train score: -8.00  | avg test score: -2.00  | n_buffer: 20000  | eps: 0.8948 | alpha: 0.8007 | beta: 0.2030
2024-03-08 11:46:57,258 - INFO - 380     /100000     episodes | avg train score: -4.83  | avg test score: -2.00  | n_buffer: 20000  | eps: 0.8946 | alpha: 0.8008 | beta: 0.2030
2024-03-08 11:47:00,552 - INFO - 390     /100000     episodes | avg train score: -6.13  | avg test score: -2.00  | n_buffer: 20000  | eps: 0.8945 | alpha: 0.8008 | beta: 0.2031
2024-03-08 11:47:03,850 - INFO - 400     /100000     episodes | avg train score: -1.43  | avg test score: -2.00  | n_buffer: 20000  | eps: 0.8943 | alpha: 0.8008 | beta: 0.2032
2024-03-08 11:47:07,178 - INFO - 410     /100000     episodes | avg train score: -5.19  | avg test score: -2.00  | n_buffer: 20000  | eps: 0.8942 | alpha: 0.8008 | beta: 0.2033
2024-03-08 11:47:10,498 - INFO - 420     /100000     episodes | avg train score: 2.30   | avg test score: -2.00  | n_buffer: 20000  | eps: 0.8941 | alpha: 0.8008 | beta: 0.2034
2024-03-08 11:47:13,771 - INFO - 430     /100000     episodes | avg train score: -7.06  | avg test score: -2.00  | n_buffer: 20000  | eps: 0.8939 | alpha: 0.8009 | beta: 0.2034
2024-03-08 11:47:17,061 - INFO - 440     /100000     episodes | avg train score: -5.91  | avg test score: -2.00  | n_buffer: 20000  | eps: 0.8938 | alpha: 0.8009 | beta: 0.2035
2024-03-08 11:47:20,328 - INFO - 450     /100000     episodes | avg train score: -2.84  | avg test score: -2.00  | n_buffer: 20000  | eps: 0.8936 | alpha: 0.8009 | beta: 0.2036
2024-03-08 11:47:23,663 - INFO - 460     /100000     episodes | avg train score: -0.65  | avg test score: -2.00  | n_buffer: 20000  | eps: 0.8935 | alpha: 0.8009 | beta: 0.2037
2024-03-08 11:47:26,987 - INFO - 470     /100000     episodes | avg train score: -6.06  | avg test score: -2.00  | n_buffer: 20000  | eps: 0.8934 | alpha: 0.8009 | beta: 0.2038
2024-03-08 11:47:30,285 - INFO - 480     /100000     episodes | avg train score: 0.42   | avg test score: -2.00  | n_buffer: 20000  | eps: 0.8932 | alpha: 0.8010 | beta: 0.2038
2024-03-08 11:47:33,592 - INFO - 490     /100000     episodes | avg train score: -4.88  | avg test score: -2.00  | n_buffer: 20000  | eps: 0.8931 | alpha: 0.8010 | beta: 0.2039
2024-03-08 11:47:36,917 - INFO - 500     /100000     episodes | avg train score: -4.07  | avg test score: -2.00  | n_buffer: 20000  | eps: 0.8929 | alpha: 0.8010 | beta: 0.2040
2024-03-08 11:47:40,260 - INFO - 510     /100000     episodes | avg train score: -8.10  | avg test score: -2.00  | n_buffer: 20000  | eps: 0.8928 | alpha: 0.8010 | beta: 0.2041
