2024-03-08 00:15:33,622 - INFO - ============================================================
2024-03-08 00:15:33,622 - INFO - env_name                      | ma_gym:Checkers-v0
2024-03-08 00:15:33,622 - INFO - experiment_name               | dueling_ddqn_20000
2024-03-08 00:15:33,622 - INFO - use_wandb                     | False
2024-03-08 00:15:33,622 - INFO - use_cuda                      | False
2024-03-08 00:15:33,622 - INFO - n_training_threads            | 12
2024-03-08 00:15:33,622 - INFO - use_render                    | False
2024-03-08 00:15:33,622 - INFO - use_time_sleep                | False
2024-03-08 00:15:33,622 - INFO - sleep_second                  | 0.5
2024-03-08 00:15:33,622 - INFO - seed                          | 42
2024-03-08 00:15:33,622 - INFO - fix_seed                      | True
2024-03-08 00:15:33,622 - INFO - epsilon_anneal_episode        | 60000
2024-03-08 00:15:33,622 - INFO - max_epsilon                   | 0.9
2024-03-08 00:15:33,622 - INFO - min_epsilon                   | 0.05
2024-03-08 00:15:33,622 - INFO - lr                            | 0.001
2024-03-08 00:15:33,622 - INFO - gamma                         | 0.99
2024-03-08 00:15:33,622 - INFO - batch_size                    | 32
2024-03-08 00:15:33,622 - INFO - max_episodes                  | 100000
2024-03-08 00:15:33,622 - INFO - max_step                      | 100
2024-03-08 00:15:33,622 - INFO - step_cost                     | -0.01
2024-03-08 00:15:33,622 - INFO - chunk_size                    | 10
2024-03-08 00:15:33,622 - INFO - update_iter                   | 10
2024-03-08 00:15:33,622 - INFO - update_target_interval        | 20
2024-03-08 00:15:33,622 - INFO - grad_clip_norm                | 5
2024-03-08 00:15:33,622 - INFO - target_setting                | double_dqn
2024-03-08 00:15:33,622 - INFO - action_network                | dueling_net
2024-03-08 00:15:33,622 - INFO - use_recurrent                 | True
2024-03-08 00:15:33,622 - INFO - test_interval                 | 10
2024-03-08 00:15:33,623 - INFO - test_episodes                 | 10
2024-03-08 00:15:33,623 - INFO - buffer_limit                  | 20000
2024-03-08 00:15:33,623 - INFO - eps                           | 1e-06
2024-03-08 00:15:33,623 - INFO - alpha                         | 0.8
2024-03-08 00:15:33,623 - INFO - beta                          | 0.2
2024-03-08 00:15:33,623 - INFO - update_alpha_beta             | True
2024-03-08 00:15:33,623 - INFO - ============================================================
2024-03-08 00:18:35,550 - INFO - 10      /100000     episodes | avg train score: -3.87  | avg test score: -2.00  | n_buffer: 20000  | eps: 0.8999 | alpha: 0.8000 | beta: 0.2001
2024-03-08 00:18:40,097 - INFO - 20      /100000     episodes | avg train score: -3.47  | avg test score: -2.00  | n_buffer: 20000  | eps: 0.8997 | alpha: 0.8000 | beta: 0.2002
2024-03-08 00:18:44,653 - INFO - 30      /100000     episodes | avg train score: 0.05   | avg test score: -2.00  | n_buffer: 20000  | eps: 0.8996 | alpha: 0.8001 | beta: 0.2002
2024-03-08 00:18:49,403 - INFO - 40      /100000     episodes | avg train score: -4.89  | avg test score: -2.00  | n_buffer: 20000  | eps: 0.8994 | alpha: 0.8001 | beta: 0.2003
2024-03-08 00:18:54,101 - INFO - 50      /100000     episodes | avg train score: -4.30  | avg test score: -2.00  | n_buffer: 20000  | eps: 0.8993 | alpha: 0.8001 | beta: 0.2004
2024-03-08 00:18:58,742 - INFO - 60      /100000     episodes | avg train score: -6.55  | avg test score: -2.00  | n_buffer: 20000  | eps: 0.8992 | alpha: 0.8001 | beta: 0.2005
2024-03-08 00:19:03,481 - INFO - 70      /100000     episodes | avg train score: -4.07  | avg test score: -2.00  | n_buffer: 20000  | eps: 0.8990 | alpha: 0.8001 | beta: 0.2006
2024-03-08 00:19:08,169 - INFO - 80      /100000     episodes | avg train score: -3.27  | avg test score: -2.00  | n_buffer: 20000  | eps: 0.8989 | alpha: 0.8002 | beta: 0.2006
2024-03-08 00:19:12,923 - INFO - 90      /100000     episodes | avg train score: -5.14  | avg test score: -2.00  | n_buffer: 20000  | eps: 0.8987 | alpha: 0.8002 | beta: 0.2007
2024-03-08 00:19:17,813 - INFO - 100     /100000     episodes | avg train score: 2.73   | avg test score: -2.00  | n_buffer: 20000  | eps: 0.8986 | alpha: 0.8002 | beta: 0.2008
2024-03-08 00:19:22,521 - INFO - 110     /100000     episodes | avg train score: -4.65  | avg test score: -2.00  | n_buffer: 20000  | eps: 0.8985 | alpha: 0.8002 | beta: 0.2009
2024-03-08 00:19:27,215 - INFO - 120     /100000     episodes | avg train score: -10.28 | avg test score: -2.00  | n_buffer: 20000  | eps: 0.8983 | alpha: 0.8002 | beta: 0.2010
2024-03-08 00:19:31,916 - INFO - 130     /100000     episodes | avg train score: -4.82  | avg test score: -2.00  | n_buffer: 20000  | eps: 0.8982 | alpha: 0.8003 | beta: 0.2010
2024-03-08 00:19:36,591 - INFO - 140     /100000     episodes | avg train score: -7.80  | avg test score: -2.00  | n_buffer: 20000  | eps: 0.8980 | alpha: 0.8003 | beta: 0.2011
2024-03-08 00:19:41,210 - INFO - 150     /100000     episodes | avg train score: -2.91  | avg test score: -2.00  | n_buffer: 20000  | eps: 0.8979 | alpha: 0.8003 | beta: 0.2012
2024-03-08 00:19:45,849 - INFO - 160     /100000     episodes | avg train score: -5.10  | avg test score: -2.00  | n_buffer: 20000  | eps: 0.8977 | alpha: 0.8003 | beta: 0.2013
2024-03-08 00:19:50,635 - INFO - 170     /100000     episodes | avg train score: -5.58  | avg test score: -2.00  | n_buffer: 20000  | eps: 0.8976 | alpha: 0.8003 | beta: 0.2014
2024-03-08 00:19:55,326 - INFO - 180     /100000     episodes | avg train score: -2.38  | avg test score: -2.00  | n_buffer: 20000  | eps: 0.8975 | alpha: 0.8004 | beta: 0.2014
2024-03-08 00:20:00,029 - INFO - 190     /100000     episodes | avg train score: -3.76  | avg test score: -2.00  | n_buffer: 20000  | eps: 0.8973 | alpha: 0.8004 | beta: 0.2015
2024-03-08 00:20:04,980 - INFO - 200     /100000     episodes | avg train score: 0.42   | avg test score: -2.00  | n_buffer: 20000  | eps: 0.8972 | alpha: 0.8004 | beta: 0.2016
2024-03-08 00:20:09,672 - INFO - 210     /100000     episodes | avg train score: -5.06  | avg test score: -2.00  | n_buffer: 20000  | eps: 0.8970 | alpha: 0.8004 | beta: 0.2017
2024-03-08 00:20:14,434 - INFO - 220     /100000     episodes | avg train score: -1.30  | avg test score: -2.00  | n_buffer: 20000  | eps: 0.8969 | alpha: 0.8004 | beta: 0.2018
2024-03-08 00:20:19,132 - INFO - 230     /100000     episodes | avg train score: -1.13  | avg test score: -2.00  | n_buffer: 20000  | eps: 0.8968 | alpha: 0.8005 | beta: 0.2018
2024-03-08 00:20:23,695 - INFO - 240     /100000     episodes | avg train score: -4.56  | avg test score: -2.00  | n_buffer: 20000  | eps: 0.8966 | alpha: 0.8005 | beta: 0.2019
2024-03-08 00:20:28,362 - INFO - 250     /100000     episodes | avg train score: -4.99  | avg test score: -2.00  | n_buffer: 20000  | eps: 0.8965 | alpha: 0.8005 | beta: 0.2020
2024-03-08 00:20:33,017 - INFO - 260     /100000     episodes | avg train score: -5.16  | avg test score: -2.00  | n_buffer: 20000  | eps: 0.8963 | alpha: 0.8005 | beta: 0.2021
2024-03-08 00:20:37,714 - INFO - 270     /100000     episodes | avg train score: -6.77  | avg test score: -2.00  | n_buffer: 20000  | eps: 0.8962 | alpha: 0.8005 | beta: 0.2022
