2024-03-08 00:28:49,193 - INFO - ============================================================
2024-03-08 00:28:49,193 - INFO - env_name                      | ma_gym:Checkers-v0
2024-03-08 00:28:49,193 - INFO - experiment_name               | dueling_dqn_20000
2024-03-08 00:28:49,193 - INFO - use_wandb                     | False
2024-03-08 00:28:49,193 - INFO - use_cuda                      | False
2024-03-08 00:28:49,193 - INFO - n_training_threads            | 12
2024-03-08 00:28:49,193 - INFO - use_render                    | False
2024-03-08 00:28:49,193 - INFO - use_time_sleep                | False
2024-03-08 00:28:49,193 - INFO - sleep_second                  | 0.5
2024-03-08 00:28:49,193 - INFO - seed                          | 42
2024-03-08 00:28:49,193 - INFO - fix_seed                      | True
2024-03-08 00:28:49,193 - INFO - epsilon_anneal_episode        | 60000
2024-03-08 00:28:49,193 - INFO - max_epsilon                   | 0.9
2024-03-08 00:28:49,193 - INFO - min_epsilon                   | 0.05
2024-03-08 00:28:49,193 - INFO - lr                            | 0.001
2024-03-08 00:28:49,193 - INFO - gamma                         | 0.99
2024-03-08 00:28:49,193 - INFO - batch_size                    | 32
2024-03-08 00:28:49,193 - INFO - max_episodes                  | 100000
2024-03-08 00:28:49,193 - INFO - max_step                      | 100
2024-03-08 00:28:49,193 - INFO - step_cost                     | -0.01
2024-03-08 00:28:49,194 - INFO - chunk_size                    | 10
2024-03-08 00:28:49,194 - INFO - update_iter                   | 10
2024-03-08 00:28:49,194 - INFO - update_target_interval        | 20
2024-03-08 00:28:49,194 - INFO - grad_clip_norm                | 5
2024-03-08 00:28:49,194 - INFO - target_setting                | dqn
2024-03-08 00:28:49,194 - INFO - action_network                | dueling_net
2024-03-08 00:28:49,194 - INFO - use_recurrent                 | True
2024-03-08 00:28:49,194 - INFO - test_interval                 | 10
2024-03-08 00:28:49,194 - INFO - test_episodes                 | 10
2024-03-08 00:28:49,194 - INFO - buffer_limit                  | 20000
2024-03-08 00:28:49,194 - INFO - eps                           | 1e-06
2024-03-08 00:28:49,194 - INFO - alpha                         | 0.8
2024-03-08 00:28:49,194 - INFO - beta                          | 0.2
2024-03-08 00:28:49,194 - INFO - update_alpha_beta             | True
2024-03-08 00:28:49,194 - INFO - ============================================================
2024-03-08 00:31:28,366 - INFO - 10      /100000     episodes | avg train score: 1.96   | avg test score: -2.00  | n_buffer: 20000  | eps: 0.8999 | alpha: 0.8000 | beta: 0.2001
2024-03-08 00:31:32,013 - INFO - 20      /100000     episodes | avg train score: 2.23   | avg test score: -2.00  | n_buffer: 20000  | eps: 0.8997 | alpha: 0.8000 | beta: 0.2002
2024-03-08 00:31:35,734 - INFO - 30      /100000     episodes | avg train score: -3.90  | avg test score: -2.00  | n_buffer: 20000  | eps: 0.8996 | alpha: 0.8001 | beta: 0.2002
2024-03-08 00:31:39,485 - INFO - 40      /100000     episodes | avg train score: -3.86  | avg test score: -2.00  | n_buffer: 20000  | eps: 0.8994 | alpha: 0.8001 | beta: 0.2003
2024-03-08 00:31:43,322 - INFO - 50      /100000     episodes | avg train score: -10.36 | avg test score: -2.00  | n_buffer: 20000  | eps: 0.8993 | alpha: 0.8001 | beta: 0.2004
2024-03-08 00:31:47,157 - INFO - 60      /100000     episodes | avg train score: -5.86  | avg test score: -2.00  | n_buffer: 20000  | eps: 0.8992 | alpha: 0.8001 | beta: 0.2005
2024-03-08 00:31:50,945 - INFO - 70      /100000     episodes | avg train score: -6.94  | avg test score: -2.00  | n_buffer: 20000  | eps: 0.8990 | alpha: 0.8001 | beta: 0.2006
2024-03-08 00:31:54,727 - INFO - 80      /100000     episodes | avg train score: 2.49   | avg test score: -2.00  | n_buffer: 20000  | eps: 0.8989 | alpha: 0.8002 | beta: 0.2006
2024-03-08 00:31:58,593 - INFO - 90      /100000     episodes | avg train score: -7.27  | avg test score: -2.00  | n_buffer: 20000  | eps: 0.8987 | alpha: 0.8002 | beta: 0.2007
2024-03-08 00:32:02,417 - INFO - 100     /100000     episodes | avg train score: -4.10  | avg test score: -2.00  | n_buffer: 20000  | eps: 0.8986 | alpha: 0.8002 | beta: 0.2008
2024-03-08 00:32:06,216 - INFO - 110     /100000     episodes | avg train score: -6.41  | avg test score: -2.00  | n_buffer: 20000  | eps: 0.8985 | alpha: 0.8002 | beta: 0.2009
2024-03-08 00:32:10,083 - INFO - 120     /100000     episodes | avg train score: -8.00  | avg test score: -2.00  | n_buffer: 20000  | eps: 0.8983 | alpha: 0.8002 | beta: 0.2010
2024-03-08 00:32:13,925 - INFO - 130     /100000     episodes | avg train score: -2.08  | avg test score: -2.00  | n_buffer: 20000  | eps: 0.8982 | alpha: 0.8003 | beta: 0.2010
2024-03-08 00:32:17,784 - INFO - 140     /100000     episodes | avg train score: 0.86   | avg test score: -2.00  | n_buffer: 20000  | eps: 0.8980 | alpha: 0.8003 | beta: 0.2011
2024-03-08 00:32:21,588 - INFO - 150     /100000     episodes | avg train score: -1.39  | avg test score: -2.00  | n_buffer: 20000  | eps: 0.8979 | alpha: 0.8003 | beta: 0.2012
2024-03-08 00:32:25,488 - INFO - 160     /100000     episodes | avg train score: 6.06   | avg test score: -2.00  | n_buffer: 20000  | eps: 0.8977 | alpha: 0.8003 | beta: 0.2013
2024-03-08 00:32:29,335 - INFO - 170     /100000     episodes | avg train score: -2.60  | avg test score: -2.00  | n_buffer: 20000  | eps: 0.8976 | alpha: 0.8003 | beta: 0.2014
2024-03-08 00:32:33,190 - INFO - 180     /100000     episodes | avg train score: -3.10  | avg test score: -2.00  | n_buffer: 20000  | eps: 0.8975 | alpha: 0.8004 | beta: 0.2014
2024-03-08 00:32:37,119 - INFO - 190     /100000     episodes | avg train score: -3.00  | avg test score: -2.00  | n_buffer: 20000  | eps: 0.8973 | alpha: 0.8004 | beta: 0.2015
2024-03-08 00:32:40,921 - INFO - 200     /100000     episodes | avg train score: -6.75  | avg test score: -2.00  | n_buffer: 20000  | eps: 0.8972 | alpha: 0.8004 | beta: 0.2016
2024-03-08 00:32:44,782 - INFO - 210     /100000     episodes | avg train score: 0.72   | avg test score: -2.00  | n_buffer: 20000  | eps: 0.8970 | alpha: 0.8004 | beta: 0.2017
2024-03-08 00:32:48,625 - INFO - 220     /100000     episodes | avg train score: -2.02  | avg test score: -2.00  | n_buffer: 20000  | eps: 0.8969 | alpha: 0.8004 | beta: 0.2018
2024-03-08 00:32:52,431 - INFO - 230     /100000     episodes | avg train score: -1.37  | avg test score: -2.00  | n_buffer: 20000  | eps: 0.8968 | alpha: 0.8005 | beta: 0.2018
2024-03-08 00:32:56,251 - INFO - 240     /100000     episodes | avg train score: -2.05  | avg test score: -2.00  | n_buffer: 20000  | eps: 0.8966 | alpha: 0.8005 | beta: 0.2019
2024-03-08 00:33:00,087 - INFO - 250     /100000     episodes | avg train score: -5.70  | avg test score: -2.00  | n_buffer: 20000  | eps: 0.8965 | alpha: 0.8005 | beta: 0.2020
2024-03-08 00:33:03,867 - INFO - 260     /100000     episodes | avg train score: -8.31  | avg test score: -2.00  | n_buffer: 20000  | eps: 0.8963 | alpha: 0.8005 | beta: 0.2021
2024-03-08 00:33:07,727 - INFO - 270     /100000     episodes | avg train score: -6.60  | avg test score: -2.00  | n_buffer: 20000  | eps: 0.8962 | alpha: 0.8005 | beta: 0.2022
2024-03-08 00:33:11,587 - INFO - 280     /100000     episodes | avg train score: -6.90  | avg test score: -2.00  | n_buffer: 20000  | eps: 0.8960 | alpha: 0.8006 | beta: 0.2022
2024-03-08 00:33:15,315 - INFO - 290     /100000     episodes | avg train score: -2.99  | avg test score: -2.00  | n_buffer: 20000  | eps: 0.8959 | alpha: 0.8006 | beta: 0.2023
2024-03-08 00:33:19,143 - INFO - 300     /100000     episodes | avg train score: -2.25  | avg test score: -2.00  | n_buffer: 20000  | eps: 0.8958 | alpha: 0.8006 | beta: 0.2024
2024-03-08 00:33:23,016 - INFO - 310     /100000     episodes | avg train score: -6.80  | avg test score: -2.00  | n_buffer: 20000  | eps: 0.8956 | alpha: 0.8006 | beta: 0.2025
2024-03-08 00:33:26,866 - INFO - 320     /100000     episodes | avg train score: -3.83  | avg test score: -2.00  | n_buffer: 20000  | eps: 0.8955 | alpha: 0.8006 | beta: 0.2026
2024-03-08 00:33:30,723 - INFO - 330     /100000     episodes | avg train score: -2.78  | avg test score: -2.00  | n_buffer: 20000  | eps: 0.8953 | alpha: 0.8007 | beta: 0.2026
2024-03-08 00:33:34,548 - INFO - 340     /100000     episodes | avg train score: -2.09  | avg test score: -2.00  | n_buffer: 20000  | eps: 0.8952 | alpha: 0.8007 | beta: 0.2027
2024-03-08 00:33:38,295 - INFO - 350     /100000     episodes | avg train score: -0.87  | avg test score: -2.00  | n_buffer: 20000  | eps: 0.8951 | alpha: 0.8007 | beta: 0.2028
2024-03-08 00:33:42,120 - INFO - 360     /100000     episodes | avg train score: -1.46  | avg test score: -2.00  | n_buffer: 20000  | eps: 0.8949 | alpha: 0.8007 | beta: 0.2029
2024-03-08 00:33:45,794 - INFO - 370     /100000     episodes | avg train score: 1.47   | avg test score: -2.00  | n_buffer: 20000  | eps: 0.8948 | alpha: 0.8007 | beta: 0.2030
2024-03-08 00:33:49,439 - INFO - 380     /100000     episodes | avg train score: -1.35  | avg test score: -2.00  | n_buffer: 20000  | eps: 0.8946 | alpha: 0.8008 | beta: 0.2030
2024-03-08 00:33:53,229 - INFO - 390     /100000     episodes | avg train score: -6.65  | avg test score: -2.00  | n_buffer: 20000  | eps: 0.8945 | alpha: 0.8008 | beta: 0.2031
2024-03-08 00:33:56,877 - INFO - 400     /100000     episodes | avg train score: 1.39   | avg test score: -2.00  | n_buffer: 20000  | eps: 0.8943 | alpha: 0.8008 | beta: 0.2032
2024-03-08 00:34:00,680 - INFO - 410     /100000     episodes | avg train score: -3.24  | avg test score: -2.00  | n_buffer: 20000  | eps: 0.8942 | alpha: 0.8008 | beta: 0.2033
2024-03-08 00:34:04,512 - INFO - 420     /100000     episodes | avg train score: -1.97  | avg test score: -2.00  | n_buffer: 20000  | eps: 0.8941 | alpha: 0.8008 | beta: 0.2034
2024-03-08 00:34:08,302 - INFO - 430     /100000     episodes | avg train score: -2.03  | avg test score: -2.00  | n_buffer: 20000  | eps: 0.8939 | alpha: 0.8009 | beta: 0.2034
2024-03-08 00:34:12,133 - INFO - 440     /100000     episodes | avg train score: -6.38  | avg test score: -2.00  | n_buffer: 20000  | eps: 0.8938 | alpha: 0.8009 | beta: 0.2035
2024-03-08 00:34:15,944 - INFO - 450     /100000     episodes | avg train score: -6.43  | avg test score: -2.00  | n_buffer: 20000  | eps: 0.8936 | alpha: 0.8009 | beta: 0.2036
2024-03-08 00:34:19,823 - INFO - 460     /100000     episodes | avg train score: 1.62   | avg test score: -2.00  | n_buffer: 20000  | eps: 0.8935 | alpha: 0.8009 | beta: 0.2037
2024-03-08 00:34:23,545 - INFO - 470     /100000     episodes | avg train score: -3.74  | avg test score: -2.00  | n_buffer: 20000  | eps: 0.8934 | alpha: 0.8009 | beta: 0.2038
2024-03-08 00:34:27,298 - INFO - 480     /100000     episodes | avg train score: -2.51  | avg test score: -2.00  | n_buffer: 20000  | eps: 0.8932 | alpha: 0.8010 | beta: 0.2038
2024-03-08 00:34:31,103 - INFO - 490     /100000     episodes | avg train score: -1.93  | avg test score: -2.00  | n_buffer: 20000  | eps: 0.8931 | alpha: 0.8010 | beta: 0.2039
2024-03-08 00:34:34,888 - INFO - 500     /100000     episodes | avg train score: -5.84  | avg test score: -2.00  | n_buffer: 20000  | eps: 0.8929 | alpha: 0.8010 | beta: 0.2040
2024-03-08 00:34:38,602 - INFO - 510     /100000     episodes | avg train score: 5.51   | avg test score: -2.00  | n_buffer: 20000  | eps: 0.8928 | alpha: 0.8010 | beta: 0.2041
2024-03-08 00:34:42,458 - INFO - 520     /100000     episodes | avg train score: -0.70  | avg test score: -2.00  | n_buffer: 20000  | eps: 0.8926 | alpha: 0.8010 | beta: 0.2042
2024-03-08 00:34:46,269 - INFO - 530     /100000     episodes | avg train score: -2.99  | avg test score: -2.00  | n_buffer: 20000  | eps: 0.8925 | alpha: 0.8011 | beta: 0.2042
2024-03-08 00:34:50,087 - INFO - 540     /100000     episodes | avg train score: -4.21  | avg test score: -2.00  | n_buffer: 20000  | eps: 0.8924 | alpha: 0.8011 | beta: 0.2043
2024-03-08 00:34:53,916 - INFO - 550     /100000     episodes | avg train score: -3.73  | avg test score: -2.00  | n_buffer: 20000  | eps: 0.8922 | alpha: 0.8011 | beta: 0.2044
2024-03-08 00:34:57,690 - INFO - 560     /100000     episodes | avg train score: 0.38   | avg test score: -2.00  | n_buffer: 20000  | eps: 0.8921 | alpha: 0.8011 | beta: 0.2045
2024-03-08 00:35:01,474 - INFO - 570     /100000     episodes | avg train score: 0.17   | avg test score: -2.00  | n_buffer: 20000  | eps: 0.8919 | alpha: 0.8011 | beta: 0.2046
