2024-03-12 19:51:47,961 - INFO - ============================================================
2024-03-12 19:51:47,961 - INFO - use_wandb                     | True
2024-03-12 19:51:47,961 - INFO - entity_name                   | singfor7012
2024-03-12 19:51:47,961 - INFO - env_name                      | ma_gym:Checkers-v0
2024-03-12 19:51:47,961 - INFO - experiment_name               | vdn
2024-03-12 19:51:47,961 - INFO - use_cuda                      | False
2024-03-12 19:51:47,961 - INFO - n_training_threads            | 12
2024-03-12 19:51:47,961 - INFO - use_render                    | False
2024-03-12 19:51:47,961 - INFO - use_time_sleep                | False
2024-03-12 19:51:47,961 - INFO - sleep_second                  | 0.5
2024-03-12 19:51:47,961 - INFO - seed                          | 42
2024-03-12 19:51:47,961 - INFO - fix_seed                      | True
2024-03-12 19:51:47,961 - INFO - epsilon_anneal_episode        | 60000
2024-03-12 19:51:47,961 - INFO - max_epsilon                   | 0.9
2024-03-12 19:51:47,961 - INFO - min_epsilon                   | 0.05
2024-03-12 19:51:47,961 - INFO - lr                            | 1e-05
2024-03-12 19:51:47,961 - INFO - gamma                         | 0.99
2024-03-12 19:51:47,961 - INFO - batch_size                    | 32
2024-03-12 19:51:47,961 - INFO - max_episodes                  | 100000
2024-03-12 19:51:47,961 - INFO - max_step                      | 100
2024-03-12 19:51:47,961 - INFO - step_cost                     | -0.01
2024-03-12 19:51:47,961 - INFO - chunk_size                    | 10
2024-03-12 19:51:47,961 - INFO - update_iter                   | 1
2024-03-12 19:51:47,961 - INFO - update_target_interval        | 1
2024-03-12 19:51:47,961 - INFO - grad_clip_norm                | 0.5
2024-03-12 19:51:47,961 - INFO - decide_target                 | double_dqn
2024-03-12 19:51:47,961 - INFO - decide_network                | q_net
2024-03-12 19:51:47,961 - INFO - use_recurrent                 | True
2024-03-12 19:51:47,961 - INFO - test_interval                 | 10
2024-03-12 19:51:47,961 - INFO - test_episodes                 | 10
2024-03-12 19:51:47,961 - INFO - buffer_limit                  | 2000
2024-03-12 19:51:47,961 - INFO - eps                           | 1e-06
2024-03-12 19:51:47,961 - INFO - alpha                         | 0.8
2024-03-12 19:51:47,961 - INFO - beta                          | 0.2
2024-03-12 19:51:47,961 - INFO - update_alpha_beta             | True
2024-03-12 19:51:47,962 - INFO - Device: cpu
2024-03-12 19:51:47,962 - INFO - ============================================================
2024-03-12 19:52:02,210 - INFO - 1       /100000     episodes | train score: -1.86  | train loss: 81.41   | eps: 0.9000 | alpha: 0.8000 | beta: 0.2000
2024-03-12 19:52:02,280 - INFO - 2       /100000     episodes | train score: -9.12  | train loss: 96.39   | eps: 0.9000 | alpha: 0.8000 | beta: 0.2000
2024-03-12 19:52:02,378 - INFO - 3       /100000     episodes | train score: -2.00  | train loss: 79.88   | eps: 0.9000 | alpha: 0.8000 | beta: 0.2000
2024-03-12 19:52:02,468 - INFO - 4       /100000     episodes | train score: -1.80  | train loss: 74.74   | eps: 0.9000 | alpha: 0.8000 | beta: 0.2000
2024-03-12 19:52:02,563 - INFO - 5       /100000     episodes | train score: -0.94  | train loss: 85.91   | eps: 0.8999 | alpha: 0.8000 | beta: 0.2000
2024-03-12 19:52:02,662 - INFO - 6       /100000     episodes | train score: 7.00   | train loss: 50.10   | eps: 0.8999 | alpha: 0.8000 | beta: 0.2000
2024-03-12 19:52:02,759 - INFO - 7       /100000     episodes | train score: -3.00  | train loss: 86.25   | eps: 0.8999 | alpha: 0.8000 | beta: 0.2001
2024-03-12 19:52:02,822 - INFO - 8       /100000     episodes | train score: 9.06   | train loss: 89.52   | eps: 0.8999 | alpha: 0.8000 | beta: 0.2001
2024-03-12 19:52:02,920 - INFO - 9       /100000     episodes | train score: -20.00 | train loss: 110.98  | eps: 0.8999 | alpha: 0.8000 | beta: 0.2001
2024-03-12 19:52:03,015 - INFO - 10      /100000     episodes | train score: 7.12   | train loss: 66.95   | eps: 0.8999 | alpha: 0.8000 | beta: 0.2001
2024-03-12 19:52:03,369 - INFO - avg test score: -2.00 
2024-03-12 19:52:03,465 - INFO - 11      /100000     episodes | train score: -3.00  | train loss: 84.13   | eps: 0.8999 | alpha: 0.8000 | beta: 0.2001
2024-03-12 19:52:03,551 - INFO - 12      /100000     episodes | train score: 7.42   | train loss: 56.00   | eps: 0.8998 | alpha: 0.8000 | beta: 0.2001
2024-03-12 19:52:03,672 - INFO - 13      /100000     episodes | train score: 7.00   | train loss: 76.48   | eps: 0.8998 | alpha: 0.8000 | beta: 0.2001
2024-03-12 19:52:03,777 - INFO - 14      /100000     episodes | train score: -2.00  | train loss: 69.32   | eps: 0.8998 | alpha: 0.8000 | beta: 0.2001
2024-03-12 19:52:03,848 - INFO - 15      /100000     episodes | train score: 8.84   | train loss: 52.17   | eps: 0.8998 | alpha: 0.8000 | beta: 0.2001
2024-03-12 19:52:03,946 - INFO - 16      /100000     episodes | train score: -12.00 | train loss: 92.76   | eps: 0.8998 | alpha: 0.8000 | beta: 0.2001
2024-03-12 19:52:04,051 - INFO - 17      /100000     episodes | train score: -2.00  | train loss: 89.18   | eps: 0.8998 | alpha: 0.8000 | beta: 0.2001
2024-03-12 19:52:04,155 - INFO - 18      /100000     episodes | train score: -12.00 | train loss: 70.84   | eps: 0.8998 | alpha: 0.8000 | beta: 0.2001
2024-03-12 19:52:04,245 - INFO - 19      /100000     episodes | train score: 16.36  | train loss: 48.38   | eps: 0.8997 | alpha: 0.8000 | beta: 0.2002
2024-03-12 19:52:04,345 - INFO - 20      /100000     episodes | train score: -11.00 | train loss: 53.25   | eps: 0.8997 | alpha: 0.8000 | beta: 0.2002
2024-03-12 19:52:04,719 - INFO - avg test score: -2.00 
2024-03-12 19:52:04,807 - INFO - 21      /100000     episodes | train score: 17.54  | train loss: 58.81   | eps: 0.8997 | alpha: 0.8000 | beta: 0.2002
2024-03-12 19:52:04,917 - INFO - 22      /100000     episodes | train score: -1.92  | train loss: 54.38   | eps: 0.8997 | alpha: 0.8000 | beta: 0.2002
2024-03-12 19:52:04,996 - INFO - 23      /100000     episodes | train score: -0.24  | train loss: 58.74   | eps: 0.8997 | alpha: 0.8000 | beta: 0.2002
2024-03-12 19:52:05,070 - INFO - 24      /100000     episodes | train score: -9.22  | train loss: 54.59   | eps: 0.8997 | alpha: 0.8000 | beta: 0.2002
2024-03-12 19:52:05,149 - INFO - 25      /100000     episodes | train score: 17.68  | train loss: 51.63   | eps: 0.8997 | alpha: 0.8000 | beta: 0.2002
2024-03-12 19:52:05,251 - INFO - 26      /100000     episodes | train score: 7.00   | train loss: 55.01   | eps: 0.8996 | alpha: 0.8001 | beta: 0.2002
2024-03-12 19:52:05,316 - INFO - 27      /100000     episodes | train score: -18.00 | train loss: 35.57   | eps: 0.8996 | alpha: 0.8001 | beta: 0.2002
2024-03-12 19:52:05,415 - INFO - 28      /100000     episodes | train score: -3.00  | train loss: 50.77   | eps: 0.8996 | alpha: 0.8001 | beta: 0.2002
2024-03-12 19:52:05,519 - INFO - 29      /100000     episodes | train score: -1.00  | train loss: 35.72   | eps: 0.8996 | alpha: 0.8001 | beta: 0.2002
2024-03-12 19:52:05,619 - INFO - 30      /100000     episodes | train score: -29.00 | train loss: 51.45   | eps: 0.8996 | alpha: 0.8001 | beta: 0.2002
2024-03-12 19:52:05,978 - INFO - avg test score: -2.00 
2024-03-12 19:52:06,053 - INFO - 31      /100000     episodes | train score: -1.18  | train loss: 47.33   | eps: 0.8996 | alpha: 0.8001 | beta: 0.2002
2024-03-12 19:52:06,157 - INFO - 32      /100000     episodes | train score: -22.00 | train loss: 34.95   | eps: 0.8996 | alpha: 0.8001 | beta: 0.2003
2024-03-12 19:52:06,259 - INFO - 33      /100000     episodes | train score: 7.00   | train loss: 31.88   | eps: 0.8995 | alpha: 0.8001 | beta: 0.2003
2024-03-12 19:52:06,338 - INFO - 34      /100000     episodes | train score: -18.32 | train loss: 69.54   | eps: 0.8995 | alpha: 0.8001 | beta: 0.2003
2024-03-12 19:52:06,439 - INFO - 35      /100000     episodes | train score: -12.00 | train loss: 42.82   | eps: 0.8995 | alpha: 0.8001 | beta: 0.2003
2024-03-12 19:52:06,539 - INFO - 36      /100000     episodes | train score: -3.00  | train loss: 39.53   | eps: 0.8995 | alpha: 0.8001 | beta: 0.2003
2024-03-12 19:52:06,641 - INFO - 37      /100000     episodes | train score: -2.00  | train loss: 43.98   | eps: 0.8995 | alpha: 0.8001 | beta: 0.2003
2024-03-12 19:52:06,770 - INFO - 38      /100000     episodes | train score: 8.24   | train loss: 40.60   | eps: 0.8995 | alpha: 0.8001 | beta: 0.2003
2024-03-12 19:52:06,879 - INFO - 39      /100000     episodes | train score: -12.00 | train loss: 55.83   | eps: 0.8995 | alpha: 0.8001 | beta: 0.2003
2024-03-12 19:52:06,990 - INFO - 40      /100000     episodes | train score: -2.00  | train loss: 29.14   | eps: 0.8994 | alpha: 0.8001 | beta: 0.2003
2024-03-12 19:52:07,368 - INFO - avg test score: -2.00 
2024-03-12 19:52:07,473 - INFO - 41      /100000     episodes | train score: -12.00 | train loss: 46.22   | eps: 0.8994 | alpha: 0.8001 | beta: 0.2003
2024-03-12 19:52:07,584 - INFO - 42      /100000     episodes | train score: -11.00 | train loss: 37.00   | eps: 0.8994 | alpha: 0.8001 | beta: 0.2003
2024-03-12 19:52:07,732 - INFO - 43      /100000     episodes | train score: -9.90  | train loss: 38.42   | eps: 0.8994 | alpha: 0.8001 | beta: 0.2003
2024-03-12 19:52:07,894 - INFO - 44      /100000     episodes | train score: -21.00 | train loss: 35.99   | eps: 0.8994 | alpha: 0.8001 | beta: 0.2004
2024-03-12 19:52:08,063 - INFO - 45      /100000     episodes | train score: -11.00 | train loss: 57.76   | eps: 0.8994 | alpha: 0.8001 | beta: 0.2004
2024-03-12 19:52:08,191 - INFO - 46      /100000     episodes | train score: -11.00 | train loss: 46.99   | eps: 0.8994 | alpha: 0.8001 | beta: 0.2004
2024-03-12 19:52:08,292 - INFO - 47      /100000     episodes | train score: 7.00   | train loss: 38.60   | eps: 0.8993 | alpha: 0.8001 | beta: 0.2004
2024-03-12 19:52:08,377 - INFO - 48      /100000     episodes | train score: 7.52   | train loss: 48.71   | eps: 0.8993 | alpha: 0.8001 | beta: 0.2004
2024-03-12 19:52:08,477 - INFO - 49      /100000     episodes | train score: 8.00   | train loss: 48.67   | eps: 0.8993 | alpha: 0.8001 | beta: 0.2004
2024-03-12 19:52:08,598 - INFO - 50      /100000     episodes | train score: 26.52  | train loss: 57.46   | eps: 0.8993 | alpha: 0.8001 | beta: 0.2004
2024-03-12 19:52:09,068 - INFO - avg test score: -2.00 
2024-03-12 19:52:09,174 - INFO - 51      /100000     episodes | train score: -21.00 | train loss: 46.15   | eps: 0.8993 | alpha: 0.8001 | beta: 0.2004
2024-03-12 19:52:09,287 - INFO - 52      /100000     episodes | train score: -3.00  | train loss: 35.05   | eps: 0.8993 | alpha: 0.8001 | beta: 0.2004
2024-03-12 19:52:09,393 - INFO - 53      /100000     episodes | train score: -21.00 | train loss: 59.97   | eps: 0.8993 | alpha: 0.8001 | beta: 0.2004
2024-03-12 19:52:09,501 - INFO - 54      /100000     episodes | train score: -21.00 | train loss: 33.55   | eps: 0.8992 | alpha: 0.8001 | beta: 0.2004
2024-03-12 19:52:09,604 - INFO - 55      /100000     episodes | train score: -2.00  | train loss: 68.44   | eps: 0.8992 | alpha: 0.8001 | beta: 0.2004
2024-03-12 19:52:09,708 - INFO - 56      /100000     episodes | train score: 15.00  | train loss: 41.46   | eps: 0.8992 | alpha: 0.8001 | beta: 0.2004
2024-03-12 19:52:09,793 - INFO - 57      /100000     episodes | train score: -1.52  | train loss: 42.56   | eps: 0.8992 | alpha: 0.8001 | beta: 0.2005
2024-03-12 19:52:09,891 - INFO - 58      /100000     episodes | train score: -2.00  | train loss: 46.26   | eps: 0.8992 | alpha: 0.8001 | beta: 0.2005
2024-03-12 19:52:09,991 - INFO - 59      /100000     episodes | train score: -2.00  | train loss: 52.80   | eps: 0.8992 | alpha: 0.8001 | beta: 0.2005
2024-03-12 19:52:10,074 - INFO - 60      /100000     episodes | train score: -9.88  | train loss: 59.40   | eps: 0.8992 | alpha: 0.8001 | beta: 0.2005
2024-03-12 19:52:10,435 - INFO - avg test score: -2.00 
2024-03-12 19:52:10,600 - INFO - 61      /100000     episodes | train score: -22.00 | train loss: 43.23   | eps: 0.8992 | alpha: 0.8001 | beta: 0.2005
2024-03-12 19:52:10,693 - INFO - 62      /100000     episodes | train score: 8.58   | train loss: 41.12   | eps: 0.8991 | alpha: 0.8001 | beta: 0.2005
2024-03-12 19:52:10,824 - INFO - 63      /100000     episodes | train score: 7.00   | train loss: 43.48   | eps: 0.8991 | alpha: 0.8001 | beta: 0.2005
2024-03-12 19:52:10,915 - INFO - 64      /100000     episodes | train score: 7.32   | train loss: 45.37   | eps: 0.8991 | alpha: 0.8001 | beta: 0.2005
2024-03-12 19:52:11,023 - INFO - 65      /100000     episodes | train score: 16.00  | train loss: 26.62   | eps: 0.8991 | alpha: 0.8001 | beta: 0.2005
2024-03-12 19:52:11,140 - INFO - 66      /100000     episodes | train score: 17.24  | train loss: 32.55   | eps: 0.8991 | alpha: 0.8001 | beta: 0.2005
2024-03-12 19:52:11,248 - INFO - 67      /100000     episodes | train score: 7.00   | train loss: 59.54   | eps: 0.8991 | alpha: 0.8001 | beta: 0.2005
2024-03-12 19:52:11,352 - INFO - 68      /100000     episodes | train score: -13.00 | train loss: 33.15   | eps: 0.8991 | alpha: 0.8001 | beta: 0.2005
2024-03-12 19:52:11,465 - INFO - 69      /100000     episodes | train score: -3.00  | train loss: 43.04   | eps: 0.8990 | alpha: 0.8001 | beta: 0.2006
2024-03-12 19:52:11,574 - INFO - 70      /100000     episodes | train score: -3.00  | train loss: 41.78   | eps: 0.8990 | alpha: 0.8001 | beta: 0.2006
2024-03-12 19:52:11,974 - INFO - avg test score: -2.00 
2024-03-12 19:52:12,079 - INFO - 71      /100000     episodes | train score: -0.90  | train loss: 28.35   | eps: 0.8990 | alpha: 0.8001 | beta: 0.2006
2024-03-12 19:52:12,189 - INFO - 72      /100000     episodes | train score: -1.80  | train loss: 46.19   | eps: 0.8990 | alpha: 0.8001 | beta: 0.2006
2024-03-12 19:52:12,296 - INFO - 73      /100000     episodes | train score: -4.00  | train loss: 45.84   | eps: 0.8990 | alpha: 0.8001 | beta: 0.2006
2024-03-12 19:52:12,399 - INFO - 74      /100000     episodes | train score: -12.00 | train loss: 45.07   | eps: 0.8990 | alpha: 0.8001 | beta: 0.2006
2024-03-12 19:52:12,513 - INFO - 75      /100000     episodes | train score: 7.00   | train loss: 50.84   | eps: 0.8990 | alpha: 0.8001 | beta: 0.2006
2024-03-12 19:52:12,615 - INFO - 76      /100000     episodes | train score: -2.00  | train loss: 24.15   | eps: 0.8989 | alpha: 0.8002 | beta: 0.2006
2024-03-12 19:52:12,715 - INFO - 77      /100000     episodes | train score: 7.00   | train loss: 38.21   | eps: 0.8989 | alpha: 0.8002 | beta: 0.2006
2024-03-12 19:52:12,812 - INFO - 78      /100000     episodes | train score: 16.14  | train loss: 66.46   | eps: 0.8989 | alpha: 0.8002 | beta: 0.2006
2024-03-12 19:52:12,911 - INFO - 79      /100000     episodes | train score: -2.00  | train loss: 47.48   | eps: 0.8989 | alpha: 0.8002 | beta: 0.2006
2024-03-12 19:52:12,994 - INFO - 80      /100000     episodes | train score: -10.56 | train loss: 41.66   | eps: 0.8989 | alpha: 0.8002 | beta: 0.2006
2024-03-12 19:52:13,371 - INFO - avg test score: -2.00 
2024-03-12 19:52:13,481 - INFO - 81      /100000     episodes | train score: -12.00 | train loss: 56.94   | eps: 0.8989 | alpha: 0.8002 | beta: 0.2006
2024-03-12 19:52:13,547 - INFO - 82      /100000     episodes | train score: 2.14   | train loss: 45.04   | eps: 0.8989 | alpha: 0.8002 | beta: 0.2007
2024-03-12 19:52:13,629 - INFO - 83      /100000     episodes | train score: 8.64   | train loss: 61.65   | eps: 0.8988 | alpha: 0.8002 | beta: 0.2007
2024-03-12 19:52:13,734 - INFO - 84      /100000     episodes | train score: -3.00  | train loss: 39.27   | eps: 0.8988 | alpha: 0.8002 | beta: 0.2007
2024-03-12 19:52:13,837 - INFO - 85      /100000     episodes | train score: -2.00  | train loss: 35.69   | eps: 0.8988 | alpha: 0.8002 | beta: 0.2007
2024-03-12 19:52:13,942 - INFO - 86      /100000     episodes | train score: -3.00  | train loss: 60.87   | eps: 0.8988 | alpha: 0.8002 | beta: 0.2007
2024-03-12 19:52:14,043 - INFO - 87      /100000     episodes | train score: -31.00 | train loss: 36.19   | eps: 0.8988 | alpha: 0.8002 | beta: 0.2007
2024-03-12 19:52:14,097 - INFO - 88      /100000     episodes | train score: 1.34   | train loss: 33.73   | eps: 0.8988 | alpha: 0.8002 | beta: 0.2007
2024-03-12 19:52:14,195 - INFO - 89      /100000     episodes | train score: -2.00  | train loss: 74.60   | eps: 0.8988 | alpha: 0.8002 | beta: 0.2007
2024-03-12 19:52:14,295 - INFO - 90      /100000     episodes | train score: -11.00 | train loss: 48.07   | eps: 0.8987 | alpha: 0.8002 | beta: 0.2007
2024-03-12 19:52:14,654 - INFO - avg test score: -2.00 
2024-03-12 19:52:14,751 - INFO - 91      /100000     episodes | train score: -22.00 | train loss: 51.68   | eps: 0.8987 | alpha: 0.8002 | beta: 0.2007
2024-03-12 19:52:14,849 - INFO - 92      /100000     episodes | train score: -12.00 | train loss: 70.48   | eps: 0.8987 | alpha: 0.8002 | beta: 0.2007
2024-03-12 19:52:14,948 - INFO - 93      /100000     episodes | train score: 15.00  | train loss: 62.43   | eps: 0.8987 | alpha: 0.8002 | beta: 0.2007
2024-03-12 19:52:15,047 - INFO - 94      /100000     episodes | train score: -3.00  | train loss: 51.10   | eps: 0.8987 | alpha: 0.8002 | beta: 0.2008
2024-03-12 19:52:15,147 - INFO - 95      /100000     episodes | train score: -11.00 | train loss: 47.15   | eps: 0.8987 | alpha: 0.8002 | beta: 0.2008
2024-03-12 19:52:15,256 - INFO - 96      /100000     episodes | train score: -3.00  | train loss: 72.37   | eps: 0.8987 | alpha: 0.8002 | beta: 0.2008
2024-03-12 19:52:15,320 - INFO - 97      /100000     episodes | train score: 8.02   | train loss: 77.90   | eps: 0.8986 | alpha: 0.8002 | beta: 0.2008
2024-03-12 19:52:15,420 - INFO - 98      /100000     episodes | train score: 8.00   | train loss: 64.61   | eps: 0.8986 | alpha: 0.8002 | beta: 0.2008
2024-03-12 19:52:15,519 - INFO - 99      /100000     episodes | train score: -3.00  | train loss: 94.92   | eps: 0.8986 | alpha: 0.8002 | beta: 0.2008
2024-03-12 19:52:15,617 - INFO - 100     /100000     episodes | train score: -3.00  | train loss: 50.82   | eps: 0.8986 | alpha: 0.8002 | beta: 0.2008
2024-03-12 19:52:15,976 - INFO - avg test score: -2.00 
2024-03-12 19:52:16,068 - INFO - 101     /100000     episodes | train score: -1.64  | train loss: 24.40   | eps: 0.8986 | alpha: 0.8002 | beta: 0.2008
2024-03-12 19:52:16,166 - INFO - 102     /100000     episodes | train score: -10.96 | train loss: 45.81   | eps: 0.8986 | alpha: 0.8002 | beta: 0.2008
2024-03-12 19:52:16,265 - INFO - 103     /100000     episodes | train score: -2.00  | train loss: 65.02   | eps: 0.8986 | alpha: 0.8002 | beta: 0.2008
2024-03-12 19:52:16,362 - INFO - 104     /100000     episodes | train score: -10.00 | train loss: 52.39   | eps: 0.8985 | alpha: 0.8002 | beta: 0.2008
2024-03-12 19:52:16,439 - INFO - 105     /100000     episodes | train score: -1.26  | train loss: 54.20   | eps: 0.8985 | alpha: 0.8002 | beta: 0.2008
2024-03-12 19:52:16,507 - INFO - 106     /100000     episodes | train score: -19.04 | train loss: 54.83   | eps: 0.8985 | alpha: 0.8002 | beta: 0.2008
2024-03-12 19:52:16,612 - INFO - 107     /100000     episodes | train score: 6.00   | train loss: 43.00   | eps: 0.8985 | alpha: 0.8002 | beta: 0.2009
2024-03-12 19:52:16,715 - INFO - 108     /100000     episodes | train score: -20.00 | train loss: 56.12   | eps: 0.8985 | alpha: 0.8002 | beta: 0.2009
2024-03-12 19:52:16,821 - INFO - 109     /100000     episodes | train score: -11.00 | train loss: 48.31   | eps: 0.8985 | alpha: 0.8002 | beta: 0.2009
2024-03-12 19:52:16,926 - INFO - 110     /100000     episodes | train score: -2.00  | train loss: 55.62   | eps: 0.8985 | alpha: 0.8002 | beta: 0.2009
2024-03-12 19:52:17,329 - INFO - avg test score: -2.00 
2024-03-12 19:52:17,382 - INFO - 111     /100000     episodes | train score: -9.58  | train loss: 54.00   | eps: 0.8984 | alpha: 0.8002 | beta: 0.2009
2024-03-12 19:52:17,481 - INFO - 112     /100000     episodes | train score: -11.00 | train loss: 45.34   | eps: 0.8984 | alpha: 0.8002 | beta: 0.2009
2024-03-12 19:52:17,581 - INFO - 113     /100000     episodes | train score: -21.00 | train loss: 47.16   | eps: 0.8984 | alpha: 0.8002 | beta: 0.2009
2024-03-12 19:52:17,678 - INFO - 114     /100000     episodes | train score: -1.62  | train loss: 59.20   | eps: 0.8984 | alpha: 0.8002 | beta: 0.2009
2024-03-12 19:52:17,780 - INFO - 115     /100000     episodes | train score: 7.00   | train loss: 42.41   | eps: 0.8984 | alpha: 0.8002 | beta: 0.2009
2024-03-12 19:52:17,920 - INFO - 116     /100000     episodes | train score: -3.00  | train loss: 45.97   | eps: 0.8984 | alpha: 0.8002 | beta: 0.2009
2024-03-12 19:52:18,035 - INFO - 117     /100000     episodes | train score: -1.70  | train loss: 69.76   | eps: 0.8984 | alpha: 0.8002 | beta: 0.2009
2024-03-12 19:52:18,114 - INFO - 118     /100000     episodes | train score: -1.42  | train loss: 63.93   | eps: 0.8983 | alpha: 0.8002 | beta: 0.2009
2024-03-12 19:52:18,212 - INFO - 119     /100000     episodes | train score: -3.00  | train loss: 53.59   | eps: 0.8983 | alpha: 0.8002 | beta: 0.2010
2024-03-12 19:52:18,289 - INFO - 120     /100000     episodes | train score: -1.22  | train loss: 51.75   | eps: 0.8983 | alpha: 0.8002 | beta: 0.2010
2024-03-12 19:52:18,680 - INFO - avg test score: -2.00 
2024-03-12 19:52:18,787 - INFO - 121     /100000     episodes | train score: -3.00  | train loss: 44.24   | eps: 0.8983 | alpha: 0.8002 | beta: 0.2010
2024-03-12 19:52:18,891 - INFO - 122     /100000     episodes | train score: -3.00  | train loss: 44.96   | eps: 0.8983 | alpha: 0.8002 | beta: 0.2010
2024-03-12 19:52:18,993 - INFO - 123     /100000     episodes | train score: -11.00 | train loss: 53.95   | eps: 0.8983 | alpha: 0.8002 | beta: 0.2010
2024-03-12 19:52:19,091 - INFO - 124     /100000     episodes | train score: -4.00  | train loss: 62.67   | eps: 0.8983 | alpha: 0.8002 | beta: 0.2010
2024-03-12 19:52:19,189 - INFO - 125     /100000     episodes | train score: -12.00 | train loss: 50.78   | eps: 0.8982 | alpha: 0.8002 | beta: 0.2010
2024-03-12 19:52:19,290 - INFO - 126     /100000     episodes | train score: -3.00  | train loss: 71.67   | eps: 0.8982 | alpha: 0.8003 | beta: 0.2010
2024-03-12 19:52:19,510 - INFO - 127     /100000     episodes | train score: -1.00  | train loss: 43.85   | eps: 0.8982 | alpha: 0.8003 | beta: 0.2010
2024-03-12 19:52:19,617 - INFO - 128     /100000     episodes | train score: -2.00  | train loss: 62.03   | eps: 0.8982 | alpha: 0.8003 | beta: 0.2010
2024-03-12 19:52:19,723 - INFO - 129     /100000     episodes | train score: -13.00 | train loss: 37.80   | eps: 0.8982 | alpha: 0.8003 | beta: 0.2010
2024-03-12 19:52:19,822 - INFO - 130     /100000     episodes | train score: -10.00 | train loss: 61.99   | eps: 0.8982 | alpha: 0.8003 | beta: 0.2010
2024-03-12 19:52:20,210 - INFO - avg test score: -2.00 
2024-03-12 19:52:20,310 - INFO - 131     /100000     episodes | train score: -4.00  | train loss: 44.02   | eps: 0.8982 | alpha: 0.8003 | beta: 0.2010
2024-03-12 19:52:20,407 - INFO - 132     /100000     episodes | train score: -10.96 | train loss: 57.89   | eps: 0.8981 | alpha: 0.8003 | beta: 0.2011
2024-03-12 19:52:20,501 - INFO - 133     /100000     episodes | train score: 36.16  | train loss: 33.10   | eps: 0.8981 | alpha: 0.8003 | beta: 0.2011
2024-03-12 19:52:20,598 - INFO - 134     /100000     episodes | train score: -22.00 | train loss: 47.61   | eps: 0.8981 | alpha: 0.8003 | beta: 0.2011
2024-03-12 19:52:20,727 - INFO - 135     /100000     episodes | train score: -12.00 | train loss: 56.10   | eps: 0.8981 | alpha: 0.8003 | beta: 0.2011
2024-03-12 19:52:20,802 - INFO - 136     /100000     episodes | train score: 18.76  | train loss: 56.33   | eps: 0.8981 | alpha: 0.8003 | beta: 0.2011
2024-03-12 19:52:20,911 - INFO - 137     /100000     episodes | train score: 6.00   | train loss: 46.06   | eps: 0.8981 | alpha: 0.8003 | beta: 0.2011
2024-03-12 19:52:21,039 - INFO - 138     /100000     episodes | train score: -3.00  | train loss: 69.63   | eps: 0.8981 | alpha: 0.8003 | beta: 0.2011
2024-03-12 19:52:21,165 - INFO - 139     /100000     episodes | train score: -1.94  | train loss: 57.78   | eps: 0.8980 | alpha: 0.8003 | beta: 0.2011
2024-03-12 19:52:21,239 - INFO - 140     /100000     episodes | train score: -0.76  | train loss: 58.67   | eps: 0.8980 | alpha: 0.8003 | beta: 0.2011
2024-03-12 19:52:21,641 - INFO - avg test score: -2.00 
2024-03-12 19:52:21,740 - INFO - 141     /100000     episodes | train score: -30.00 | train loss: 47.57   | eps: 0.8980 | alpha: 0.8003 | beta: 0.2011
2024-03-12 19:52:21,839 - INFO - 142     /100000     episodes | train score: -2.00  | train loss: 52.42   | eps: 0.8980 | alpha: 0.8003 | beta: 0.2011
2024-03-12 19:52:21,938 - INFO - 143     /100000     episodes | train score: 7.00   | train loss: 51.44   | eps: 0.8980 | alpha: 0.8003 | beta: 0.2011
2024-03-12 19:52:22,001 - INFO - 144     /100000     episodes | train score: 9.08   | train loss: 56.55   | eps: 0.8980 | alpha: 0.8003 | beta: 0.2012
2024-03-12 19:52:22,079 - INFO - 145     /100000     episodes | train score: 9.66   | train loss: 54.58   | eps: 0.8980 | alpha: 0.8003 | beta: 0.2012
2024-03-12 19:52:22,177 - INFO - 146     /100000     episodes | train score: -22.00 | train loss: 55.69   | eps: 0.8979 | alpha: 0.8003 | beta: 0.2012
2024-03-12 19:52:22,276 - INFO - 147     /100000     episodes | train score: 7.00   | train loss: 78.97   | eps: 0.8979 | alpha: 0.8003 | beta: 0.2012
2024-03-12 19:52:22,373 - INFO - 148     /100000     episodes | train score: -3.00  | train loss: 59.84   | eps: 0.8979 | alpha: 0.8003 | beta: 0.2012
2024-03-12 19:52:22,478 - INFO - 149     /100000     episodes | train score: 7.00   | train loss: 72.84   | eps: 0.8979 | alpha: 0.8003 | beta: 0.2012
2024-03-12 19:52:22,586 - INFO - 150     /100000     episodes | train score: 15.00  | train loss: 66.12   | eps: 0.8979 | alpha: 0.8003 | beta: 0.2012
2024-03-12 19:52:22,960 - INFO - avg test score: -2.00 
2024-03-12 19:52:23,066 - INFO - 151     /100000     episodes | train score: -3.00  | train loss: 46.51   | eps: 0.8979 | alpha: 0.8003 | beta: 0.2012
2024-03-12 19:52:23,165 - INFO - 152     /100000     episodes | train score: -3.00  | train loss: 73.23   | eps: 0.8979 | alpha: 0.8003 | beta: 0.2012
2024-03-12 19:52:23,264 - INFO - 153     /100000     episodes | train score: -2.00  | train loss: 83.55   | eps: 0.8978 | alpha: 0.8003 | beta: 0.2012
2024-03-12 19:52:23,355 - INFO - 154     /100000     episodes | train score: -1.62  | train loss: 34.66   | eps: 0.8978 | alpha: 0.8003 | beta: 0.2012
2024-03-12 19:52:23,452 - INFO - 155     /100000     episodes | train score: -3.00  | train loss: 60.42   | eps: 0.8978 | alpha: 0.8003 | beta: 0.2012
2024-03-12 19:52:23,556 - INFO - 156     /100000     episodes | train score: -4.00  | train loss: 44.57   | eps: 0.8978 | alpha: 0.8003 | beta: 0.2012
2024-03-12 19:52:23,666 - INFO - 157     /100000     episodes | train score: -2.00  | train loss: 71.19   | eps: 0.8978 | alpha: 0.8003 | beta: 0.2013
2024-03-12 19:52:23,764 - INFO - 158     /100000     episodes | train score: -10.92 | train loss: 66.64   | eps: 0.8978 | alpha: 0.8003 | beta: 0.2013
2024-03-12 19:52:23,867 - INFO - 159     /100000     episodes | train score: -2.00  | train loss: 69.47   | eps: 0.8978 | alpha: 0.8003 | beta: 0.2013
2024-03-12 19:52:23,991 - INFO - 160     /100000     episodes | train score: -12.00 | train loss: 57.43   | eps: 0.8977 | alpha: 0.8003 | beta: 0.2013
2024-03-12 19:52:24,368 - INFO - avg test score: -2.00 
2024-03-12 19:52:24,442 - INFO - 161     /100000     episodes | train score: 8.84   | train loss: 59.39   | eps: 0.8977 | alpha: 0.8003 | beta: 0.2013
2024-03-12 19:52:24,540 - INFO - 162     /100000     episodes | train score: 7.12   | train loss: 50.51   | eps: 0.8977 | alpha: 0.8003 | beta: 0.2013
2024-03-12 19:52:24,644 - INFO - 163     /100000     episodes | train score: 8.02   | train loss: 50.56   | eps: 0.8977 | alpha: 0.8003 | beta: 0.2013
2024-03-12 19:52:24,747 - INFO - 164     /100000     episodes | train score: -21.00 | train loss: 45.31   | eps: 0.8977 | alpha: 0.8003 | beta: 0.2013
2024-03-12 19:52:24,850 - INFO - 165     /100000     episodes | train score: -11.00 | train loss: 68.54   | eps: 0.8977 | alpha: 0.8003 | beta: 0.2013
2024-03-12 19:52:24,920 - INFO - 166     /100000     episodes | train score: 18.92  | train loss: 61.19   | eps: 0.8977 | alpha: 0.8003 | beta: 0.2013
2024-03-12 19:52:24,988 - INFO - 167     /100000     episodes | train score: -1.00  | train loss: 71.23   | eps: 0.8976 | alpha: 0.8003 | beta: 0.2013
2024-03-12 19:52:25,078 - INFO - 168     /100000     episodes | train score: 7.38   | train loss: 68.45   | eps: 0.8976 | alpha: 0.8003 | beta: 0.2013
2024-03-12 19:52:25,176 - INFO - 169     /100000     episodes | train score: -1.00  | train loss: 45.34   | eps: 0.8976 | alpha: 0.8003 | beta: 0.2014
2024-03-12 19:52:25,276 - INFO - 170     /100000     episodes | train score: 7.00   | train loss: 66.37   | eps: 0.8976 | alpha: 0.8003 | beta: 0.2014
2024-03-12 19:52:25,652 - INFO - avg test score: -2.00 
2024-03-12 19:52:25,731 - INFO - 171     /100000     episodes | train score: 17.82  | train loss: 51.13   | eps: 0.8976 | alpha: 0.8003 | beta: 0.2014
2024-03-12 19:52:25,845 - INFO - 172     /100000     episodes | train score: -31.00 | train loss: 90.83   | eps: 0.8976 | alpha: 0.8003 | beta: 0.2014
2024-03-12 19:52:25,912 - INFO - 173     /100000     episodes | train score: 0.36   | train loss: 48.22   | eps: 0.8976 | alpha: 0.8003 | beta: 0.2014
2024-03-12 19:52:26,007 - INFO - 174     /100000     episodes | train score: -9.70  | train loss: 50.44   | eps: 0.8975 | alpha: 0.8003 | beta: 0.2014
2024-03-12 19:52:26,094 - INFO - 175     /100000     episodes | train score: 17.86  | train loss: 58.46   | eps: 0.8975 | alpha: 0.8003 | beta: 0.2014
2024-03-12 19:52:26,197 - INFO - 176     /100000     episodes | train score: 17.26  | train loss: 61.30   | eps: 0.8975 | alpha: 0.8004 | beta: 0.2014
2024-03-12 19:52:26,285 - INFO - 177     /100000     episodes | train score: -1.56  | train loss: 64.78   | eps: 0.8975 | alpha: 0.8004 | beta: 0.2014
2024-03-12 19:52:26,369 - INFO - 178     /100000     episodes | train score: -0.52  | train loss: 90.08   | eps: 0.8975 | alpha: 0.8004 | beta: 0.2014
2024-03-12 19:52:26,471 - INFO - 179     /100000     episodes | train score: -13.00 | train loss: 56.11   | eps: 0.8975 | alpha: 0.8004 | beta: 0.2014
2024-03-12 19:52:26,545 - INFO - 180     /100000     episodes | train score: -0.24  | train loss: 52.43   | eps: 0.8975 | alpha: 0.8004 | beta: 0.2014
2024-03-12 19:52:26,939 - INFO - avg test score: -2.00 
2024-03-12 19:52:27,028 - INFO - 181     /100000     episodes | train score: -0.62  | train loss: 53.94   | eps: 0.8974 | alpha: 0.8004 | beta: 0.2014
2024-03-12 19:52:27,127 - INFO - 182     /100000     episodes | train score: -1.00  | train loss: 58.19   | eps: 0.8974 | alpha: 0.8004 | beta: 0.2015
2024-03-12 19:52:27,237 - INFO - 183     /100000     episodes | train score: -3.00  | train loss: 84.90   | eps: 0.8974 | alpha: 0.8004 | beta: 0.2015
2024-03-12 19:52:27,337 - INFO - 184     /100000     episodes | train score: 7.00   | train loss: 54.37   | eps: 0.8974 | alpha: 0.8004 | beta: 0.2015
2024-03-12 19:52:27,436 - INFO - 185     /100000     episodes | train score: -1.96  | train loss: 50.90   | eps: 0.8974 | alpha: 0.8004 | beta: 0.2015
2024-03-12 19:52:27,540 - INFO - 186     /100000     episodes | train score: -12.00 | train loss: 67.66   | eps: 0.8974 | alpha: 0.8004 | beta: 0.2015
2024-03-12 19:52:27,640 - INFO - 187     /100000     episodes | train score: -0.74  | train loss: 66.21   | eps: 0.8974 | alpha: 0.8004 | beta: 0.2015
2024-03-12 19:52:27,713 - INFO - 188     /100000     episodes | train score: -0.24  | train loss: 60.43   | eps: 0.8974 | alpha: 0.8004 | beta: 0.2015
2024-03-12 19:52:27,813 - INFO - 189     /100000     episodes | train score: 6.00   | train loss: 43.49   | eps: 0.8973 | alpha: 0.8004 | beta: 0.2015
2024-03-12 19:52:27,911 - INFO - 190     /100000     episodes | train score: -2.00  | train loss: 43.69   | eps: 0.8973 | alpha: 0.8004 | beta: 0.2015
2024-03-12 19:52:28,277 - INFO - avg test score: -2.00 
2024-03-12 19:52:28,377 - INFO - 191     /100000     episodes | train score: 16.00  | train loss: 67.67   | eps: 0.8973 | alpha: 0.8004 | beta: 0.2015
2024-03-12 19:52:28,479 - INFO - 192     /100000     episodes | train score: -3.00  | train loss: 68.46   | eps: 0.8973 | alpha: 0.8004 | beta: 0.2015
2024-03-12 19:52:28,587 - INFO - 193     /100000     episodes | train score: -20.00 | train loss: 49.22   | eps: 0.8973 | alpha: 0.8004 | beta: 0.2015
2024-03-12 19:52:28,698 - INFO - 194     /100000     episodes | train score: -1.00  | train loss: 84.29   | eps: 0.8973 | alpha: 0.8004 | beta: 0.2016
2024-03-12 19:52:28,797 - INFO - 195     /100000     episodes | train score: 16.00  | train loss: 58.59   | eps: 0.8973 | alpha: 0.8004 | beta: 0.2016
2024-03-12 19:52:28,894 - INFO - 196     /100000     episodes | train score: -20.00 | train loss: 57.39   | eps: 0.8972 | alpha: 0.8004 | beta: 0.2016
2024-03-12 19:52:28,990 - INFO - 197     /100000     episodes | train score: 8.08   | train loss: 77.69   | eps: 0.8972 | alpha: 0.8004 | beta: 0.2016
2024-03-12 19:52:29,088 - INFO - 198     /100000     episodes | train score: -2.00  | train loss: 70.75   | eps: 0.8972 | alpha: 0.8004 | beta: 0.2016
2024-03-12 19:52:29,189 - INFO - 199     /100000     episodes | train score: 17.00  | train loss: 64.27   | eps: 0.8972 | alpha: 0.8004 | beta: 0.2016
2024-03-12 19:52:29,313 - INFO - 200     /100000     episodes | train score: 7.00   | train loss: 61.27   | eps: 0.8972 | alpha: 0.8004 | beta: 0.2016
2024-03-12 19:52:29,702 - INFO - avg test score: -2.00 
2024-03-12 19:52:29,807 - INFO - 201     /100000     episodes | train score: -12.00 | train loss: 49.66   | eps: 0.8972 | alpha: 0.8004 | beta: 0.2016
2024-03-12 19:52:29,903 - INFO - 202     /100000     episodes | train score: -1.86  | train loss: 79.33   | eps: 0.8972 | alpha: 0.8004 | beta: 0.2016
2024-03-12 19:52:30,004 - INFO - 203     /100000     episodes | train score: -1.00  | train loss: 66.63   | eps: 0.8971 | alpha: 0.8004 | beta: 0.2016
2024-03-12 19:52:30,112 - INFO - 204     /100000     episodes | train score: -3.00  | train loss: 45.23   | eps: 0.8971 | alpha: 0.8004 | beta: 0.2016
2024-03-12 19:52:30,217 - INFO - 205     /100000     episodes | train score: 6.00   | train loss: 40.74   | eps: 0.8971 | alpha: 0.8004 | beta: 0.2016
2024-03-12 19:52:30,316 - INFO - 206     /100000     episodes | train score: 17.26  | train loss: 67.43   | eps: 0.8971 | alpha: 0.8004 | beta: 0.2016
2024-03-12 19:52:30,421 - INFO - 207     /100000     episodes | train score: 7.00   | train loss: 83.28   | eps: 0.8971 | alpha: 0.8004 | beta: 0.2017
2024-03-12 19:52:30,523 - INFO - 208     /100000     episodes | train score: -11.00 | train loss: 71.10   | eps: 0.8971 | alpha: 0.8004 | beta: 0.2017
2024-03-12 19:52:30,631 - INFO - 209     /100000     episodes | train score: -2.00  | train loss: 64.01   | eps: 0.8971 | alpha: 0.8004 | beta: 0.2017
2024-03-12 19:52:30,741 - INFO - 210     /100000     episodes | train score: -10.00 | train loss: 79.22   | eps: 0.8970 | alpha: 0.8004 | beta: 0.2017
2024-03-12 19:52:31,133 - INFO - avg test score: -2.00 
2024-03-12 19:52:31,227 - INFO - 211     /100000     episodes | train score: 0.40   | train loss: 56.88   | eps: 0.8970 | alpha: 0.8004 | beta: 0.2017
2024-03-12 19:52:31,332 - INFO - 212     /100000     episodes | train score: -12.00 | train loss: 76.17   | eps: 0.8970 | alpha: 0.8004 | beta: 0.2017
2024-03-12 19:52:31,441 - INFO - 213     /100000     episodes | train score: -3.00  | train loss: 74.75   | eps: 0.8970 | alpha: 0.8004 | beta: 0.2017
2024-03-12 19:52:31,544 - INFO - 214     /100000     episodes | train score: -3.00  | train loss: 70.56   | eps: 0.8970 | alpha: 0.8004 | beta: 0.2017
2024-03-12 19:52:31,642 - INFO - 215     /100000     episodes | train score: -10.00 | train loss: 49.61   | eps: 0.8970 | alpha: 0.8004 | beta: 0.2017
2024-03-12 19:52:31,739 - INFO - 216     /100000     episodes | train score: 7.00   | train loss: 60.04   | eps: 0.8970 | alpha: 0.8004 | beta: 0.2017
2024-03-12 19:52:31,853 - INFO - 217     /100000     episodes | train score: -3.00  | train loss: 66.65   | eps: 0.8969 | alpha: 0.8004 | beta: 0.2017
2024-03-12 19:52:31,957 - INFO - 218     /100000     episodes | train score: 7.04   | train loss: 62.32   | eps: 0.8969 | alpha: 0.8004 | beta: 0.2017
2024-03-12 19:52:32,057 - INFO - 219     /100000     episodes | train score: -10.90 | train loss: 59.19   | eps: 0.8969 | alpha: 0.8004 | beta: 0.2018
2024-03-12 19:52:32,159 - INFO - 220     /100000     episodes | train score: -3.00  | train loss: 81.59   | eps: 0.8969 | alpha: 0.8004 | beta: 0.2018
2024-03-12 19:52:32,526 - INFO - avg test score: -2.00 
2024-03-12 19:52:32,633 - INFO - 221     /100000     episodes | train score: -12.00 | train loss: 61.13   | eps: 0.8969 | alpha: 0.8004 | beta: 0.2018
2024-03-12 19:52:32,735 - INFO - 222     /100000     episodes | train score: -3.00  | train loss: 71.77   | eps: 0.8969 | alpha: 0.8004 | beta: 0.2018
2024-03-12 19:52:32,843 - INFO - 223     /100000     episodes | train score: -12.00 | train loss: 64.22   | eps: 0.8969 | alpha: 0.8004 | beta: 0.2018
2024-03-12 19:52:32,948 - INFO - 224     /100000     episodes | train score: 8.00   | train loss: 87.37   | eps: 0.8968 | alpha: 0.8004 | beta: 0.2018
2024-03-12 19:52:33,061 - INFO - 225     /100000     episodes | train score: -2.00  | train loss: 64.17   | eps: 0.8968 | alpha: 0.8004 | beta: 0.2018
2024-03-12 19:52:33,146 - INFO - 226     /100000     episodes | train score: 18.64  | train loss: 67.74   | eps: 0.8968 | alpha: 0.8005 | beta: 0.2018
2024-03-12 19:52:33,250 - INFO - 227     /100000     episodes | train score: -12.00 | train loss: 75.32   | eps: 0.8968 | alpha: 0.8005 | beta: 0.2018
2024-03-12 19:52:33,351 - INFO - 228     /100000     episodes | train score: -1.68  | train loss: 58.36   | eps: 0.8968 | alpha: 0.8005 | beta: 0.2018
2024-03-12 19:52:33,450 - INFO - 229     /100000     episodes | train score: -0.90  | train loss: 58.51   | eps: 0.8968 | alpha: 0.8005 | beta: 0.2018
2024-03-12 19:52:33,550 - INFO - 230     /100000     episodes | train score: -12.00 | train loss: 65.14   | eps: 0.8968 | alpha: 0.8005 | beta: 0.2018
2024-03-12 19:52:33,937 - INFO - avg test score: -2.00 
2024-03-12 19:52:33,989 - INFO - 231     /100000     episodes | train score: -8.60  | train loss: 54.54   | eps: 0.8967 | alpha: 0.8005 | beta: 0.2018
2024-03-12 19:52:34,082 - INFO - 232     /100000     episodes | train score: -19.86 | train loss: 41.42   | eps: 0.8967 | alpha: 0.8005 | beta: 0.2019
2024-03-12 19:52:34,183 - INFO - 233     /100000     episodes | train score: -12.00 | train loss: 67.18   | eps: 0.8967 | alpha: 0.8005 | beta: 0.2019
2024-03-12 19:52:34,258 - INFO - 234     /100000     episodes | train score: 9.70   | train loss: 73.29   | eps: 0.8967 | alpha: 0.8005 | beta: 0.2019
2024-03-12 19:52:34,358 - INFO - 235     /100000     episodes | train score: -12.00 | train loss: 68.53   | eps: 0.8967 | alpha: 0.8005 | beta: 0.2019
2024-03-12 19:52:34,457 - INFO - 236     /100000     episodes | train score: -2.00  | train loss: 71.76   | eps: 0.8967 | alpha: 0.8005 | beta: 0.2019
2024-03-12 19:52:34,549 - INFO - 237     /100000     episodes | train score: -0.86  | train loss: 63.48   | eps: 0.8967 | alpha: 0.8005 | beta: 0.2019
2024-03-12 19:52:34,649 - INFO - 238     /100000     episodes | train score: -3.00  | train loss: 68.04   | eps: 0.8966 | alpha: 0.8005 | beta: 0.2019
2024-03-12 19:52:34,747 - INFO - 239     /100000     episodes | train score: -11.00 | train loss: 77.78   | eps: 0.8966 | alpha: 0.8005 | beta: 0.2019
2024-03-12 19:52:34,840 - INFO - 240     /100000     episodes | train score: -1.78  | train loss: 96.19   | eps: 0.8966 | alpha: 0.8005 | beta: 0.2019
2024-03-12 19:52:35,196 - INFO - avg test score: -2.00 
2024-03-12 19:52:35,293 - INFO - 241     /100000     episodes | train score: 8.00   | train loss: 74.46   | eps: 0.8966 | alpha: 0.8005 | beta: 0.2019
2024-03-12 19:52:35,391 - INFO - 242     /100000     episodes | train score: -11.00 | train loss: 62.11   | eps: 0.8966 | alpha: 0.8005 | beta: 0.2019
2024-03-12 19:52:35,493 - INFO - 243     /100000     episodes | train score: -11.00 | train loss: 73.73   | eps: 0.8966 | alpha: 0.8005 | beta: 0.2019
2024-03-12 19:52:35,593 - INFO - 244     /100000     episodes | train score: -11.00 | train loss: 60.13   | eps: 0.8966 | alpha: 0.8005 | beta: 0.2020
2024-03-12 19:52:35,672 - INFO - 245     /100000     episodes | train score: 16.68  | train loss: 76.74   | eps: 0.8965 | alpha: 0.8005 | beta: 0.2020
2024-03-12 19:52:35,780 - INFO - 246     /100000     episodes | train score: -12.00 | train loss: 73.75   | eps: 0.8965 | alpha: 0.8005 | beta: 0.2020
2024-03-12 19:52:35,872 - INFO - 247     /100000     episodes | train score: -0.60  | train loss: 77.98   | eps: 0.8965 | alpha: 0.8005 | beta: 0.2020
2024-03-12 19:52:35,969 - INFO - 248     /100000     episodes | train score: -12.00 | train loss: 80.06   | eps: 0.8965 | alpha: 0.8005 | beta: 0.2020
2024-03-12 19:52:36,073 - INFO - 249     /100000     episodes | train score: -30.00 | train loss: 70.82   | eps: 0.8965 | alpha: 0.8005 | beta: 0.2020
2024-03-12 19:52:36,150 - INFO - 250     /100000     episodes | train score: 7.72   | train loss: 64.31   | eps: 0.8965 | alpha: 0.8005 | beta: 0.2020
2024-03-12 19:52:36,516 - INFO - avg test score: -2.00 
2024-03-12 19:52:36,616 - INFO - 251     /100000     episodes | train score: -12.00 | train loss: 72.44   | eps: 0.8965 | alpha: 0.8005 | beta: 0.2020
2024-03-12 19:52:36,723 - INFO - 252     /100000     episodes | train score: -3.00  | train loss: 62.24   | eps: 0.8964 | alpha: 0.8005 | beta: 0.2020
2024-03-12 19:52:36,825 - INFO - 253     /100000     episodes | train score: -2.00  | train loss: 32.06   | eps: 0.8964 | alpha: 0.8005 | beta: 0.2020
2024-03-12 19:52:36,914 - INFO - 254     /100000     episodes | train score: 8.26   | train loss: 55.61   | eps: 0.8964 | alpha: 0.8005 | beta: 0.2020
2024-03-12 19:52:37,012 - INFO - 255     /100000     episodes | train score: -4.00  | train loss: 45.11   | eps: 0.8964 | alpha: 0.8005 | beta: 0.2020
2024-03-12 19:52:37,110 - INFO - 256     /100000     episodes | train score: -21.00 | train loss: 82.50   | eps: 0.8964 | alpha: 0.8005 | beta: 0.2020
2024-03-12 19:52:37,208 - INFO - 257     /100000     episodes | train score: -21.00 | train loss: 93.81   | eps: 0.8964 | alpha: 0.8005 | beta: 0.2021
2024-03-12 19:52:37,305 - INFO - 258     /100000     episodes | train score: -12.00 | train loss: 70.82   | eps: 0.8964 | alpha: 0.8005 | beta: 0.2021
2024-03-12 19:52:37,405 - INFO - 259     /100000     episodes | train score: -3.00  | train loss: 57.75   | eps: 0.8963 | alpha: 0.8005 | beta: 0.2021
2024-03-12 19:52:37,480 - INFO - 260     /100000     episodes | train score: -1.26  | train loss: 63.51   | eps: 0.8963 | alpha: 0.8005 | beta: 0.2021
2024-03-12 19:52:37,841 - INFO - avg test score: -2.00 
2024-03-12 19:52:37,942 - INFO - 261     /100000     episodes | train score: 8.00   | train loss: 55.21   | eps: 0.8963 | alpha: 0.8005 | beta: 0.2021
2024-03-12 19:52:38,045 - INFO - 262     /100000     episodes | train score: -12.00 | train loss: 67.59   | eps: 0.8963 | alpha: 0.8005 | beta: 0.2021
2024-03-12 19:52:38,132 - INFO - 263     /100000     episodes | train score: -1.50  | train loss: 90.02   | eps: 0.8963 | alpha: 0.8005 | beta: 0.2021
2024-03-12 19:52:38,230 - INFO - 264     /100000     episodes | train score: -3.00  | train loss: 58.71   | eps: 0.8963 | alpha: 0.8005 | beta: 0.2021
2024-03-12 19:52:38,311 - INFO - 265     /100000     episodes | train score: 27.74  | train loss: 87.26   | eps: 0.8963 | alpha: 0.8005 | beta: 0.2021
2024-03-12 19:52:38,412 - INFO - 266     /100000     episodes | train score: -2.00  | train loss: 63.72   | eps: 0.8962 | alpha: 0.8005 | beta: 0.2021
2024-03-12 19:52:38,511 - INFO - 267     /100000     episodes | train score: -3.00  | train loss: 69.46   | eps: 0.8962 | alpha: 0.8005 | beta: 0.2021
2024-03-12 19:52:38,611 - INFO - 268     /100000     episodes | train score: -2.00  | train loss: 85.29   | eps: 0.8962 | alpha: 0.8005 | beta: 0.2021
2024-03-12 19:52:38,700 - INFO - 269     /100000     episodes | train score: -9.60  | train loss: 65.93   | eps: 0.8962 | alpha: 0.8005 | beta: 0.2022
2024-03-12 19:52:38,802 - INFO - 270     /100000     episodes | train score: -12.00 | train loss: 70.33   | eps: 0.8962 | alpha: 0.8005 | beta: 0.2022
2024-03-12 19:52:39,162 - INFO - avg test score: -2.00 
2024-03-12 19:52:39,222 - INFO - 271     /100000     episodes | train score: 0.22   | train loss: 50.64   | eps: 0.8962 | alpha: 0.8005 | beta: 0.2022
2024-03-12 19:52:39,302 - INFO - 272     /100000     episodes | train score: -10.52 | train loss: 71.55   | eps: 0.8962 | alpha: 0.8005 | beta: 0.2022
2024-03-12 19:52:39,406 - INFO - 273     /100000     episodes | train score: 6.00   | train loss: 62.18   | eps: 0.8961 | alpha: 0.8005 | beta: 0.2022
2024-03-12 19:52:39,506 - INFO - 274     /100000     episodes | train score: -22.00 | train loss: 70.22   | eps: 0.8961 | alpha: 0.8005 | beta: 0.2022
2024-03-12 19:52:39,606 - INFO - 275     /100000     episodes | train score: 6.00   | train loss: 34.17   | eps: 0.8961 | alpha: 0.8005 | beta: 0.2022
2024-03-12 19:52:39,669 - INFO - 276     /100000     episodes | train score: 10.00  | train loss: 61.72   | eps: 0.8961 | alpha: 0.8006 | beta: 0.2022
2024-03-12 19:52:39,784 - INFO - 277     /100000     episodes | train score: 8.42   | train loss: 72.59   | eps: 0.8961 | alpha: 0.8006 | beta: 0.2022
2024-03-12 19:52:39,868 - INFO - 278     /100000     episodes | train score: 17.42  | train loss: 82.62   | eps: 0.8961 | alpha: 0.8006 | beta: 0.2022
2024-03-12 19:52:39,969 - INFO - 279     /100000     episodes | train score: -3.00  | train loss: 62.60   | eps: 0.8961 | alpha: 0.8006 | beta: 0.2022
2024-03-12 19:52:40,066 - INFO - 280     /100000     episodes | train score: -2.00  | train loss: 57.22   | eps: 0.8960 | alpha: 0.8006 | beta: 0.2022
2024-03-12 19:52:40,457 - INFO - avg test score: -2.00 
2024-03-12 19:52:40,562 - INFO - 281     /100000     episodes | train score: -14.00 | train loss: 72.24   | eps: 0.8960 | alpha: 0.8006 | beta: 0.2022
2024-03-12 19:52:40,663 - INFO - 282     /100000     episodes | train score: -3.00  | train loss: 66.54   | eps: 0.8960 | alpha: 0.8006 | beta: 0.2023
2024-03-12 19:52:40,745 - INFO - 283     /100000     episodes | train score: -1.20  | train loss: 60.75   | eps: 0.8960 | alpha: 0.8006 | beta: 0.2023
2024-03-12 19:52:41,007 - INFO - 284     /100000     episodes | train score: -1.82  | train loss: 87.53   | eps: 0.8960 | alpha: 0.8006 | beta: 0.2023
2024-03-12 19:52:41,173 - INFO - 285     /100000     episodes | train score: -2.00  | train loss: 97.79   | eps: 0.8960 | alpha: 0.8006 | beta: 0.2023
2024-03-12 19:52:41,343 - INFO - 286     /100000     episodes | train score: -12.00 | train loss: 68.83   | eps: 0.8960 | alpha: 0.8006 | beta: 0.2023
2024-03-12 19:52:41,493 - INFO - 287     /100000     episodes | train score: -21.00 | train loss: 88.29   | eps: 0.8959 | alpha: 0.8006 | beta: 0.2023
2024-03-12 19:52:41,657 - INFO - 288     /100000     episodes | train score: -20.00 | train loss: 85.71   | eps: 0.8959 | alpha: 0.8006 | beta: 0.2023
2024-03-12 19:52:41,818 - INFO - 289     /100000     episodes | train score: 7.10   | train loss: 67.64   | eps: 0.8959 | alpha: 0.8006 | beta: 0.2023
2024-03-12 19:52:41,949 - INFO - 290     /100000     episodes | train score: 7.00   | train loss: 85.33   | eps: 0.8959 | alpha: 0.8006 | beta: 0.2023
2024-03-12 19:52:42,319 - INFO - avg test score: -2.00 
2024-03-12 19:52:42,446 - INFO - 291     /100000     episodes | train score: -11.00 | train loss: 81.20   | eps: 0.8959 | alpha: 0.8006 | beta: 0.2023
2024-03-12 19:52:42,557 - INFO - 292     /100000     episodes | train score: -22.00 | train loss: 67.82   | eps: 0.8959 | alpha: 0.8006 | beta: 0.2023
2024-03-12 19:52:42,667 - INFO - 293     /100000     episodes | train score: -12.00 | train loss: 81.96   | eps: 0.8959 | alpha: 0.8006 | beta: 0.2023
2024-03-12 19:52:42,748 - INFO - 294     /100000     episodes | train score: -0.14  | train loss: 85.31   | eps: 0.8958 | alpha: 0.8006 | beta: 0.2024
2024-03-12 19:52:42,839 - INFO - 295     /100000     episodes | train score: -19.66 | train loss: 77.45   | eps: 0.8958 | alpha: 0.8006 | beta: 0.2024
2024-03-12 19:52:42,952 - INFO - 296     /100000     episodes | train score: -12.00 | train loss: 68.67   | eps: 0.8958 | alpha: 0.8006 | beta: 0.2024
2024-03-12 19:52:43,070 - INFO - 297     /100000     episodes | train score: -11.00 | train loss: 38.24   | eps: 0.8958 | alpha: 0.8006 | beta: 0.2024
2024-03-12 19:52:43,201 - INFO - 298     /100000     episodes | train score: 7.00   | train loss: 60.34   | eps: 0.8958 | alpha: 0.8006 | beta: 0.2024
2024-03-12 19:52:43,295 - INFO - 299     /100000     episodes | train score: 8.40   | train loss: 42.84   | eps: 0.8958 | alpha: 0.8006 | beta: 0.2024
2024-03-12 19:52:43,395 - INFO - 300     /100000     episodes | train score: 7.00   | train loss: 69.66   | eps: 0.8958 | alpha: 0.8006 | beta: 0.2024
2024-03-12 19:52:43,785 - INFO - avg test score: -2.00 
2024-03-12 19:52:43,899 - INFO - 301     /100000     episodes | train score: -22.00 | train loss: 46.93   | eps: 0.8958 | alpha: 0.8006 | beta: 0.2024
2024-03-12 19:52:43,974 - INFO - 302     /100000     episodes | train score: 8.94   | train loss: 72.34   | eps: 0.8957 | alpha: 0.8006 | beta: 0.2024
2024-03-12 19:52:44,079 - INFO - 303     /100000     episodes | train score: -2.00  | train loss: 59.10   | eps: 0.8957 | alpha: 0.8006 | beta: 0.2024
2024-03-12 19:52:44,187 - INFO - 304     /100000     episodes | train score: -2.00  | train loss: 64.12   | eps: 0.8957 | alpha: 0.8006 | beta: 0.2024
2024-03-12 19:52:44,294 - INFO - 305     /100000     episodes | train score: -12.00 | train loss: 78.88   | eps: 0.8957 | alpha: 0.8006 | beta: 0.2024
2024-03-12 19:52:44,362 - INFO - 306     /100000     episodes | train score: 0.08   | train loss: 69.15   | eps: 0.8957 | alpha: 0.8006 | beta: 0.2024
2024-03-12 19:52:44,468 - INFO - 307     /100000     episodes | train score: -12.00 | train loss: 61.03   | eps: 0.8957 | alpha: 0.8006 | beta: 0.2025
2024-03-12 19:52:44,572 - INFO - 308     /100000     episodes | train score: -2.00  | train loss: 71.47   | eps: 0.8957 | alpha: 0.8006 | beta: 0.2025
2024-03-12 19:52:44,669 - INFO - 309     /100000     episodes | train score: -0.56  | train loss: 67.86   | eps: 0.8956 | alpha: 0.8006 | beta: 0.2025
2024-03-12 19:52:44,771 - INFO - 310     /100000     episodes | train score: -0.92  | train loss: 73.65   | eps: 0.8956 | alpha: 0.8006 | beta: 0.2025
2024-03-12 19:52:45,159 - INFO - avg test score: -2.00 
2024-03-12 19:52:45,270 - INFO - 311     /100000     episodes | train score: -11.00 | train loss: 64.32   | eps: 0.8956 | alpha: 0.8006 | beta: 0.2025
2024-03-12 19:52:45,356 - INFO - 312     /100000     episodes | train score: -0.26  | train loss: 85.02   | eps: 0.8956 | alpha: 0.8006 | beta: 0.2025
2024-03-12 19:52:45,463 - INFO - 313     /100000     episodes | train score: -21.00 | train loss: 55.46   | eps: 0.8956 | alpha: 0.8006 | beta: 0.2025
2024-03-12 19:52:45,570 - INFO - 314     /100000     episodes | train score: -1.00  | train loss: 93.15   | eps: 0.8956 | alpha: 0.8006 | beta: 0.2025
2024-03-12 19:52:45,678 - INFO - 315     /100000     episodes | train score: -12.00 | train loss: 83.27   | eps: 0.8956 | alpha: 0.8006 | beta: 0.2025
2024-03-12 19:52:45,791 - INFO - 316     /100000     episodes | train score: -2.00  | train loss: 87.93   | eps: 0.8955 | alpha: 0.8006 | beta: 0.2025
2024-03-12 19:52:45,948 - INFO - 317     /100000     episodes | train score: -12.00 | train loss: 72.58   | eps: 0.8955 | alpha: 0.8006 | beta: 0.2025
2024-03-12 19:52:46,118 - INFO - 318     /100000     episodes | train score: -2.00  | train loss: 75.18   | eps: 0.8955 | alpha: 0.8006 | beta: 0.2025
2024-03-12 19:52:46,286 - INFO - 319     /100000     episodes | train score: -12.00 | train loss: 72.24   | eps: 0.8955 | alpha: 0.8006 | beta: 0.2026
2024-03-12 19:52:46,452 - INFO - 320     /100000     episodes | train score: -21.00 | train loss: 57.46   | eps: 0.8955 | alpha: 0.8006 | beta: 0.2026
2024-03-12 19:52:46,909 - INFO - avg test score: -2.00 
2024-03-12 19:52:47,035 - INFO - 321     /100000     episodes | train score: -3.00  | train loss: 62.68   | eps: 0.8955 | alpha: 0.8006 | beta: 0.2026
2024-03-12 19:52:47,118 - INFO - 322     /100000     episodes | train score: 9.02   | train loss: 60.48   | eps: 0.8955 | alpha: 0.8006 | beta: 0.2026
2024-03-12 19:52:47,218 - INFO - 323     /100000     episodes | train score: -10.40 | train loss: 80.41   | eps: 0.8954 | alpha: 0.8006 | beta: 0.2026
2024-03-12 19:52:47,345 - INFO - 324     /100000     episodes | train score: -3.00  | train loss: 79.59   | eps: 0.8954 | alpha: 0.8006 | beta: 0.2026
2024-03-12 19:52:47,473 - INFO - 325     /100000     episodes | train score: -12.00 | train loss: 106.46  | eps: 0.8954 | alpha: 0.8006 | beta: 0.2026
2024-03-12 19:52:47,600 - INFO - 326     /100000     episodes | train score: -12.00 | train loss: 58.53   | eps: 0.8954 | alpha: 0.8007 | beta: 0.2026
2024-03-12 19:52:47,727 - INFO - 327     /100000     episodes | train score: -3.00  | train loss: 66.60   | eps: 0.8954 | alpha: 0.8007 | beta: 0.2026
2024-03-12 19:52:47,853 - INFO - 328     /100000     episodes | train score: -2.00  | train loss: 66.82   | eps: 0.8954 | alpha: 0.8007 | beta: 0.2026
2024-03-12 19:52:47,936 - INFO - 329     /100000     episodes | train score: 19.02  | train loss: 67.71   | eps: 0.8954 | alpha: 0.8007 | beta: 0.2026
2024-03-12 19:52:48,043 - INFO - 330     /100000     episodes | train score: -1.54  | train loss: 95.93   | eps: 0.8953 | alpha: 0.8007 | beta: 0.2026
2024-03-12 19:52:48,444 - INFO - avg test score: -2.00 
2024-03-12 19:52:48,556 - INFO - 331     /100000     episodes | train score: -1.66  | train loss: 72.54   | eps: 0.8953 | alpha: 0.8007 | beta: 0.2026
2024-03-12 19:52:48,685 - INFO - 332     /100000     episodes | train score: -21.00 | train loss: 62.17   | eps: 0.8953 | alpha: 0.8007 | beta: 0.2027
2024-03-12 19:52:48,812 - INFO - 333     /100000     episodes | train score: -2.00  | train loss: 69.80   | eps: 0.8953 | alpha: 0.8007 | beta: 0.2027
2024-03-12 19:52:48,939 - INFO - 334     /100000     episodes | train score: -12.00 | train loss: 81.98   | eps: 0.8953 | alpha: 0.8007 | beta: 0.2027
2024-03-12 19:52:49,065 - INFO - 335     /100000     episodes | train score: -3.00  | train loss: 71.03   | eps: 0.8953 | alpha: 0.8007 | beta: 0.2027
2024-03-12 19:52:49,192 - INFO - 336     /100000     episodes | train score: -3.00  | train loss: 50.15   | eps: 0.8953 | alpha: 0.8007 | beta: 0.2027
2024-03-12 19:52:49,318 - INFO - 337     /100000     episodes | train score: -2.00  | train loss: 78.68   | eps: 0.8952 | alpha: 0.8007 | beta: 0.2027
2024-03-12 19:52:49,445 - INFO - 338     /100000     episodes | train score: 7.00   | train loss: 54.90   | eps: 0.8952 | alpha: 0.8007 | beta: 0.2027
2024-03-12 19:52:49,555 - INFO - 339     /100000     episodes | train score: 7.40   | train loss: 77.07   | eps: 0.8952 | alpha: 0.8007 | beta: 0.2027
2024-03-12 19:52:49,660 - INFO - 340     /100000     episodes | train score: 16.52  | train loss: 64.86   | eps: 0.8952 | alpha: 0.8007 | beta: 0.2027
2024-03-12 19:52:50,060 - INFO - avg test score: -2.00 
2024-03-12 19:52:50,143 - INFO - 341     /100000     episodes | train score: -1.00  | train loss: 69.75   | eps: 0.8952 | alpha: 0.8007 | beta: 0.2027
2024-03-12 19:52:50,269 - INFO - 342     /100000     episodes | train score: -21.00 | train loss: 69.89   | eps: 0.8952 | alpha: 0.8007 | beta: 0.2027
2024-03-12 19:52:50,354 - INFO - 343     /100000     episodes | train score: -1.04  | train loss: 75.26   | eps: 0.8952 | alpha: 0.8007 | beta: 0.2027
2024-03-12 19:52:50,468 - INFO - 344     /100000     episodes | train score: 0.34   | train loss: 63.70   | eps: 0.8951 | alpha: 0.8007 | beta: 0.2028
2024-03-12 19:52:50,596 - INFO - 345     /100000     episodes | train score: -12.00 | train loss: 69.14   | eps: 0.8951 | alpha: 0.8007 | beta: 0.2028
2024-03-12 19:52:50,724 - INFO - 346     /100000     episodes | train score: 6.00   | train loss: 83.69   | eps: 0.8951 | alpha: 0.8007 | beta: 0.2028
2024-03-12 19:52:50,824 - INFO - 347     /100000     episodes | train score: -1.36  | train loss: 61.99   | eps: 0.8951 | alpha: 0.8007 | beta: 0.2028
2024-03-12 19:52:50,951 - INFO - 348     /100000     episodes | train score: -11.00 | train loss: 77.06   | eps: 0.8951 | alpha: 0.8007 | beta: 0.2028
2024-03-12 19:52:51,078 - INFO - 349     /100000     episodes | train score: -3.00  | train loss: 50.15   | eps: 0.8951 | alpha: 0.8007 | beta: 0.2028
2024-03-12 19:52:51,206 - INFO - 350     /100000     episodes | train score: -12.00 | train loss: 88.16   | eps: 0.8951 | alpha: 0.8007 | beta: 0.2028
2024-03-12 19:52:51,604 - INFO - avg test score: -2.00 
2024-03-12 19:52:51,731 - INFO - 351     /100000     episodes | train score: -3.00  | train loss: 54.60   | eps: 0.8950 | alpha: 0.8007 | beta: 0.2028
2024-03-12 19:52:51,858 - INFO - 352     /100000     episodes | train score: -11.00 | train loss: 93.27   | eps: 0.8950 | alpha: 0.8007 | beta: 0.2028
2024-03-12 19:52:51,982 - INFO - 353     /100000     episodes | train score: -1.94  | train loss: 63.12   | eps: 0.8950 | alpha: 0.8007 | beta: 0.2028
2024-03-12 19:52:52,109 - INFO - 354     /100000     episodes | train score: 26.00  | train loss: 75.97   | eps: 0.8950 | alpha: 0.8007 | beta: 0.2028
2024-03-12 19:52:52,238 - INFO - 355     /100000     episodes | train score: 15.00  | train loss: 59.61   | eps: 0.8950 | alpha: 0.8007 | beta: 0.2028
2024-03-12 19:52:52,368 - INFO - 356     /100000     episodes | train score: -31.00 | train loss: 71.58   | eps: 0.8950 | alpha: 0.8007 | beta: 0.2028
2024-03-12 19:52:52,495 - INFO - 357     /100000     episodes | train score: -12.00 | train loss: 74.72   | eps: 0.8950 | alpha: 0.8007 | beta: 0.2029
2024-03-12 19:52:52,606 - INFO - 358     /100000     episodes | train score: -0.62  | train loss: 72.20   | eps: 0.8949 | alpha: 0.8007 | beta: 0.2029
2024-03-12 19:52:52,734 - INFO - 359     /100000     episodes | train score: -11.00 | train loss: 66.28   | eps: 0.8949 | alpha: 0.8007 | beta: 0.2029
2024-03-12 19:52:52,825 - INFO - 360     /100000     episodes | train score: -1.12  | train loss: 45.65   | eps: 0.8949 | alpha: 0.8007 | beta: 0.2029
2024-03-12 19:52:53,224 - INFO - avg test score: -2.00 
2024-03-12 19:52:53,350 - INFO - 361     /100000     episodes | train score: -2.00  | train loss: 91.52   | eps: 0.8949 | alpha: 0.8007 | beta: 0.2029
2024-03-12 19:52:53,477 - INFO - 362     /100000     episodes | train score: -12.00 | train loss: 60.98   | eps: 0.8949 | alpha: 0.8007 | beta: 0.2029
2024-03-12 19:52:53,604 - INFO - 363     /100000     episodes | train score: 6.00   | train loss: 91.24   | eps: 0.8949 | alpha: 0.8007 | beta: 0.2029
2024-03-12 19:52:53,732 - INFO - 364     /100000     episodes | train score: -2.00  | train loss: 72.90   | eps: 0.8949 | alpha: 0.8007 | beta: 0.2029
2024-03-12 19:52:53,861 - INFO - 365     /100000     episodes | train score: -11.00 | train loss: 67.83   | eps: 0.8948 | alpha: 0.8007 | beta: 0.2029
2024-03-12 19:52:53,991 - INFO - 366     /100000     episodes | train score: 6.00   | train loss: 76.74   | eps: 0.8948 | alpha: 0.8007 | beta: 0.2029
2024-03-12 19:52:54,120 - INFO - 367     /100000     episodes | train score: -3.00  | train loss: 63.59   | eps: 0.8948 | alpha: 0.8007 | beta: 0.2029
2024-03-12 19:52:54,223 - INFO - 368     /100000     episodes | train score: 16.60  | train loss: 91.25   | eps: 0.8948 | alpha: 0.8007 | beta: 0.2029
2024-03-12 19:52:54,350 - INFO - 369     /100000     episodes | train score: -2.00  | train loss: 55.66   | eps: 0.8948 | alpha: 0.8007 | beta: 0.2030
2024-03-12 19:52:54,479 - INFO - 370     /100000     episodes | train score: -11.00 | train loss: 97.12   | eps: 0.8948 | alpha: 0.8007 | beta: 0.2030
2024-03-12 19:52:54,879 - INFO - avg test score: -2.00 
2024-03-12 19:52:54,976 - INFO - 371     /100000     episodes | train score: -4.00  | train loss: 90.28   | eps: 0.8948 | alpha: 0.8007 | beta: 0.2030
2024-03-12 19:52:55,075 - INFO - 372     /100000     episodes | train score: -20.00 | train loss: 56.55   | eps: 0.8947 | alpha: 0.8007 | beta: 0.2030
2024-03-12 19:52:55,175 - INFO - 373     /100000     episodes | train score: 8.00   | train loss: 62.79   | eps: 0.8947 | alpha: 0.8007 | beta: 0.2030
2024-03-12 19:52:55,276 - INFO - 374     /100000     episodes | train score: -11.00 | train loss: 68.14   | eps: 0.8947 | alpha: 0.8007 | beta: 0.2030
2024-03-12 19:52:55,377 - INFO - 375     /100000     episodes | train score: -12.00 | train loss: 71.47   | eps: 0.8947 | alpha: 0.8007 | beta: 0.2030
2024-03-12 19:52:55,458 - INFO - 376     /100000     episodes | train score: 9.58   | train loss: 73.62   | eps: 0.8947 | alpha: 0.8008 | beta: 0.2030
2024-03-12 19:52:55,555 - INFO - 377     /100000     episodes | train score: -21.00 | train loss: 100.09  | eps: 0.8947 | alpha: 0.8008 | beta: 0.2030
2024-03-12 19:52:55,671 - INFO - 378     /100000     episodes | train score: 16.00  | train loss: 86.18   | eps: 0.8947 | alpha: 0.8008 | beta: 0.2030
2024-03-12 19:52:55,772 - INFO - 379     /100000     episodes | train score: -3.00  | train loss: 78.88   | eps: 0.8946 | alpha: 0.8008 | beta: 0.2030
2024-03-12 19:52:55,860 - INFO - 380     /100000     episodes | train score: -9.56  | train loss: 57.78   | eps: 0.8946 | alpha: 0.8008 | beta: 0.2030
2024-03-12 19:52:56,247 - INFO - avg test score: -2.00 
2024-03-12 19:52:56,348 - INFO - 381     /100000     episodes | train score: -12.00 | train loss: 46.94   | eps: 0.8946 | alpha: 0.8008 | beta: 0.2030
2024-03-12 19:52:56,424 - INFO - 382     /100000     episodes | train score: -1.18  | train loss: 71.12   | eps: 0.8946 | alpha: 0.8008 | beta: 0.2031
2024-03-12 19:52:56,522 - INFO - 383     /100000     episodes | train score: -3.00  | train loss: 66.09   | eps: 0.8946 | alpha: 0.8008 | beta: 0.2031
2024-03-12 19:52:56,623 - INFO - 384     /100000     episodes | train score: -12.00 | train loss: 80.05   | eps: 0.8946 | alpha: 0.8008 | beta: 0.2031
2024-03-12 19:52:56,722 - INFO - 385     /100000     episodes | train score: -13.00 | train loss: 76.85   | eps: 0.8946 | alpha: 0.8008 | beta: 0.2031
2024-03-12 19:52:56,819 - INFO - 386     /100000     episodes | train score: -1.96  | train loss: 78.11   | eps: 0.8945 | alpha: 0.8008 | beta: 0.2031
2024-03-12 19:52:56,919 - INFO - 387     /100000     episodes | train score: -1.00  | train loss: 56.67   | eps: 0.8945 | alpha: 0.8008 | beta: 0.2031
2024-03-12 19:52:57,016 - INFO - 388     /100000     episodes | train score: -3.00  | train loss: 73.72   | eps: 0.8945 | alpha: 0.8008 | beta: 0.2031
2024-03-12 19:52:57,123 - INFO - 389     /100000     episodes | train score: 8.00   | train loss: 87.42   | eps: 0.8945 | alpha: 0.8008 | beta: 0.2031
2024-03-12 19:52:57,225 - INFO - 390     /100000     episodes | train score: -2.00  | train loss: 73.50   | eps: 0.8945 | alpha: 0.8008 | beta: 0.2031
2024-03-12 19:52:57,584 - INFO - avg test score: -2.00 
2024-03-12 19:52:57,677 - INFO - 391     /100000     episodes | train score: -10.62 | train loss: 65.03   | eps: 0.8945 | alpha: 0.8008 | beta: 0.2031
2024-03-12 19:52:57,776 - INFO - 392     /100000     episodes | train score: -13.00 | train loss: 60.14   | eps: 0.8945 | alpha: 0.8008 | beta: 0.2031
2024-03-12 19:52:57,880 - INFO - 393     /100000     episodes | train score: -3.00  | train loss: 85.37   | eps: 0.8944 | alpha: 0.8008 | beta: 0.2031
2024-03-12 19:52:57,984 - INFO - 394     /100000     episodes | train score: -2.00  | train loss: 75.53   | eps: 0.8944 | alpha: 0.8008 | beta: 0.2032
2024-03-12 19:52:58,075 - INFO - 395     /100000     episodes | train score: -18.54 | train loss: 68.25   | eps: 0.8944 | alpha: 0.8008 | beta: 0.2032
2024-03-12 19:52:58,176 - INFO - 396     /100000     episodes | train score: -3.00  | train loss: 71.23   | eps: 0.8944 | alpha: 0.8008 | beta: 0.2032
2024-03-12 19:52:58,260 - INFO - 397     /100000     episodes | train score: 8.60   | train loss: 86.73   | eps: 0.8944 | alpha: 0.8008 | beta: 0.2032
2024-03-12 19:52:58,359 - INFO - 398     /100000     episodes | train score: 7.00   | train loss: 68.57   | eps: 0.8944 | alpha: 0.8008 | beta: 0.2032
2024-03-12 19:52:58,462 - INFO - 399     /100000     episodes | train score: -21.00 | train loss: 73.97   | eps: 0.8944 | alpha: 0.8008 | beta: 0.2032
2024-03-12 19:52:58,553 - INFO - 400     /100000     episodes | train score: -0.68  | train loss: 62.28   | eps: 0.8943 | alpha: 0.8008 | beta: 0.2032
2024-03-12 19:52:58,914 - INFO - avg test score: -2.00 
2024-03-12 19:52:58,998 - INFO - 401     /100000     episodes | train score: 25.50  | train loss: 85.92   | eps: 0.8943 | alpha: 0.8008 | beta: 0.2032
2024-03-12 19:52:59,081 - INFO - 402     /100000     episodes | train score: -0.54  | train loss: 75.44   | eps: 0.8943 | alpha: 0.8008 | beta: 0.2032
2024-03-12 19:52:59,189 - INFO - 403     /100000     episodes | train score: -11.00 | train loss: 74.32   | eps: 0.8943 | alpha: 0.8008 | beta: 0.2032
2024-03-12 19:52:59,294 - INFO - 404     /100000     episodes | train score: -2.00  | train loss: 87.22   | eps: 0.8943 | alpha: 0.8008 | beta: 0.2032
2024-03-12 19:52:59,394 - INFO - 405     /100000     episodes | train score: -3.00  | train loss: 51.80   | eps: 0.8943 | alpha: 0.8008 | beta: 0.2032
2024-03-12 19:52:59,496 - INFO - 406     /100000     episodes | train score: -10.82 | train loss: 74.49   | eps: 0.8943 | alpha: 0.8008 | beta: 0.2032
2024-03-12 19:52:59,630 - INFO - 407     /100000     episodes | train score: 8.00   | train loss: 61.05   | eps: 0.8942 | alpha: 0.8008 | beta: 0.2033
2024-03-12 19:52:59,742 - INFO - 408     /100000     episodes | train score: 0.18   | train loss: 84.25   | eps: 0.8942 | alpha: 0.8008 | beta: 0.2033
2024-03-12 19:52:59,845 - INFO - 409     /100000     episodes | train score: -13.00 | train loss: 72.07   | eps: 0.8942 | alpha: 0.8008 | beta: 0.2033
2024-03-12 19:52:59,919 - INFO - 410     /100000     episodes | train score: 8.74   | train loss: 62.35   | eps: 0.8942 | alpha: 0.8008 | beta: 0.2033
2024-03-12 19:53:00,366 - INFO - avg test score: -2.00 
2024-03-12 19:53:00,494 - INFO - 411     /100000     episodes | train score: -20.00 | train loss: 68.28   | eps: 0.8942 | alpha: 0.8008 | beta: 0.2033
2024-03-12 19:53:00,625 - INFO - 412     /100000     episodes | train score: -2.00  | train loss: 60.20   | eps: 0.8942 | alpha: 0.8008 | beta: 0.2033
2024-03-12 19:53:00,756 - INFO - 413     /100000     episodes | train score: -2.00  | train loss: 73.33   | eps: 0.8942 | alpha: 0.8008 | beta: 0.2033
2024-03-12 19:53:00,886 - INFO - 414     /100000     episodes | train score: -2.00  | train loss: 57.08   | eps: 0.8941 | alpha: 0.8008 | beta: 0.2033
2024-03-12 19:53:01,015 - INFO - 415     /100000     episodes | train score: 8.00   | train loss: 81.62   | eps: 0.8941 | alpha: 0.8008 | beta: 0.2033
2024-03-12 19:53:01,146 - INFO - 416     /100000     episodes | train score: -3.00  | train loss: 54.51   | eps: 0.8941 | alpha: 0.8008 | beta: 0.2033
2024-03-12 19:53:01,258 - INFO - 417     /100000     episodes | train score: -10.64 | train loss: 71.27   | eps: 0.8941 | alpha: 0.8008 | beta: 0.2033
2024-03-12 19:53:01,385 - INFO - 418     /100000     episodes | train score: -1.92  | train loss: 80.29   | eps: 0.8941 | alpha: 0.8008 | beta: 0.2033
2024-03-12 19:53:01,514 - INFO - 419     /100000     episodes | train score: 6.00   | train loss: 71.68   | eps: 0.8941 | alpha: 0.8008 | beta: 0.2034
2024-03-12 19:53:01,642 - INFO - 420     /100000     episodes | train score: 8.00   | train loss: 92.53   | eps: 0.8941 | alpha: 0.8008 | beta: 0.2034
2024-03-12 19:53:02,042 - INFO - avg test score: -2.00 
2024-03-12 19:53:02,170 - INFO - 421     /100000     episodes | train score: -3.00  | train loss: 47.46   | eps: 0.8941 | alpha: 0.8008 | beta: 0.2034
2024-03-12 19:53:02,298 - INFO - 422     /100000     episodes | train score: -12.00 | train loss: 128.16  | eps: 0.8940 | alpha: 0.8008 | beta: 0.2034
2024-03-12 19:53:02,427 - INFO - 423     /100000     episodes | train score: -11.00 | train loss: 73.58   | eps: 0.8940 | alpha: 0.8008 | beta: 0.2034
2024-03-12 19:53:02,554 - INFO - 424     /100000     episodes | train score: -2.00  | train loss: 74.43   | eps: 0.8940 | alpha: 0.8008 | beta: 0.2034
2024-03-12 19:53:02,684 - INFO - 425     /100000     episodes | train score: -2.00  | train loss: 61.15   | eps: 0.8940 | alpha: 0.8008 | beta: 0.2034
2024-03-12 19:53:02,814 - INFO - 426     /100000     episodes | train score: 8.00   | train loss: 71.75   | eps: 0.8940 | alpha: 0.8009 | beta: 0.2034
2024-03-12 19:53:02,944 - INFO - 427     /100000     episodes | train score: -2.00  | train loss: 62.92   | eps: 0.8940 | alpha: 0.8009 | beta: 0.2034
2024-03-12 19:53:03,077 - INFO - 428     /100000     episodes | train score: 15.00  | train loss: 85.56   | eps: 0.8940 | alpha: 0.8009 | beta: 0.2034
2024-03-12 19:53:03,207 - INFO - 429     /100000     episodes | train score: 8.00   | train loss: 71.65   | eps: 0.8939 | alpha: 0.8009 | beta: 0.2034
2024-03-12 19:53:03,316 - INFO - 430     /100000     episodes | train score: -1.52  | train loss: 70.44   | eps: 0.8939 | alpha: 0.8009 | beta: 0.2034
