2024-03-12 18:06:53,029 - INFO - ============================================================
2024-03-12 18:06:53,029 - INFO - use_wandb                     | False
2024-03-12 18:06:53,029 - INFO - entity_name                   | singfor7012
2024-03-12 18:06:53,029 - INFO - env_name                      | ma_gym:Checkers-v0
2024-03-12 18:06:53,029 - INFO - experiment_name               | vdn
2024-03-12 18:06:53,029 - INFO - use_cuda                      | False
2024-03-12 18:06:53,029 - INFO - n_training_threads            | 12
2024-03-12 18:06:53,029 - INFO - use_render                    | False
2024-03-12 18:06:53,029 - INFO - use_time_sleep                | False
2024-03-12 18:06:53,029 - INFO - sleep_second                  | 0.5
2024-03-12 18:06:53,029 - INFO - seed                          | 42
2024-03-12 18:06:53,029 - INFO - fix_seed                      | True
2024-03-12 18:06:53,029 - INFO - epsilon_anneal_episode        | 60000
2024-03-12 18:06:53,029 - INFO - max_epsilon                   | 0.9
2024-03-12 18:06:53,029 - INFO - min_epsilon                   | 0.05
2024-03-12 18:06:53,029 - INFO - lr                            | 0.001
2024-03-12 18:06:53,029 - INFO - gamma                         | 0.99
2024-03-12 18:06:53,029 - INFO - batch_size                    | 32
2024-03-12 18:06:53,029 - INFO - max_episodes                  | 100000
2024-03-12 18:06:53,029 - INFO - max_step                      | 100
2024-03-12 18:06:53,029 - INFO - step_cost                     | -0.01
2024-03-12 18:06:53,029 - INFO - chunk_size                    | 10
2024-03-12 18:06:53,029 - INFO - update_iter                   | 10
2024-03-12 18:06:53,029 - INFO - update_target_interval        | 20
2024-03-12 18:06:53,030 - INFO - grad_clip_norm                | 0.5
2024-03-12 18:06:53,030 - INFO - decide_target                 | double_dqn
2024-03-12 18:06:53,030 - INFO - decide_network                | Dueling_Net
2024-03-12 18:06:53,030 - INFO - use_recurrent                 | True
2024-03-12 18:06:53,030 - INFO - test_interval                 | 10
2024-03-12 18:06:53,030 - INFO - test_episodes                 | 10
2024-03-12 18:06:53,030 - INFO - buffer_limit                  | 1000
2024-03-12 18:06:53,030 - INFO - eps                           | 1e-06
2024-03-12 18:06:53,030 - INFO - alpha                         | 0.8
2024-03-12 18:06:53,030 - INFO - beta                          | 0.2
2024-03-12 18:06:53,030 - INFO - update_alpha_beta             | True
2024-03-12 18:06:53,030 - INFO - Device: cpu
2024-03-12 18:06:53,030 - INFO - ============================================================
2024-03-12 18:07:02,028 - INFO - 1       /100000     episodes | train score: -11.00 | train loss: 548.77  | eps: 0.9000 | alpha: 0.8000 | beta: 0.2000
2024-03-12 18:07:02,466 - INFO - 2       /100000     episodes | train score: 28.46  | train loss: 3414.34 | eps: 0.9000 | alpha: 0.8000 | beta: 0.2000
2024-03-12 18:07:02,904 - INFO - 3       /100000     episodes | train score: 8.38   | train loss: 2803.39 | eps: 0.9000 | alpha: 0.8000 | beta: 0.2000
2024-03-12 18:07:03,358 - INFO - 4       /100000     episodes | train score: 8.00   | train loss: 2027.00 | eps: 0.9000 | alpha: 0.8000 | beta: 0.2000
2024-03-12 18:07:03,812 - INFO - 5       /100000     episodes | train score: 6.00   | train loss: 975.94  | eps: 0.8999 | alpha: 0.8000 | beta: 0.2000
2024-03-12 18:07:04,237 - INFO - 6       /100000     episodes | train score: -1.28  | train loss: 362.27  | eps: 0.8999 | alpha: 0.8000 | beta: 0.2000
2024-03-12 18:07:04,690 - INFO - 7       /100000     episodes | train score: -23.00 | train loss: 292.36  | eps: 0.8999 | alpha: 0.8000 | beta: 0.2001
2024-03-12 18:07:05,144 - INFO - 8       /100000     episodes | train score: -13.00 | train loss: 230.93  | eps: 0.8999 | alpha: 0.8000 | beta: 0.2001
2024-03-12 18:07:05,551 - INFO - 9       /100000     episodes | train score: -9.86  | train loss: 238.84  | eps: 0.8999 | alpha: 0.8000 | beta: 0.2001
2024-03-12 18:07:05,964 - INFO - 10      /100000     episodes | train score: 28.00  | train loss: 214.70  | eps: 0.8999 | alpha: 0.8000 | beta: 0.2001
2024-03-12 18:07:06,393 - INFO - avg test score: -2.00 
2024-03-12 18:07:06,789 - INFO - 11      /100000     episodes | train score: 19.44  | train loss: 211.20  | eps: 0.8999 | alpha: 0.8000 | beta: 0.2001
2024-03-12 18:07:07,247 - INFO - 12      /100000     episodes | train score: -12.00 | train loss: 238.82  | eps: 0.8998 | alpha: 0.8000 | beta: 0.2001
2024-03-12 18:07:07,702 - INFO - 13      /100000     episodes | train score: 7.00   | train loss: 210.39  | eps: 0.8998 | alpha: 0.8000 | beta: 0.2001
2024-03-12 18:07:08,135 - INFO - 14      /100000     episodes | train score: -0.38  | train loss: 207.93  | eps: 0.8998 | alpha: 0.8000 | beta: 0.2001
2024-03-12 18:07:08,592 - INFO - 15      /100000     episodes | train score: 8.00   | train loss: 202.01  | eps: 0.8998 | alpha: 0.8000 | beta: 0.2001
2024-03-12 18:07:09,010 - INFO - 16      /100000     episodes | train score: 7.96   | train loss: 215.94  | eps: 0.8998 | alpha: 0.8000 | beta: 0.2001
2024-03-12 18:07:09,471 - INFO - 17      /100000     episodes | train score: -1.00  | train loss: 206.39  | eps: 0.8998 | alpha: 0.8000 | beta: 0.2001
2024-03-12 18:07:09,925 - INFO - 18      /100000     episodes | train score: 7.00   | train loss: 208.78  | eps: 0.8998 | alpha: 0.8000 | beta: 0.2001
2024-03-12 18:07:10,364 - INFO - 19      /100000     episodes | train score: 8.38   | train loss: 214.46  | eps: 0.8997 | alpha: 0.8000 | beta: 0.2002
2024-03-12 18:07:10,819 - INFO - 20      /100000     episodes | train score: -11.00 | train loss: 293.01  | eps: 0.8997 | alpha: 0.8000 | beta: 0.2002
2024-03-12 18:07:11,255 - INFO - avg test score: -2.00 
2024-03-12 18:07:11,729 - INFO - 21      /100000     episodes | train score: -20.00 | train loss: 274.82  | eps: 0.8997 | alpha: 0.8000 | beta: 0.2002
2024-03-12 18:07:12,152 - INFO - 22      /100000     episodes | train score: -10.26 | train loss: 829519.69 | eps: 0.8997 | alpha: 0.8000 | beta: 0.2002
2024-03-12 18:07:12,609 - INFO - 23      /100000     episodes | train score: -3.00  | train loss: 671809.88 | eps: 0.8997 | alpha: 0.8000 | beta: 0.2002
2024-03-12 18:07:13,063 - INFO - 24      /100000     episodes | train score: -12.00 | train loss: 649105.06 | eps: 0.8997 | alpha: 0.8000 | beta: 0.2002
2024-03-12 18:07:13,520 - INFO - 25      /100000     episodes | train score: -12.00 | train loss: 639258.12 | eps: 0.8997 | alpha: 0.8001 | beta: 0.2002
2024-03-12 18:07:13,976 - INFO - 26      /100000     episodes | train score: -13.00 | train loss: 787544.19 | eps: 0.8996 | alpha: 0.8001 | beta: 0.2002
2024-03-12 18:07:14,377 - INFO - 27      /100000     episodes | train score: -9.68  | train loss: 692278.69 | eps: 0.8996 | alpha: 0.8001 | beta: 0.2002
2024-03-12 18:07:14,818 - INFO - 28      /100000     episodes | train score: 7.40   | train loss: 733718.94 | eps: 0.8996 | alpha: 0.8001 | beta: 0.2002
2024-03-12 18:07:15,271 - INFO - 29      /100000     episodes | train score: -2.00  | train loss: 897098.81 | eps: 0.8996 | alpha: 0.8001 | beta: 0.2002
2024-03-12 18:07:15,726 - INFO - 30      /100000     episodes | train score: -12.00 | train loss: 670592.38 | eps: 0.8996 | alpha: 0.8001 | beta: 0.2002
2024-03-12 18:07:16,154 - INFO - avg test score: -2.00 
2024-03-12 18:07:16,551 - INFO - 31      /100000     episodes | train score: 1.34   | train loss: 832467.12 | eps: 0.8996 | alpha: 0.8001 | beta: 0.2002
2024-03-12 18:07:17,010 - INFO - 32      /100000     episodes | train score: -2.00  | train loss: 705094.62 | eps: 0.8996 | alpha: 0.8001 | beta: 0.2003
2024-03-12 18:07:17,467 - INFO - 33      /100000     episodes | train score: -2.00  | train loss: 736334.88 | eps: 0.8995 | alpha: 0.8001 | beta: 0.2003
2024-03-12 18:07:17,923 - INFO - 34      /100000     episodes | train score: 17.00  | train loss: 835171.06 | eps: 0.8995 | alpha: 0.8001 | beta: 0.2003
2024-03-12 18:07:18,358 - INFO - 35      /100000     episodes | train score: 17.48  | train loss: 913099.00 | eps: 0.8995 | alpha: 0.8001 | beta: 0.2003
2024-03-12 18:07:18,815 - INFO - 36      /100000     episodes | train score: -20.00 | train loss: 789334.31 | eps: 0.8995 | alpha: 0.8001 | beta: 0.2003
2024-03-12 18:07:19,275 - INFO - 37      /100000     episodes | train score: -12.00 | train loss: 672366.38 | eps: 0.8995 | alpha: 0.8001 | beta: 0.2003
2024-03-12 18:07:19,687 - INFO - 38      /100000     episodes | train score: -8.92  | train loss: 532115.56 | eps: 0.8995 | alpha: 0.8001 | beta: 0.2003
2024-03-12 18:07:20,142 - INFO - 39      /100000     episodes | train score: -11.00 | train loss: 698348.88 | eps: 0.8995 | alpha: 0.8001 | beta: 0.2003
2024-03-12 18:07:20,564 - INFO - 40      /100000     episodes | train score: -10.04 | train loss: 382054.69 | eps: 0.8994 | alpha: 0.8001 | beta: 0.2003
2024-03-12 18:07:21,006 - INFO - avg test score: -2.00 
2024-03-12 18:07:21,462 - INFO - 41      /100000     episodes | train score: -2.00  | train loss: 232403.30 | eps: 0.8994 | alpha: 0.8001 | beta: 0.2003
2024-03-12 18:07:21,917 - INFO - 42      /100000     episodes | train score: 16.00  | train loss: 109000048.00 | eps: 0.8994 | alpha: 0.8001 | beta: 0.2003
2024-03-12 18:07:22,375 - INFO - 43      /100000     episodes | train score: -3.00  | train loss: 92693848.00 | eps: 0.8994 | alpha: 0.8001 | beta: 0.2003
2024-03-12 18:07:22,832 - INFO - 44      /100000     episodes | train score: -12.00 | train loss: 87109232.00 | eps: 0.8994 | alpha: 0.8001 | beta: 0.2004
2024-03-12 18:07:23,294 - INFO - 45      /100000     episodes | train score: -3.00  | train loss: 104736968.00 | eps: 0.8994 | alpha: 0.8001 | beta: 0.2004
2024-03-12 18:07:23,752 - INFO - 46      /100000     episodes | train score: -12.00 | train loss: 96890224.00 | eps: 0.8994 | alpha: 0.8001 | beta: 0.2004
2024-03-12 18:07:24,180 - INFO - 47      /100000     episodes | train score: -1.30  | train loss: 123340952.00 | eps: 0.8993 | alpha: 0.8001 | beta: 0.2004
2024-03-12 18:07:24,637 - INFO - 48      /100000     episodes | train score: -3.00  | train loss: 81983984.00 | eps: 0.8993 | alpha: 0.8001 | beta: 0.2004
2024-03-12 18:07:25,092 - INFO - 49      /100000     episodes | train score: -2.00  | train loss: 109389416.00 | eps: 0.8993 | alpha: 0.8001 | beta: 0.2004
2024-03-12 18:07:25,553 - INFO - 50      /100000     episodes | train score: -12.00 | train loss: 97943408.00 | eps: 0.8993 | alpha: 0.8001 | beta: 0.2004
2024-03-12 18:07:25,981 - INFO - avg test score: -2.00 
2024-03-12 18:07:26,434 - INFO - 51      /100000     episodes | train score: 8.00   | train loss: 82423568.00 | eps: 0.8993 | alpha: 0.8001 | beta: 0.2004
2024-03-12 18:07:26,896 - INFO - 52      /100000     episodes | train score: -3.00  | train loss: 96870120.00 | eps: 0.8993 | alpha: 0.8001 | beta: 0.2004
2024-03-12 18:07:27,419 - INFO - 53      /100000     episodes | train score: -3.00  | train loss: 136677616.00 | eps: 0.8993 | alpha: 0.8001 | beta: 0.2004
2024-03-12 18:07:27,877 - INFO - 54      /100000     episodes | train score: -3.00  | train loss: 99643744.00 | eps: 0.8992 | alpha: 0.8001 | beta: 0.2004
2024-03-12 18:07:28,335 - INFO - 55      /100000     episodes | train score: 6.00   | train loss: 133533744.00 | eps: 0.8992 | alpha: 0.8001 | beta: 0.2004
2024-03-12 18:07:28,758 - INFO - 56      /100000     episodes | train score: -0.12  | train loss: 135436896.00 | eps: 0.8992 | alpha: 0.8001 | beta: 0.2004
2024-03-12 18:07:29,216 - INFO - 57      /100000     episodes | train score: -12.00 | train loss: 109563224.00 | eps: 0.8992 | alpha: 0.8001 | beta: 0.2005
2024-03-12 18:07:29,684 - INFO - 58      /100000     episodes | train score: -0.76  | train loss: 132775824.00 | eps: 0.8992 | alpha: 0.8001 | beta: 0.2005
2024-03-12 18:07:30,146 - INFO - 59      /100000     episodes | train score: -2.00  | train loss: 93927736.00 | eps: 0.8992 | alpha: 0.8001 | beta: 0.2005
2024-03-12 18:07:30,605 - INFO - 60      /100000     episodes | train score: -11.00 | train loss: 133870872.00 | eps: 0.8992 | alpha: 0.8001 | beta: 0.2005
2024-03-12 18:07:31,038 - INFO - avg test score: -2.00 
2024-03-12 18:07:31,473 - INFO - 61      /100000     episodes | train score: -8.44  | train loss: 117956144.00 | eps: 0.8992 | alpha: 0.8001 | beta: 0.2005
2024-03-12 18:07:31,940 - INFO - 62      /100000     episodes | train score: -2.00  | train loss: 1454989568.00 | eps: 0.8991 | alpha: 0.8001 | beta: 0.2005
2024-03-12 18:07:32,392 - INFO - 63      /100000     episodes | train score: -1.92  | train loss: 720632192.00 | eps: 0.8991 | alpha: 0.8001 | beta: 0.2005
2024-03-12 18:07:32,846 - INFO - 64      /100000     episodes | train score: -12.00 | train loss: 1220807296.00 | eps: 0.8991 | alpha: 0.8001 | beta: 0.2005
2024-03-12 18:07:33,299 - INFO - 65      /100000     episodes | train score: -3.00  | train loss: 1061137792.00 | eps: 0.8991 | alpha: 0.8001 | beta: 0.2005
2024-03-12 18:07:33,725 - INFO - 66      /100000     episodes | train score: 7.66   | train loss: 1192806784.00 | eps: 0.8991 | alpha: 0.8001 | beta: 0.2005
2024-03-12 18:07:34,181 - INFO - 67      /100000     episodes | train score: -3.00  | train loss: 1082217728.00 | eps: 0.8991 | alpha: 0.8001 | beta: 0.2005
2024-03-12 18:07:34,633 - INFO - 68      /100000     episodes | train score: -2.00  | train loss: 1124844032.00 | eps: 0.8991 | alpha: 0.8001 | beta: 0.2005
2024-03-12 18:07:35,085 - INFO - 69      /100000     episodes | train score: -2.00  | train loss: 884676800.00 | eps: 0.8990 | alpha: 0.8001 | beta: 0.2006
2024-03-12 18:07:35,537 - INFO - 70      /100000     episodes | train score: -2.00  | train loss: 890341504.00 | eps: 0.8990 | alpha: 0.8001 | beta: 0.2006
2024-03-12 18:07:35,965 - INFO - avg test score: -2.00 
2024-03-12 18:07:36,420 - INFO - 71      /100000     episodes | train score: -12.00 | train loss: 1214419328.00 | eps: 0.8990 | alpha: 0.8001 | beta: 0.2006
2024-03-12 18:07:36,855 - INFO - 72      /100000     episodes | train score: -10.58 | train loss: 1261398272.00 | eps: 0.8990 | alpha: 0.8001 | beta: 0.2006
2024-03-12 18:07:37,254 - INFO - 73      /100000     episodes | train score: 9.44   | train loss: 1194315008.00 | eps: 0.8990 | alpha: 0.8001 | beta: 0.2006
2024-03-12 18:07:37,708 - INFO - 74      /100000     episodes | train score: 7.00   | train loss: 1080089856.00 | eps: 0.8990 | alpha: 0.8001 | beta: 0.2006
2024-03-12 18:07:38,124 - INFO - 75      /100000     episodes | train score: 7.90   | train loss: 1029553664.00 | eps: 0.8990 | alpha: 0.8002 | beta: 0.2006
2024-03-12 18:07:38,576 - INFO - 76      /100000     episodes | train score: -2.00  | train loss: 1103438336.00 | eps: 0.8989 | alpha: 0.8002 | beta: 0.2006
2024-03-12 18:07:39,029 - INFO - 77      /100000     episodes | train score: -2.00  | train loss: 1015592576.00 | eps: 0.8989 | alpha: 0.8002 | beta: 0.2006
2024-03-12 18:07:39,485 - INFO - 78      /100000     episodes | train score: -2.00  | train loss: 1190716672.00 | eps: 0.8989 | alpha: 0.8002 | beta: 0.2006
2024-03-12 18:07:39,917 - INFO - 79      /100000     episodes | train score: 7.52   | train loss: 1405010944.00 | eps: 0.8989 | alpha: 0.8002 | beta: 0.2006
2024-03-12 18:07:40,370 - INFO - 80      /100000     episodes | train score: -3.00  | train loss: 1253797632.00 | eps: 0.8989 | alpha: 0.8002 | beta: 0.2006
2024-03-12 18:07:40,799 - INFO - avg test score: -2.00 
2024-03-12 18:07:41,252 - INFO - 81      /100000     episodes | train score: -22.00 | train loss: 1292273280.00 | eps: 0.8989 | alpha: 0.8002 | beta: 0.2006
2024-03-12 18:07:41,691 - INFO - 82      /100000     episodes | train score: -1.22  | train loss: 5208149504.00 | eps: 0.8989 | alpha: 0.8002 | beta: 0.2007
2024-03-12 18:07:42,138 - INFO - 83      /100000     episodes | train score: 26.60  | train loss: 4894387712.00 | eps: 0.8988 | alpha: 0.8002 | beta: 0.2007
2024-03-12 18:07:42,599 - INFO - 84      /100000     episodes | train score: -2.00  | train loss: 4295150080.00 | eps: 0.8988 | alpha: 0.8002 | beta: 0.2007
2024-03-12 18:07:43,026 - INFO - 85      /100000     episodes | train score: -1.28  | train loss: 4413392384.00 | eps: 0.8988 | alpha: 0.8002 | beta: 0.2007
2024-03-12 18:07:43,485 - INFO - 86      /100000     episodes | train score: 15.00  | train loss: 4844345344.00 | eps: 0.8988 | alpha: 0.8002 | beta: 0.2007
2024-03-12 18:07:43,946 - INFO - 87      /100000     episodes | train score: 6.00   | train loss: 4561178112.00 | eps: 0.8988 | alpha: 0.8002 | beta: 0.2007
2024-03-12 18:07:44,357 - INFO - 88      /100000     episodes | train score: 9.16   | train loss: 4503211008.00 | eps: 0.8988 | alpha: 0.8002 | beta: 0.2007
2024-03-12 18:07:44,807 - INFO - 89      /100000     episodes | train score: 8.20   | train loss: 4715686912.00 | eps: 0.8988 | alpha: 0.8002 | beta: 0.2007
2024-03-12 18:07:45,266 - INFO - 90      /100000     episodes | train score: 6.00   | train loss: 4818516992.00 | eps: 0.8987 | alpha: 0.8002 | beta: 0.2007
2024-03-12 18:07:45,696 - INFO - avg test score: -2.00 
2024-03-12 18:07:46,153 - INFO - 91      /100000     episodes | train score: -3.00  | train loss: 5565545984.00 | eps: 0.8987 | alpha: 0.8002 | beta: 0.2007
2024-03-12 18:07:46,605 - INFO - 92      /100000     episodes | train score: -1.88  | train loss: 4272982528.00 | eps: 0.8987 | alpha: 0.8002 | beta: 0.2007
2024-03-12 18:07:47,038 - INFO - 93      /100000     episodes | train score: -0.30  | train loss: 4599214592.00 | eps: 0.8987 | alpha: 0.8002 | beta: 0.2007
2024-03-12 18:07:47,493 - INFO - 94      /100000     episodes | train score: -1.92  | train loss: 5194212352.00 | eps: 0.8987 | alpha: 0.8002 | beta: 0.2008
2024-03-12 18:07:47,935 - INFO - 95      /100000     episodes | train score: 8.44   | train loss: 4990536192.00 | eps: 0.8987 | alpha: 0.8002 | beta: 0.2008
2024-03-12 18:07:48,365 - INFO - 96      /100000     episodes | train score: 17.72  | train loss: 6181417472.00 | eps: 0.8987 | alpha: 0.8002 | beta: 0.2008
2024-03-12 18:07:48,795 - INFO - 97      /100000     episodes | train score: -9.32  | train loss: 3891302400.00 | eps: 0.8986 | alpha: 0.8002 | beta: 0.2008
2024-03-12 18:07:49,208 - INFO - 98      /100000     episodes | train score: 9.26   | train loss: 4586537472.00 | eps: 0.8986 | alpha: 0.8002 | beta: 0.2008
2024-03-12 18:07:49,665 - INFO - 99      /100000     episodes | train score: -12.00 | train loss: 4870628352.00 | eps: 0.8986 | alpha: 0.8002 | beta: 0.2008
2024-03-12 18:07:50,094 - INFO - 100     /100000     episodes | train score: -0.22  | train loss: 6156896768.00 | eps: 0.8986 | alpha: 0.8002 | beta: 0.2008
2024-03-12 18:07:50,522 - INFO - avg test score: -2.00 
2024-03-12 18:07:50,953 - INFO - 101     /100000     episodes | train score: -1.38  | train loss: 5833570816.00 | eps: 0.8986 | alpha: 0.8002 | beta: 0.2008
2024-03-12 18:07:51,407 - INFO - 102     /100000     episodes | train score: 8.00   | train loss: 14738857984.00 | eps: 0.8986 | alpha: 0.8002 | beta: 0.2008
2024-03-12 18:07:51,866 - INFO - 103     /100000     episodes | train score: 7.00   | train loss: 14115326976.00 | eps: 0.8986 | alpha: 0.8002 | beta: 0.2008
2024-03-12 18:07:52,335 - INFO - 104     /100000     episodes | train score: 6.00   | train loss: 14462538752.00 | eps: 0.8985 | alpha: 0.8002 | beta: 0.2008
2024-03-12 18:07:52,791 - INFO - 105     /100000     episodes | train score: -3.00  | train loss: 15396034560.00 | eps: 0.8985 | alpha: 0.8002 | beta: 0.2008
2024-03-12 18:07:53,250 - INFO - 106     /100000     episodes | train score: -2.00  | train loss: 13737722880.00 | eps: 0.8985 | alpha: 0.8002 | beta: 0.2008
2024-03-12 18:07:53,704 - INFO - 107     /100000     episodes | train score: 6.00   | train loss: 15476159488.00 | eps: 0.8985 | alpha: 0.8002 | beta: 0.2009
2024-03-12 18:07:54,161 - INFO - 108     /100000     episodes | train score: -1.00  | train loss: 10610535424.00 | eps: 0.8985 | alpha: 0.8002 | beta: 0.2009
2024-03-12 18:07:54,617 - INFO - 109     /100000     episodes | train score: -3.00  | train loss: 15990835200.00 | eps: 0.8985 | alpha: 0.8002 | beta: 0.2009
2024-03-12 18:07:55,073 - INFO - 110     /100000     episodes | train score: 7.00   | train loss: 14378403840.00 | eps: 0.8985 | alpha: 0.8002 | beta: 0.2009
2024-03-12 18:07:55,502 - INFO - avg test score: -2.00 
2024-03-12 18:07:55,956 - INFO - 111     /100000     episodes | train score: -12.00 | train loss: 17241497600.00 | eps: 0.8984 | alpha: 0.8002 | beta: 0.2009
2024-03-12 18:07:56,433 - INFO - 112     /100000     episodes | train score: 7.00   | train loss: 13190745088.00 | eps: 0.8984 | alpha: 0.8002 | beta: 0.2009
2024-03-12 18:07:56,873 - INFO - 113     /100000     episodes | train score: -1.58  | train loss: 13663543296.00 | eps: 0.8984 | alpha: 0.8002 | beta: 0.2009
2024-03-12 18:07:57,331 - INFO - 114     /100000     episodes | train score: -12.00 | train loss: 17985400832.00 | eps: 0.8984 | alpha: 0.8002 | beta: 0.2009
2024-03-12 18:07:57,787 - INFO - 115     /100000     episodes | train score: -3.00  | train loss: 16517603328.00 | eps: 0.8984 | alpha: 0.8002 | beta: 0.2009
2024-03-12 18:07:58,243 - INFO - 116     /100000     episodes | train score: -2.00  | train loss: 11726716928.00 | eps: 0.8984 | alpha: 0.8002 | beta: 0.2009
2024-03-12 18:07:58,711 - INFO - 117     /100000     episodes | train score: -1.74  | train loss: 13832276992.00 | eps: 0.8984 | alpha: 0.8002 | beta: 0.2009
2024-03-12 18:07:59,167 - INFO - 118     /100000     episodes | train score: -2.00  | train loss: 14520962048.00 | eps: 0.8983 | alpha: 0.8002 | beta: 0.2009
2024-03-12 18:07:59,580 - INFO - 119     /100000     episodes | train score: -0.92  | train loss: 16238900224.00 | eps: 0.8983 | alpha: 0.8002 | beta: 0.2010
2024-03-12 18:08:00,007 - INFO - 120     /100000     episodes | train score: 16.76  | train loss: 15263512576.00 | eps: 0.8983 | alpha: 0.8002 | beta: 0.2010
2024-03-12 18:08:00,434 - INFO - avg test score: -2.00 
2024-03-12 18:08:00,886 - INFO - 121     /100000     episodes | train score: -2.00  | train loss: 16482181120.00 | eps: 0.8983 | alpha: 0.8002 | beta: 0.2010
2024-03-12 18:08:01,307 - INFO - 122     /100000     episodes | train score: -1.12  | train loss: 36679884800.00 | eps: 0.8983 | alpha: 0.8002 | beta: 0.2010
2024-03-12 18:08:01,764 - INFO - 123     /100000     episodes | train score: 6.00   | train loss: 24945483776.00 | eps: 0.8983 | alpha: 0.8002 | beta: 0.2010
2024-03-12 18:08:02,184 - INFO - 124     /100000     episodes | train score: -0.10  | train loss: 40318107648.00 | eps: 0.8983 | alpha: 0.8002 | beta: 0.2010
2024-03-12 18:08:02,637 - INFO - 125     /100000     episodes | train score: -20.00 | train loss: 25420486656.00 | eps: 0.8982 | alpha: 0.8003 | beta: 0.2010
2024-03-12 18:08:03,092 - INFO - 126     /100000     episodes | train score: -2.00  | train loss: 35662340096.00 | eps: 0.8982 | alpha: 0.8003 | beta: 0.2010
2024-03-12 18:08:03,545 - INFO - 127     /100000     episodes | train score: -3.00  | train loss: 34092165120.00 | eps: 0.8982 | alpha: 0.8003 | beta: 0.2010
2024-03-12 18:08:04,002 - INFO - 128     /100000     episodes | train score: -2.00  | train loss: 33276243968.00 | eps: 0.8982 | alpha: 0.8003 | beta: 0.2010
2024-03-12 18:08:04,455 - INFO - 129     /100000     episodes | train score: -11.00 | train loss: 37298708480.00 | eps: 0.8982 | alpha: 0.8003 | beta: 0.2010
2024-03-12 18:08:04,907 - INFO - 130     /100000     episodes | train score: -1.94  | train loss: 37385199616.00 | eps: 0.8982 | alpha: 0.8003 | beta: 0.2010
2024-03-12 18:08:05,335 - INFO - avg test score: -2.00 
2024-03-12 18:08:05,792 - INFO - 131     /100000     episodes | train score: -12.00 | train loss: 33302386688.00 | eps: 0.8982 | alpha: 0.8003 | beta: 0.2010
2024-03-12 18:08:06,255 - INFO - 132     /100000     episodes | train score: -1.00  | train loss: 35389657088.00 | eps: 0.8981 | alpha: 0.8003 | beta: 0.2011
2024-03-12 18:08:06,713 - INFO - 133     /100000     episodes | train score: -3.00  | train loss: 34367131648.00 | eps: 0.8981 | alpha: 0.8003 | beta: 0.2011
2024-03-12 18:08:07,125 - INFO - 134     /100000     episodes | train score: -0.76  | train loss: 38544044032.00 | eps: 0.8981 | alpha: 0.8003 | beta: 0.2011
2024-03-12 18:08:07,582 - INFO - 135     /100000     episodes | train score: -2.00  | train loss: 37238038528.00 | eps: 0.8981 | alpha: 0.8003 | beta: 0.2011
2024-03-12 18:08:08,040 - INFO - 136     /100000     episodes | train score: -2.00  | train loss: 32384061440.00 | eps: 0.8981 | alpha: 0.8003 | beta: 0.2011
2024-03-12 18:08:08,500 - INFO - 137     /100000     episodes | train score: -2.00  | train loss: 40856956928.00 | eps: 0.8981 | alpha: 0.8003 | beta: 0.2011
2024-03-12 18:08:08,954 - INFO - 138     /100000     episodes | train score: -10.82 | train loss: 33897840640.00 | eps: 0.8981 | alpha: 0.8003 | beta: 0.2011
2024-03-12 18:08:09,383 - INFO - 139     /100000     episodes | train score: -0.20  | train loss: 40218750976.00 | eps: 0.8980 | alpha: 0.8003 | beta: 0.2011
2024-03-12 18:08:09,833 - INFO - 140     /100000     episodes | train score: 7.24   | train loss: 35946946560.00 | eps: 0.8980 | alpha: 0.8003 | beta: 0.2011
2024-03-12 18:08:10,262 - INFO - avg test score: -2.00 
2024-03-12 18:08:10,718 - INFO - 141     /100000     episodes | train score: 7.00   | train loss: 38816993280.00 | eps: 0.8980 | alpha: 0.8003 | beta: 0.2011
2024-03-12 18:08:11,142 - INFO - 142     /100000     episodes | train score: -10.14 | train loss: 84162707456.00 | eps: 0.8980 | alpha: 0.8003 | beta: 0.2011
2024-03-12 18:08:11,605 - INFO - 143     /100000     episodes | train score: 7.00   | train loss: 69115887616.00 | eps: 0.8980 | alpha: 0.8003 | beta: 0.2011
2024-03-12 18:08:12,065 - INFO - 144     /100000     episodes | train score: 7.00   | train loss: 76463996928.00 | eps: 0.8980 | alpha: 0.8003 | beta: 0.2012
2024-03-12 18:08:12,525 - INFO - 145     /100000     episodes | train score: -12.00 | train loss: 76027486208.00 | eps: 0.8980 | alpha: 0.8003 | beta: 0.2012
2024-03-12 18:08:12,982 - INFO - 146     /100000     episodes | train score: -3.00  | train loss: 60910542848.00 | eps: 0.8979 | alpha: 0.8003 | beta: 0.2012
2024-03-12 18:08:13,416 - INFO - 147     /100000     episodes | train score: -10.42 | train loss: 75390869504.00 | eps: 0.8979 | alpha: 0.8003 | beta: 0.2012
2024-03-12 18:08:13,848 - INFO - 148     /100000     episodes | train score: 8.64   | train loss: 76125806592.00 | eps: 0.8979 | alpha: 0.8003 | beta: 0.2012
2024-03-12 18:08:14,269 - INFO - 149     /100000     episodes | train score: 17.90  | train loss: 81881817088.00 | eps: 0.8979 | alpha: 0.8003 | beta: 0.2012
2024-03-12 18:08:14,722 - INFO - 150     /100000     episodes | train score: -9.82  | train loss: 71398744064.00 | eps: 0.8979 | alpha: 0.8003 | beta: 0.2012
2024-03-12 18:08:15,150 - INFO - avg test score: -2.00 
2024-03-12 18:08:15,606 - INFO - 151     /100000     episodes | train score: -12.00 | train loss: 72619016192.00 | eps: 0.8979 | alpha: 0.8003 | beta: 0.2012
2024-03-12 18:08:16,063 - INFO - 152     /100000     episodes | train score: -3.00  | train loss: 69074001920.00 | eps: 0.8979 | alpha: 0.8003 | beta: 0.2012
2024-03-12 18:08:16,502 - INFO - 153     /100000     episodes | train score: 9.40   | train loss: 84377018368.00 | eps: 0.8978 | alpha: 0.8003 | beta: 0.2012
2024-03-12 18:08:16,957 - INFO - 154     /100000     episodes | train score: 9.20   | train loss: 72771043328.00 | eps: 0.8978 | alpha: 0.8003 | beta: 0.2012
2024-03-12 18:08:17,392 - INFO - 155     /100000     episodes | train score: 16.72  | train loss: 70061981696.00 | eps: 0.8978 | alpha: 0.8003 | beta: 0.2012
2024-03-12 18:08:17,854 - INFO - 156     /100000     episodes | train score: -3.00  | train loss: 83787145216.00 | eps: 0.8978 | alpha: 0.8003 | beta: 0.2012
2024-03-12 18:08:18,309 - INFO - 157     /100000     episodes | train score: -1.98  | train loss: 81822990336.00 | eps: 0.8978 | alpha: 0.8003 | beta: 0.2013
2024-03-12 18:08:18,773 - INFO - 158     /100000     episodes | train score: 16.00  | train loss: 74753458176.00 | eps: 0.8978 | alpha: 0.8003 | beta: 0.2013
2024-03-12 18:08:19,234 - INFO - 159     /100000     episodes | train score: -2.00  | train loss: 74669334528.00 | eps: 0.8978 | alpha: 0.8003 | beta: 0.2013
2024-03-12 18:08:19,683 - INFO - 160     /100000     episodes | train score: -1.72  | train loss: 75164106752.00 | eps: 0.8977 | alpha: 0.8003 | beta: 0.2013
2024-03-12 18:08:20,113 - INFO - avg test score: -2.00 
2024-03-12 18:08:20,586 - INFO - 161     /100000     episodes | train score: 25.00  | train loss: 75264016384.00 | eps: 0.8977 | alpha: 0.8003 | beta: 0.2013
2024-03-12 18:08:21,049 - INFO - 162     /100000     episodes | train score: -2.00  | train loss: 150178496512.00 | eps: 0.8977 | alpha: 0.8003 | beta: 0.2013
2024-03-12 18:08:21,508 - INFO - 163     /100000     episodes | train score: 6.00   | train loss: 123526463488.00 | eps: 0.8977 | alpha: 0.8003 | beta: 0.2013
2024-03-12 18:08:21,967 - INFO - 164     /100000     episodes | train score: -12.00 | train loss: 147281477632.00 | eps: 0.8977 | alpha: 0.8003 | beta: 0.2013
2024-03-12 18:08:22,432 - INFO - 165     /100000     episodes | train score: -1.98  | train loss: 144795942912.00 | eps: 0.8977 | alpha: 0.8003 | beta: 0.2013
2024-03-12 18:08:22,877 - INFO - 166     /100000     episodes | train score: 8.40   | train loss: 111621963776.00 | eps: 0.8977 | alpha: 0.8003 | beta: 0.2013
2024-03-12 18:08:23,306 - INFO - 167     /100000     episodes | train score: -9.24  | train loss: 141743505408.00 | eps: 0.8976 | alpha: 0.8003 | beta: 0.2013
2024-03-12 18:08:23,750 - INFO - 168     /100000     episodes | train score: -0.66  | train loss: 149963112448.00 | eps: 0.8976 | alpha: 0.8003 | beta: 0.2013
2024-03-12 18:08:24,214 - INFO - 169     /100000     episodes | train score: -1.00  | train loss: 137588211712.00 | eps: 0.8976 | alpha: 0.8003 | beta: 0.2014
2024-03-12 18:08:24,676 - INFO - 170     /100000     episodes | train score: -3.00  | train loss: 133862014976.00 | eps: 0.8976 | alpha: 0.8003 | beta: 0.2014
2024-03-12 18:08:25,107 - INFO - avg test score: -2.00 
2024-03-12 18:08:25,565 - INFO - 171     /100000     episodes | train score: 6.00   | train loss: 113856192512.00 | eps: 0.8976 | alpha: 0.8003 | beta: 0.2014
2024-03-12 18:08:26,017 - INFO - 172     /100000     episodes | train score: -9.88  | train loss: 137412960256.00 | eps: 0.8976 | alpha: 0.8003 | beta: 0.2014
2024-03-12 18:08:26,478 - INFO - 173     /100000     episodes | train score: -12.00 | train loss: 149105639424.00 | eps: 0.8976 | alpha: 0.8003 | beta: 0.2014
2024-03-12 18:08:26,944 - INFO - 174     /100000     episodes | train score: -2.00  | train loss: 140318277632.00 | eps: 0.8975 | alpha: 0.8003 | beta: 0.2014
2024-03-12 18:08:27,423 - INFO - 175     /100000     episodes | train score: -2.00  | train loss: 150368714752.00 | eps: 0.8975 | alpha: 0.8004 | beta: 0.2014
2024-03-12 18:08:27,845 - INFO - 176     /100000     episodes | train score: -0.76  | train loss: 149076492288.00 | eps: 0.8975 | alpha: 0.8004 | beta: 0.2014
2024-03-12 18:08:28,308 - INFO - 177     /100000     episodes | train score: -11.00 | train loss: 140535873536.00 | eps: 0.8975 | alpha: 0.8004 | beta: 0.2014
2024-03-12 18:08:28,785 - INFO - 178     /100000     episodes | train score: -9.86  | train loss: 133921595392.00 | eps: 0.8975 | alpha: 0.8004 | beta: 0.2014
2024-03-12 18:08:29,244 - INFO - 179     /100000     episodes | train score: 7.00   | train loss: 139457150976.00 | eps: 0.8975 | alpha: 0.8004 | beta: 0.2014
2024-03-12 18:08:29,701 - INFO - 180     /100000     episodes | train score: -2.00  | train loss: 140723257344.00 | eps: 0.8975 | alpha: 0.8004 | beta: 0.2014
2024-03-12 18:08:30,130 - INFO - avg test score: -2.00 
2024-03-12 18:08:30,572 - INFO - 181     /100000     episodes | train score: -0.60  | train loss: 148890796032.00 | eps: 0.8974 | alpha: 0.8004 | beta: 0.2014
2024-03-12 18:08:31,032 - INFO - 182     /100000     episodes | train score: 6.00   | train loss: 247977115648.00 | eps: 0.8974 | alpha: 0.8004 | beta: 0.2015
2024-03-12 18:08:31,490 - INFO - 183     /100000     episodes | train score: -1.00  | train loss: 233067020288.00 | eps: 0.8974 | alpha: 0.8004 | beta: 0.2015
2024-03-12 18:08:31,925 - INFO - 184     /100000     episodes | train score: -1.34  | train loss: 242635276288.00 | eps: 0.8974 | alpha: 0.8004 | beta: 0.2015
2024-03-12 18:08:32,389 - INFO - 185     /100000     episodes | train score: -21.00 | train loss: 228898504704.00 | eps: 0.8974 | alpha: 0.8004 | beta: 0.2015
2024-03-12 18:08:32,850 - INFO - 186     /100000     episodes | train score: 15.00  | train loss: 233383477248.00 | eps: 0.8974 | alpha: 0.8004 | beta: 0.2015
2024-03-12 18:08:33,308 - INFO - 187     /100000     episodes | train score: -12.00 | train loss: 245629714432.00 | eps: 0.8974 | alpha: 0.8004 | beta: 0.2015
2024-03-12 18:08:33,740 - INFO - 188     /100000     episodes | train score: -1.24  | train loss: 250004144128.00 | eps: 0.8974 | alpha: 0.8004 | beta: 0.2015
2024-03-12 18:08:34,200 - INFO - 189     /100000     episodes | train score: -2.00  | train loss: 231187775488.00 | eps: 0.8973 | alpha: 0.8004 | beta: 0.2015
2024-03-12 18:08:34,631 - INFO - 190     /100000     episodes | train score: -10.26 | train loss: 240641474560.00 | eps: 0.8973 | alpha: 0.8004 | beta: 0.2015
2024-03-12 18:08:35,073 - INFO - avg test score: -2.00 
2024-03-12 18:08:35,507 - INFO - 191     /100000     episodes | train score: -1.36  | train loss: 218943488000.00 | eps: 0.8973 | alpha: 0.8004 | beta: 0.2015
2024-03-12 18:08:35,936 - INFO - 192     /100000     episodes | train score: -9.22  | train loss: 249312083968.00 | eps: 0.8973 | alpha: 0.8004 | beta: 0.2015
2024-03-12 18:08:36,356 - INFO - 193     /100000     episodes | train score: 9.04   | train loss: 244313784320.00 | eps: 0.8973 | alpha: 0.8004 | beta: 0.2015
2024-03-12 18:08:36,814 - INFO - 194     /100000     episodes | train score: -12.00 | train loss: 235224383488.00 | eps: 0.8973 | alpha: 0.8004 | beta: 0.2016
2024-03-12 18:08:37,285 - INFO - 195     /100000     episodes | train score: -2.00  | train loss: 251982856192.00 | eps: 0.8973 | alpha: 0.8004 | beta: 0.2016
2024-03-12 18:08:37,721 - INFO - 196     /100000     episodes | train score: -1.44  | train loss: 245077475328.00 | eps: 0.8972 | alpha: 0.8004 | beta: 0.2016
2024-03-12 18:08:38,180 - INFO - 197     /100000     episodes | train score: -10.00 | train loss: 261635538944.00 | eps: 0.8972 | alpha: 0.8004 | beta: 0.2016
2024-03-12 18:08:38,640 - INFO - 198     /100000     episodes | train score: -3.00  | train loss: 270343421952.00 | eps: 0.8972 | alpha: 0.8004 | beta: 0.2016
2024-03-12 18:08:39,100 - INFO - 199     /100000     episodes | train score: -3.00  | train loss: 234674896896.00 | eps: 0.8972 | alpha: 0.8004 | beta: 0.2016
2024-03-12 18:08:39,517 - INFO - 200     /100000     episodes | train score: 10.10  | train loss: 256214777856.00 | eps: 0.8972 | alpha: 0.8004 | beta: 0.2016
2024-03-12 18:08:39,947 - INFO - avg test score: -2.00 
2024-03-12 18:08:40,406 - INFO - 201     /100000     episodes | train score: -3.00  | train loss: 241685135360.00 | eps: 0.8972 | alpha: 0.8004 | beta: 0.2016
2024-03-12 18:08:40,867 - INFO - 202     /100000     episodes | train score: -2.00  | train loss: 388641849344.00 | eps: 0.8972 | alpha: 0.8004 | beta: 0.2016
2024-03-12 18:08:41,330 - INFO - 203     /100000     episodes | train score: -12.00 | train loss: 394484842496.00 | eps: 0.8971 | alpha: 0.8004 | beta: 0.2016
2024-03-12 18:08:41,789 - INFO - 204     /100000     episodes | train score: -12.00 | train loss: 372139327488.00 | eps: 0.8971 | alpha: 0.8004 | beta: 0.2016
2024-03-12 18:08:42,249 - INFO - 205     /100000     episodes | train score: 7.00   | train loss: 385604091904.00 | eps: 0.8971 | alpha: 0.8004 | beta: 0.2016
2024-03-12 18:08:42,699 - INFO - 206     /100000     episodes | train score: -9.76  | train loss: 349975609344.00 | eps: 0.8971 | alpha: 0.8004 | beta: 0.2016
2024-03-12 18:08:43,116 - INFO - 207     /100000     episodes | train score: 9.14   | train loss: 386505015296.00 | eps: 0.8971 | alpha: 0.8004 | beta: 0.2017
2024-03-12 18:08:43,580 - INFO - 208     /100000     episodes | train score: -4.00  | train loss: 390519455744.00 | eps: 0.8971 | alpha: 0.8004 | beta: 0.2017
2024-03-12 18:08:44,039 - INFO - 209     /100000     episodes | train score: -3.00  | train loss: 377764872192.00 | eps: 0.8971 | alpha: 0.8004 | beta: 0.2017
2024-03-12 18:08:44,469 - INFO - 210     /100000     episodes | train score: 8.74   | train loss: 395641716736.00 | eps: 0.8970 | alpha: 0.8004 | beta: 0.2017
2024-03-12 18:08:44,899 - INFO - avg test score: -2.00 
2024-03-12 18:08:45,352 - INFO - 211     /100000     episodes | train score: -10.92 | train loss: 393430007808.00 | eps: 0.8970 | alpha: 0.8004 | beta: 0.2017
2024-03-12 18:08:45,813 - INFO - 212     /100000     episodes | train score: -3.00  | train loss: 405893283840.00 | eps: 0.8970 | alpha: 0.8004 | beta: 0.2017
2024-03-12 18:08:46,267 - INFO - 213     /100000     episodes | train score: 8.08   | train loss: 408698552320.00 | eps: 0.8970 | alpha: 0.8004 | beta: 0.2017
2024-03-12 18:08:46,716 - INFO - 214     /100000     episodes | train score: -9.80  | train loss: 387266150400.00 | eps: 0.8970 | alpha: 0.8004 | beta: 0.2017
2024-03-12 18:08:47,173 - INFO - 215     /100000     episodes | train score: -2.00  | train loss: 413445652480.00 | eps: 0.8970 | alpha: 0.8004 | beta: 0.2017
2024-03-12 18:08:47,630 - INFO - 216     /100000     episodes | train score: -11.00 | train loss: 407512940544.00 | eps: 0.8970 | alpha: 0.8004 | beta: 0.2017
2024-03-12 18:08:48,088 - INFO - 217     /100000     episodes | train score: 8.00   | train loss: 387887661056.00 | eps: 0.8969 | alpha: 0.8004 | beta: 0.2017
2024-03-12 18:08:48,544 - INFO - 218     /100000     episodes | train score: -2.00  | train loss: 422377586688.00 | eps: 0.8969 | alpha: 0.8004 | beta: 0.2017
2024-03-12 18:08:48,975 - INFO - 219     /100000     episodes | train score: 8.78   | train loss: 385478393856.00 | eps: 0.8969 | alpha: 0.8004 | beta: 0.2018
2024-03-12 18:08:49,405 - INFO - 220     /100000     episodes | train score: -1.34  | train loss: 376342708224.00 | eps: 0.8969 | alpha: 0.8004 | beta: 0.2018
2024-03-12 18:08:49,834 - INFO - avg test score: -2.00 
2024-03-12 18:08:50,265 - INFO - 221     /100000     episodes | train score: -10.34 | train loss: 405884862464.00 | eps: 0.8969 | alpha: 0.8004 | beta: 0.2018
2024-03-12 18:08:50,726 - INFO - 222     /100000     episodes | train score: -3.00  | train loss: 606740611072.00 | eps: 0.8969 | alpha: 0.8004 | beta: 0.2018
2024-03-12 18:08:51,191 - INFO - 223     /100000     episodes | train score: -4.00  | train loss: 589830946816.00 | eps: 0.8969 | alpha: 0.8004 | beta: 0.2018
2024-03-12 18:08:51,651 - INFO - 224     /100000     episodes | train score: -4.00  | train loss: 591080062976.00 | eps: 0.8968 | alpha: 0.8004 | beta: 0.2018
2024-03-12 18:08:52,112 - INFO - 225     /100000     episodes | train score: 7.00   | train loss: 603357380608.00 | eps: 0.8968 | alpha: 0.8005 | beta: 0.2018
2024-03-12 18:08:52,548 - INFO - 226     /100000     episodes | train score: 8.60   | train loss: 561739530240.00 | eps: 0.8968 | alpha: 0.8005 | beta: 0.2018
2024-03-12 18:08:53,004 - INFO - 227     /100000     episodes | train score: 7.00   | train loss: 604999909376.00 | eps: 0.8968 | alpha: 0.8005 | beta: 0.2018
2024-03-12 18:08:53,429 - INFO - 228     /100000     episodes | train score: -0.14  | train loss: 605335388160.00 | eps: 0.8968 | alpha: 0.8005 | beta: 0.2018
2024-03-12 18:08:53,874 - INFO - 229     /100000     episodes | train score: 16.24  | train loss: 599980965888.00 | eps: 0.8968 | alpha: 0.8005 | beta: 0.2018
2024-03-12 18:08:54,329 - INFO - 230     /100000     episodes | train score: -3.00  | train loss: 613284184064.00 | eps: 0.8968 | alpha: 0.8005 | beta: 0.2018
2024-03-12 18:08:54,756 - INFO - avg test score: -2.00 
2024-03-12 18:08:55,273 - INFO - 231     /100000     episodes | train score: 17.22  | train loss: 600485265408.00 | eps: 0.8967 | alpha: 0.8005 | beta: 0.2018
2024-03-12 18:08:55,727 - INFO - 232     /100000     episodes | train score: -3.00  | train loss: 606456381440.00 | eps: 0.8967 | alpha: 0.8005 | beta: 0.2019
2024-03-12 18:08:56,183 - INFO - 233     /100000     episodes | train score: -2.00  | train loss: 638881169408.00 | eps: 0.8967 | alpha: 0.8005 | beta: 0.2019
2024-03-12 18:08:56,661 - INFO - 234     /100000     episodes | train score: 7.00   | train loss: 606813945856.00 | eps: 0.8967 | alpha: 0.8005 | beta: 0.2019
2024-03-12 18:08:57,120 - INFO - 235     /100000     episodes | train score: -2.00  | train loss: 627145048064.00 | eps: 0.8967 | alpha: 0.8005 | beta: 0.2019
2024-03-12 18:08:57,581 - INFO - 236     /100000     episodes | train score: -2.00  | train loss: 651571888128.00 | eps: 0.8967 | alpha: 0.8005 | beta: 0.2019
2024-03-12 18:08:58,011 - INFO - 237     /100000     episodes | train score: -1.28  | train loss: 619543003136.00 | eps: 0.8967 | alpha: 0.8005 | beta: 0.2019
2024-03-12 18:08:58,475 - INFO - 238     /100000     episodes | train score: -14.00 | train loss: 633027035136.00 | eps: 0.8966 | alpha: 0.8005 | beta: 0.2019
2024-03-12 18:08:58,946 - INFO - 239     /100000     episodes | train score: -12.00 | train loss: 587151310848.00 | eps: 0.8966 | alpha: 0.8005 | beta: 0.2019
2024-03-12 18:08:59,404 - INFO - 240     /100000     episodes | train score: -12.00 | train loss: 560002629632.00 | eps: 0.8966 | alpha: 0.8005 | beta: 0.2019
2024-03-12 18:08:59,834 - INFO - avg test score: -2.00 
2024-03-12 18:09:00,254 - INFO - 241     /100000     episodes | train score: -1.00  | train loss: 606084661248.00 | eps: 0.8966 | alpha: 0.8005 | beta: 0.2019
2024-03-12 18:09:00,685 - INFO - 242     /100000     episodes | train score: 7.88   | train loss: 879006056448.00 | eps: 0.8966 | alpha: 0.8005 | beta: 0.2019
2024-03-12 18:09:01,091 - INFO - 243     /100000     episodes | train score: -7.74  | train loss: 829739106304.00 | eps: 0.8966 | alpha: 0.8005 | beta: 0.2019
2024-03-12 18:09:01,546 - INFO - 244     /100000     episodes | train score: -4.00  | train loss: 865031684096.00 | eps: 0.8966 | alpha: 0.8005 | beta: 0.2020
2024-03-12 18:09:02,005 - INFO - 245     /100000     episodes | train score: -2.00  | train loss: 813307789312.00 | eps: 0.8965 | alpha: 0.8005 | beta: 0.2020
2024-03-12 18:09:02,464 - INFO - 246     /100000     episodes | train score: -11.00 | train loss: 829094756352.00 | eps: 0.8965 | alpha: 0.8005 | beta: 0.2020
2024-03-12 18:09:02,918 - INFO - 247     /100000     episodes | train score: 8.06   | train loss: 843479384064.00 | eps: 0.8965 | alpha: 0.8005 | beta: 0.2020
2024-03-12 18:09:03,345 - INFO - 248     /100000     episodes | train score: 7.72   | train loss: 839019266048.00 | eps: 0.8965 | alpha: 0.8005 | beta: 0.2020
2024-03-12 18:09:03,805 - INFO - 249     /100000     episodes | train score: 7.00   | train loss: 805073911808.00 | eps: 0.8965 | alpha: 0.8005 | beta: 0.2020
2024-03-12 18:09:04,261 - INFO - 250     /100000     episodes | train score: -3.00  | train loss: 819950125056.00 | eps: 0.8965 | alpha: 0.8005 | beta: 0.2020
2024-03-12 18:09:04,689 - INFO - avg test score: -2.00 
2024-03-12 18:09:05,143 - INFO - 251     /100000     episodes | train score: 17.00  | train loss: 839415758848.00 | eps: 0.8965 | alpha: 0.8005 | beta: 0.2020
2024-03-12 18:09:05,599 - INFO - 252     /100000     episodes | train score: -3.00  | train loss: 852771602432.00 | eps: 0.8964 | alpha: 0.8005 | beta: 0.2020
2024-03-12 18:09:06,051 - INFO - 253     /100000     episodes | train score: 7.24   | train loss: 882549522432.00 | eps: 0.8964 | alpha: 0.8005 | beta: 0.2020
2024-03-12 18:09:06,495 - INFO - 254     /100000     episodes | train score: 8.30   | train loss: 888930107392.00 | eps: 0.8964 | alpha: 0.8005 | beta: 0.2020
2024-03-12 18:09:06,927 - INFO - 255     /100000     episodes | train score: 16.62  | train loss: 862880661504.00 | eps: 0.8964 | alpha: 0.8005 | beta: 0.2020
2024-03-12 18:09:07,385 - INFO - 256     /100000     episodes | train score: 7.00   | train loss: 894857052160.00 | eps: 0.8964 | alpha: 0.8005 | beta: 0.2020
2024-03-12 18:09:07,831 - INFO - 257     /100000     episodes | train score: -1.72  | train loss: 913666408448.00 | eps: 0.8964 | alpha: 0.8005 | beta: 0.2021
2024-03-12 18:09:08,305 - INFO - 258     /100000     episodes | train score: -3.00  | train loss: 903590051840.00 | eps: 0.8964 | alpha: 0.8005 | beta: 0.2021
2024-03-12 18:09:08,715 - INFO - 259     /100000     episodes | train score: 0.20   | train loss: 930906767360.00 | eps: 0.8963 | alpha: 0.8005 | beta: 0.2021
2024-03-12 18:09:09,175 - INFO - 260     /100000     episodes | train score: -2.00  | train loss: 914135252992.00 | eps: 0.8963 | alpha: 0.8005 | beta: 0.2021
2024-03-12 18:09:09,605 - INFO - avg test score: -2.00 
2024-03-12 18:09:10,064 - INFO - 261     /100000     episodes | train score: -21.00 | train loss: 924541386752.00 | eps: 0.8963 | alpha: 0.8005 | beta: 0.2021
2024-03-12 18:09:10,538 - INFO - 262     /100000     episodes | train score: -12.00 | train loss: 1331480756224.00 | eps: 0.8963 | alpha: 0.8005 | beta: 0.2021
2024-03-12 18:09:11,003 - INFO - 263     /100000     episodes | train score: -3.00  | train loss: 1271155261440.00 | eps: 0.8963 | alpha: 0.8005 | beta: 0.2021
2024-03-12 18:09:11,442 - INFO - 264     /100000     episodes | train score: -0.20  | train loss: 1302436249600.00 | eps: 0.8963 | alpha: 0.8005 | beta: 0.2021
2024-03-12 18:09:11,907 - INFO - 265     /100000     episodes | train score: -2.00  | train loss: 1279023120384.00 | eps: 0.8963 | alpha: 0.8005 | beta: 0.2021
