2024-03-12 20:01:53,707 - INFO - ============================================================
2024-03-12 20:01:53,707 - INFO - use_wandb                     | True
2024-03-12 20:01:53,707 - INFO - entity_name                   | singfor7012
2024-03-12 20:01:53,707 - INFO - env_name                      | ma_gym:Checkers-v0
2024-03-12 20:01:53,707 - INFO - experiment_name               | vdn
2024-03-12 20:01:53,707 - INFO - use_cuda                      | False
2024-03-12 20:01:53,707 - INFO - n_training_threads            | 12
2024-03-12 20:01:53,707 - INFO - use_render                    | False
2024-03-12 20:01:53,707 - INFO - use_time_sleep                | False
2024-03-12 20:01:53,707 - INFO - sleep_second                  | 0.5
2024-03-12 20:01:53,707 - INFO - seed                          | 42
2024-03-12 20:01:53,707 - INFO - fix_seed                      | True
2024-03-12 20:01:53,707 - INFO - epsilon_anneal_episode        | 60000
2024-03-12 20:01:53,707 - INFO - max_epsilon                   | 0.9
2024-03-12 20:01:53,707 - INFO - min_epsilon                   | 0.05
2024-03-12 20:01:53,707 - INFO - lr                            | 1e-05
2024-03-12 20:01:53,707 - INFO - gamma                         | 0.99
2024-03-12 20:01:53,707 - INFO - batch_size                    | 32
2024-03-12 20:01:53,707 - INFO - max_episodes                  | 100000
2024-03-12 20:01:53,708 - INFO - max_step                      | 100
2024-03-12 20:01:53,708 - INFO - step_cost                     | -0.01
2024-03-12 20:01:53,708 - INFO - chunk_size                    | 10
2024-03-12 20:01:53,708 - INFO - update_iter                   | 5
2024-03-12 20:01:53,708 - INFO - update_target_interval        | 20
2024-03-12 20:01:53,708 - INFO - grad_clip_norm                | 0.01
2024-03-12 20:01:53,708 - INFO - decide_target                 | double_dqn
2024-03-12 20:01:53,708 - INFO - decide_network                | q_net
2024-03-12 20:01:53,708 - INFO - use_recurrent                 | True
2024-03-12 20:01:53,708 - INFO - test_interval                 | 10
2024-03-12 20:01:53,708 - INFO - test_episodes                 | 10
2024-03-12 20:01:53,708 - INFO - buffer_limit                  | 2000
2024-03-12 20:01:53,708 - INFO - eps                           | 1e-06
2024-03-12 20:01:53,708 - INFO - alpha                         | 0.8
2024-03-12 20:01:53,708 - INFO - beta                          | 0.2
2024-03-12 20:01:53,708 - INFO - update_alpha_beta             | True
2024-03-12 20:01:53,708 - INFO - Device: cpu
2024-03-12 20:01:53,708 - INFO - ============================================================
2024-03-12 20:02:07,973 - INFO - 1       /100000     episodes | train score: -1.86  | train loss: 99.10   | eps: 0.9000 | alpha: 0.8000 | beta: 0.2000
2024-03-12 20:02:08,165 - INFO - 2       /100000     episodes | train score: -1.10  | train loss: 79.03   | eps: 0.9000 | alpha: 0.8000 | beta: 0.2000
2024-03-12 20:02:08,380 - INFO - 3       /100000     episodes | train score: -1.56  | train loss: 73.94   | eps: 0.9000 | alpha: 0.8000 | beta: 0.2000
2024-03-12 20:02:08,556 - INFO - 4       /100000     episodes | train score: 20.28  | train loss: 41.31   | eps: 0.9000 | alpha: 0.8000 | beta: 0.2000
2024-03-12 20:02:08,750 - INFO - 5       /100000     episodes | train score: -9.14  | train loss: 54.15   | eps: 0.8999 | alpha: 0.8000 | beta: 0.2000
2024-03-12 20:02:08,962 - INFO - 6       /100000     episodes | train score: 18.22  | train loss: 46.00   | eps: 0.8999 | alpha: 0.8000 | beta: 0.2000
2024-03-12 20:02:09,181 - INFO - 7       /100000     episodes | train score: -0.94  | train loss: 41.94   | eps: 0.8999 | alpha: 0.8000 | beta: 0.2001
2024-03-12 20:02:09,394 - INFO - 8       /100000     episodes | train score: -9.84  | train loss: 31.32   | eps: 0.8999 | alpha: 0.8000 | beta: 0.2001
2024-03-12 20:02:09,614 - INFO - 9       /100000     episodes | train score: -3.00  | train loss: 41.23   | eps: 0.8999 | alpha: 0.8000 | beta: 0.2001
2024-03-12 20:02:09,847 - INFO - 10      /100000     episodes | train score: -2.00  | train loss: 28.82   | eps: 0.8999 | alpha: 0.8000 | beta: 0.2001
2024-03-12 20:02:10,206 - INFO - avg test score: -2.00 
2024-03-12 20:02:10,416 - INFO - 11      /100000     episodes | train score: 8.28   | train loss: 43.42   | eps: 0.8999 | alpha: 0.8000 | beta: 0.2001
2024-03-12 20:02:10,637 - INFO - 12      /100000     episodes | train score: -13.00 | train loss: 38.20   | eps: 0.8998 | alpha: 0.8000 | beta: 0.2001
2024-03-12 20:02:10,860 - INFO - 13      /100000     episodes | train score: -21.00 | train loss: 46.82   | eps: 0.8998 | alpha: 0.8000 | beta: 0.2001
2024-03-12 20:02:11,048 - INFO - 14      /100000     episodes | train score: -0.92  | train loss: 42.67   | eps: 0.8998 | alpha: 0.8000 | beta: 0.2001
2024-03-12 20:02:11,267 - INFO - 15      /100000     episodes | train score: -3.00  | train loss: 44.92   | eps: 0.8998 | alpha: 0.8000 | beta: 0.2001
2024-03-12 20:02:11,485 - INFO - 16      /100000     episodes | train score: 6.00   | train loss: 45.56   | eps: 0.8998 | alpha: 0.8000 | beta: 0.2001
2024-03-12 20:02:11,705 - INFO - 17      /100000     episodes | train score: -22.00 | train loss: 41.84   | eps: 0.8998 | alpha: 0.8000 | beta: 0.2001
2024-03-12 20:02:11,923 - INFO - 18      /100000     episodes | train score: -12.00 | train loss: 50.52   | eps: 0.8998 | alpha: 0.8000 | beta: 0.2001
2024-03-12 20:02:12,145 - INFO - 19      /100000     episodes | train score: -31.00 | train loss: 52.52   | eps: 0.8997 | alpha: 0.8000 | beta: 0.2002
2024-03-12 20:02:12,366 - INFO - 20      /100000     episodes | train score: 6.00   | train loss: 59.53   | eps: 0.8997 | alpha: 0.8000 | beta: 0.2002
2024-03-12 20:02:12,723 - INFO - avg test score: -2.00 
2024-03-12 20:02:12,940 - INFO - 21      /100000     episodes | train score: -12.00 | train loss: 46.38   | eps: 0.8997 | alpha: 0.8000 | beta: 0.2002
2024-03-12 20:02:13,129 - INFO - 22      /100000     episodes | train score: 1.94   | train loss: 55.23   | eps: 0.8997 | alpha: 0.8000 | beta: 0.2002
2024-03-12 20:02:13,350 - INFO - 23      /100000     episodes | train score: 7.00   | train loss: 46.88   | eps: 0.8997 | alpha: 0.8000 | beta: 0.2002
2024-03-12 20:02:13,550 - INFO - 24      /100000     episodes | train score: -10.40 | train loss: 53.41   | eps: 0.8997 | alpha: 0.8000 | beta: 0.2002
2024-03-12 20:02:13,771 - INFO - 25      /100000     episodes | train score: -1.00  | train loss: 57.71   | eps: 0.8997 | alpha: 0.8001 | beta: 0.2002
2024-03-12 20:02:13,990 - INFO - 26      /100000     episodes | train score: -2.00  | train loss: 46.85   | eps: 0.8996 | alpha: 0.8001 | beta: 0.2002
2024-03-12 20:02:14,211 - INFO - 27      /100000     episodes | train score: 7.00   | train loss: 74.79   | eps: 0.8996 | alpha: 0.8001 | beta: 0.2002
2024-03-12 20:02:14,427 - INFO - 28      /100000     episodes | train score: 16.00  | train loss: 67.97   | eps: 0.8996 | alpha: 0.8001 | beta: 0.2002
2024-03-12 20:02:14,628 - INFO - 29      /100000     episodes | train score: 9.46   | train loss: 56.32   | eps: 0.8996 | alpha: 0.8001 | beta: 0.2002
2024-03-12 20:02:14,840 - INFO - 30      /100000     episodes | train score: -19.88 | train loss: 52.73   | eps: 0.8996 | alpha: 0.8001 | beta: 0.2002
2024-03-12 20:02:15,196 - INFO - avg test score: -2.00 
2024-03-12 20:02:15,412 - INFO - 31      /100000     episodes | train score: 7.00   | train loss: 50.62   | eps: 0.8996 | alpha: 0.8001 | beta: 0.2002
2024-03-12 20:02:15,605 - INFO - 32      /100000     episodes | train score: 8.68   | train loss: 66.80   | eps: 0.8996 | alpha: 0.8001 | beta: 0.2003
2024-03-12 20:02:15,823 - INFO - 33      /100000     episodes | train score: -10.00 | train loss: 55.56   | eps: 0.8995 | alpha: 0.8001 | beta: 0.2003
2024-03-12 20:02:16,038 - INFO - 34      /100000     episodes | train score: -12.00 | train loss: 61.42   | eps: 0.8995 | alpha: 0.8001 | beta: 0.2003
2024-03-12 20:02:16,256 - INFO - 35      /100000     episodes | train score: -2.00  | train loss: 59.33   | eps: 0.8995 | alpha: 0.8001 | beta: 0.2003
2024-03-12 20:02:16,474 - INFO - 36      /100000     episodes | train score: -11.00 | train loss: 65.99   | eps: 0.8995 | alpha: 0.8001 | beta: 0.2003
2024-03-12 20:02:16,689 - INFO - 37      /100000     episodes | train score: -1.92  | train loss: 62.88   | eps: 0.8995 | alpha: 0.8001 | beta: 0.2003
2024-03-12 20:02:16,895 - INFO - 38      /100000     episodes | train score: -0.66  | train loss: 57.05   | eps: 0.8995 | alpha: 0.8001 | beta: 0.2003
2024-03-12 20:02:17,112 - INFO - 39      /100000     episodes | train score: -11.00 | train loss: 68.52   | eps: 0.8995 | alpha: 0.8001 | beta: 0.2003
2024-03-12 20:02:17,313 - INFO - 40      /100000     episodes | train score: -1.48  | train loss: 55.23   | eps: 0.8994 | alpha: 0.8001 | beta: 0.2003
2024-03-12 20:02:17,672 - INFO - avg test score: -2.00 
2024-03-12 20:02:17,893 - INFO - 41      /100000     episodes | train score: -12.00 | train loss: 65.99   | eps: 0.8994 | alpha: 0.8001 | beta: 0.2003
2024-03-12 20:02:18,111 - INFO - 42      /100000     episodes | train score: -3.00  | train loss: 65.49   | eps: 0.8994 | alpha: 0.8001 | beta: 0.2003
2024-03-12 20:02:18,324 - INFO - 43      /100000     episodes | train score: 16.16  | train loss: 70.92   | eps: 0.8994 | alpha: 0.8001 | beta: 0.2003
2024-03-12 20:02:18,550 - INFO - 44      /100000     episodes | train score: -4.00  | train loss: 53.14   | eps: 0.8994 | alpha: 0.8001 | beta: 0.2004
2024-03-12 20:02:18,777 - INFO - 45      /100000     episodes | train score: 7.14   | train loss: 62.92   | eps: 0.8994 | alpha: 0.8001 | beta: 0.2004
2024-03-12 20:02:18,976 - INFO - 46      /100000     episodes | train score: 8.76   | train loss: 67.10   | eps: 0.8994 | alpha: 0.8001 | beta: 0.2004
2024-03-12 20:02:19,204 - INFO - 47      /100000     episodes | train score: -20.00 | train loss: 59.88   | eps: 0.8993 | alpha: 0.8001 | beta: 0.2004
2024-03-12 20:02:19,549 - INFO - 48      /100000     episodes | train score: -12.00 | train loss: 61.94   | eps: 0.8993 | alpha: 0.8001 | beta: 0.2004
2024-03-12 20:02:19,780 - INFO - 49      /100000     episodes | train score: -11.00 | train loss: 64.89   | eps: 0.8993 | alpha: 0.8001 | beta: 0.2004
2024-03-12 20:02:20,000 - INFO - 50      /100000     episodes | train score: 7.14   | train loss: 61.60   | eps: 0.8993 | alpha: 0.8001 | beta: 0.2004
2024-03-12 20:02:20,384 - INFO - avg test score: -2.00 
2024-03-12 20:02:20,616 - INFO - 51      /100000     episodes | train score: -12.00 | train loss: 60.09   | eps: 0.8993 | alpha: 0.8001 | beta: 0.2004
2024-03-12 20:02:20,845 - INFO - 52      /100000     episodes | train score: 6.00   | train loss: 53.18   | eps: 0.8993 | alpha: 0.8001 | beta: 0.2004
2024-03-12 20:02:21,056 - INFO - 53      /100000     episodes | train score: -0.32  | train loss: 51.52   | eps: 0.8993 | alpha: 0.8001 | beta: 0.2004
2024-03-12 20:02:21,251 - INFO - 54      /100000     episodes | train score: -1.00  | train loss: 51.86   | eps: 0.8992 | alpha: 0.8001 | beta: 0.2004
2024-03-12 20:02:21,484 - INFO - 55      /100000     episodes | train score: -21.00 | train loss: 72.99   | eps: 0.8992 | alpha: 0.8001 | beta: 0.2004
2024-03-12 20:02:21,721 - INFO - 56      /100000     episodes | train score: -3.00  | train loss: 71.54   | eps: 0.8992 | alpha: 0.8001 | beta: 0.2004
2024-03-12 20:02:21,949 - INFO - 57      /100000     episodes | train score: -2.00  | train loss: 63.16   | eps: 0.8992 | alpha: 0.8001 | beta: 0.2005
2024-03-12 20:02:22,173 - INFO - 58      /100000     episodes | train score: -2.00  | train loss: 53.04   | eps: 0.8992 | alpha: 0.8001 | beta: 0.2005
2024-03-12 20:02:22,387 - INFO - 59      /100000     episodes | train score: 8.18   | train loss: 59.96   | eps: 0.8992 | alpha: 0.8001 | beta: 0.2005
2024-03-12 20:02:22,683 - INFO - 60      /100000     episodes | train score: -3.00  | train loss: 64.83   | eps: 0.8992 | alpha: 0.8001 | beta: 0.2005
2024-03-12 20:02:23,062 - INFO - avg test score: -2.00 
2024-03-12 20:02:23,277 - INFO - 61      /100000     episodes | train score: -1.72  | train loss: 53.18   | eps: 0.8992 | alpha: 0.8001 | beta: 0.2005
2024-03-12 20:02:23,493 - INFO - 62      /100000     episodes | train score: -1.90  | train loss: 57.65   | eps: 0.8991 | alpha: 0.8001 | beta: 0.2005
2024-03-12 20:02:23,725 - INFO - 63      /100000     episodes | train score: -2.00  | train loss: 60.91   | eps: 0.8991 | alpha: 0.8001 | beta: 0.2005
2024-03-12 20:02:23,947 - INFO - 64      /100000     episodes | train score: 7.00   | train loss: 58.92   | eps: 0.8991 | alpha: 0.8001 | beta: 0.2005
2024-03-12 20:02:24,147 - INFO - 65      /100000     episodes | train score: 9.72   | train loss: 62.90   | eps: 0.8991 | alpha: 0.8001 | beta: 0.2005
2024-03-12 20:02:24,384 - INFO - 66      /100000     episodes | train score: -2.00  | train loss: 66.46   | eps: 0.8991 | alpha: 0.8001 | beta: 0.2005
2024-03-12 20:02:24,628 - INFO - 67      /100000     episodes | train score: -21.00 | train loss: 59.41   | eps: 0.8991 | alpha: 0.8001 | beta: 0.2005
2024-03-12 20:02:24,863 - INFO - 68      /100000     episodes | train score: 8.34   | train loss: 73.34   | eps: 0.8991 | alpha: 0.8001 | beta: 0.2005
2024-03-12 20:02:25,074 - INFO - 69      /100000     episodes | train score: -0.56  | train loss: 56.63   | eps: 0.8990 | alpha: 0.8001 | beta: 0.2006
2024-03-12 20:02:25,279 - INFO - 70      /100000     episodes | train score: -0.42  | train loss: 65.90   | eps: 0.8990 | alpha: 0.8001 | beta: 0.2006
2024-03-12 20:02:25,647 - INFO - avg test score: -2.00 
2024-03-12 20:02:25,877 - INFO - 71      /100000     episodes | train score: -9.78  | train loss: 54.51   | eps: 0.8990 | alpha: 0.8001 | beta: 0.2006
2024-03-12 20:02:26,121 - INFO - 72      /100000     episodes | train score: 7.00   | train loss: 58.39   | eps: 0.8990 | alpha: 0.8001 | beta: 0.2006
2024-03-12 20:02:26,373 - INFO - 73      /100000     episodes | train score: -12.00 | train loss: 68.38   | eps: 0.8990 | alpha: 0.8001 | beta: 0.2006
2024-03-12 20:02:26,679 - INFO - 74      /100000     episodes | train score: -3.00  | train loss: 67.19   | eps: 0.8990 | alpha: 0.8001 | beta: 0.2006
2024-03-12 20:02:26,985 - INFO - 75      /100000     episodes | train score: -2.00  | train loss: 64.71   | eps: 0.8990 | alpha: 0.8002 | beta: 0.2006
2024-03-12 20:02:27,291 - INFO - 76      /100000     episodes | train score: 7.00   | train loss: 55.93   | eps: 0.8989 | alpha: 0.8002 | beta: 0.2006
2024-03-12 20:02:27,597 - INFO - 77      /100000     episodes | train score: -2.00  | train loss: 57.86   | eps: 0.8989 | alpha: 0.8002 | beta: 0.2006
2024-03-12 20:02:27,897 - INFO - 78      /100000     episodes | train score: -19.86 | train loss: 64.98   | eps: 0.8989 | alpha: 0.8002 | beta: 0.2006
2024-03-12 20:02:28,185 - INFO - 79      /100000     episodes | train score: 17.38  | train loss: 61.30   | eps: 0.8989 | alpha: 0.8002 | beta: 0.2006
2024-03-12 20:02:28,491 - INFO - 80      /100000     episodes | train score: -12.00 | train loss: 74.96   | eps: 0.8989 | alpha: 0.8002 | beta: 0.2006
2024-03-12 20:02:28,911 - INFO - avg test score: -2.00 
2024-03-12 20:02:29,154 - INFO - 81      /100000     episodes | train score: 7.00   | train loss: 70.52   | eps: 0.8989 | alpha: 0.8002 | beta: 0.2006
2024-03-12 20:02:29,375 - INFO - 82      /100000     episodes | train score: -3.00  | train loss: 64.99   | eps: 0.8989 | alpha: 0.8002 | beta: 0.2007
2024-03-12 20:02:29,605 - INFO - 83      /100000     episodes | train score: -11.00 | train loss: 70.21   | eps: 0.8988 | alpha: 0.8002 | beta: 0.2007
2024-03-12 20:02:29,802 - INFO - 84      /100000     episodes | train score: 9.16   | train loss: 57.61   | eps: 0.8988 | alpha: 0.8002 | beta: 0.2007
2024-03-12 20:02:30,029 - INFO - 85      /100000     episodes | train score: -2.00  | train loss: 60.12   | eps: 0.8988 | alpha: 0.8002 | beta: 0.2007
2024-03-12 20:02:30,293 - INFO - 86      /100000     episodes | train score: -12.00 | train loss: 59.27   | eps: 0.8988 | alpha: 0.8002 | beta: 0.2007
2024-03-12 20:02:30,497 - INFO - 87      /100000     episodes | train score: -0.64  | train loss: 73.23   | eps: 0.8988 | alpha: 0.8002 | beta: 0.2007
2024-03-12 20:02:30,694 - INFO - 88      /100000     episodes | train score: 0.92   | train loss: 57.11   | eps: 0.8988 | alpha: 0.8002 | beta: 0.2007
2024-03-12 20:02:30,962 - INFO - 89      /100000     episodes | train score: 6.00   | train loss: 62.46   | eps: 0.8988 | alpha: 0.8002 | beta: 0.2007
2024-03-12 20:02:31,237 - INFO - 90      /100000     episodes | train score: -1.00  | train loss: 56.07   | eps: 0.8987 | alpha: 0.8002 | beta: 0.2007
2024-03-12 20:02:31,619 - INFO - avg test score: -2.00 
2024-03-12 20:02:31,828 - INFO - 91      /100000     episodes | train score: -10.36 | train loss: 69.25   | eps: 0.8987 | alpha: 0.8002 | beta: 0.2007
2024-03-12 20:02:32,072 - INFO - 92      /100000     episodes | train score: 18.54  | train loss: 59.18   | eps: 0.8987 | alpha: 0.8002 | beta: 0.2007
2024-03-12 20:02:32,378 - INFO - 93      /100000     episodes | train score: -1.28  | train loss: 61.54   | eps: 0.8987 | alpha: 0.8002 | beta: 0.2007
2024-03-12 20:02:32,627 - INFO - 94      /100000     episodes | train score: 7.06   | train loss: 58.63   | eps: 0.8987 | alpha: 0.8002 | beta: 0.2008
2024-03-12 20:02:32,862 - INFO - 95      /100000     episodes | train score: -13.00 | train loss: 61.63   | eps: 0.8987 | alpha: 0.8002 | beta: 0.2008
2024-03-12 20:02:33,142 - INFO - 96      /100000     episodes | train score: 8.00   | train loss: 52.35   | eps: 0.8987 | alpha: 0.8002 | beta: 0.2008
2024-03-12 20:02:33,393 - INFO - 97      /100000     episodes | train score: -2.00  | train loss: 70.93   | eps: 0.8986 | alpha: 0.8002 | beta: 0.2008
2024-03-12 20:02:33,588 - INFO - 98      /100000     episodes | train score: 18.34  | train loss: 72.06   | eps: 0.8986 | alpha: 0.8002 | beta: 0.2008
2024-03-12 20:02:33,834 - INFO - 99      /100000     episodes | train score: -21.00 | train loss: 81.16   | eps: 0.8986 | alpha: 0.8002 | beta: 0.2008
2024-03-12 20:02:34,081 - INFO - 100     /100000     episodes | train score: 15.00  | train loss: 69.27   | eps: 0.8986 | alpha: 0.8002 | beta: 0.2008
2024-03-12 20:02:34,450 - INFO - avg test score: -2.00 
2024-03-12 20:02:34,679 - INFO - 101     /100000     episodes | train score: -12.00 | train loss: 58.93   | eps: 0.8986 | alpha: 0.8002 | beta: 0.2008
2024-03-12 20:02:34,904 - INFO - 102     /100000     episodes | train score: -3.00  | train loss: 57.74   | eps: 0.8986 | alpha: 0.8002 | beta: 0.2008
2024-03-12 20:02:35,108 - INFO - 103     /100000     episodes | train score: -1.24  | train loss: 71.48   | eps: 0.8986 | alpha: 0.8002 | beta: 0.2008
2024-03-12 20:02:35,339 - INFO - 104     /100000     episodes | train score: 7.00   | train loss: 59.61   | eps: 0.8985 | alpha: 0.8002 | beta: 0.2008
2024-03-12 20:02:35,574 - INFO - 105     /100000     episodes | train score: -11.00 | train loss: 63.16   | eps: 0.8985 | alpha: 0.8002 | beta: 0.2008
2024-03-12 20:02:35,804 - INFO - 106     /100000     episodes | train score: -12.00 | train loss: 56.56   | eps: 0.8985 | alpha: 0.8002 | beta: 0.2008
2024-03-12 20:02:35,994 - INFO - 107     /100000     episodes | train score: 0.10   | train loss: 77.90   | eps: 0.8985 | alpha: 0.8002 | beta: 0.2009
2024-03-12 20:02:36,224 - INFO - 108     /100000     episodes | train score: 6.00   | train loss: 56.22   | eps: 0.8985 | alpha: 0.8002 | beta: 0.2009
2024-03-12 20:02:36,448 - INFO - 109     /100000     episodes | train score: -11.00 | train loss: 51.55   | eps: 0.8985 | alpha: 0.8002 | beta: 0.2009
2024-03-12 20:02:36,663 - INFO - 110     /100000     episodes | train score: 16.22  | train loss: 66.55   | eps: 0.8985 | alpha: 0.8002 | beta: 0.2009
2024-03-12 20:02:37,027 - INFO - avg test score: -2.00 
2024-03-12 20:02:37,247 - INFO - 111     /100000     episodes | train score: 6.00   | train loss: 68.75   | eps: 0.8984 | alpha: 0.8002 | beta: 0.2009
2024-03-12 20:02:37,452 - INFO - 112     /100000     episodes | train score: 26.42  | train loss: 59.75   | eps: 0.8984 | alpha: 0.8002 | beta: 0.2009
2024-03-12 20:02:37,666 - INFO - 113     /100000     episodes | train score: -1.50  | train loss: 64.12   | eps: 0.8984 | alpha: 0.8002 | beta: 0.2009
2024-03-12 20:02:37,895 - INFO - 114     /100000     episodes | train score: -12.00 | train loss: 77.70   | eps: 0.8984 | alpha: 0.8002 | beta: 0.2009
2024-03-12 20:02:38,100 - INFO - 115     /100000     episodes | train score: 8.56   | train loss: 70.75   | eps: 0.8984 | alpha: 0.8002 | beta: 0.2009
2024-03-12 20:02:38,319 - INFO - 116     /100000     episodes | train score: -20.00 | train loss: 63.66   | eps: 0.8984 | alpha: 0.8002 | beta: 0.2009
2024-03-12 20:02:38,538 - INFO - 117     /100000     episodes | train score: -4.00  | train loss: 61.17   | eps: 0.8984 | alpha: 0.8002 | beta: 0.2009
2024-03-12 20:02:38,788 - INFO - 118     /100000     episodes | train score: -3.00  | train loss: 59.28   | eps: 0.8983 | alpha: 0.8002 | beta: 0.2009
2024-03-12 20:02:39,033 - INFO - 119     /100000     episodes | train score: 18.06  | train loss: 58.94   | eps: 0.8983 | alpha: 0.8002 | beta: 0.2010
2024-03-12 20:02:39,313 - INFO - 120     /100000     episodes | train score: -1.74  | train loss: 66.97   | eps: 0.8983 | alpha: 0.8002 | beta: 0.2010
2024-03-12 20:02:39,714 - INFO - avg test score: -2.00 
2024-03-12 20:02:39,940 - INFO - 121     /100000     episodes | train score: -8.64  | train loss: 63.01   | eps: 0.8983 | alpha: 0.8002 | beta: 0.2010
2024-03-12 20:02:40,330 - INFO - 122     /100000     episodes | train score: -19.96 | train loss: 65.69   | eps: 0.8983 | alpha: 0.8002 | beta: 0.2010
2024-03-12 20:02:40,745 - INFO - 123     /100000     episodes | train score: -2.00  | train loss: 68.32   | eps: 0.8983 | alpha: 0.8002 | beta: 0.2010
2024-03-12 20:02:41,159 - INFO - 124     /100000     episodes | train score: -12.00 | train loss: 55.95   | eps: 0.8983 | alpha: 0.8002 | beta: 0.2010
2024-03-12 20:02:41,504 - INFO - 125     /100000     episodes | train score: 9.04   | train loss: 55.32   | eps: 0.8982 | alpha: 0.8003 | beta: 0.2010
2024-03-12 20:02:41,864 - INFO - 126     /100000     episodes | train score: 7.88   | train loss: 60.92   | eps: 0.8982 | alpha: 0.8003 | beta: 0.2010
2024-03-12 20:02:42,280 - INFO - 127     /100000     episodes | train score: -12.00 | train loss: 60.45   | eps: 0.8982 | alpha: 0.8003 | beta: 0.2010
2024-03-12 20:02:42,663 - INFO - 128     /100000     episodes | train score: 7.44   | train loss: 53.68   | eps: 0.8982 | alpha: 0.8003 | beta: 0.2010
2024-03-12 20:02:43,076 - INFO - 129     /100000     episodes | train score: -22.00 | train loss: 60.35   | eps: 0.8982 | alpha: 0.8003 | beta: 0.2010
2024-03-12 20:02:43,460 - INFO - 130     /100000     episodes | train score: 0.50   | train loss: 81.19   | eps: 0.8982 | alpha: 0.8003 | beta: 0.2010
2024-03-12 20:02:43,921 - INFO - avg test score: -2.00 
2024-03-12 20:02:44,186 - INFO - 131     /100000     episodes | train score: -0.42  | train loss: 56.62   | eps: 0.8982 | alpha: 0.8003 | beta: 0.2010
2024-03-12 20:02:44,477 - INFO - 132     /100000     episodes | train score: 6.00   | train loss: 58.87   | eps: 0.8981 | alpha: 0.8003 | beta: 0.2011
2024-03-12 20:02:44,873 - INFO - 133     /100000     episodes | train score: 15.00  | train loss: 70.93   | eps: 0.8981 | alpha: 0.8003 | beta: 0.2011
2024-03-12 20:02:45,289 - INFO - 134     /100000     episodes | train score: -3.00  | train loss: 67.80   | eps: 0.8981 | alpha: 0.8003 | beta: 0.2011
2024-03-12 20:02:45,701 - INFO - 135     /100000     episodes | train score: -14.00 | train loss: 80.56   | eps: 0.8981 | alpha: 0.8003 | beta: 0.2011
2024-03-12 20:02:46,114 - INFO - 136     /100000     episodes | train score: -3.00  | train loss: 78.70   | eps: 0.8981 | alpha: 0.8003 | beta: 0.2011
2024-03-12 20:02:46,527 - INFO - 137     /100000     episodes | train score: -12.00 | train loss: 63.96   | eps: 0.8981 | alpha: 0.8003 | beta: 0.2011
