2024-03-18 21:38:09,452 - INFO - ============================================================
2024-03-18 21:38:09,452 - INFO - use_wandb                     | False
2024-03-18 21:38:09,452 - INFO - entity_name                   | singfor7012
2024-03-18 21:38:09,452 - INFO - project_name                  | checker-v0
2024-03-18 21:38:09,452 - INFO - env_name                      | ma_gym:Checkers-v0
2024-03-18 21:38:09,452 - INFO - experiment_name               | vdn
2024-03-18 21:38:09,452 - INFO - use_cuda                      | False
2024-03-18 21:38:09,452 - INFO - n_training_threads            | 12
2024-03-18 21:38:09,452 - INFO - use_render                    | False
2024-03-18 21:38:09,452 - INFO - use_time_sleep                | False
2024-03-18 21:38:09,452 - INFO - sleep_second                  | 0.5
2024-03-18 21:38:09,452 - INFO - seed                          | 42
2024-03-18 21:38:09,452 - INFO - fix_seed                      | True
2024-03-18 21:38:09,452 - INFO - epsilon_anneal_episode        | 15000
2024-03-18 21:38:09,452 - INFO - max_epsilon                   | 0.8
2024-03-18 21:38:09,452 - INFO - min_epsilon                   | 0.05
2024-03-18 21:38:09,452 - INFO - lr                            | 0.001
2024-03-18 21:38:09,452 - INFO - gamma                         | 0.99
2024-03-18 21:38:09,452 - INFO - batch_size                    | 32
2024-03-18 21:38:09,452 - INFO - max_episodes                  | 15000
2024-03-18 21:38:09,452 - INFO - max_step                      | 100
2024-03-18 21:38:09,452 - INFO - step_cost                     | -0.01
2024-03-18 21:38:09,452 - INFO - chunk_size                    | 10
2024-03-18 21:38:09,452 - INFO - update_iter                   | 10
2024-03-18 21:38:09,452 - INFO - update_target_interval        | 20
2024-03-18 21:38:09,452 - INFO - grad_clip_norm                | 5
2024-03-18 21:38:09,452 - INFO - decide_target                 | dqn
2024-03-18 21:38:09,452 - INFO - decide_network                | q_net
2024-03-18 21:38:09,452 - INFO - use_recurrent                 | True
2024-03-18 21:38:09,452 - INFO - test_interval                 | 10
2024-03-18 21:38:09,452 - INFO - test_episodes                 | 20
2024-03-18 21:38:09,452 - INFO - buffer_limit                  | 100
2024-03-18 21:38:09,452 - INFO - eps                           | 1e-06
2024-03-18 21:38:09,452 - INFO - alpha                         | 0.4
2024-03-18 21:38:09,452 - INFO - beta                          | 0.4
2024-03-18 21:38:09,452 - INFO - update_alpha_beta             | True
2024-03-18 21:38:09,452 - INFO - use_step_weight               | True
2024-03-18 21:38:09,452 - INFO - step_weight                   | 0.99
2024-03-18 21:38:09,452 - INFO - Device: cpu
2024-03-18 21:38:09,453 - INFO - ============================================================
2024-03-18 21:38:10,741 - INFO - 1       /15000      episodes | train score: -20.00 | train loss: 44.79   | eps: 0.8000 | alpha: 0.4000 | beta: 0.4000
2024-03-18 21:38:11,031 - INFO - 2       /15000      episodes | train score: -2.00  | train loss: 38.62   | eps: 0.8000 | alpha: 0.4001 | beta: 0.4001
2024-03-18 21:38:11,315 - INFO - 3       /15000      episodes | train score: 17.00  | train loss: 42.86   | eps: 0.7999 | alpha: 0.4001 | beta: 0.4001
2024-03-18 21:38:11,578 - INFO - 4       /15000      episodes | train score: 7.42   | train loss: 48.33   | eps: 0.7999 | alpha: 0.4002 | beta: 0.4002
2024-03-18 21:38:11,856 - INFO - 5       /15000      episodes | train score: 16.00  | train loss: 49.06   | eps: 0.7998 | alpha: 0.4002 | beta: 0.4002
2024-03-18 21:38:12,145 - INFO - 6       /15000      episodes | train score: -12.00 | train loss: 45.35   | eps: 0.7998 | alpha: 0.4002 | beta: 0.4002
2024-03-18 21:38:12,407 - INFO - 7       /15000      episodes | train score: -1.50  | train loss: 47.56   | eps: 0.7997 | alpha: 0.4003 | beta: 0.4003
2024-03-18 21:38:12,714 - INFO - 8       /15000      episodes | train score: -2.00  | train loss: 46.52   | eps: 0.7997 | alpha: 0.4003 | beta: 0.4003
2024-03-18 21:38:13,008 - INFO - 9       /15000      episodes | train score: 6.00   | train loss: 37.05   | eps: 0.7996 | alpha: 0.4004 | beta: 0.4004
2024-03-18 21:38:13,285 - INFO - 10      /15000      episodes | train score: 9.32   | train loss: 33.17   | eps: 0.7996 | alpha: 0.4004 | beta: 0.4004
2024-03-18 21:38:14,602 - INFO - avg test score: -2.00  | avg test loss: 15.30 
2024-03-18 21:38:14,930 - INFO - 11      /15000      episodes | train score: -3.00  | train loss: 26.75   | eps: 0.7995 | alpha: 0.4004 | beta: 0.4004
