2024-03-12 20:00:09,386 - INFO - ============================================================
2024-03-12 20:00:09,386 - INFO - use_wandb                     | True
2024-03-12 20:00:09,386 - INFO - entity_name                   | singfor7012
2024-03-12 20:00:09,386 - INFO - env_name                      | ma_gym:Checkers-v0
2024-03-12 20:00:09,386 - INFO - experiment_name               | vdn
2024-03-12 20:00:09,386 - INFO - use_cuda                      | False
2024-03-12 20:00:09,386 - INFO - n_training_threads            | 12
2024-03-12 20:00:09,386 - INFO - use_render                    | False
2024-03-12 20:00:09,386 - INFO - use_time_sleep                | False
2024-03-12 20:00:09,386 - INFO - sleep_second                  | 0.5
2024-03-12 20:00:09,386 - INFO - seed                          | 42
2024-03-12 20:00:09,386 - INFO - fix_seed                      | True
2024-03-12 20:00:09,386 - INFO - epsilon_anneal_episode        | 60000
2024-03-12 20:00:09,387 - INFO - max_epsilon                   | 0.9
2024-03-12 20:00:09,387 - INFO - min_epsilon                   | 0.05
2024-03-12 20:00:09,387 - INFO - lr                            | 1e-05
2024-03-12 20:00:09,387 - INFO - gamma                         | 0.99
2024-03-12 20:00:09,387 - INFO - batch_size                    | 32
2024-03-12 20:00:09,387 - INFO - max_episodes                  | 100000
2024-03-12 20:00:09,387 - INFO - max_step                      | 100
2024-03-12 20:00:09,387 - INFO - step_cost                     | -0.01
2024-03-12 20:00:09,387 - INFO - chunk_size                    | 10
2024-03-12 20:00:09,387 - INFO - update_iter                   | 1
2024-03-12 20:00:09,387 - INFO - update_target_interval        | 5
2024-03-12 20:00:09,387 - INFO - grad_clip_norm                | 0.01
2024-03-12 20:00:09,387 - INFO - decide_target                 | double_dqn
2024-03-12 20:00:09,387 - INFO - decide_network                | q_net
2024-03-12 20:00:09,387 - INFO - use_recurrent                 | True
2024-03-12 20:00:09,387 - INFO - test_interval                 | 10
2024-03-12 20:00:09,387 - INFO - test_episodes                 | 10
2024-03-12 20:00:09,387 - INFO - buffer_limit                  | 2000
2024-03-12 20:00:09,387 - INFO - eps                           | 1e-06
2024-03-12 20:00:09,387 - INFO - alpha                         | 0.8
2024-03-12 20:00:09,387 - INFO - beta                          | 0.2
2024-03-12 20:00:09,387 - INFO - update_alpha_beta             | True
2024-03-12 20:00:09,387 - INFO - Device: cpu
2024-03-12 20:00:09,387 - INFO - ============================================================
2024-03-12 20:00:23,591 - INFO - 1       /100000     episodes | train score: -1.86  | train loss: 81.41   | eps: 0.9000 | alpha: 0.8000 | beta: 0.2000
2024-03-12 20:00:23,660 - INFO - 2       /100000     episodes | train score: -9.12  | train loss: 96.39   | eps: 0.9000 | alpha: 0.8000 | beta: 0.2000
2024-03-12 20:00:23,758 - INFO - 3       /100000     episodes | train score: -2.00  | train loss: 79.88   | eps: 0.9000 | alpha: 0.8000 | beta: 0.2000
2024-03-12 20:00:23,848 - INFO - 4       /100000     episodes | train score: -1.80  | train loss: 74.75   | eps: 0.9000 | alpha: 0.8000 | beta: 0.2000
2024-03-12 20:00:23,944 - INFO - 5       /100000     episodes | train score: -0.94  | train loss: 85.91   | eps: 0.8999 | alpha: 0.8000 | beta: 0.2000
2024-03-12 20:00:24,043 - INFO - 6       /100000     episodes | train score: 7.00   | train loss: 50.10   | eps: 0.8999 | alpha: 0.8000 | beta: 0.2000
2024-03-12 20:00:24,142 - INFO - 7       /100000     episodes | train score: -3.00  | train loss: 86.26   | eps: 0.8999 | alpha: 0.8000 | beta: 0.2001
2024-03-12 20:00:24,204 - INFO - 8       /100000     episodes | train score: 9.06   | train loss: 89.52   | eps: 0.8999 | alpha: 0.8000 | beta: 0.2001
2024-03-12 20:00:24,301 - INFO - 9       /100000     episodes | train score: -20.00 | train loss: 100.39  | eps: 0.8999 | alpha: 0.8000 | beta: 0.2001
2024-03-12 20:00:24,397 - INFO - 10      /100000     episodes | train score: 7.12   | train loss: 55.38   | eps: 0.8999 | alpha: 0.8000 | beta: 0.2001
2024-03-12 20:00:24,756 - INFO - avg test score: -2.00 
2024-03-12 20:00:24,857 - INFO - 11      /100000     episodes | train score: -3.00  | train loss: 66.53   | eps: 0.8999 | alpha: 0.8000 | beta: 0.2001
2024-03-12 20:00:24,941 - INFO - 12      /100000     episodes | train score: 7.42   | train loss: 81.39   | eps: 0.8998 | alpha: 0.8000 | beta: 0.2001
2024-03-12 20:00:25,038 - INFO - 13      /100000     episodes | train score: 7.00   | train loss: 77.36   | eps: 0.8998 | alpha: 0.8000 | beta: 0.2001
2024-03-12 20:00:25,138 - INFO - 14      /100000     episodes | train score: -2.00  | train loss: 71.20   | eps: 0.8998 | alpha: 0.8000 | beta: 0.2001
2024-03-12 20:00:25,212 - INFO - 15      /100000     episodes | train score: 8.84   | train loss: 52.51   | eps: 0.8998 | alpha: 0.8000 | beta: 0.2001
2024-03-12 20:00:25,313 - INFO - 16      /100000     episodes | train score: -11.00 | train loss: 64.86   | eps: 0.8998 | alpha: 0.8000 | beta: 0.2001
2024-03-12 20:00:25,417 - INFO - 17      /100000     episodes | train score: -2.00  | train loss: 75.75   | eps: 0.8998 | alpha: 0.8000 | beta: 0.2001
2024-03-12 20:00:25,519 - INFO - 18      /100000     episodes | train score: -12.00 | train loss: 62.95   | eps: 0.8998 | alpha: 0.8000 | beta: 0.2001
2024-03-12 20:00:25,612 - INFO - 19      /100000     episodes | train score: 16.36  | train loss: 58.57   | eps: 0.8997 | alpha: 0.8000 | beta: 0.2002
2024-03-12 20:00:25,709 - INFO - 20      /100000     episodes | train score: -11.00 | train loss: 47.44   | eps: 0.8997 | alpha: 0.8000 | beta: 0.2002
2024-03-12 20:00:26,090 - INFO - avg test score: -2.00 
2024-03-12 20:00:26,174 - INFO - 21      /100000     episodes | train score: 35.54  | train loss: 84.43   | eps: 0.8997 | alpha: 0.8000 | beta: 0.2002
2024-03-12 20:00:26,270 - INFO - 22      /100000     episodes | train score: -1.92  | train loss: 58.57   | eps: 0.8997 | alpha: 0.8000 | beta: 0.2002
2024-03-12 20:00:26,347 - INFO - 23      /100000     episodes | train score: -0.24  | train loss: 68.57   | eps: 0.8997 | alpha: 0.8000 | beta: 0.2002
2024-03-12 20:00:26,418 - INFO - 24      /100000     episodes | train score: -9.22  | train loss: 60.20   | eps: 0.8997 | alpha: 0.8000 | beta: 0.2002
2024-03-12 20:00:26,496 - INFO - 25      /100000     episodes | train score: 17.68  | train loss: 39.66   | eps: 0.8997 | alpha: 0.8000 | beta: 0.2002
2024-03-12 20:00:26,597 - INFO - 26      /100000     episodes | train score: 7.00   | train loss: 58.07   | eps: 0.8996 | alpha: 0.8001 | beta: 0.2002
2024-03-12 20:00:26,665 - INFO - 27      /100000     episodes | train score: -18.00 | train loss: 65.05   | eps: 0.8996 | alpha: 0.8001 | beta: 0.2002
2024-03-12 20:00:26,763 - INFO - 28      /100000     episodes | train score: -2.00  | train loss: 48.44   | eps: 0.8996 | alpha: 0.8001 | beta: 0.2002
2024-03-12 20:00:26,864 - INFO - 29      /100000     episodes | train score: 0.06   | train loss: 53.39   | eps: 0.8996 | alpha: 0.8001 | beta: 0.2002
2024-03-12 20:00:26,948 - INFO - 30      /100000     episodes | train score: -8.48  | train loss: 47.66   | eps: 0.8996 | alpha: 0.8001 | beta: 0.2002
2024-03-12 20:00:27,306 - INFO - avg test score: -2.00 
2024-03-12 20:00:27,370 - INFO - 31      /100000     episodes | train score: 0.12   | train loss: 29.12   | eps: 0.8996 | alpha: 0.8001 | beta: 0.2002
2024-03-12 20:00:27,471 - INFO - 32      /100000     episodes | train score: -3.00  | train loss: 70.22   | eps: 0.8996 | alpha: 0.8001 | beta: 0.2003
2024-03-12 20:00:27,573 - INFO - 33      /100000     episodes | train score: -22.00 | train loss: 70.65   | eps: 0.8995 | alpha: 0.8001 | beta: 0.2003
2024-03-12 20:00:27,653 - INFO - 34      /100000     episodes | train score: -1.28  | train loss: 52.53   | eps: 0.8995 | alpha: 0.8001 | beta: 0.2003
2024-03-12 20:00:27,751 - INFO - 35      /100000     episodes | train score: 7.00   | train loss: 40.73   | eps: 0.8995 | alpha: 0.8001 | beta: 0.2003
2024-03-12 20:00:27,830 - INFO - 36      /100000     episodes | train score: -0.16  | train loss: 46.68   | eps: 0.8995 | alpha: 0.8001 | beta: 0.2003
2024-03-12 20:00:27,927 - INFO - 37      /100000     episodes | train score: -1.00  | train loss: 49.15   | eps: 0.8995 | alpha: 0.8001 | beta: 0.2003
2024-03-12 20:00:28,026 - INFO - 38      /100000     episodes | train score: -3.00  | train loss: 41.40   | eps: 0.8995 | alpha: 0.8001 | beta: 0.2003
2024-03-12 20:00:28,077 - INFO - 39      /100000     episodes | train score: -0.64  | train loss: 37.21   | eps: 0.8995 | alpha: 0.8001 | beta: 0.2003
2024-03-12 20:00:28,176 - INFO - 40      /100000     episodes | train score: -2.00  | train loss: 45.23   | eps: 0.8994 | alpha: 0.8001 | beta: 0.2003
2024-03-12 20:00:28,534 - INFO - avg test score: -2.00 
2024-03-12 20:00:28,622 - INFO - 41      /100000     episodes | train score: -9.72  | train loss: 55.52   | eps: 0.8994 | alpha: 0.8001 | beta: 0.2003
2024-03-12 20:00:28,700 - INFO - 42      /100000     episodes | train score: -1.34  | train loss: 65.91   | eps: 0.8994 | alpha: 0.8001 | beta: 0.2003
2024-03-12 20:00:28,797 - INFO - 43      /100000     episodes | train score: 8.00   | train loss: 39.11   | eps: 0.8994 | alpha: 0.8001 | beta: 0.2003
2024-03-12 20:00:28,888 - INFO - 44      /100000     episodes | train score: -1.80  | train loss: 39.96   | eps: 0.8994 | alpha: 0.8001 | beta: 0.2004
2024-03-12 20:00:28,955 - INFO - 45      /100000     episodes | train score: -1.06  | train loss: 40.95   | eps: 0.8994 | alpha: 0.8001 | beta: 0.2004
2024-03-12 20:00:29,054 - INFO - 46      /100000     episodes | train score: 7.00   | train loss: 27.02   | eps: 0.8994 | alpha: 0.8001 | beta: 0.2004
2024-03-12 20:00:29,112 - INFO - 47      /100000     episodes | train score: -0.80  | train loss: 49.37   | eps: 0.8993 | alpha: 0.8001 | beta: 0.2004
2024-03-12 20:00:29,210 - INFO - 48      /100000     episodes | train score: -3.00  | train loss: 48.21   | eps: 0.8993 | alpha: 0.8001 | beta: 0.2004
2024-03-12 20:00:29,297 - INFO - 49      /100000     episodes | train score: 7.32   | train loss: 39.89   | eps: 0.8993 | alpha: 0.8001 | beta: 0.2004
2024-03-12 20:00:29,396 - INFO - 50      /100000     episodes | train score: -12.00 | train loss: 36.92   | eps: 0.8993 | alpha: 0.8001 | beta: 0.2004
2024-03-12 20:00:29,754 - INFO - avg test score: -2.00 
2024-03-12 20:00:29,851 - INFO - 51      /100000     episodes | train score: -2.00  | train loss: 40.16   | eps: 0.8993 | alpha: 0.8001 | beta: 0.2004
2024-03-12 20:00:29,951 - INFO - 52      /100000     episodes | train score: -11.00 | train loss: 28.43   | eps: 0.8993 | alpha: 0.8001 | beta: 0.2004
2024-03-12 20:00:30,048 - INFO - 53      /100000     episodes | train score: 7.00   | train loss: 64.60   | eps: 0.8993 | alpha: 0.8001 | beta: 0.2004
2024-03-12 20:00:30,148 - INFO - 54      /100000     episodes | train score: 8.00   | train loss: 34.11   | eps: 0.8992 | alpha: 0.8001 | beta: 0.2004
2024-03-12 20:00:30,247 - INFO - 55      /100000     episodes | train score: 7.00   | train loss: 49.49   | eps: 0.8992 | alpha: 0.8001 | beta: 0.2004
2024-03-12 20:00:30,344 - INFO - 56      /100000     episodes | train score: -12.00 | train loss: 67.97   | eps: 0.8992 | alpha: 0.8001 | beta: 0.2004
2024-03-12 20:00:30,444 - INFO - 57      /100000     episodes | train score: 7.00   | train loss: 35.11   | eps: 0.8992 | alpha: 0.8001 | beta: 0.2005
2024-03-12 20:00:30,545 - INFO - 58      /100000     episodes | train score: -2.00  | train loss: 45.53   | eps: 0.8992 | alpha: 0.8001 | beta: 0.2005
2024-03-12 20:00:30,609 - INFO - 59      /100000     episodes | train score: 19.10  | train loss: 64.25   | eps: 0.8992 | alpha: 0.8001 | beta: 0.2005
2024-03-12 20:00:30,704 - INFO - 60      /100000     episodes | train score: -1.94  | train loss: 57.37   | eps: 0.8992 | alpha: 0.8001 | beta: 0.2005
2024-03-12 20:00:31,063 - INFO - avg test score: -2.00 
2024-03-12 20:00:31,162 - INFO - 61      /100000     episodes | train score: -12.00 | train loss: 35.69   | eps: 0.8992 | alpha: 0.8001 | beta: 0.2005
2024-03-12 20:00:31,255 - INFO - 62      /100000     episodes | train score: -0.86  | train loss: 63.57   | eps: 0.8991 | alpha: 0.8001 | beta: 0.2005
2024-03-12 20:00:31,353 - INFO - 63      /100000     episodes | train score: 7.00   | train loss: 35.85   | eps: 0.8991 | alpha: 0.8001 | beta: 0.2005
2024-03-12 20:00:31,436 - INFO - 64      /100000     episodes | train score: -1.56  | train loss: 37.92   | eps: 0.8991 | alpha: 0.8001 | beta: 0.2005
2024-03-12 20:00:31,535 - INFO - 65      /100000     episodes | train score: -3.00  | train loss: 54.29   | eps: 0.8991 | alpha: 0.8001 | beta: 0.2005
2024-03-12 20:00:31,636 - INFO - 66      /100000     episodes | train score: -20.00 | train loss: 49.66   | eps: 0.8991 | alpha: 0.8001 | beta: 0.2005
2024-03-12 20:00:31,736 - INFO - 67      /100000     episodes | train score: -29.00 | train loss: 36.84   | eps: 0.8991 | alpha: 0.8001 | beta: 0.2005
2024-03-12 20:00:31,795 - INFO - 68      /100000     episodes | train score: 9.16   | train loss: 43.69   | eps: 0.8991 | alpha: 0.8001 | beta: 0.2005
2024-03-12 20:00:31,894 - INFO - 69      /100000     episodes | train score: -12.00 | train loss: 38.31   | eps: 0.8990 | alpha: 0.8001 | beta: 0.2006
2024-03-12 20:00:31,992 - INFO - 70      /100000     episodes | train score: 7.00   | train loss: 46.85   | eps: 0.8990 | alpha: 0.8001 | beta: 0.2006
2024-03-12 20:00:32,351 - INFO - avg test score: -2.00 
2024-03-12 20:00:32,456 - INFO - 71      /100000     episodes | train score: -11.00 | train loss: 26.94   | eps: 0.8990 | alpha: 0.8001 | beta: 0.2006
2024-03-12 20:00:32,555 - INFO - 72      /100000     episodes | train score: -21.00 | train loss: 36.76   | eps: 0.8990 | alpha: 0.8001 | beta: 0.2006
2024-03-12 20:00:32,675 - INFO - 73      /100000     episodes | train score: -12.00 | train loss: 31.25   | eps: 0.8990 | alpha: 0.8001 | beta: 0.2006
2024-03-12 20:00:32,787 - INFO - 74      /100000     episodes | train score: -1.00  | train loss: 46.88   | eps: 0.8990 | alpha: 0.8001 | beta: 0.2006
2024-03-12 20:00:32,885 - INFO - 75      /100000     episodes | train score: -12.00 | train loss: 45.30   | eps: 0.8990 | alpha: 0.8001 | beta: 0.2006
2024-03-12 20:00:32,978 - INFO - 76      /100000     episodes | train score: 7.16   | train loss: 23.64   | eps: 0.8989 | alpha: 0.8002 | beta: 0.2006
2024-03-12 20:00:33,076 - INFO - 77      /100000     episodes | train score: -12.00 | train loss: 34.78   | eps: 0.8989 | alpha: 0.8002 | beta: 0.2006
2024-03-12 20:00:33,151 - INFO - 78      /100000     episodes | train score: 8.72   | train loss: 36.95   | eps: 0.8989 | alpha: 0.8002 | beta: 0.2006
2024-03-12 20:00:33,232 - INFO - 79      /100000     episodes | train score: -1.48  | train loss: 24.40   | eps: 0.8989 | alpha: 0.8002 | beta: 0.2006
2024-03-12 20:00:33,330 - INFO - 80      /100000     episodes | train score: -3.00  | train loss: 66.09   | eps: 0.8989 | alpha: 0.8002 | beta: 0.2006
2024-03-12 20:00:33,689 - INFO - avg test score: -2.00 
2024-03-12 20:00:33,789 - INFO - 81      /100000     episodes | train score: 16.00  | train loss: 51.98   | eps: 0.8989 | alpha: 0.8002 | beta: 0.2006
2024-03-12 20:00:33,886 - INFO - 82      /100000     episodes | train score: -22.00 | train loss: 43.00   | eps: 0.8989 | alpha: 0.8002 | beta: 0.2007
2024-03-12 20:00:33,985 - INFO - 83      /100000     episodes | train score: -2.00  | train loss: 43.58   | eps: 0.8988 | alpha: 0.8002 | beta: 0.2007
2024-03-12 20:00:34,044 - INFO - 84      /100000     episodes | train score: 0.14   | train loss: 53.26   | eps: 0.8988 | alpha: 0.8002 | beta: 0.2007
2024-03-12 20:00:34,143 - INFO - 85      /100000     episodes | train score: -21.00 | train loss: 59.40   | eps: 0.8988 | alpha: 0.8002 | beta: 0.2007
2024-03-12 20:00:34,240 - INFO - 86      /100000     episodes | train score: 8.00   | train loss: 38.20   | eps: 0.8988 | alpha: 0.8002 | beta: 0.2007
2024-03-12 20:00:34,340 - INFO - 87      /100000     episodes | train score: -11.00 | train loss: 39.87   | eps: 0.8988 | alpha: 0.8002 | beta: 0.2007
2024-03-12 20:00:34,397 - INFO - 88      /100000     episodes | train score: 9.20   | train loss: 49.00   | eps: 0.8988 | alpha: 0.8002 | beta: 0.2007
2024-03-12 20:00:34,496 - INFO - 89      /100000     episodes | train score: 6.00   | train loss: 53.78   | eps: 0.8988 | alpha: 0.8002 | beta: 0.2007
2024-03-12 20:00:34,566 - INFO - 90      /100000     episodes | train score: 8.86   | train loss: 68.08   | eps: 0.8987 | alpha: 0.8002 | beta: 0.2007
2024-03-12 20:00:34,925 - INFO - avg test score: -2.00 
2024-03-12 20:00:35,024 - INFO - 91      /100000     episodes | train score: -2.00  | train loss: 54.93   | eps: 0.8987 | alpha: 0.8002 | beta: 0.2007
2024-03-12 20:00:35,119 - INFO - 92      /100000     episodes | train score: -1.90  | train loss: 46.34   | eps: 0.8987 | alpha: 0.8002 | beta: 0.2007
2024-03-12 20:00:35,204 - INFO - 93      /100000     episodes | train score: 17.40  | train loss: 45.20   | eps: 0.8987 | alpha: 0.8002 | beta: 0.2007
2024-03-12 20:00:35,276 - INFO - 94      /100000     episodes | train score: 7.80   | train loss: 41.27   | eps: 0.8987 | alpha: 0.8002 | beta: 0.2008
2024-03-12 20:00:35,375 - INFO - 95      /100000     episodes | train score: -12.00 | train loss: 46.71   | eps: 0.8987 | alpha: 0.8002 | beta: 0.2008
2024-03-12 20:00:35,473 - INFO - 96      /100000     episodes | train score: -2.00  | train loss: 50.88   | eps: 0.8987 | alpha: 0.8002 | beta: 0.2008
2024-03-12 20:00:35,548 - INFO - 97      /100000     episodes | train score: 8.74   | train loss: 48.14   | eps: 0.8986 | alpha: 0.8002 | beta: 0.2008
2024-03-12 20:00:35,646 - INFO - 98      /100000     episodes | train score: -21.00 | train loss: 43.09   | eps: 0.8986 | alpha: 0.8002 | beta: 0.2008
2024-03-12 20:00:35,734 - INFO - 99      /100000     episodes | train score: 17.36  | train loss: 43.05   | eps: 0.8986 | alpha: 0.8002 | beta: 0.2008
2024-03-12 20:00:35,833 - INFO - 100     /100000     episodes | train score: 6.00   | train loss: 23.03   | eps: 0.8986 | alpha: 0.8002 | beta: 0.2008
2024-03-12 20:00:36,192 - INFO - avg test score: -2.00 
2024-03-12 20:00:36,273 - INFO - 101     /100000     episodes | train score: 9.54   | train loss: 63.51   | eps: 0.8986 | alpha: 0.8002 | beta: 0.2008
2024-03-12 20:00:36,372 - INFO - 102     /100000     episodes | train score: -2.00  | train loss: 46.86   | eps: 0.8986 | alpha: 0.8002 | beta: 0.2008
2024-03-12 20:00:36,473 - INFO - 103     /100000     episodes | train score: -3.00  | train loss: 41.16   | eps: 0.8986 | alpha: 0.8002 | beta: 0.2008
2024-03-12 20:00:36,573 - INFO - 104     /100000     episodes | train score: -12.00 | train loss: 47.05   | eps: 0.8985 | alpha: 0.8002 | beta: 0.2008
2024-03-12 20:00:36,670 - INFO - 105     /100000     episodes | train score: -3.00  | train loss: 43.86   | eps: 0.8985 | alpha: 0.8002 | beta: 0.2008
2024-03-12 20:00:36,770 - INFO - 106     /100000     episodes | train score: 7.00   | train loss: 51.07   | eps: 0.8985 | alpha: 0.8002 | beta: 0.2008
2024-03-12 20:00:36,837 - INFO - 107     /100000     episodes | train score: 8.02   | train loss: 37.21   | eps: 0.8985 | alpha: 0.8002 | beta: 0.2009
2024-03-12 20:00:36,959 - INFO - 108     /100000     episodes | train score: -3.00  | train loss: 79.49   | eps: 0.8985 | alpha: 0.8002 | beta: 0.2009
2024-03-12 20:00:37,058 - INFO - 109     /100000     episodes | train score: -4.00  | train loss: 44.19   | eps: 0.8985 | alpha: 0.8002 | beta: 0.2009
2024-03-12 20:00:37,156 - INFO - 110     /100000     episodes | train score: -2.00  | train loss: 54.52   | eps: 0.8985 | alpha: 0.8002 | beta: 0.2009
2024-03-12 20:00:37,515 - INFO - avg test score: -2.00 
2024-03-12 20:00:37,611 - INFO - 111     /100000     episodes | train score: -1.92  | train loss: 89.69   | eps: 0.8984 | alpha: 0.8002 | beta: 0.2009
2024-03-12 20:00:37,668 - INFO - 112     /100000     episodes | train score: 9.20   | train loss: 54.28   | eps: 0.8984 | alpha: 0.8002 | beta: 0.2009
2024-03-12 20:00:37,770 - INFO - 113     /100000     episodes | train score: -29.00 | train loss: 63.04   | eps: 0.8984 | alpha: 0.8002 | beta: 0.2009
2024-03-12 20:00:37,871 - INFO - 114     /100000     episodes | train score: -3.00  | train loss: 52.56   | eps: 0.8984 | alpha: 0.8002 | beta: 0.2009
2024-03-12 20:00:37,958 - INFO - 115     /100000     episodes | train score: -10.62 | train loss: 54.24   | eps: 0.8984 | alpha: 0.8002 | beta: 0.2009
2024-03-12 20:00:38,056 - INFO - 116     /100000     episodes | train score: 7.00   | train loss: 57.36   | eps: 0.8984 | alpha: 0.8002 | beta: 0.2009
2024-03-12 20:00:38,155 - INFO - 117     /100000     episodes | train score: -3.00  | train loss: 53.78   | eps: 0.8984 | alpha: 0.8002 | beta: 0.2009
2024-03-12 20:00:38,243 - INFO - 118     /100000     episodes | train score: -1.70  | train loss: 48.05   | eps: 0.8983 | alpha: 0.8002 | beta: 0.2009
2024-03-12 20:00:38,323 - INFO - 119     /100000     episodes | train score: -1.42  | train loss: 61.06   | eps: 0.8983 | alpha: 0.8002 | beta: 0.2010
2024-03-12 20:00:38,405 - INFO - 120     /100000     episodes | train score: -1.54  | train loss: 48.34   | eps: 0.8983 | alpha: 0.8002 | beta: 0.2010
2024-03-12 20:00:38,767 - INFO - avg test score: -2.00 
2024-03-12 20:00:38,865 - INFO - 121     /100000     episodes | train score: 7.08   | train loss: 65.25   | eps: 0.8983 | alpha: 0.8002 | beta: 0.2010
2024-03-12 20:00:38,962 - INFO - 122     /100000     episodes | train score: -21.00 | train loss: 56.39   | eps: 0.8983 | alpha: 0.8002 | beta: 0.2010
2024-03-12 20:00:39,061 - INFO - 123     /100000     episodes | train score: -3.00  | train loss: 73.05   | eps: 0.8983 | alpha: 0.8002 | beta: 0.2010
2024-03-12 20:00:39,160 - INFO - 124     /100000     episodes | train score: -3.00  | train loss: 45.48   | eps: 0.8983 | alpha: 0.8002 | beta: 0.2010
2024-03-12 20:00:39,257 - INFO - 125     /100000     episodes | train score: -9.98  | train loss: 53.24   | eps: 0.8982 | alpha: 0.8002 | beta: 0.2010
2024-03-12 20:00:39,356 - INFO - 126     /100000     episodes | train score: -11.00 | train loss: 78.66   | eps: 0.8982 | alpha: 0.8003 | beta: 0.2010
2024-03-12 20:00:39,457 - INFO - 127     /100000     episodes | train score: -2.00  | train loss: 72.57   | eps: 0.8982 | alpha: 0.8003 | beta: 0.2010
2024-03-12 20:00:39,555 - INFO - 128     /100000     episodes | train score: -10.00 | train loss: 51.34   | eps: 0.8982 | alpha: 0.8003 | beta: 0.2010
2024-03-12 20:00:39,653 - INFO - 129     /100000     episodes | train score: -20.00 | train loss: 47.39   | eps: 0.8982 | alpha: 0.8003 | beta: 0.2010
2024-03-12 20:00:39,752 - INFO - 130     /100000     episodes | train score: -4.00  | train loss: 51.24   | eps: 0.8982 | alpha: 0.8003 | beta: 0.2010
2024-03-12 20:00:40,132 - INFO - avg test score: -2.00 
2024-03-12 20:00:40,229 - INFO - 131     /100000     episodes | train score: -12.00 | train loss: 68.98   | eps: 0.8982 | alpha: 0.8003 | beta: 0.2010
2024-03-12 20:00:40,326 - INFO - 132     /100000     episodes | train score: 16.00  | train loss: 79.12   | eps: 0.8981 | alpha: 0.8003 | beta: 0.2011
2024-03-12 20:00:40,415 - INFO - 133     /100000     episodes | train score: -1.72  | train loss: 66.98   | eps: 0.8981 | alpha: 0.8003 | beta: 0.2011
2024-03-12 20:00:40,498 - INFO - 134     /100000     episodes | train score: -10.58 | train loss: 59.19   | eps: 0.8981 | alpha: 0.8003 | beta: 0.2011
2024-03-12 20:00:40,564 - INFO - 135     /100000     episodes | train score: -10.08 | train loss: 66.35   | eps: 0.8981 | alpha: 0.8003 | beta: 0.2011
2024-03-12 20:00:40,634 - INFO - 136     /100000     episodes | train score: -1.18  | train loss: 47.74   | eps: 0.8981 | alpha: 0.8003 | beta: 0.2011
2024-03-12 20:00:40,730 - INFO - 137     /100000     episodes | train score: -1.94  | train loss: 56.95   | eps: 0.8981 | alpha: 0.8003 | beta: 0.2011
2024-03-12 20:00:40,829 - INFO - 138     /100000     episodes | train score: -2.00  | train loss: 57.72   | eps: 0.8981 | alpha: 0.8003 | beta: 0.2011
2024-03-12 20:00:41,030 - INFO - 139     /100000     episodes | train score: -3.00  | train loss: 75.80   | eps: 0.8980 | alpha: 0.8003 | beta: 0.2011
2024-03-12 20:00:41,128 - INFO - 140     /100000     episodes | train score: -12.00 | train loss: 73.99   | eps: 0.8980 | alpha: 0.8003 | beta: 0.2011
2024-03-12 20:00:41,489 - INFO - avg test score: -2.00 
2024-03-12 20:00:41,569 - INFO - 141     /100000     episodes | train score: -1.48  | train loss: 53.44   | eps: 0.8980 | alpha: 0.8003 | beta: 0.2011
2024-03-12 20:00:41,641 - INFO - 142     /100000     episodes | train score: 8.78   | train loss: 55.74   | eps: 0.8980 | alpha: 0.8003 | beta: 0.2011
2024-03-12 20:00:41,739 - INFO - 143     /100000     episodes | train score: -2.00  | train loss: 39.26   | eps: 0.8980 | alpha: 0.8003 | beta: 0.2011
2024-03-12 20:00:41,840 - INFO - 144     /100000     episodes | train score: -3.00  | train loss: 50.25   | eps: 0.8980 | alpha: 0.8003 | beta: 0.2012
2024-03-12 20:00:41,938 - INFO - 145     /100000     episodes | train score: -2.00  | train loss: 74.92   | eps: 0.8980 | alpha: 0.8003 | beta: 0.2012
2024-03-12 20:00:42,035 - INFO - 146     /100000     episodes | train score: 8.00   | train loss: 80.86   | eps: 0.8979 | alpha: 0.8003 | beta: 0.2012
2024-03-12 20:00:42,133 - INFO - 147     /100000     episodes | train score: -31.00 | train loss: 67.58   | eps: 0.8979 | alpha: 0.8003 | beta: 0.2012
2024-03-12 20:00:42,230 - INFO - 148     /100000     episodes | train score: -13.00 | train loss: 64.53   | eps: 0.8979 | alpha: 0.8003 | beta: 0.2012
2024-03-12 20:00:42,328 - INFO - 149     /100000     episodes | train score: -22.00 | train loss: 69.62   | eps: 0.8979 | alpha: 0.8003 | beta: 0.2012
2024-03-12 20:00:42,398 - INFO - 150     /100000     episodes | train score: -1.18  | train loss: 77.91   | eps: 0.8979 | alpha: 0.8003 | beta: 0.2012
2024-03-12 20:00:42,758 - INFO - avg test score: -2.00 
2024-03-12 20:00:42,842 - INFO - 151     /100000     episodes | train score: 0.02   | train loss: 55.04   | eps: 0.8979 | alpha: 0.8003 | beta: 0.2012
2024-03-12 20:00:42,910 - INFO - 152     /100000     episodes | train score: 27.36  | train loss: 58.19   | eps: 0.8979 | alpha: 0.8003 | beta: 0.2012
2024-03-12 20:00:43,003 - INFO - 153     /100000     episodes | train score: 8.78   | train loss: 61.82   | eps: 0.8978 | alpha: 0.8003 | beta: 0.2012
2024-03-12 20:00:43,130 - INFO - 154     /100000     episodes | train score: -2.00  | train loss: 75.89   | eps: 0.8978 | alpha: 0.8003 | beta: 0.2012
2024-03-12 20:00:43,218 - INFO - 155     /100000     episodes | train score: -1.10  | train loss: 48.85   | eps: 0.8978 | alpha: 0.8003 | beta: 0.2012
2024-03-12 20:00:43,348 - INFO - 156     /100000     episodes | train score: -2.00  | train loss: 61.76   | eps: 0.8978 | alpha: 0.8003 | beta: 0.2012
2024-03-12 20:00:43,454 - INFO - 157     /100000     episodes | train score: -0.50  | train loss: 89.60   | eps: 0.8978 | alpha: 0.8003 | beta: 0.2013
2024-03-12 20:00:43,550 - INFO - 158     /100000     episodes | train score: 18.70  | train loss: 55.69   | eps: 0.8978 | alpha: 0.8003 | beta: 0.2013
2024-03-12 20:00:43,655 - INFO - 159     /100000     episodes | train score: -1.50  | train loss: 83.50   | eps: 0.8978 | alpha: 0.8003 | beta: 0.2013
2024-03-12 20:00:43,752 - INFO - 160     /100000     episodes | train score: -10.30 | train loss: 72.01   | eps: 0.8977 | alpha: 0.8003 | beta: 0.2013
2024-03-12 20:00:44,153 - INFO - avg test score: -2.00 
2024-03-12 20:00:44,280 - INFO - 161     /100000     episodes | train score: -11.00 | train loss: 92.53   | eps: 0.8977 | alpha: 0.8003 | beta: 0.2013
2024-03-12 20:00:44,393 - INFO - 162     /100000     episodes | train score: -1.66  | train loss: 57.32   | eps: 0.8977 | alpha: 0.8003 | beta: 0.2013
2024-03-12 20:00:44,492 - INFO - 163     /100000     episodes | train score: -10.30 | train loss: 87.88   | eps: 0.8977 | alpha: 0.8003 | beta: 0.2013
2024-03-12 20:00:44,618 - INFO - 164     /100000     episodes | train score: 5.00   | train loss: 56.87   | eps: 0.8977 | alpha: 0.8003 | beta: 0.2013
2024-03-12 20:00:44,746 - INFO - 165     /100000     episodes | train score: 7.00   | train loss: 106.62  | eps: 0.8977 | alpha: 0.8003 | beta: 0.2013
2024-03-12 20:00:44,872 - INFO - 166     /100000     episodes | train score: -21.00 | train loss: 61.42   | eps: 0.8977 | alpha: 0.8003 | beta: 0.2013
2024-03-12 20:00:45,000 - INFO - 167     /100000     episodes | train score: -3.00  | train loss: 54.98   | eps: 0.8976 | alpha: 0.8003 | beta: 0.2013
2024-03-12 20:00:45,105 - INFO - 168     /100000     episodes | train score: 0.54   | train loss: 91.56   | eps: 0.8976 | alpha: 0.8003 | beta: 0.2013
2024-03-12 20:00:45,225 - INFO - 169     /100000     episodes | train score: 7.16   | train loss: 57.23   | eps: 0.8976 | alpha: 0.8003 | beta: 0.2014
2024-03-12 20:00:45,342 - INFO - 170     /100000     episodes | train score: -10.74 | train loss: 65.84   | eps: 0.8976 | alpha: 0.8003 | beta: 0.2014
2024-03-12 20:00:45,744 - INFO - avg test score: -2.00 
2024-03-12 20:00:45,872 - INFO - 171     /100000     episodes | train score: -11.00 | train loss: 79.90   | eps: 0.8976 | alpha: 0.8003 | beta: 0.2014
2024-03-12 20:00:46,000 - INFO - 172     /100000     episodes | train score: -12.00 | train loss: 78.39   | eps: 0.8976 | alpha: 0.8003 | beta: 0.2014
2024-03-12 20:00:46,128 - INFO - 173     /100000     episodes | train score: -12.00 | train loss: 53.27   | eps: 0.8976 | alpha: 0.8003 | beta: 0.2014
2024-03-12 20:00:46,243 - INFO - 174     /100000     episodes | train score: -9.70  | train loss: 60.81   | eps: 0.8975 | alpha: 0.8003 | beta: 0.2014
2024-03-12 20:00:46,375 - INFO - 175     /100000     episodes | train score: 7.00   | train loss: 48.90   | eps: 0.8975 | alpha: 0.8003 | beta: 0.2014
2024-03-12 20:00:46,507 - INFO - 176     /100000     episodes | train score: -12.00 | train loss: 64.56   | eps: 0.8975 | alpha: 0.8004 | beta: 0.2014
2024-03-12 20:00:46,617 - INFO - 177     /100000     episodes | train score: -10.50 | train loss: 73.87   | eps: 0.8975 | alpha: 0.8004 | beta: 0.2014
2024-03-12 20:00:46,688 - INFO - 178     /100000     episodes | train score: -0.68  | train loss: 54.84   | eps: 0.8975 | alpha: 0.8004 | beta: 0.2014
2024-03-12 20:00:46,813 - INFO - 179     /100000     episodes | train score: -10.90 | train loss: 68.41   | eps: 0.8975 | alpha: 0.8004 | beta: 0.2014
2024-03-12 20:00:46,941 - INFO - 180     /100000     episodes | train score: -12.00 | train loss: 66.65   | eps: 0.8975 | alpha: 0.8004 | beta: 0.2014
2024-03-12 20:00:47,343 - INFO - avg test score: -2.00 
2024-03-12 20:00:47,470 - INFO - 181     /100000     episodes | train score: -2.00  | train loss: 70.08   | eps: 0.8974 | alpha: 0.8004 | beta: 0.2014
2024-03-12 20:00:47,585 - INFO - 182     /100000     episodes | train score: 8.28   | train loss: 66.73   | eps: 0.8974 | alpha: 0.8004 | beta: 0.2015
2024-03-12 20:00:47,713 - INFO - 183     /100000     episodes | train score: -3.00  | train loss: 57.90   | eps: 0.8974 | alpha: 0.8004 | beta: 0.2015
2024-03-12 20:00:47,812 - INFO - 184     /100000     episodes | train score: -10.32 | train loss: 59.70   | eps: 0.8974 | alpha: 0.8004 | beta: 0.2015
2024-03-12 20:00:47,940 - INFO - 185     /100000     episodes | train score: -2.00  | train loss: 39.62   | eps: 0.8974 | alpha: 0.8004 | beta: 0.2015
2024-03-12 20:00:48,069 - INFO - 186     /100000     episodes | train score: -21.00 | train loss: 77.00   | eps: 0.8974 | alpha: 0.8004 | beta: 0.2015
2024-03-12 20:00:48,199 - INFO - 187     /100000     episodes | train score: 7.00   | train loss: 45.22   | eps: 0.8974 | alpha: 0.8004 | beta: 0.2015
2024-03-12 20:00:48,326 - INFO - 188     /100000     episodes | train score: -3.00  | train loss: 47.74   | eps: 0.8974 | alpha: 0.8004 | beta: 0.2015
2024-03-12 20:00:48,453 - INFO - 189     /100000     episodes | train score: -21.00 | train loss: 69.12   | eps: 0.8973 | alpha: 0.8004 | beta: 0.2015
2024-03-12 20:00:48,565 - INFO - 190     /100000     episodes | train score: -9.58  | train loss: 91.52   | eps: 0.8973 | alpha: 0.8004 | beta: 0.2015
2024-03-12 20:00:48,968 - INFO - avg test score: -2.00 
2024-03-12 20:00:49,096 - INFO - 191     /100000     episodes | train score: -3.00  | train loss: 63.80   | eps: 0.8973 | alpha: 0.8004 | beta: 0.2015
2024-03-12 20:00:49,226 - INFO - 192     /100000     episodes | train score: -20.00 | train loss: 73.74   | eps: 0.8973 | alpha: 0.8004 | beta: 0.2015
2024-03-12 20:00:49,356 - INFO - 193     /100000     episodes | train score: 8.00   | train loss: 74.23   | eps: 0.8973 | alpha: 0.8004 | beta: 0.2015
2024-03-12 20:00:49,460 - INFO - 194     /100000     episodes | train score: 7.58   | train loss: 61.15   | eps: 0.8973 | alpha: 0.8004 | beta: 0.2016
2024-03-12 20:00:49,552 - INFO - 195     /100000     episodes | train score: 8.86   | train loss: 70.07   | eps: 0.8973 | alpha: 0.8004 | beta: 0.2016
2024-03-12 20:00:49,680 - INFO - 196     /100000     episodes | train score: -12.00 | train loss: 56.22   | eps: 0.8972 | alpha: 0.8004 | beta: 0.2016
2024-03-12 20:00:49,809 - INFO - 197     /100000     episodes | train score: -3.00  | train loss: 71.81   | eps: 0.8972 | alpha: 0.8004 | beta: 0.2016
2024-03-12 20:00:49,927 - INFO - 198     /100000     episodes | train score: -1.72  | train loss: 81.73   | eps: 0.8972 | alpha: 0.8004 | beta: 0.2016
2024-03-12 20:00:50,058 - INFO - 199     /100000     episodes | train score: -2.00  | train loss: 72.63   | eps: 0.8972 | alpha: 0.8004 | beta: 0.2016
2024-03-12 20:00:50,189 - INFO - 200     /100000     episodes | train score: -11.00 | train loss: 67.44   | eps: 0.8972 | alpha: 0.8004 | beta: 0.2016
2024-03-12 20:00:50,592 - INFO - avg test score: -2.00 
2024-03-12 20:00:50,721 - INFO - 201     /100000     episodes | train score: -11.00 | train loss: 78.93   | eps: 0.8972 | alpha: 0.8004 | beta: 0.2016
2024-03-12 20:00:50,844 - INFO - 202     /100000     episodes | train score: -1.82  | train loss: 82.71   | eps: 0.8972 | alpha: 0.8004 | beta: 0.2016
2024-03-12 20:00:50,974 - INFO - 203     /100000     episodes | train score: -4.00  | train loss: 58.47   | eps: 0.8971 | alpha: 0.8004 | beta: 0.2016
2024-03-12 20:00:51,087 - INFO - 204     /100000     episodes | train score: -8.64  | train loss: 80.11   | eps: 0.8971 | alpha: 0.8004 | beta: 0.2016
2024-03-12 20:00:51,167 - INFO - 205     /100000     episodes | train score: -9.90  | train loss: 67.09   | eps: 0.8971 | alpha: 0.8004 | beta: 0.2016
2024-03-12 20:00:51,294 - INFO - 206     /100000     episodes | train score: -3.00  | train loss: 70.93   | eps: 0.8971 | alpha: 0.8004 | beta: 0.2016
2024-03-12 20:00:51,413 - INFO - 207     /100000     episodes | train score: -9.80  | train loss: 83.92   | eps: 0.8971 | alpha: 0.8004 | beta: 0.2017
2024-03-12 20:00:51,507 - INFO - 208     /100000     episodes | train score: -10.22 | train loss: 91.71   | eps: 0.8971 | alpha: 0.8004 | beta: 0.2017
2024-03-12 20:00:51,634 - INFO - 209     /100000     episodes | train score: -2.00  | train loss: 56.53   | eps: 0.8971 | alpha: 0.8004 | beta: 0.2017
2024-03-12 20:00:51,762 - INFO - 210     /100000     episodes | train score: 6.00   | train loss: 66.42   | eps: 0.8970 | alpha: 0.8004 | beta: 0.2017
2024-03-12 20:00:52,164 - INFO - avg test score: -2.00 
2024-03-12 20:00:52,289 - INFO - 211     /100000     episodes | train score: -1.90  | train loss: 71.43   | eps: 0.8970 | alpha: 0.8004 | beta: 0.2017
2024-03-12 20:00:52,417 - INFO - 212     /100000     episodes | train score: 7.00   | train loss: 51.86   | eps: 0.8970 | alpha: 0.8004 | beta: 0.2017
2024-03-12 20:00:52,519 - INFO - 213     /100000     episodes | train score: 0.60   | train loss: 70.73   | eps: 0.8970 | alpha: 0.8004 | beta: 0.2017
2024-03-12 20:00:52,646 - INFO - 214     /100000     episodes | train score: -12.00 | train loss: 54.11   | eps: 0.8970 | alpha: 0.8004 | beta: 0.2017
2024-03-12 20:00:52,773 - INFO - 215     /100000     episodes | train score: -3.00  | train loss: 50.46   | eps: 0.8970 | alpha: 0.8004 | beta: 0.2017
2024-03-12 20:00:52,900 - INFO - 216     /100000     episodes | train score: -3.00  | train loss: 71.28   | eps: 0.8970 | alpha: 0.8004 | beta: 0.2017
2024-03-12 20:00:53,030 - INFO - 217     /100000     episodes | train score: -10.00 | train loss: 66.43   | eps: 0.8969 | alpha: 0.8004 | beta: 0.2017
2024-03-12 20:00:53,157 - INFO - 218     /100000     episodes | train score: 7.00   | train loss: 51.48   | eps: 0.8969 | alpha: 0.8004 | beta: 0.2017
2024-03-12 20:00:53,285 - INFO - 219     /100000     episodes | train score: -3.00  | train loss: 98.89   | eps: 0.8969 | alpha: 0.8004 | beta: 0.2018
2024-03-12 20:00:53,412 - INFO - 220     /100000     episodes | train score: 7.00   | train loss: 88.45   | eps: 0.8969 | alpha: 0.8004 | beta: 0.2018
2024-03-12 20:00:53,813 - INFO - avg test score: -2.00 
2024-03-12 20:00:53,910 - INFO - 221     /100000     episodes | train score: 0.76   | train loss: 38.30   | eps: 0.8969 | alpha: 0.8004 | beta: 0.2018
2024-03-12 20:00:54,038 - INFO - 222     /100000     episodes | train score: -2.00  | train loss: 87.12   | eps: 0.8969 | alpha: 0.8004 | beta: 0.2018
2024-03-12 20:00:54,168 - INFO - 223     /100000     episodes | train score: -12.00 | train loss: 66.02   | eps: 0.8969 | alpha: 0.8004 | beta: 0.2018
2024-03-12 20:00:54,296 - INFO - 224     /100000     episodes | train score: -3.00  | train loss: 61.10   | eps: 0.8968 | alpha: 0.8004 | beta: 0.2018
2024-03-12 20:00:54,425 - INFO - 225     /100000     episodes | train score: -3.00  | train loss: 89.43   | eps: 0.8968 | alpha: 0.8004 | beta: 0.2018
2024-03-12 20:00:54,550 - INFO - 226     /100000     episodes | train score: -9.92  | train loss: 69.46   | eps: 0.8968 | alpha: 0.8005 | beta: 0.2018
2024-03-12 20:00:54,674 - INFO - 227     /100000     episodes | train score: -0.92  | train loss: 58.07   | eps: 0.8968 | alpha: 0.8005 | beta: 0.2018
2024-03-12 20:00:54,792 - INFO - 228     /100000     episodes | train score: -10.78 | train loss: 59.01   | eps: 0.8968 | alpha: 0.8005 | beta: 0.2018
2024-03-12 20:00:54,920 - INFO - 229     /100000     episodes | train score: -4.00  | train loss: 72.35   | eps: 0.8968 | alpha: 0.8005 | beta: 0.2018
2024-03-12 20:00:55,048 - INFO - 230     /100000     episodes | train score: -11.00 | train loss: 66.88   | eps: 0.8968 | alpha: 0.8005 | beta: 0.2018
2024-03-12 20:00:55,451 - INFO - avg test score: -2.00 
2024-03-12 20:00:55,549 - INFO - 231     /100000     episodes | train score: -0.32  | train loss: 92.78   | eps: 0.8967 | alpha: 0.8005 | beta: 0.2018
2024-03-12 20:00:55,676 - INFO - 232     /100000     episodes | train score: -2.00  | train loss: 66.53   | eps: 0.8967 | alpha: 0.8005 | beta: 0.2019
2024-03-12 20:00:55,765 - INFO - 233     /100000     episodes | train score: -0.12  | train loss: 71.30   | eps: 0.8967 | alpha: 0.8005 | beta: 0.2019
2024-03-12 20:00:55,892 - INFO - 234     /100000     episodes | train score: -11.00 | train loss: 42.20   | eps: 0.8967 | alpha: 0.8005 | beta: 0.2019
2024-03-12 20:00:56,020 - INFO - 235     /100000     episodes | train score: -12.00 | train loss: 80.22   | eps: 0.8967 | alpha: 0.8005 | beta: 0.2019
2024-03-12 20:00:56,116 - INFO - 236     /100000     episodes | train score: 0.74   | train loss: 45.11   | eps: 0.8967 | alpha: 0.8005 | beta: 0.2019
2024-03-12 20:00:56,243 - INFO - 237     /100000     episodes | train score: -12.00 | train loss: 85.19   | eps: 0.8967 | alpha: 0.8005 | beta: 0.2019
2024-03-12 20:00:56,371 - INFO - 238     /100000     episodes | train score: -2.00  | train loss: 81.89   | eps: 0.8966 | alpha: 0.8005 | beta: 0.2019
2024-03-12 20:00:56,492 - INFO - 239     /100000     episodes | train score: -0.86  | train loss: 78.19   | eps: 0.8966 | alpha: 0.8005 | beta: 0.2019
2024-03-12 20:00:56,620 - INFO - 240     /100000     episodes | train score: -3.00  | train loss: 45.27   | eps: 0.8966 | alpha: 0.8005 | beta: 0.2019
2024-03-12 20:00:57,021 - INFO - avg test score: -2.00 
2024-03-12 20:00:57,140 - INFO - 241     /100000     episodes | train score: 7.00   | train loss: 63.84   | eps: 0.8966 | alpha: 0.8005 | beta: 0.2019
2024-03-12 20:00:57,265 - INFO - 242     /100000     episodes | train score: -2.00  | train loss: 74.70   | eps: 0.8966 | alpha: 0.8005 | beta: 0.2019
2024-03-12 20:00:57,367 - INFO - 243     /100000     episodes | train score: 7.00   | train loss: 83.06   | eps: 0.8966 | alpha: 0.8005 | beta: 0.2019
2024-03-12 20:00:57,469 - INFO - 244     /100000     episodes | train score: -31.00 | train loss: 59.43   | eps: 0.8966 | alpha: 0.8005 | beta: 0.2020
2024-03-12 20:00:57,567 - INFO - 245     /100000     episodes | train score: -0.88  | train loss: 88.59   | eps: 0.8965 | alpha: 0.8005 | beta: 0.2020
2024-03-12 20:00:57,653 - INFO - 246     /100000     episodes | train score: -0.64  | train loss: 64.54   | eps: 0.8965 | alpha: 0.8005 | beta: 0.2020
2024-03-12 20:00:57,736 - INFO - 247     /100000     episodes | train score: 8.62   | train loss: 92.22   | eps: 0.8965 | alpha: 0.8005 | beta: 0.2020
2024-03-12 20:00:57,837 - INFO - 248     /100000     episodes | train score: -2.00  | train loss: 69.51   | eps: 0.8965 | alpha: 0.8005 | beta: 0.2020
2024-03-12 20:00:57,928 - INFO - 249     /100000     episodes | train score: 16.28  | train loss: 90.02   | eps: 0.8965 | alpha: 0.8005 | beta: 0.2020
2024-03-12 20:00:58,025 - INFO - 250     /100000     episodes | train score: -12.00 | train loss: 70.32   | eps: 0.8965 | alpha: 0.8005 | beta: 0.2020
2024-03-12 20:00:58,386 - INFO - avg test score: -2.00 
2024-03-12 20:00:58,482 - INFO - 251     /100000     episodes | train score: -0.82  | train loss: 64.85   | eps: 0.8965 | alpha: 0.8005 | beta: 0.2020
2024-03-12 20:00:58,574 - INFO - 252     /100000     episodes | train score: 8.22   | train loss: 71.18   | eps: 0.8964 | alpha: 0.8005 | beta: 0.2020
2024-03-12 20:00:58,645 - INFO - 253     /100000     episodes | train score: 17.84  | train loss: 59.04   | eps: 0.8964 | alpha: 0.8005 | beta: 0.2020
2024-03-12 20:00:58,742 - INFO - 254     /100000     episodes | train score: -3.00  | train loss: 62.88   | eps: 0.8964 | alpha: 0.8005 | beta: 0.2020
2024-03-12 20:00:58,845 - INFO - 255     /100000     episodes | train score: -12.00 | train loss: 67.09   | eps: 0.8964 | alpha: 0.8005 | beta: 0.2020
2024-03-12 20:00:58,949 - INFO - 256     /100000     episodes | train score: -2.00  | train loss: 99.25   | eps: 0.8964 | alpha: 0.8005 | beta: 0.2020
2024-03-12 20:00:59,048 - INFO - 257     /100000     episodes | train score: -3.00  | train loss: 73.87   | eps: 0.8964 | alpha: 0.8005 | beta: 0.2021
2024-03-12 20:00:59,146 - INFO - 258     /100000     episodes | train score: -3.00  | train loss: 45.37   | eps: 0.8964 | alpha: 0.8005 | beta: 0.2021
2024-03-12 20:00:59,246 - INFO - 259     /100000     episodes | train score: -21.00 | train loss: 53.29   | eps: 0.8963 | alpha: 0.8005 | beta: 0.2021
2024-03-12 20:00:59,347 - INFO - 260     /100000     episodes | train score: -11.00 | train loss: 82.51   | eps: 0.8963 | alpha: 0.8005 | beta: 0.2021
2024-03-12 20:00:59,710 - INFO - avg test score: -2.00 
2024-03-12 20:00:59,802 - INFO - 261     /100000     episodes | train score: 0.22   | train loss: 45.06   | eps: 0.8963 | alpha: 0.8005 | beta: 0.2021
2024-03-12 20:00:59,900 - INFO - 262     /100000     episodes | train score: -12.00 | train loss: 61.26   | eps: 0.8963 | alpha: 0.8005 | beta: 0.2021
2024-03-12 20:00:59,998 - INFO - 263     /100000     episodes | train score: -12.00 | train loss: 85.46   | eps: 0.8963 | alpha: 0.8005 | beta: 0.2021
2024-03-12 20:01:00,089 - INFO - 264     /100000     episodes | train score: 7.20   | train loss: 65.87   | eps: 0.8963 | alpha: 0.8005 | beta: 0.2021
2024-03-12 20:01:00,164 - INFO - 265     /100000     episodes | train score: 7.72   | train loss: 66.97   | eps: 0.8963 | alpha: 0.8005 | beta: 0.2021
2024-03-12 20:01:00,261 - INFO - 266     /100000     episodes | train score: -2.00  | train loss: 78.20   | eps: 0.8962 | alpha: 0.8005 | beta: 0.2021
2024-03-12 20:01:00,335 - INFO - 267     /100000     episodes | train score: 27.74  | train loss: 69.66   | eps: 0.8962 | alpha: 0.8005 | beta: 0.2021
2024-03-12 20:01:00,433 - INFO - 268     /100000     episodes | train score: -2.00  | train loss: 68.64   | eps: 0.8962 | alpha: 0.8005 | beta: 0.2021
2024-03-12 20:01:00,534 - INFO - 269     /100000     episodes | train score: -3.00  | train loss: 82.23   | eps: 0.8962 | alpha: 0.8005 | beta: 0.2022
2024-03-12 20:01:00,637 - INFO - 270     /100000     episodes | train score: -2.00  | train loss: 75.29   | eps: 0.8962 | alpha: 0.8005 | beta: 0.2022
2024-03-12 20:01:01,000 - INFO - avg test score: -2.00 
2024-03-12 20:01:01,105 - INFO - 271     /100000     episodes | train score: -12.00 | train loss: 86.21   | eps: 0.8962 | alpha: 0.8005 | beta: 0.2022
2024-03-12 20:01:01,167 - INFO - 272     /100000     episodes | train score: -8.90  | train loss: 107.63  | eps: 0.8962 | alpha: 0.8005 | beta: 0.2022
2024-03-12 20:01:01,265 - INFO - 273     /100000     episodes | train score: -11.00 | train loss: 83.88   | eps: 0.8961 | alpha: 0.8005 | beta: 0.2022
2024-03-12 20:01:01,361 - INFO - 274     /100000     episodes | train score: -10.48 | train loss: 57.76   | eps: 0.8961 | alpha: 0.8005 | beta: 0.2022
2024-03-12 20:01:01,462 - INFO - 275     /100000     episodes | train score: -3.00  | train loss: 64.22   | eps: 0.8961 | alpha: 0.8005 | beta: 0.2022
2024-03-12 20:01:01,566 - INFO - 276     /100000     episodes | train score: -4.00  | train loss: 96.79   | eps: 0.8961 | alpha: 0.8006 | beta: 0.2022
2024-03-12 20:01:01,667 - INFO - 277     /100000     episodes | train score: -3.00  | train loss: 86.40   | eps: 0.8961 | alpha: 0.8006 | beta: 0.2022
2024-03-12 20:01:01,766 - INFO - 278     /100000     episodes | train score: -3.00  | train loss: 78.94   | eps: 0.8961 | alpha: 0.8006 | beta: 0.2022
2024-03-12 20:01:01,834 - INFO - 279     /100000     episodes | train score: -0.14  | train loss: 100.22  | eps: 0.8961 | alpha: 0.8006 | beta: 0.2022
2024-03-12 20:01:01,891 - INFO - 280     /100000     episodes | train score: -7.76  | train loss: 71.23   | eps: 0.8960 | alpha: 0.8006 | beta: 0.2022
2024-03-12 20:01:02,279 - INFO - avg test score: -2.00 
2024-03-12 20:01:02,382 - INFO - 281     /100000     episodes | train score: -12.00 | train loss: 73.72   | eps: 0.8960 | alpha: 0.8006 | beta: 0.2022
2024-03-12 20:01:02,486 - INFO - 282     /100000     episodes | train score: -21.00 | train loss: 78.46   | eps: 0.8960 | alpha: 0.8006 | beta: 0.2023
2024-03-12 20:01:02,580 - INFO - 283     /100000     episodes | train score: -17.64 | train loss: 62.95   | eps: 0.8960 | alpha: 0.8006 | beta: 0.2023
2024-03-12 20:01:02,680 - INFO - 284     /100000     episodes | train score: 7.00   | train loss: 76.13   | eps: 0.8960 | alpha: 0.8006 | beta: 0.2023
2024-03-12 20:01:02,779 - INFO - 285     /100000     episodes | train score: -2.00  | train loss: 89.04   | eps: 0.8960 | alpha: 0.8006 | beta: 0.2023
2024-03-12 20:01:02,848 - INFO - 286     /100000     episodes | train score: -0.14  | train loss: 74.11   | eps: 0.8960 | alpha: 0.8006 | beta: 0.2023
2024-03-12 20:01:02,946 - INFO - 287     /100000     episodes | train score: -1.80  | train loss: 59.27   | eps: 0.8959 | alpha: 0.8006 | beta: 0.2023
2024-03-12 20:01:03,044 - INFO - 288     /100000     episodes | train score: -3.00  | train loss: 50.63   | eps: 0.8959 | alpha: 0.8006 | beta: 0.2023
2024-03-12 20:01:03,142 - INFO - 289     /100000     episodes | train score: -11.00 | train loss: 85.40   | eps: 0.8959 | alpha: 0.8006 | beta: 0.2023
2024-03-12 20:01:03,233 - INFO - 290     /100000     episodes | train score: -10.80 | train loss: 61.45   | eps: 0.8959 | alpha: 0.8006 | beta: 0.2023
2024-03-12 20:01:03,594 - INFO - avg test score: -2.00 
2024-03-12 20:01:03,698 - INFO - 291     /100000     episodes | train score: -3.00  | train loss: 67.98   | eps: 0.8959 | alpha: 0.8006 | beta: 0.2023
2024-03-12 20:01:03,802 - INFO - 292     /100000     episodes | train score: -11.00 | train loss: 56.47   | eps: 0.8959 | alpha: 0.8006 | beta: 0.2023
2024-03-12 20:01:03,905 - INFO - 293     /100000     episodes | train score: 7.00   | train loss: 75.95   | eps: 0.8959 | alpha: 0.8006 | beta: 0.2023
2024-03-12 20:01:04,004 - INFO - 294     /100000     episodes | train score: -10.00 | train loss: 67.68   | eps: 0.8958 | alpha: 0.8006 | beta: 0.2024
2024-03-12 20:01:04,103 - INFO - 295     /100000     episodes | train score: -2.00  | train loss: 77.88   | eps: 0.8958 | alpha: 0.8006 | beta: 0.2024
2024-03-12 20:01:04,279 - INFO - 296     /100000     episodes | train score: -0.10  | train loss: 66.94   | eps: 0.8958 | alpha: 0.8006 | beta: 0.2024
2024-03-12 20:01:04,368 - INFO - 297     /100000     episodes | train score: -19.66 | train loss: 63.22   | eps: 0.8958 | alpha: 0.8006 | beta: 0.2024
2024-03-12 20:01:04,427 - INFO - 298     /100000     episodes | train score: -8.86  | train loss: 63.79   | eps: 0.8958 | alpha: 0.8006 | beta: 0.2024
2024-03-12 20:01:04,525 - INFO - 299     /100000     episodes | train score: -11.00 | train loss: 90.29   | eps: 0.8958 | alpha: 0.8006 | beta: 0.2024
2024-03-12 20:01:04,623 - INFO - 300     /100000     episodes | train score: -3.00  | train loss: 71.99   | eps: 0.8958 | alpha: 0.8006 | beta: 0.2024
2024-03-12 20:01:05,001 - INFO - avg test score: -2.00 
2024-03-12 20:01:05,099 - INFO - 301     /100000     episodes | train score: 8.00   | train loss: 82.32   | eps: 0.8958 | alpha: 0.8006 | beta: 0.2024
2024-03-12 20:01:05,196 - INFO - 302     /100000     episodes | train score: -10.98 | train loss: 64.97   | eps: 0.8957 | alpha: 0.8006 | beta: 0.2024
2024-03-12 20:01:05,293 - INFO - 303     /100000     episodes | train score: -2.00  | train loss: 71.78   | eps: 0.8957 | alpha: 0.8006 | beta: 0.2024
2024-03-12 20:01:05,395 - INFO - 304     /100000     episodes | train score: -13.00 | train loss: 67.87   | eps: 0.8957 | alpha: 0.8006 | beta: 0.2024
2024-03-12 20:01:05,495 - INFO - 305     /100000     episodes | train score: 8.06   | train loss: 81.42   | eps: 0.8957 | alpha: 0.8006 | beta: 0.2024
2024-03-12 20:01:05,592 - INFO - 306     /100000     episodes | train score: -3.00  | train loss: 61.39   | eps: 0.8957 | alpha: 0.8006 | beta: 0.2024
2024-03-12 20:01:05,667 - INFO - 307     /100000     episodes | train score: 8.68   | train loss: 70.31   | eps: 0.8957 | alpha: 0.8006 | beta: 0.2025
2024-03-12 20:01:05,767 - INFO - 308     /100000     episodes | train score: -30.00 | train loss: 65.78   | eps: 0.8957 | alpha: 0.8006 | beta: 0.2025
2024-03-12 20:01:05,874 - INFO - 309     /100000     episodes | train score: -2.00  | train loss: 74.82   | eps: 0.8956 | alpha: 0.8006 | beta: 0.2025
2024-03-12 20:01:05,972 - INFO - 310     /100000     episodes | train score: -11.00 | train loss: 61.09   | eps: 0.8956 | alpha: 0.8006 | beta: 0.2025
2024-03-12 20:01:06,332 - INFO - avg test score: -2.00 
2024-03-12 20:01:06,428 - INFO - 311     /100000     episodes | train score: -0.92  | train loss: 72.84   | eps: 0.8956 | alpha: 0.8006 | beta: 0.2025
2024-03-12 20:01:06,526 - INFO - 312     /100000     episodes | train score: -3.00  | train loss: 64.09   | eps: 0.8956 | alpha: 0.8006 | beta: 0.2025
2024-03-12 20:01:06,625 - INFO - 313     /100000     episodes | train score: -2.00  | train loss: 70.94   | eps: 0.8956 | alpha: 0.8006 | beta: 0.2025
2024-03-12 20:01:06,723 - INFO - 314     /100000     episodes | train score: 8.00   | train loss: 99.57   | eps: 0.8956 | alpha: 0.8006 | beta: 0.2025
2024-03-12 20:01:06,827 - INFO - 315     /100000     episodes | train score: -3.00  | train loss: 90.72   | eps: 0.8956 | alpha: 0.8006 | beta: 0.2025
2024-03-12 20:01:06,929 - INFO - 316     /100000     episodes | train score: -2.00  | train loss: 95.44   | eps: 0.8955 | alpha: 0.8006 | beta: 0.2025
2024-03-12 20:01:07,024 - INFO - 317     /100000     episodes | train score: 16.22  | train loss: 55.92   | eps: 0.8955 | alpha: 0.8006 | beta: 0.2025
2024-03-12 20:01:07,122 - INFO - 318     /100000     episodes | train score: 8.00   | train loss: 60.58   | eps: 0.8955 | alpha: 0.8006 | beta: 0.2025
2024-03-12 20:01:07,225 - INFO - 319     /100000     episodes | train score: -2.00  | train loss: 78.96   | eps: 0.8955 | alpha: 0.8006 | beta: 0.2026
2024-03-12 20:01:07,327 - INFO - 320     /100000     episodes | train score: -2.00  | train loss: 104.49  | eps: 0.8955 | alpha: 0.8006 | beta: 0.2026
2024-03-12 20:01:07,686 - INFO - avg test score: -2.00 
2024-03-12 20:01:07,769 - INFO - 321     /100000     episodes | train score: -1.46  | train loss: 72.86   | eps: 0.8955 | alpha: 0.8006 | beta: 0.2026
2024-03-12 20:01:07,868 - INFO - 322     /100000     episodes | train score: -12.00 | train loss: 52.56   | eps: 0.8955 | alpha: 0.8006 | beta: 0.2026
2024-03-12 20:01:07,974 - INFO - 323     /100000     episodes | train score: 7.00   | train loss: 57.06   | eps: 0.8954 | alpha: 0.8006 | beta: 0.2026
2024-03-12 20:01:08,078 - INFO - 324     /100000     episodes | train score: -21.00 | train loss: 101.68  | eps: 0.8954 | alpha: 0.8006 | beta: 0.2026
2024-03-12 20:01:08,177 - INFO - 325     /100000     episodes | train score: -10.84 | train loss: 87.13   | eps: 0.8954 | alpha: 0.8006 | beta: 0.2026
2024-03-12 20:01:08,257 - INFO - 326     /100000     episodes | train score: -9.48  | train loss: 67.61   | eps: 0.8954 | alpha: 0.8007 | beta: 0.2026
2024-03-12 20:01:08,327 - INFO - 327     /100000     episodes | train score: -1.06  | train loss: 59.10   | eps: 0.8954 | alpha: 0.8007 | beta: 0.2026
2024-03-12 20:01:08,424 - INFO - 328     /100000     episodes | train score: -12.00 | train loss: 98.65   | eps: 0.8954 | alpha: 0.8007 | beta: 0.2026
2024-03-12 20:01:08,526 - INFO - 329     /100000     episodes | train score: -31.00 | train loss: 69.27   | eps: 0.8954 | alpha: 0.8007 | beta: 0.2026
2024-03-12 20:01:08,623 - INFO - 330     /100000     episodes | train score: -3.00  | train loss: 92.21   | eps: 0.8953 | alpha: 0.8007 | beta: 0.2026
2024-03-12 20:01:08,988 - INFO - avg test score: -2.00 
2024-03-12 20:01:09,093 - INFO - 331     /100000     episodes | train score: 6.00   | train loss: 80.77   | eps: 0.8953 | alpha: 0.8007 | beta: 0.2026
2024-03-12 20:01:09,198 - INFO - 332     /100000     episodes | train score: -21.00 | train loss: 69.60   | eps: 0.8953 | alpha: 0.8007 | beta: 0.2027
2024-03-12 20:01:09,299 - INFO - 333     /100000     episodes | train score: -12.00 | train loss: 77.83   | eps: 0.8953 | alpha: 0.8007 | beta: 0.2027
2024-03-12 20:01:09,407 - INFO - 334     /100000     episodes | train score: -12.00 | train loss: 74.91   | eps: 0.8953 | alpha: 0.8007 | beta: 0.2027
2024-03-12 20:01:09,511 - INFO - 335     /100000     episodes | train score: -12.00 | train loss: 93.03   | eps: 0.8953 | alpha: 0.8007 | beta: 0.2027
2024-03-12 20:01:09,610 - INFO - 336     /100000     episodes | train score: -12.00 | train loss: 95.76   | eps: 0.8953 | alpha: 0.8007 | beta: 0.2027
2024-03-12 20:01:09,708 - INFO - 337     /100000     episodes | train score: -2.00  | train loss: 58.02   | eps: 0.8952 | alpha: 0.8007 | beta: 0.2027
2024-03-12 20:01:09,814 - INFO - 338     /100000     episodes | train score: -1.00  | train loss: 75.68   | eps: 0.8952 | alpha: 0.8007 | beta: 0.2027
2024-03-12 20:01:09,918 - INFO - 339     /100000     episodes | train score: -11.00 | train loss: 74.28   | eps: 0.8952 | alpha: 0.8007 | beta: 0.2027
2024-03-12 20:01:10,022 - INFO - 340     /100000     episodes | train score: -2.00  | train loss: 89.33   | eps: 0.8952 | alpha: 0.8007 | beta: 0.2027
2024-03-12 20:01:10,401 - INFO - avg test score: -2.00 
2024-03-12 20:01:10,504 - INFO - 341     /100000     episodes | train score: 6.00   | train loss: 79.73   | eps: 0.8952 | alpha: 0.8007 | beta: 0.2027
2024-03-12 20:01:10,610 - INFO - 342     /100000     episodes | train score: 7.00   | train loss: 78.63   | eps: 0.8952 | alpha: 0.8007 | beta: 0.2027
2024-03-12 20:01:10,708 - INFO - 343     /100000     episodes | train score: -3.00  | train loss: 82.56   | eps: 0.8952 | alpha: 0.8007 | beta: 0.2027
2024-03-12 20:01:10,771 - INFO - 344     /100000     episodes | train score: 0.10   | train loss: 67.68   | eps: 0.8951 | alpha: 0.8007 | beta: 0.2028
2024-03-12 20:01:10,853 - INFO - 345     /100000     episodes | train score: 7.50   | train loss: 76.47   | eps: 0.8951 | alpha: 0.8007 | beta: 0.2028
2024-03-12 20:01:10,951 - INFO - 346     /100000     episodes | train score: -12.00 | train loss: 62.05   | eps: 0.8951 | alpha: 0.8007 | beta: 0.2028
2024-03-12 20:01:11,028 - INFO - 347     /100000     episodes | train score: -1.32  | train loss: 90.77   | eps: 0.8951 | alpha: 0.8007 | beta: 0.2028
2024-03-12 20:01:11,126 - INFO - 348     /100000     episodes | train score: -2.00  | train loss: 85.43   | eps: 0.8951 | alpha: 0.8007 | beta: 0.2028
2024-03-12 20:01:11,227 - INFO - 349     /100000     episodes | train score: 7.00   | train loss: 69.17   | eps: 0.8951 | alpha: 0.8007 | beta: 0.2028
2024-03-12 20:01:11,292 - INFO - 350     /100000     episodes | train score: -0.02  | train loss: 85.24   | eps: 0.8951 | alpha: 0.8007 | beta: 0.2028
2024-03-12 20:01:11,651 - INFO - avg test score: -2.00 
2024-03-12 20:01:11,750 - INFO - 351     /100000     episodes | train score: -2.00  | train loss: 84.32   | eps: 0.8950 | alpha: 0.8007 | beta: 0.2028
2024-03-12 20:01:11,823 - INFO - 352     /100000     episodes | train score: -0.26  | train loss: 85.42   | eps: 0.8950 | alpha: 0.8007 | beta: 0.2028
2024-03-12 20:01:11,926 - INFO - 353     /100000     episodes | train score: -2.00  | train loss: 67.75   | eps: 0.8950 | alpha: 0.8007 | beta: 0.2028
2024-03-12 20:01:12,030 - INFO - 354     /100000     episodes | train score: -19.00 | train loss: 46.71   | eps: 0.8950 | alpha: 0.8007 | beta: 0.2028
2024-03-12 20:01:12,134 - INFO - 355     /100000     episodes | train score: -12.00 | train loss: 73.62   | eps: 0.8950 | alpha: 0.8007 | beta: 0.2028
2024-03-12 20:01:12,260 - INFO - 356     /100000     episodes | train score: -11.00 | train loss: 73.94   | eps: 0.8950 | alpha: 0.8007 | beta: 0.2028
2024-03-12 20:01:12,345 - INFO - 357     /100000     episodes | train score: 7.54   | train loss: 91.08   | eps: 0.8950 | alpha: 0.8007 | beta: 0.2029
2024-03-12 20:01:12,442 - INFO - 358     /100000     episodes | train score: -12.00 | train loss: 79.04   | eps: 0.8949 | alpha: 0.8007 | beta: 0.2029
2024-03-12 20:01:12,540 - INFO - 359     /100000     episodes | train score: 17.00  | train loss: 67.65   | eps: 0.8949 | alpha: 0.8007 | beta: 0.2029
2024-03-12 20:01:12,642 - INFO - 360     /100000     episodes | train score: 7.00   | train loss: 71.98   | eps: 0.8949 | alpha: 0.8007 | beta: 0.2029
2024-03-12 20:01:13,001 - INFO - avg test score: -2.00 
2024-03-12 20:01:13,100 - INFO - 361     /100000     episodes | train score: 8.00   | train loss: 66.64   | eps: 0.8949 | alpha: 0.8007 | beta: 0.2029
2024-03-12 20:01:13,198 - INFO - 362     /100000     episodes | train score: 0.04   | train loss: 77.76   | eps: 0.8949 | alpha: 0.8007 | beta: 0.2029
2024-03-12 20:01:13,294 - INFO - 363     /100000     episodes | train score: -1.84  | train loss: 64.44   | eps: 0.8949 | alpha: 0.8007 | beta: 0.2029
2024-03-12 20:01:13,396 - INFO - 364     /100000     episodes | train score: 8.00   | train loss: 84.67   | eps: 0.8949 | alpha: 0.8007 | beta: 0.2029
2024-03-12 20:01:13,495 - INFO - 365     /100000     episodes | train score: -11.00 | train loss: 111.17  | eps: 0.8948 | alpha: 0.8007 | beta: 0.2029
2024-03-12 20:01:13,547 - INFO - 366     /100000     episodes | train score: -8.62  | train loss: 101.23  | eps: 0.8948 | alpha: 0.8007 | beta: 0.2029
2024-03-12 20:01:13,652 - INFO - 367     /100000     episodes | train score: -22.00 | train loss: 56.04   | eps: 0.8948 | alpha: 0.8007 | beta: 0.2029
2024-03-12 20:01:13,756 - INFO - 368     /100000     episodes | train score: -21.00 | train loss: 57.27   | eps: 0.8948 | alpha: 0.8007 | beta: 0.2029
2024-03-12 20:01:13,830 - INFO - 369     /100000     episodes | train score: -1.14  | train loss: 69.90   | eps: 0.8948 | alpha: 0.8007 | beta: 0.2030
2024-03-12 20:01:13,933 - INFO - 370     /100000     episodes | train score: 6.00   | train loss: 77.85   | eps: 0.8948 | alpha: 0.8007 | beta: 0.2030
2024-03-12 20:01:14,310 - INFO - avg test score: -2.00 
2024-03-12 20:01:14,410 - INFO - 371     /100000     episodes | train score: 7.00   | train loss: 81.86   | eps: 0.8948 | alpha: 0.8007 | beta: 0.2030
2024-03-12 20:01:14,507 - INFO - 372     /100000     episodes | train score: -0.76  | train loss: 73.61   | eps: 0.8947 | alpha: 0.8007 | beta: 0.2030
2024-03-12 20:01:14,604 - INFO - 373     /100000     episodes | train score: 7.00   | train loss: 87.20   | eps: 0.8947 | alpha: 0.8007 | beta: 0.2030
2024-03-12 20:01:14,657 - INFO - 374     /100000     episodes | train score: 18.42  | train loss: 76.29   | eps: 0.8947 | alpha: 0.8007 | beta: 0.2030
2024-03-12 20:01:14,756 - INFO - 375     /100000     episodes | train score: 8.00   | train loss: 93.16   | eps: 0.8947 | alpha: 0.8007 | beta: 0.2030
2024-03-12 20:01:14,844 - INFO - 376     /100000     episodes | train score: -1.68  | train loss: 79.35   | eps: 0.8947 | alpha: 0.8008 | beta: 0.2030
2024-03-12 20:01:14,943 - INFO - 377     /100000     episodes | train score: 8.00   | train loss: 87.21   | eps: 0.8947 | alpha: 0.8008 | beta: 0.2030
2024-03-12 20:01:15,036 - INFO - 378     /100000     episodes | train score: 16.28  | train loss: 85.54   | eps: 0.8947 | alpha: 0.8008 | beta: 0.2030
2024-03-12 20:01:15,134 - INFO - 379     /100000     episodes | train score: 6.00   | train loss: 71.87   | eps: 0.8946 | alpha: 0.8008 | beta: 0.2030
2024-03-12 20:01:15,228 - INFO - 380     /100000     episodes | train score: 8.30   | train loss: 80.91   | eps: 0.8946 | alpha: 0.8008 | beta: 0.2030
2024-03-12 20:01:15,631 - INFO - avg test score: -2.00 
2024-03-12 20:01:15,738 - INFO - 381     /100000     episodes | train score: -4.00  | train loss: 87.35   | eps: 0.8946 | alpha: 0.8008 | beta: 0.2030
2024-03-12 20:01:15,837 - INFO - 382     /100000     episodes | train score: -28.48 | train loss: 82.54   | eps: 0.8946 | alpha: 0.8008 | beta: 0.2031
2024-03-12 20:01:15,939 - INFO - 383     /100000     episodes | train score: 7.00   | train loss: 91.59   | eps: 0.8946 | alpha: 0.8008 | beta: 0.2031
2024-03-12 20:01:16,025 - INFO - 384     /100000     episodes | train score: -1.56  | train loss: 69.18   | eps: 0.8946 | alpha: 0.8008 | beta: 0.2031
2024-03-12 20:01:16,126 - INFO - 385     /100000     episodes | train score: 7.00   | train loss: 77.98   | eps: 0.8946 | alpha: 0.8008 | beta: 0.2031
2024-03-12 20:01:16,225 - INFO - 386     /100000     episodes | train score: 8.00   | train loss: 66.24   | eps: 0.8945 | alpha: 0.8008 | beta: 0.2031
2024-03-12 20:01:16,324 - INFO - 387     /100000     episodes | train score: 7.00   | train loss: 66.10   | eps: 0.8945 | alpha: 0.8008 | beta: 0.2031
2024-03-12 20:01:16,424 - INFO - 388     /100000     episodes | train score: 8.00   | train loss: 80.63   | eps: 0.8945 | alpha: 0.8008 | beta: 0.2031
2024-03-12 20:01:16,529 - INFO - 389     /100000     episodes | train score: 16.00  | train loss: 105.97  | eps: 0.8945 | alpha: 0.8008 | beta: 0.2031
2024-03-12 20:01:16,633 - INFO - 390     /100000     episodes | train score: -12.00 | train loss: 75.51   | eps: 0.8945 | alpha: 0.8008 | beta: 0.2031
2024-03-12 20:01:17,025 - INFO - avg test score: -2.00 
2024-03-12 20:01:17,140 - INFO - 391     /100000     episodes | train score: -21.00 | train loss: 59.74   | eps: 0.8945 | alpha: 0.8008 | beta: 0.2031
2024-03-12 20:01:17,226 - INFO - 392     /100000     episodes | train score: -1.50  | train loss: 77.36   | eps: 0.8945 | alpha: 0.8008 | beta: 0.2031
2024-03-12 20:01:17,331 - INFO - 393     /100000     episodes | train score: -12.00 | train loss: 71.05   | eps: 0.8944 | alpha: 0.8008 | beta: 0.2031
2024-03-12 20:01:17,435 - INFO - 394     /100000     episodes | train score: 16.00  | train loss: 68.69   | eps: 0.8944 | alpha: 0.8008 | beta: 0.2032
2024-03-12 20:01:17,537 - INFO - 395     /100000     episodes | train score: 16.00  | train loss: 78.70   | eps: 0.8944 | alpha: 0.8008 | beta: 0.2032
2024-03-12 20:01:17,631 - INFO - 396     /100000     episodes | train score: -0.70  | train loss: 86.61   | eps: 0.8944 | alpha: 0.8008 | beta: 0.2032
2024-03-12 20:01:17,729 - INFO - 397     /100000     episodes | train score: -0.80  | train loss: 64.25   | eps: 0.8944 | alpha: 0.8008 | beta: 0.2032
2024-03-12 20:01:17,835 - INFO - 398     /100000     episodes | train score: 6.00   | train loss: 79.63   | eps: 0.8944 | alpha: 0.8008 | beta: 0.2032
2024-03-12 20:01:17,928 - INFO - 399     /100000     episodes | train score: 17.34  | train loss: 65.62   | eps: 0.8944 | alpha: 0.8008 | beta: 0.2032
2024-03-12 20:01:18,032 - INFO - 400     /100000     episodes | train score: -4.00  | train loss: 74.03   | eps: 0.8943 | alpha: 0.8008 | beta: 0.2032
2024-03-12 20:01:18,413 - INFO - avg test score: -2.00 
2024-03-12 20:01:18,519 - INFO - 401     /100000     episodes | train score: -12.00 | train loss: 76.60   | eps: 0.8943 | alpha: 0.8008 | beta: 0.2032
2024-03-12 20:01:18,590 - INFO - 402     /100000     episodes | train score: -10.08 | train loss: 63.73   | eps: 0.8943 | alpha: 0.8008 | beta: 0.2032
2024-03-12 20:01:18,664 - INFO - 403     /100000     episodes | train score: -10.12 | train loss: 66.84   | eps: 0.8943 | alpha: 0.8008 | beta: 0.2032
2024-03-12 20:01:18,767 - INFO - 404     /100000     episodes | train score: -1.00  | train loss: 57.31   | eps: 0.8943 | alpha: 0.8008 | beta: 0.2032
2024-03-12 20:01:18,873 - INFO - 405     /100000     episodes | train score: -30.00 | train loss: 56.29   | eps: 0.8943 | alpha: 0.8008 | beta: 0.2032
2024-03-12 20:01:18,978 - INFO - 406     /100000     episodes | train score: 7.00   | train loss: 72.54   | eps: 0.8943 | alpha: 0.8008 | beta: 0.2032
2024-03-12 20:01:19,104 - INFO - 407     /100000     episodes | train score: -21.00 | train loss: 65.29   | eps: 0.8942 | alpha: 0.8008 | beta: 0.2033
2024-03-12 20:01:19,196 - INFO - 408     /100000     episodes | train score: 7.46   | train loss: 82.97   | eps: 0.8942 | alpha: 0.8008 | beta: 0.2033
2024-03-12 20:01:19,304 - INFO - 409     /100000     episodes | train score: 17.00  | train loss: 54.97   | eps: 0.8942 | alpha: 0.8008 | beta: 0.2033
2024-03-12 20:01:19,385 - INFO - 410     /100000     episodes | train score: 9.56   | train loss: 78.50   | eps: 0.8942 | alpha: 0.8008 | beta: 0.2033
2024-03-12 20:01:19,770 - INFO - avg test score: -2.00 
2024-03-12 20:01:19,875 - INFO - 411     /100000     episodes | train score: 27.10  | train loss: 106.38  | eps: 0.8942 | alpha: 0.8008 | beta: 0.2033
2024-03-12 20:01:19,982 - INFO - 412     /100000     episodes | train score: 7.00   | train loss: 65.14   | eps: 0.8942 | alpha: 0.8008 | beta: 0.2033
2024-03-12 20:01:20,065 - INFO - 413     /100000     episodes | train score: -1.28  | train loss: 92.26   | eps: 0.8942 | alpha: 0.8008 | beta: 0.2033
2024-03-12 20:01:20,176 - INFO - 414     /100000     episodes | train score: -11.00 | train loss: 82.35   | eps: 0.8941 | alpha: 0.8008 | beta: 0.2033
2024-03-12 20:01:20,279 - INFO - 415     /100000     episodes | train score: 17.00  | train loss: 87.68   | eps: 0.8941 | alpha: 0.8008 | beta: 0.2033
2024-03-12 20:01:20,392 - INFO - 416     /100000     episodes | train score: -1.00  | train loss: 61.46   | eps: 0.8941 | alpha: 0.8008 | beta: 0.2033
2024-03-12 20:01:20,500 - INFO - 417     /100000     episodes | train score: -3.00  | train loss: 83.71   | eps: 0.8941 | alpha: 0.8008 | beta: 0.2033
2024-03-12 20:01:20,610 - INFO - 418     /100000     episodes | train score: -22.00 | train loss: 67.67   | eps: 0.8941 | alpha: 0.8008 | beta: 0.2033
2024-03-12 20:01:20,711 - INFO - 419     /100000     episodes | train score: -3.00  | train loss: 61.91   | eps: 0.8941 | alpha: 0.8008 | beta: 0.2034
2024-03-12 20:01:20,824 - INFO - 420     /100000     episodes | train score: -2.00  | train loss: 63.05   | eps: 0.8941 | alpha: 0.8008 | beta: 0.2034
2024-03-12 20:01:21,251 - INFO - avg test score: -2.00 
2024-03-12 20:01:21,336 - INFO - 421     /100000     episodes | train score: 16.84  | train loss: 61.36   | eps: 0.8941 | alpha: 0.8008 | beta: 0.2034
2024-03-12 20:01:21,423 - INFO - 422     /100000     episodes | train score: 10.36  | train loss: 76.74   | eps: 0.8940 | alpha: 0.8008 | beta: 0.2034
2024-03-12 20:01:21,524 - INFO - 423     /100000     episodes | train score: -2.00  | train loss: 80.04   | eps: 0.8940 | alpha: 0.8008 | beta: 0.2034
2024-03-12 20:01:21,624 - INFO - 424     /100000     episodes | train score: -9.62  | train loss: 65.11   | eps: 0.8940 | alpha: 0.8008 | beta: 0.2034
2024-03-12 20:01:21,735 - INFO - 425     /100000     episodes | train score: -12.00 | train loss: 79.27   | eps: 0.8940 | alpha: 0.8008 | beta: 0.2034
2024-03-12 20:01:21,856 - INFO - 426     /100000     episodes | train score: -21.00 | train loss: 78.04   | eps: 0.8940 | alpha: 0.8009 | beta: 0.2034
2024-03-12 20:01:21,932 - INFO - 427     /100000     episodes | train score: 7.96   | train loss: 73.80   | eps: 0.8940 | alpha: 0.8009 | beta: 0.2034
2024-03-12 20:01:22,016 - INFO - 428     /100000     episodes | train score: 17.66  | train loss: 110.09  | eps: 0.8940 | alpha: 0.8009 | beta: 0.2034
2024-03-12 20:01:22,117 - INFO - 429     /100000     episodes | train score: -1.76  | train loss: 78.80   | eps: 0.8939 | alpha: 0.8009 | beta: 0.2034
2024-03-12 20:01:22,219 - INFO - 430     /100000     episodes | train score: -2.00  | train loss: 92.50   | eps: 0.8939 | alpha: 0.8009 | beta: 0.2034
2024-03-12 20:01:22,589 - INFO - avg test score: -2.00 
2024-03-12 20:01:22,697 - INFO - 431     /100000     episodes | train score: 16.00  | train loss: 68.37   | eps: 0.8939 | alpha: 0.8009 | beta: 0.2034
2024-03-12 20:01:22,785 - INFO - 432     /100000     episodes | train score: -0.34  | train loss: 98.45   | eps: 0.8939 | alpha: 0.8009 | beta: 0.2035
2024-03-12 20:01:22,914 - INFO - 433     /100000     episodes | train score: -13.00 | train loss: 75.50   | eps: 0.8939 | alpha: 0.8009 | beta: 0.2035
2024-03-12 20:01:23,034 - INFO - 434     /100000     episodes | train score: 26.00  | train loss: 84.31   | eps: 0.8939 | alpha: 0.8009 | beta: 0.2035
2024-03-12 20:01:23,136 - INFO - 435     /100000     episodes | train score: 7.00   | train loss: 92.76   | eps: 0.8939 | alpha: 0.8009 | beta: 0.2035
2024-03-12 20:01:23,241 - INFO - 436     /100000     episodes | train score: -22.00 | train loss: 79.84   | eps: 0.8938 | alpha: 0.8009 | beta: 0.2035
2024-03-12 20:01:23,345 - INFO - 437     /100000     episodes | train score: -11.00 | train loss: 70.09   | eps: 0.8938 | alpha: 0.8009 | beta: 0.2035
2024-03-12 20:01:23,447 - INFO - 438     /100000     episodes | train score: -20.00 | train loss: 79.92   | eps: 0.8938 | alpha: 0.8009 | beta: 0.2035
2024-03-12 20:01:23,521 - INFO - 439     /100000     episodes | train score: -0.26  | train loss: 85.83   | eps: 0.8938 | alpha: 0.8009 | beta: 0.2035
2024-03-12 20:01:23,608 - INFO - 440     /100000     episodes | train score: -1.62  | train loss: 98.22   | eps: 0.8938 | alpha: 0.8009 | beta: 0.2035
2024-03-12 20:01:23,977 - INFO - avg test score: -2.00 
2024-03-12 20:01:24,071 - INFO - 441     /100000     episodes | train score: -9.64  | train loss: 67.62   | eps: 0.8938 | alpha: 0.8009 | beta: 0.2035
2024-03-12 20:01:24,181 - INFO - 442     /100000     episodes | train score: -12.00 | train loss: 57.53   | eps: 0.8938 | alpha: 0.8009 | beta: 0.2035
2024-03-12 20:01:24,282 - INFO - 443     /100000     episodes | train score: -3.00  | train loss: 90.58   | eps: 0.8937 | alpha: 0.8009 | beta: 0.2035
2024-03-12 20:01:24,387 - INFO - 444     /100000     episodes | train score: -12.00 | train loss: 83.14   | eps: 0.8937 | alpha: 0.8009 | beta: 0.2036
2024-03-12 20:01:24,487 - INFO - 445     /100000     episodes | train score: -2.00  | train loss: 83.23   | eps: 0.8937 | alpha: 0.8009 | beta: 0.2036
2024-03-12 20:01:24,586 - INFO - 446     /100000     episodes | train score: -11.00 | train loss: 94.11   | eps: 0.8937 | alpha: 0.8009 | beta: 0.2036
2024-03-12 20:01:24,685 - INFO - 447     /100000     episodes | train score: -11.00 | train loss: 91.43   | eps: 0.8937 | alpha: 0.8009 | beta: 0.2036
2024-03-12 20:01:24,765 - INFO - 448     /100000     episodes | train score: -1.26  | train loss: 82.31   | eps: 0.8937 | alpha: 0.8009 | beta: 0.2036
2024-03-12 20:01:24,865 - INFO - 449     /100000     episodes | train score: -12.00 | train loss: 85.02   | eps: 0.8937 | alpha: 0.8009 | beta: 0.2036
2024-03-12 20:01:24,963 - INFO - 450     /100000     episodes | train score: 17.22  | train loss: 85.43   | eps: 0.8936 | alpha: 0.8009 | beta: 0.2036
2024-03-12 20:01:25,348 - INFO - avg test score: -2.00 
2024-03-12 20:01:25,467 - INFO - 451     /100000     episodes | train score: -12.00 | train loss: 71.56   | eps: 0.8936 | alpha: 0.8009 | beta: 0.2036
2024-03-12 20:01:25,572 - INFO - 452     /100000     episodes | train score: 8.26   | train loss: 69.03   | eps: 0.8936 | alpha: 0.8009 | beta: 0.2036
2024-03-12 20:01:25,653 - INFO - 453     /100000     episodes | train score: -19.18 | train loss: 79.84   | eps: 0.8936 | alpha: 0.8009 | beta: 0.2036
2024-03-12 20:01:25,758 - INFO - 454     /100000     episodes | train score: -2.00  | train loss: 78.31   | eps: 0.8936 | alpha: 0.8009 | beta: 0.2036
2024-03-12 20:01:25,866 - INFO - 455     /100000     episodes | train score: 7.00   | train loss: 88.70   | eps: 0.8936 | alpha: 0.8009 | beta: 0.2036
2024-03-12 20:01:25,974 - INFO - 456     /100000     episodes | train score: -12.00 | train loss: 63.44   | eps: 0.8936 | alpha: 0.8009 | beta: 0.2036
2024-03-12 20:01:26,101 - INFO - 457     /100000     episodes | train score: 6.00   | train loss: 97.44   | eps: 0.8935 | alpha: 0.8009 | beta: 0.2037
2024-03-12 20:01:26,205 - INFO - 458     /100000     episodes | train score: 17.00  | train loss: 89.48   | eps: 0.8935 | alpha: 0.8009 | beta: 0.2037
2024-03-12 20:01:26,276 - INFO - 459     /100000     episodes | train score: -1.06  | train loss: 78.20   | eps: 0.8935 | alpha: 0.8009 | beta: 0.2037
2024-03-12 20:01:26,371 - INFO - 460     /100000     episodes | train score: -1.92  | train loss: 88.69   | eps: 0.8935 | alpha: 0.8009 | beta: 0.2037
2024-03-12 20:01:26,759 - INFO - avg test score: -2.00 
2024-03-12 20:01:26,863 - INFO - 461     /100000     episodes | train score: 17.00  | train loss: 65.03   | eps: 0.8935 | alpha: 0.8009 | beta: 0.2037
2024-03-12 20:01:26,967 - INFO - 462     /100000     episodes | train score: 7.00   | train loss: 105.57  | eps: 0.8935 | alpha: 0.8009 | beta: 0.2037
