2024-03-12 20:17:53,903 - INFO - ============================================================
2024-03-12 20:17:53,903 - INFO - use_wandb                     | True
2024-03-12 20:17:53,903 - INFO - entity_name                   | singfor7012
2024-03-12 20:17:53,903 - INFO - env_name                      | ma_gym:Checkers-v0
2024-03-12 20:17:53,903 - INFO - experiment_name               | vdn
2024-03-12 20:17:53,903 - INFO - use_cuda                      | False
2024-03-12 20:17:53,903 - INFO - n_training_threads            | 12
2024-03-12 20:17:53,903 - INFO - use_render                    | False
2024-03-12 20:17:53,903 - INFO - use_time_sleep                | False
2024-03-12 20:17:53,903 - INFO - sleep_second                  | 0.5
2024-03-12 20:17:53,903 - INFO - seed                          | 42
2024-03-12 20:17:53,903 - INFO - fix_seed                      | True
2024-03-12 20:17:53,903 - INFO - epsilon_anneal_episode        | 60000
2024-03-12 20:17:53,903 - INFO - max_epsilon                   | 0.9
2024-03-12 20:17:53,903 - INFO - min_epsilon                   | 0.05
2024-03-12 20:17:53,903 - INFO - lr                            | 0.01
2024-03-12 20:17:53,903 - INFO - gamma                         | 0.99
2024-03-12 20:17:53,903 - INFO - batch_size                    | 32
2024-03-12 20:17:53,903 - INFO - max_episodes                  | 100000
2024-03-12 20:17:53,903 - INFO - max_step                      | 100
2024-03-12 20:17:53,903 - INFO - step_cost                     | -0.01
2024-03-12 20:17:53,903 - INFO - chunk_size                    | 10
2024-03-12 20:17:53,903 - INFO - update_iter                   | 10
2024-03-12 20:17:53,903 - INFO - update_target_interval        | 200
2024-03-12 20:17:53,903 - INFO - grad_clip_norm                | 0.01
2024-03-12 20:17:53,903 - INFO - decide_target                 | double_dqn
2024-03-12 20:17:53,903 - INFO - decide_network                | q_net
2024-03-12 20:17:53,903 - INFO - use_recurrent                 | True
2024-03-12 20:17:53,903 - INFO - test_interval                 | 10
2024-03-12 20:17:53,903 - INFO - test_episodes                 | 10
2024-03-12 20:17:53,903 - INFO - buffer_limit                  | 2000
2024-03-12 20:17:53,903 - INFO - eps                           | 1e-06
2024-03-12 20:17:53,903 - INFO - alpha                         | 0.8
2024-03-12 20:17:53,903 - INFO - beta                          | 0.2
2024-03-12 20:17:53,903 - INFO - update_alpha_beta             | True
2024-03-12 20:17:53,903 - INFO - Device: cpu
2024-03-12 20:17:53,903 - INFO - ============================================================
2024-03-12 20:18:09,336 - INFO - 1       /100000     episodes | train score: -1.86  | train loss: 78.37   | eps: 0.9000 | alpha: 0.8000 | beta: 0.2000
2024-03-12 20:18:09,688 - INFO - 2       /100000     episodes | train score: 25.96  | train loss: 45.09   | eps: 0.9000 | alpha: 0.8000 | beta: 0.2000
2024-03-12 20:18:10,041 - INFO - 3       /100000     episodes | train score: -19.42 | train loss: 29.11   | eps: 0.9000 | alpha: 0.8000 | beta: 0.2000
2024-03-12 20:18:10,416 - INFO - 4       /100000     episodes | train score: 16.08  | train loss: 29.44   | eps: 0.9000 | alpha: 0.8000 | beta: 0.2000
2024-03-12 20:18:10,793 - INFO - 5       /100000     episodes | train score: 7.00   | train loss: 30.78   | eps: 0.8999 | alpha: 0.8000 | beta: 0.2000
2024-03-12 20:18:11,143 - INFO - 6       /100000     episodes | train score: -0.30  | train loss: 27.11   | eps: 0.8999 | alpha: 0.8000 | beta: 0.2000
2024-03-12 20:18:11,477 - INFO - 7       /100000     episodes | train score: 9.20   | train loss: 23.14   | eps: 0.8999 | alpha: 0.8000 | beta: 0.2001
2024-03-12 20:18:11,851 - INFO - 8       /100000     episodes | train score: -2.00  | train loss: 21.35   | eps: 0.8999 | alpha: 0.8000 | beta: 0.2001
2024-03-12 20:18:12,184 - INFO - 9       /100000     episodes | train score: 8.22   | train loss: 23.43   | eps: 0.8999 | alpha: 0.8000 | beta: 0.2001
2024-03-12 20:18:12,555 - INFO - 10      /100000     episodes | train score: -12.00 | train loss: 17.40   | eps: 0.8999 | alpha: 0.8000 | beta: 0.2001
2024-03-12 20:18:12,922 - INFO - avg test score: 8.00  
2024-03-12 20:18:13,281 - INFO - 11      /100000     episodes | train score: -19.68 | train loss: 20.95   | eps: 0.8999 | alpha: 0.8000 | beta: 0.2001
2024-03-12 20:18:13,652 - INFO - 12      /100000     episodes | train score: -4.00  | train loss: 19.41   | eps: 0.8998 | alpha: 0.8000 | beta: 0.2001
2024-03-12 20:18:14,034 - INFO - 13      /100000     episodes | train score: -11.00 | train loss: 20.22   | eps: 0.8998 | alpha: 0.8000 | beta: 0.2001
2024-03-12 20:18:14,392 - INFO - 14      /100000     episodes | train score: 17.38  | train loss: 18.75   | eps: 0.8998 | alpha: 0.8000 | beta: 0.2001
2024-03-12 20:18:14,760 - INFO - 15      /100000     episodes | train score: -10.00 | train loss: 17.05   | eps: 0.8998 | alpha: 0.8000 | beta: 0.2001
2024-03-12 20:18:15,124 - INFO - 16      /100000     episodes | train score: 16.12  | train loss: 18.56   | eps: 0.8998 | alpha: 0.8000 | beta: 0.2001
2024-03-12 20:18:15,503 - INFO - 17      /100000     episodes | train score: 7.00   | train loss: 16.50   | eps: 0.8998 | alpha: 0.8000 | beta: 0.2001
2024-03-12 20:18:15,872 - INFO - 18      /100000     episodes | train score: -0.78  | train loss: 15.65   | eps: 0.8998 | alpha: 0.8000 | beta: 0.2001
2024-03-12 20:18:16,252 - INFO - 19      /100000     episodes | train score: -11.00 | train loss: 15.26   | eps: 0.8997 | alpha: 0.8000 | beta: 0.2002
2024-03-12 20:18:16,630 - INFO - 20      /100000     episodes | train score: -2.00  | train loss: 17.52   | eps: 0.8997 | alpha: 0.8000 | beta: 0.2002
2024-03-12 20:18:17,001 - INFO - avg test score: 8.00  
2024-03-12 20:18:17,484 - INFO - 21      /100000     episodes | train score: 7.00   | train loss: 13.55   | eps: 0.8997 | alpha: 0.8000 | beta: 0.2002
2024-03-12 20:18:17,952 - INFO - 22      /100000     episodes | train score: 18.48  | train loss: 14.61   | eps: 0.8997 | alpha: 0.8000 | beta: 0.2002
2024-03-12 20:18:18,403 - INFO - 23      /100000     episodes | train score: -1.14  | train loss: 14.95   | eps: 0.8997 | alpha: 0.8000 | beta: 0.2002
2024-03-12 20:18:18,887 - INFO - 24      /100000     episodes | train score: -1.82  | train loss: 14.59   | eps: 0.8997 | alpha: 0.8000 | beta: 0.2002
2024-03-12 20:18:19,379 - INFO - 25      /100000     episodes | train score: 18.00  | train loss: 13.48   | eps: 0.8997 | alpha: 0.8001 | beta: 0.2002
2024-03-12 20:18:19,867 - INFO - 26      /100000     episodes | train score: -12.00 | train loss: 12.44   | eps: 0.8996 | alpha: 0.8001 | beta: 0.2002
2024-03-12 20:18:20,361 - INFO - 27      /100000     episodes | train score: 7.00   | train loss: 14.47   | eps: 0.8996 | alpha: 0.8001 | beta: 0.2002
2024-03-12 20:18:20,819 - INFO - 28      /100000     episodes | train score: 26.72  | train loss: 16.29   | eps: 0.8996 | alpha: 0.8001 | beta: 0.2002
2024-03-12 20:18:21,263 - INFO - 29      /100000     episodes | train score: -0.98  | train loss: 13.22   | eps: 0.8996 | alpha: 0.8001 | beta: 0.2002
2024-03-12 20:18:21,750 - INFO - 30      /100000     episodes | train score: -1.90  | train loss: 13.97   | eps: 0.8996 | alpha: 0.8001 | beta: 0.2002
2024-03-12 20:18:22,171 - INFO - avg test score: 8.00  
2024-03-12 20:18:22,619 - INFO - 31      /100000     episodes | train score: 17.98  | train loss: 13.92   | eps: 0.8996 | alpha: 0.8001 | beta: 0.2002
2024-03-12 20:18:23,059 - INFO - 32      /100000     episodes | train score: 1.12   | train loss: 14.66   | eps: 0.8996 | alpha: 0.8001 | beta: 0.2003
2024-03-12 20:18:23,539 - INFO - 33      /100000     episodes | train score: 26.16  | train loss: 12.76   | eps: 0.8995 | alpha: 0.8001 | beta: 0.2003
2024-03-12 20:18:23,972 - INFO - 34      /100000     episodes | train score: 10.34  | train loss: 13.46   | eps: 0.8995 | alpha: 0.8001 | beta: 0.2003
2024-03-12 20:18:24,416 - INFO - 35      /100000     episodes | train score: 18.14  | train loss: 14.18   | eps: 0.8995 | alpha: 0.8001 | beta: 0.2003
2024-03-12 20:18:24,907 - INFO - 36      /100000     episodes | train score: -21.00 | train loss: 13.46   | eps: 0.8995 | alpha: 0.8001 | beta: 0.2003
2024-03-12 20:18:25,394 - INFO - 37      /100000     episodes | train score: 8.06   | train loss: 12.13   | eps: 0.8995 | alpha: 0.8001 | beta: 0.2003
2024-03-12 20:18:25,854 - INFO - 38      /100000     episodes | train score: 27.66  | train loss: 13.88   | eps: 0.8995 | alpha: 0.8001 | beta: 0.2003
2024-03-12 20:18:26,343 - INFO - 39      /100000     episodes | train score: -2.00  | train loss: 15.39   | eps: 0.8995 | alpha: 0.8001 | beta: 0.2003
2024-03-12 20:18:26,835 - INFO - 40      /100000     episodes | train score: 0.04   | train loss: 12.25   | eps: 0.8994 | alpha: 0.8001 | beta: 0.2003
2024-03-12 20:18:27,222 - INFO - avg test score: 8.00  
2024-03-12 20:18:27,712 - INFO - 41      /100000     episodes | train score: 6.00   | train loss: 14.07   | eps: 0.8994 | alpha: 0.8001 | beta: 0.2003
2024-03-12 20:18:28,208 - INFO - 42      /100000     episodes | train score: -21.00 | train loss: 13.02   | eps: 0.8994 | alpha: 0.8001 | beta: 0.2003
2024-03-12 20:18:28,708 - INFO - 43      /100000     episodes | train score: 6.00   | train loss: 14.95   | eps: 0.8994 | alpha: 0.8001 | beta: 0.2003
2024-03-12 20:18:29,212 - INFO - 44      /100000     episodes | train score: 7.00   | train loss: 12.83   | eps: 0.8994 | alpha: 0.8001 | beta: 0.2004
2024-03-12 20:18:29,658 - INFO - 45      /100000     episodes | train score: 9.08   | train loss: 15.75   | eps: 0.8994 | alpha: 0.8001 | beta: 0.2004
2024-03-12 20:18:30,127 - INFO - 46      /100000     episodes | train score: 26.74  | train loss: 13.43   | eps: 0.8994 | alpha: 0.8001 | beta: 0.2004
2024-03-12 20:18:30,620 - INFO - 47      /100000     episodes | train score: 8.00   | train loss: 13.22   | eps: 0.8993 | alpha: 0.8001 | beta: 0.2004
2024-03-12 20:18:31,088 - INFO - 48      /100000     episodes | train score: 7.50   | train loss: 16.53   | eps: 0.8993 | alpha: 0.8001 | beta: 0.2004
2024-03-12 20:18:31,560 - INFO - 49      /100000     episodes | train score: 8.36   | train loss: 14.09   | eps: 0.8993 | alpha: 0.8001 | beta: 0.2004
2024-03-12 20:18:31,906 - INFO - 50      /100000     episodes | train score: 0.12   | train loss: 13.28   | eps: 0.8993 | alpha: 0.8001 | beta: 0.2004
2024-03-12 20:18:32,279 - INFO - avg test score: 8.00  
2024-03-12 20:18:32,866 - INFO - 51      /100000     episodes | train score: 17.00  | train loss: 14.05   | eps: 0.8993 | alpha: 0.8001 | beta: 0.2004
2024-03-12 20:18:33,575 - INFO - 52      /100000     episodes | train score: -3.00  | train loss: 14.18   | eps: 0.8993 | alpha: 0.8001 | beta: 0.2004
2024-03-12 20:18:34,268 - INFO - 53      /100000     episodes | train score: 7.28   | train loss: 12.96   | eps: 0.8993 | alpha: 0.8001 | beta: 0.2004
2024-03-12 20:18:34,979 - INFO - 54      /100000     episodes | train score: -12.00 | train loss: 12.77   | eps: 0.8992 | alpha: 0.8001 | beta: 0.2004
2024-03-12 20:18:35,664 - INFO - 55      /100000     episodes | train score: 7.40   | train loss: 14.62   | eps: 0.8992 | alpha: 0.8001 | beta: 0.2004
2024-03-12 20:18:36,346 - INFO - 56      /100000     episodes | train score: 16.42  | train loss: 13.26   | eps: 0.8992 | alpha: 0.8001 | beta: 0.2004
2024-03-12 20:18:37,033 - INFO - 57      /100000     episodes | train score: 9.38   | train loss: 12.15   | eps: 0.8992 | alpha: 0.8001 | beta: 0.2005
2024-03-12 20:18:37,725 - INFO - 58      /100000     episodes | train score: 7.32   | train loss: 15.04   | eps: 0.8992 | alpha: 0.8001 | beta: 0.2005
2024-03-12 20:18:38,389 - INFO - 59      /100000     episodes | train score: 8.68   | train loss: 12.40   | eps: 0.8992 | alpha: 0.8001 | beta: 0.2005
2024-03-12 20:18:39,036 - INFO - 60      /100000     episodes | train score: 10.02  | train loss: 11.61   | eps: 0.8992 | alpha: 0.8001 | beta: 0.2005
2024-03-12 20:18:39,510 - INFO - avg test score: 8.00  
2024-03-12 20:18:39,910 - INFO - 61      /100000     episodes | train score: 10.12  | train loss: 13.42   | eps: 0.8992 | alpha: 0.8001 | beta: 0.2005
2024-03-12 20:18:40,621 - INFO - 62      /100000     episodes | train score: 6.00   | train loss: 13.77   | eps: 0.8991 | alpha: 0.8001 | beta: 0.2005
2024-03-12 20:18:41,279 - INFO - 63      /100000     episodes | train score: 8.78   | train loss: 14.37   | eps: 0.8991 | alpha: 0.8001 | beta: 0.2005
2024-03-12 20:18:41,914 - INFO - 64      /100000     episodes | train score: 0.22   | train loss: 13.83   | eps: 0.8991 | alpha: 0.8001 | beta: 0.2005
2024-03-12 20:18:42,553 - INFO - 65      /100000     episodes | train score: -0.96  | train loss: 13.00   | eps: 0.8991 | alpha: 0.8001 | beta: 0.2005
2024-03-12 20:18:43,260 - INFO - 66      /100000     episodes | train score: -10.00 | train loss: 13.32   | eps: 0.8991 | alpha: 0.8001 | beta: 0.2005
2024-03-12 20:18:43,970 - INFO - 67      /100000     episodes | train score: 7.04   | train loss: 12.58   | eps: 0.8991 | alpha: 0.8001 | beta: 0.2005
2024-03-12 20:18:44,628 - INFO - 68      /100000     episodes | train score: -1.24  | train loss: 13.24   | eps: 0.8991 | alpha: 0.8001 | beta: 0.2005
2024-03-12 20:18:45,295 - INFO - 69      /100000     episodes | train score: 7.62   | train loss: 13.97   | eps: 0.8990 | alpha: 0.8001 | beta: 0.2006
2024-03-12 20:18:45,953 - INFO - 70      /100000     episodes | train score: -0.16  | train loss: 13.37   | eps: 0.8990 | alpha: 0.8001 | beta: 0.2006
2024-03-12 20:18:46,414 - INFO - avg test score: 8.00  
2024-03-12 20:18:47,026 - INFO - 71      /100000     episodes | train score: -10.00 | train loss: 12.91   | eps: 0.8990 | alpha: 0.8001 | beta: 0.2006
2024-03-12 20:18:47,750 - INFO - 72      /100000     episodes | train score: -3.00  | train loss: 13.05   | eps: 0.8990 | alpha: 0.8001 | beta: 0.2006
2024-03-12 20:18:48,452 - INFO - 73      /100000     episodes | train score: -1.80  | train loss: 14.32   | eps: 0.8990 | alpha: 0.8001 | beta: 0.2006
2024-03-12 20:18:49,100 - INFO - 74      /100000     episodes | train score: -1.04  | train loss: 13.91   | eps: 0.8990 | alpha: 0.8001 | beta: 0.2006
2024-03-12 20:18:49,814 - INFO - 75      /100000     episodes | train score: -2.00  | train loss: 14.16   | eps: 0.8990 | alpha: 0.8002 | beta: 0.2006
2024-03-12 20:18:50,496 - INFO - 76      /100000     episodes | train score: 9.56   | train loss: 11.99   | eps: 0.8989 | alpha: 0.8002 | beta: 0.2006
2024-03-12 20:18:51,174 - INFO - 77      /100000     episodes | train score: 7.68   | train loss: 12.66   | eps: 0.8989 | alpha: 0.8002 | beta: 0.2006
2024-03-12 20:18:51,844 - INFO - 78      /100000     episodes | train score: -1.28  | train loss: 11.54   | eps: 0.8989 | alpha: 0.8002 | beta: 0.2006
2024-03-12 20:18:52,525 - INFO - 79      /100000     episodes | train score: -0.44  | train loss: 13.05   | eps: 0.8989 | alpha: 0.8002 | beta: 0.2006
2024-03-12 20:18:53,248 - INFO - 80      /100000     episodes | train score: -2.00  | train loss: 14.22   | eps: 0.8989 | alpha: 0.8002 | beta: 0.2006
2024-03-12 20:18:53,718 - INFO - avg test score: 8.00  
2024-03-12 20:18:54,121 - INFO - 81      /100000     episodes | train score: -1.12  | train loss: 12.48   | eps: 0.8989 | alpha: 0.8002 | beta: 0.2006
2024-03-12 20:18:54,621 - INFO - 82      /100000     episodes | train score: 7.00   | train loss: 12.88   | eps: 0.8989 | alpha: 0.8002 | beta: 0.2007
2024-03-12 20:18:55,075 - INFO - 83      /100000     episodes | train score: 8.88   | train loss: 11.25   | eps: 0.8988 | alpha: 0.8002 | beta: 0.2007
2024-03-12 20:18:55,572 - INFO - 84      /100000     episodes | train score: 7.00   | train loss: 12.91   | eps: 0.8988 | alpha: 0.8002 | beta: 0.2007
2024-03-12 20:18:56,029 - INFO - 85      /100000     episodes | train score: 7.80   | train loss: 11.27   | eps: 0.8988 | alpha: 0.8002 | beta: 0.2007
2024-03-12 20:18:56,471 - INFO - 86      /100000     episodes | train score: 28.16  | train loss: 13.50   | eps: 0.8988 | alpha: 0.8002 | beta: 0.2007
2024-03-12 20:18:56,963 - INFO - 87      /100000     episodes | train score: -1.00  | train loss: 13.44   | eps: 0.8988 | alpha: 0.8002 | beta: 0.2007
2024-03-12 20:18:57,417 - INFO - 88      /100000     episodes | train score: -18.14 | train loss: 13.37   | eps: 0.8988 | alpha: 0.8002 | beta: 0.2007
2024-03-12 20:18:57,912 - INFO - 89      /100000     episodes | train score: 7.00   | train loss: 11.99   | eps: 0.8988 | alpha: 0.8002 | beta: 0.2007
2024-03-12 20:18:58,346 - INFO - 90      /100000     episodes | train score: 19.38  | train loss: 12.06   | eps: 0.8987 | alpha: 0.8002 | beta: 0.2007
2024-03-12 20:18:58,749 - INFO - avg test score: 8.00  
2024-03-12 20:18:59,224 - INFO - 91      /100000     episodes | train score: 16.30  | train loss: 11.20   | eps: 0.8987 | alpha: 0.8002 | beta: 0.2007
2024-03-12 20:18:59,722 - INFO - 92      /100000     episodes | train score: 7.00   | train loss: 13.54   | eps: 0.8987 | alpha: 0.8002 | beta: 0.2007
2024-03-12 20:19:00,221 - INFO - 93      /100000     episodes | train score: -3.00  | train loss: 13.26   | eps: 0.8987 | alpha: 0.8002 | beta: 0.2007
2024-03-12 20:19:00,716 - INFO - 94      /100000     episodes | train score: -2.00  | train loss: 13.76   | eps: 0.8987 | alpha: 0.8002 | beta: 0.2008
2024-03-12 20:19:01,199 - INFO - 95      /100000     episodes | train score: -10.70 | train loss: 11.93   | eps: 0.8987 | alpha: 0.8002 | beta: 0.2008
2024-03-12 20:19:01,663 - INFO - 96      /100000     episodes | train score: 9.64   | train loss: 13.76   | eps: 0.8987 | alpha: 0.8002 | beta: 0.2008
2024-03-12 20:19:02,123 - INFO - 97      /100000     episodes | train score: 26.76  | train loss: 13.65   | eps: 0.8986 | alpha: 0.8002 | beta: 0.2008
2024-03-12 20:19:02,615 - INFO - 98      /100000     episodes | train score: -3.00  | train loss: 11.58   | eps: 0.8986 | alpha: 0.8002 | beta: 0.2008
2024-03-12 20:19:03,094 - INFO - 99      /100000     episodes | train score: -1.68  | train loss: 13.15   | eps: 0.8986 | alpha: 0.8002 | beta: 0.2008
2024-03-12 20:19:03,578 - INFO - 100     /100000     episodes | train score: -0.74  | train loss: 12.18   | eps: 0.8986 | alpha: 0.8002 | beta: 0.2008
2024-03-12 20:19:03,991 - INFO - avg test score: 8.00  
2024-03-12 20:19:04,484 - INFO - 101     /100000     episodes | train score: 6.00   | train loss: 11.96   | eps: 0.8986 | alpha: 0.8002 | beta: 0.2008
2024-03-12 20:19:04,938 - INFO - 102     /100000     episodes | train score: 16.92  | train loss: 12.08   | eps: 0.8986 | alpha: 0.8002 | beta: 0.2008
2024-03-12 20:19:05,431 - INFO - 103     /100000     episodes | train score: -2.00  | train loss: 13.01   | eps: 0.8986 | alpha: 0.8002 | beta: 0.2008
2024-03-12 20:19:05,923 - INFO - 104     /100000     episodes | train score: 7.00   | train loss: 14.23   | eps: 0.8985 | alpha: 0.8002 | beta: 0.2008
2024-03-12 20:19:06,389 - INFO - 105     /100000     episodes | train score: -0.32  | train loss: 13.36   | eps: 0.8985 | alpha: 0.8002 | beta: 0.2008
2024-03-12 20:19:06,834 - INFO - 106     /100000     episodes | train score: 0.14   | train loss: 14.53   | eps: 0.8985 | alpha: 0.8002 | beta: 0.2008
2024-03-12 20:19:07,293 - INFO - 107     /100000     episodes | train score: -1.26  | train loss: 13.70   | eps: 0.8985 | alpha: 0.8002 | beta: 0.2009
2024-03-12 20:19:07,778 - INFO - 108     /100000     episodes | train score: 7.16   | train loss: 12.82   | eps: 0.8985 | alpha: 0.8002 | beta: 0.2009
2024-03-12 20:19:08,262 - INFO - 109     /100000     episodes | train score: -10.82 | train loss: 11.40   | eps: 0.8985 | alpha: 0.8002 | beta: 0.2009
2024-03-12 20:19:08,759 - INFO - 110     /100000     episodes | train score: 17.00  | train loss: 12.41   | eps: 0.8985 | alpha: 0.8002 | beta: 0.2009
2024-03-12 20:19:09,175 - INFO - avg test score: 8.00  
2024-03-12 20:19:09,667 - INFO - 111     /100000     episodes | train score: -3.00  | train loss: 13.25   | eps: 0.8984 | alpha: 0.8002 | beta: 0.2009
2024-03-12 20:19:10,158 - INFO - 112     /100000     episodes | train score: -1.00  | train loss: 12.31   | eps: 0.8984 | alpha: 0.8002 | beta: 0.2009
2024-03-12 20:19:10,608 - INFO - 113     /100000     episodes | train score: 8.04   | train loss: 14.11   | eps: 0.8984 | alpha: 0.8002 | beta: 0.2009
2024-03-12 20:19:11,089 - INFO - 114     /100000     episodes | train score: 8.34   | train loss: 13.20   | eps: 0.8984 | alpha: 0.8002 | beta: 0.2009
2024-03-12 20:19:11,570 - INFO - 115     /100000     episodes | train score: -1.74  | train loss: 12.33   | eps: 0.8984 | alpha: 0.8002 | beta: 0.2009
2024-03-12 20:19:12,062 - INFO - 116     /100000     episodes | train score: -2.00  | train loss: 14.34   | eps: 0.8984 | alpha: 0.8002 | beta: 0.2009
2024-03-12 20:19:12,545 - INFO - 117     /100000     episodes | train score: 8.20   | train loss: 12.23   | eps: 0.8984 | alpha: 0.8002 | beta: 0.2009
2024-03-12 20:19:12,980 - INFO - 118     /100000     episodes | train score: 0.44   | train loss: 12.49   | eps: 0.8983 | alpha: 0.8002 | beta: 0.2009
2024-03-12 20:19:13,472 - INFO - 119     /100000     episodes | train score: -12.00 | train loss: 12.37   | eps: 0.8983 | alpha: 0.8002 | beta: 0.2010
2024-03-12 20:19:13,926 - INFO - 120     /100000     episodes | train score: 17.88  | train loss: 13.46   | eps: 0.8983 | alpha: 0.8002 | beta: 0.2010
2024-03-12 20:19:14,341 - INFO - avg test score: 8.00  
2024-03-12 20:19:14,835 - INFO - 121     /100000     episodes | train score: -12.00 | train loss: 11.56   | eps: 0.8983 | alpha: 0.8002 | beta: 0.2010
2024-03-12 20:19:15,303 - INFO - 122     /100000     episodes | train score: 9.54   | train loss: 12.71   | eps: 0.8983 | alpha: 0.8002 | beta: 0.2010
2024-03-12 20:19:15,750 - INFO - 123     /100000     episodes | train score: 9.08   | train loss: 11.95   | eps: 0.8983 | alpha: 0.8002 | beta: 0.2010
2024-03-12 20:19:16,244 - INFO - 124     /100000     episodes | train score: -1.96  | train loss: 11.87   | eps: 0.8983 | alpha: 0.8002 | beta: 0.2010
2024-03-12 20:19:16,698 - INFO - 125     /100000     episodes | train score: 7.88   | train loss: 13.55   | eps: 0.8982 | alpha: 0.8003 | beta: 0.2010
2024-03-12 20:19:17,140 - INFO - 126     /100000     episodes | train score: 20.16  | train loss: 12.37   | eps: 0.8982 | alpha: 0.8003 | beta: 0.2010
2024-03-12 20:19:17,612 - INFO - 127     /100000     episodes | train score: -10.54 | train loss: 13.61   | eps: 0.8982 | alpha: 0.8003 | beta: 0.2010
2024-03-12 20:19:18,080 - INFO - 128     /100000     episodes | train score: -0.46  | train loss: 12.53   | eps: 0.8982 | alpha: 0.8003 | beta: 0.2010
2024-03-12 20:19:18,572 - INFO - 129     /100000     episodes | train score: -2.00  | train loss: 11.64   | eps: 0.8982 | alpha: 0.8003 | beta: 0.2010
2024-03-12 20:19:19,032 - INFO - 130     /100000     episodes | train score: -10.24 | train loss: 13.34   | eps: 0.8982 | alpha: 0.8003 | beta: 0.2010
2024-03-12 20:19:19,440 - INFO - avg test score: 8.00  
2024-03-12 20:19:19,792 - INFO - 131     /100000     episodes | train score: -10.14 | train loss: 12.29   | eps: 0.8982 | alpha: 0.8003 | beta: 0.2010
2024-03-12 20:19:20,162 - INFO - 132     /100000     episodes | train score: -2.00  | train loss: 11.72   | eps: 0.8981 | alpha: 0.8003 | beta: 0.2011
2024-03-12 20:19:20,531 - INFO - 133     /100000     episodes | train score: -0.82  | train loss: 13.23   | eps: 0.8981 | alpha: 0.8003 | beta: 0.2011
2024-03-12 20:19:20,866 - INFO - 134     /100000     episodes | train score: -7.94  | train loss: 14.17   | eps: 0.8981 | alpha: 0.8003 | beta: 0.2011
2024-03-12 20:19:21,241 - INFO - 135     /100000     episodes | train score: 26.00  | train loss: 12.41   | eps: 0.8981 | alpha: 0.8003 | beta: 0.2011
2024-03-12 20:19:21,609 - INFO - 136     /100000     episodes | train score: -9.78  | train loss: 12.98   | eps: 0.8981 | alpha: 0.8003 | beta: 0.2011
2024-03-12 20:19:21,980 - INFO - 137     /100000     episodes | train score: -12.00 | train loss: 12.22   | eps: 0.8981 | alpha: 0.8003 | beta: 0.2011
2024-03-12 20:19:22,323 - INFO - 138     /100000     episodes | train score: -0.12  | train loss: 12.87   | eps: 0.8981 | alpha: 0.8003 | beta: 0.2011
2024-03-12 20:19:22,682 - INFO - 139     /100000     episodes | train score: 7.42   | train loss: 13.85   | eps: 0.8980 | alpha: 0.8003 | beta: 0.2011
2024-03-12 20:19:23,036 - INFO - 140     /100000     episodes | train score: -1.48  | train loss: 12.93   | eps: 0.8980 | alpha: 0.8003 | beta: 0.2011
2024-03-12 20:19:23,413 - INFO - avg test score: 8.00  
2024-03-12 20:19:23,779 - INFO - 141     /100000     episodes | train score: 8.20   | train loss: 14.28   | eps: 0.8980 | alpha: 0.8003 | beta: 0.2011
2024-03-12 20:19:24,203 - INFO - 142     /100000     episodes | train score: -1.28  | train loss: 13.11   | eps: 0.8980 | alpha: 0.8003 | beta: 0.2011
2024-03-12 20:19:24,809 - INFO - 143     /100000     episodes | train score: 6.00   | train loss: 14.04   | eps: 0.8980 | alpha: 0.8003 | beta: 0.2011
2024-03-12 20:19:25,299 - INFO - 144     /100000     episodes | train score: -11.00 | train loss: 14.29   | eps: 0.8980 | alpha: 0.8003 | beta: 0.2012
2024-03-12 20:19:25,767 - INFO - 145     /100000     episodes | train score: -0.38  | train loss: 14.52   | eps: 0.8980 | alpha: 0.8003 | beta: 0.2012
2024-03-12 20:19:26,231 - INFO - 146     /100000     episodes | train score: -0.38  | train loss: 14.61   | eps: 0.8979 | alpha: 0.8003 | beta: 0.2012
2024-03-12 20:19:26,691 - INFO - 147     /100000     episodes | train score: -0.32  | train loss: 13.40   | eps: 0.8979 | alpha: 0.8003 | beta: 0.2012
2024-03-12 20:19:27,181 - INFO - 148     /100000     episodes | train score: -3.00  | train loss: 13.26   | eps: 0.8979 | alpha: 0.8003 | beta: 0.2012
2024-03-12 20:19:27,671 - INFO - 149     /100000     episodes | train score: -12.00 | train loss: 12.25   | eps: 0.8979 | alpha: 0.8003 | beta: 0.2012
2024-03-12 20:19:28,165 - INFO - 150     /100000     episodes | train score: -2.00  | train loss: 13.80   | eps: 0.8979 | alpha: 0.8003 | beta: 0.2012
2024-03-12 20:19:28,571 - INFO - avg test score: 8.00  
2024-03-12 20:19:29,043 - INFO - 151     /100000     episodes | train score: 26.40  | train loss: 12.09   | eps: 0.8979 | alpha: 0.8003 | beta: 0.2012
2024-03-12 20:19:29,531 - INFO - 152     /100000     episodes | train score: -19.96 | train loss: 13.72   | eps: 0.8979 | alpha: 0.8003 | beta: 0.2012
2024-03-12 20:19:30,005 - INFO - 153     /100000     episodes | train score: 17.50  | train loss: 13.19   | eps: 0.8978 | alpha: 0.8003 | beta: 0.2012
2024-03-12 20:19:30,476 - INFO - 154     /100000     episodes | train score: -0.42  | train loss: 12.66   | eps: 0.8978 | alpha: 0.8003 | beta: 0.2012
2024-03-12 20:19:30,978 - INFO - 155     /100000     episodes | train score: -13.00 | train loss: 13.52   | eps: 0.8978 | alpha: 0.8003 | beta: 0.2012
2024-03-12 20:19:31,433 - INFO - 156     /100000     episodes | train score: 18.02  | train loss: 12.65   | eps: 0.8978 | alpha: 0.8003 | beta: 0.2012
2024-03-12 20:19:31,916 - INFO - 157     /100000     episodes | train score: -1.68  | train loss: 12.66   | eps: 0.8978 | alpha: 0.8003 | beta: 0.2013
2024-03-12 20:19:32,416 - INFO - 158     /100000     episodes | train score: 7.00   | train loss: 11.09   | eps: 0.8978 | alpha: 0.8003 | beta: 0.2013
2024-03-12 20:19:32,909 - INFO - 159     /100000     episodes | train score: 17.00  | train loss: 13.10   | eps: 0.8978 | alpha: 0.8003 | beta: 0.2013
2024-03-12 20:19:33,405 - INFO - 160     /100000     episodes | train score: -21.00 | train loss: 12.52   | eps: 0.8977 | alpha: 0.8003 | beta: 0.2013
2024-03-12 20:19:33,811 - INFO - avg test score: 8.00  
2024-03-12 20:19:34,303 - INFO - 161     /100000     episodes | train score: 26.08  | train loss: 14.14   | eps: 0.8977 | alpha: 0.8003 | beta: 0.2013
2024-03-12 20:19:34,759 - INFO - 162     /100000     episodes | train score: 16.84  | train loss: 12.46   | eps: 0.8977 | alpha: 0.8003 | beta: 0.2013
2024-03-12 20:19:35,194 - INFO - 163     /100000     episodes | train score: 0.36   | train loss: 13.62   | eps: 0.8977 | alpha: 0.8003 | beta: 0.2013
2024-03-12 20:19:35,692 - INFO - 164     /100000     episodes | train score: -3.00  | train loss: 14.52   | eps: 0.8977 | alpha: 0.8003 | beta: 0.2013
2024-03-12 20:19:36,184 - INFO - 165     /100000     episodes | train score: 16.00  | train loss: 13.47   | eps: 0.8977 | alpha: 0.8003 | beta: 0.2013
2024-03-12 20:19:36,667 - INFO - 166     /100000     episodes | train score: 8.48   | train loss: 13.28   | eps: 0.8977 | alpha: 0.8003 | beta: 0.2013
2024-03-12 20:19:37,162 - INFO - 167     /100000     episodes | train score: -2.00  | train loss: 12.49   | eps: 0.8976 | alpha: 0.8003 | beta: 0.2013
2024-03-12 20:19:37,619 - INFO - 168     /100000     episodes | train score: 9.94   | train loss: 11.82   | eps: 0.8976 | alpha: 0.8003 | beta: 0.2013
2024-03-12 20:19:38,090 - INFO - 169     /100000     episodes | train score: 8.50   | train loss: 12.92   | eps: 0.8976 | alpha: 0.8003 | beta: 0.2014
2024-03-12 20:19:38,540 - INFO - 170     /100000     episodes | train score: -10.00 | train loss: 12.68   | eps: 0.8976 | alpha: 0.8003 | beta: 0.2014
2024-03-12 20:19:38,955 - INFO - avg test score: 8.00  
2024-03-12 20:19:39,446 - INFO - 171     /100000     episodes | train score: 6.00   | train loss: 12.88   | eps: 0.8976 | alpha: 0.8003 | beta: 0.2014
2024-03-12 20:19:39,944 - INFO - 172     /100000     episodes | train score: -20.00 | train loss: 13.38   | eps: 0.8976 | alpha: 0.8003 | beta: 0.2014
2024-03-12 20:19:40,437 - INFO - 173     /100000     episodes | train score: -2.00  | train loss: 12.69   | eps: 0.8976 | alpha: 0.8003 | beta: 0.2014
2024-03-12 20:19:40,906 - INFO - 174     /100000     episodes | train score: 16.58  | train loss: 12.07   | eps: 0.8975 | alpha: 0.8003 | beta: 0.2014
2024-03-12 20:19:41,397 - INFO - 175     /100000     episodes | train score: -3.00  | train loss: 12.52   | eps: 0.8975 | alpha: 0.8004 | beta: 0.2014
2024-03-12 20:19:41,862 - INFO - 176     /100000     episodes | train score: 8.62   | train loss: 14.06   | eps: 0.8975 | alpha: 0.8004 | beta: 0.2014
2024-03-12 20:19:42,354 - INFO - 177     /100000     episodes | train score: -12.00 | train loss: 12.90   | eps: 0.8975 | alpha: 0.8004 | beta: 0.2014
2024-03-12 20:19:42,814 - INFO - 178     /100000     episodes | train score: 27.82  | train loss: 13.93   | eps: 0.8975 | alpha: 0.8004 | beta: 0.2014
2024-03-12 20:19:43,255 - INFO - 179     /100000     episodes | train score: 37.22  | train loss: 13.15   | eps: 0.8975 | alpha: 0.8004 | beta: 0.2014
2024-03-12 20:19:43,700 - INFO - 180     /100000     episodes | train score: 9.08   | train loss: 12.82   | eps: 0.8975 | alpha: 0.8004 | beta: 0.2014
2024-03-12 20:19:44,113 - INFO - avg test score: 8.00  
2024-03-12 20:19:44,465 - INFO - 181     /100000     episodes | train score: 17.80  | train loss: 12.01   | eps: 0.8974 | alpha: 0.8004 | beta: 0.2014
2024-03-12 20:19:44,836 - INFO - 182     /100000     episodes | train score: -11.00 | train loss: 13.82   | eps: 0.8974 | alpha: 0.8004 | beta: 0.2015
2024-03-12 20:19:45,189 - INFO - 183     /100000     episodes | train score: 8.52   | train loss: 11.15   | eps: 0.8974 | alpha: 0.8004 | beta: 0.2015
2024-03-12 20:19:45,539 - INFO - 184     /100000     episodes | train score: 27.70  | train loss: 12.38   | eps: 0.8974 | alpha: 0.8004 | beta: 0.2015
2024-03-12 20:19:45,904 - INFO - 185     /100000     episodes | train score: -0.80  | train loss: 12.96   | eps: 0.8974 | alpha: 0.8004 | beta: 0.2015
2024-03-12 20:19:46,277 - INFO - 186     /100000     episodes | train score: -19.00 | train loss: 12.73   | eps: 0.8974 | alpha: 0.8004 | beta: 0.2015
2024-03-12 20:19:46,639 - INFO - 187     /100000     episodes | train score: -1.72  | train loss: 12.99   | eps: 0.8974 | alpha: 0.8004 | beta: 0.2015
2024-03-12 20:19:47,010 - INFO - 188     /100000     episodes | train score: 8.00   | train loss: 13.02   | eps: 0.8974 | alpha: 0.8004 | beta: 0.2015
2024-03-12 20:19:47,371 - INFO - 189     /100000     episodes | train score: -0.62  | train loss: 13.31   | eps: 0.8973 | alpha: 0.8004 | beta: 0.2015
2024-03-12 20:19:47,720 - INFO - 190     /100000     episodes | train score: -10.38 | train loss: 12.64   | eps: 0.8973 | alpha: 0.8004 | beta: 0.2015
2024-03-12 20:19:48,092 - INFO - avg test score: 8.00  
2024-03-12 20:19:48,462 - INFO - 191     /100000     episodes | train score: 6.00   | train loss: 11.81   | eps: 0.8973 | alpha: 0.8004 | beta: 0.2015
2024-03-12 20:19:48,832 - INFO - 192     /100000     episodes | train score: 16.00  | train loss: 14.41   | eps: 0.8973 | alpha: 0.8004 | beta: 0.2015
2024-03-12 20:19:49,174 - INFO - 193     /100000     episodes | train score: -1.14  | train loss: 12.52   | eps: 0.8973 | alpha: 0.8004 | beta: 0.2015
2024-03-12 20:19:49,544 - INFO - 194     /100000     episodes | train score: -11.00 | train loss: 13.99   | eps: 0.8973 | alpha: 0.8004 | beta: 0.2016
2024-03-12 20:19:49,911 - INFO - 195     /100000     episodes | train score: -1.88  | train loss: 13.49   | eps: 0.8973 | alpha: 0.8004 | beta: 0.2016
2024-03-12 20:19:50,272 - INFO - 196     /100000     episodes | train score: 17.36  | train loss: 11.48   | eps: 0.8972 | alpha: 0.8004 | beta: 0.2016
2024-03-12 20:19:50,656 - INFO - 197     /100000     episodes | train score: 8.00   | train loss: 12.76   | eps: 0.8972 | alpha: 0.8004 | beta: 0.2016
2024-03-12 20:19:50,988 - INFO - 198     /100000     episodes | train score: 10.18  | train loss: 13.90   | eps: 0.8972 | alpha: 0.8004 | beta: 0.2016
2024-03-12 20:19:51,366 - INFO - 199     /100000     episodes | train score: -3.00  | train loss: 14.32   | eps: 0.8972 | alpha: 0.8004 | beta: 0.2016
2024-03-12 20:19:51,782 - INFO - 200     /100000     episodes | train score: -1.00  | train loss: 11.26   | eps: 0.8972 | alpha: 0.8004 | beta: 0.2016
2024-03-12 20:19:52,167 - INFO - avg test score: 8.00  
2024-03-12 20:19:52,768 - INFO - 201     /100000     episodes | train score: 7.26   | train loss: 12.34   | eps: 0.8972 | alpha: 0.8004 | beta: 0.2016
2024-03-12 20:19:53,311 - INFO - 202     /100000     episodes | train score: -1.14  | train loss: 48.28   | eps: 0.8972 | alpha: 0.8004 | beta: 0.2016
2024-03-12 20:19:53,691 - INFO - 203     /100000     episodes | train score: -8.28  | train loss: 54.44   | eps: 0.8971 | alpha: 0.8004 | beta: 0.2016
2024-03-12 20:19:54,073 - INFO - 204     /100000     episodes | train score: 26.66  | train loss: 50.97   | eps: 0.8971 | alpha: 0.8004 | beta: 0.2016
2024-03-12 20:19:54,481 - INFO - 205     /100000     episodes | train score: -8.36  | train loss: 54.35   | eps: 0.8971 | alpha: 0.8004 | beta: 0.2016
2024-03-12 20:19:54,867 - INFO - 206     /100000     episodes | train score: 16.50  | train loss: 51.75   | eps: 0.8971 | alpha: 0.8004 | beta: 0.2016
2024-03-12 20:19:55,278 - INFO - 207     /100000     episodes | train score: -11.00 | train loss: 56.46   | eps: 0.8971 | alpha: 0.8004 | beta: 0.2017
2024-03-12 20:19:55,709 - INFO - 208     /100000     episodes | train score: 7.00   | train loss: 50.70   | eps: 0.8971 | alpha: 0.8004 | beta: 0.2017
2024-03-12 20:19:56,109 - INFO - 209     /100000     episodes | train score: 7.38   | train loss: 44.87   | eps: 0.8971 | alpha: 0.8004 | beta: 0.2017
2024-03-12 20:19:56,494 - INFO - 210     /100000     episodes | train score: -1.42  | train loss: 50.77   | eps: 0.8970 | alpha: 0.8004 | beta: 0.2017
2024-03-12 20:19:56,870 - INFO - avg test score: 8.00  
2024-03-12 20:19:57,310 - INFO - 211     /100000     episodes | train score: -11.00 | train loss: 55.02   | eps: 0.8970 | alpha: 0.8004 | beta: 0.2017
2024-03-12 20:19:57,666 - INFO - 212     /100000     episodes | train score: -0.36  | train loss: 49.04   | eps: 0.8970 | alpha: 0.8004 | beta: 0.2017
2024-03-12 20:19:58,048 - INFO - 213     /100000     episodes | train score: 17.00  | train loss: 60.34   | eps: 0.8970 | alpha: 0.8004 | beta: 0.2017
2024-03-12 20:19:58,425 - INFO - 214     /100000     episodes | train score: 28.42  | train loss: 51.61   | eps: 0.8970 | alpha: 0.8004 | beta: 0.2017
2024-03-12 20:19:58,791 - INFO - 215     /100000     episodes | train score: 26.38  | train loss: 55.69   | eps: 0.8970 | alpha: 0.8004 | beta: 0.2017
2024-03-12 20:19:59,180 - INFO - 216     /100000     episodes | train score: -1.84  | train loss: 49.35   | eps: 0.8970 | alpha: 0.8004 | beta: 0.2017
2024-03-12 20:19:59,529 - INFO - 217     /100000     episodes | train score: -0.14  | train loss: 55.35   | eps: 0.8969 | alpha: 0.8004 | beta: 0.2017
2024-03-12 20:19:59,883 - INFO - 218     /100000     episodes | train score: -1.42  | train loss: 53.93   | eps: 0.8969 | alpha: 0.8004 | beta: 0.2017
2024-03-12 20:20:00,255 - INFO - 219     /100000     episodes | train score: -1.00  | train loss: 49.25   | eps: 0.8969 | alpha: 0.8004 | beta: 0.2018
2024-03-12 20:20:00,628 - INFO - 220     /100000     episodes | train score: -12.00 | train loss: 50.37   | eps: 0.8969 | alpha: 0.8004 | beta: 0.2018
2024-03-12 20:20:00,999 - INFO - avg test score: -2.00 
2024-03-12 20:20:01,347 - INFO - 221     /100000     episodes | train score: 16.72  | train loss: 49.31   | eps: 0.8969 | alpha: 0.8004 | beta: 0.2018
2024-03-12 20:20:01,719 - INFO - 222     /100000     episodes | train score: 8.00   | train loss: 51.16   | eps: 0.8969 | alpha: 0.8004 | beta: 0.2018
2024-03-12 20:20:02,091 - INFO - 223     /100000     episodes | train score: 17.04  | train loss: 50.82   | eps: 0.8969 | alpha: 0.8004 | beta: 0.2018
2024-03-12 20:20:02,449 - INFO - 224     /100000     episodes | train score: -19.56 | train loss: 57.81   | eps: 0.8968 | alpha: 0.8004 | beta: 0.2018
2024-03-12 20:20:02,817 - INFO - 225     /100000     episodes | train score: 16.00  | train loss: 55.69   | eps: 0.8968 | alpha: 0.8005 | beta: 0.2018
2024-03-12 20:20:03,152 - INFO - 226     /100000     episodes | train score: 18.22  | train loss: 59.09   | eps: 0.8968 | alpha: 0.8005 | beta: 0.2018
2024-03-12 20:20:03,491 - INFO - 227     /100000     episodes | train score: 7.90   | train loss: 45.70   | eps: 0.8968 | alpha: 0.8005 | beta: 0.2018
2024-03-12 20:20:03,862 - INFO - 228     /100000     episodes | train score: 8.00   | train loss: 57.26   | eps: 0.8968 | alpha: 0.8005 | beta: 0.2018
2024-03-12 20:20:04,232 - INFO - 229     /100000     episodes | train score: -3.00  | train loss: 50.28   | eps: 0.8968 | alpha: 0.8005 | beta: 0.2018
2024-03-12 20:20:04,629 - INFO - 230     /100000     episodes | train score: -21.00 | train loss: 52.99   | eps: 0.8968 | alpha: 0.8005 | beta: 0.2018
2024-03-12 20:20:04,988 - INFO - avg test score: 8.00  
2024-03-12 20:20:05,363 - INFO - 231     /100000     episodes | train score: -2.00  | train loss: 55.94   | eps: 0.8967 | alpha: 0.8005 | beta: 0.2018
2024-03-12 20:20:05,730 - INFO - 232     /100000     episodes | train score: -10.92 | train loss: 49.78   | eps: 0.8967 | alpha: 0.8005 | beta: 0.2019
2024-03-12 20:20:06,075 - INFO - 233     /100000     episodes | train score: 17.74  | train loss: 47.80   | eps: 0.8967 | alpha: 0.8005 | beta: 0.2019
2024-03-12 20:20:06,420 - INFO - 234     /100000     episodes | train score: 8.70   | train loss: 51.23   | eps: 0.8967 | alpha: 0.8005 | beta: 0.2019
2024-03-12 20:20:06,765 - INFO - 235     /100000     episodes | train score: 8.68   | train loss: 51.78   | eps: 0.8967 | alpha: 0.8005 | beta: 0.2019
2024-03-12 20:20:07,131 - INFO - 236     /100000     episodes | train score: -11.00 | train loss: 49.74   | eps: 0.8967 | alpha: 0.8005 | beta: 0.2019
2024-03-12 20:20:07,504 - INFO - 237     /100000     episodes | train score: 7.00   | train loss: 51.19   | eps: 0.8967 | alpha: 0.8005 | beta: 0.2019
2024-03-12 20:20:07,866 - INFO - 238     /100000     episodes | train score: 8.12   | train loss: 54.17   | eps: 0.8966 | alpha: 0.8005 | beta: 0.2019
2024-03-12 20:20:08,235 - INFO - 239     /100000     episodes | train score: 8.00   | train loss: 58.11   | eps: 0.8966 | alpha: 0.8005 | beta: 0.2019
2024-03-12 20:20:08,604 - INFO - 240     /100000     episodes | train score: -11.00 | train loss: 55.91   | eps: 0.8966 | alpha: 0.8005 | beta: 0.2019
2024-03-12 20:20:08,965 - INFO - avg test score: -2.00 
2024-03-12 20:20:09,333 - INFO - 241     /100000     episodes | train score: -12.00 | train loss: 51.54   | eps: 0.8966 | alpha: 0.8005 | beta: 0.2019
2024-03-12 20:20:09,705 - INFO - 242     /100000     episodes | train score: -12.00 | train loss: 53.07   | eps: 0.8966 | alpha: 0.8005 | beta: 0.2019
2024-03-12 20:20:10,074 - INFO - 243     /100000     episodes | train score: -2.00  | train loss: 49.27   | eps: 0.8966 | alpha: 0.8005 | beta: 0.2019
2024-03-12 20:20:10,446 - INFO - 244     /100000     episodes | train score: -2.00  | train loss: 51.45   | eps: 0.8966 | alpha: 0.8005 | beta: 0.2020
2024-03-12 20:20:10,814 - INFO - 245     /100000     episodes | train score: -2.00  | train loss: 58.51   | eps: 0.8965 | alpha: 0.8005 | beta: 0.2020
2024-03-12 20:20:11,169 - INFO - 246     /100000     episodes | train score: 17.40  | train loss: 52.97   | eps: 0.8965 | alpha: 0.8005 | beta: 0.2020
2024-03-12 20:20:11,542 - INFO - 247     /100000     episodes | train score: -2.00  | train loss: 47.37   | eps: 0.8965 | alpha: 0.8005 | beta: 0.2020
2024-03-12 20:20:11,918 - INFO - 248     /100000     episodes | train score: -12.00 | train loss: 52.95   | eps: 0.8965 | alpha: 0.8005 | beta: 0.2020
2024-03-12 20:20:12,286 - INFO - 249     /100000     episodes | train score: -2.00  | train loss: 46.79   | eps: 0.8965 | alpha: 0.8005 | beta: 0.2020
2024-03-12 20:20:12,642 - INFO - 250     /100000     episodes | train score: 7.60   | train loss: 54.03   | eps: 0.8965 | alpha: 0.8005 | beta: 0.2020
2024-03-12 20:20:13,004 - INFO - avg test score: 8.00  
2024-03-12 20:20:13,375 - INFO - 251     /100000     episodes | train score: -3.00  | train loss: 54.52   | eps: 0.8965 | alpha: 0.8005 | beta: 0.2020
2024-03-12 20:20:13,714 - INFO - 252     /100000     episodes | train score: 9.18   | train loss: 51.72   | eps: 0.8964 | alpha: 0.8005 | beta: 0.2020
2024-03-12 20:20:14,070 - INFO - 253     /100000     episodes | train score: -1.32  | train loss: 52.00   | eps: 0.8964 | alpha: 0.8005 | beta: 0.2020
2024-03-12 20:20:14,444 - INFO - 254     /100000     episodes | train score: 6.00   | train loss: 50.18   | eps: 0.8964 | alpha: 0.8005 | beta: 0.2020
2024-03-12 20:20:14,803 - INFO - 255     /100000     episodes | train score: 8.46   | train loss: 52.62   | eps: 0.8964 | alpha: 0.8005 | beta: 0.2020
2024-03-12 20:20:15,174 - INFO - 256     /100000     episodes | train score: 7.12   | train loss: 51.76   | eps: 0.8964 | alpha: 0.8005 | beta: 0.2020
2024-03-12 20:20:15,534 - INFO - 257     /100000     episodes | train score: -1.74  | train loss: 52.20   | eps: 0.8964 | alpha: 0.8005 | beta: 0.2021
2024-03-12 20:20:15,874 - INFO - 258     /100000     episodes | train score: -1.14  | train loss: 49.95   | eps: 0.8964 | alpha: 0.8005 | beta: 0.2021
2024-03-12 20:20:16,243 - INFO - 259     /100000     episodes | train score: 17.00  | train loss: 50.01   | eps: 0.8963 | alpha: 0.8005 | beta: 0.2021
2024-03-12 20:20:16,610 - INFO - 260     /100000     episodes | train score: 7.12   | train loss: 54.67   | eps: 0.8963 | alpha: 0.8005 | beta: 0.2021
2024-03-12 20:20:16,969 - INFO - avg test score: 8.00  
2024-03-12 20:20:17,307 - INFO - 261     /100000     episodes | train score: 9.00   | train loss: 54.97   | eps: 0.8963 | alpha: 0.8005 | beta: 0.2021
2024-03-12 20:20:17,677 - INFO - 262     /100000     episodes | train score: -12.00 | train loss: 56.96   | eps: 0.8963 | alpha: 0.8005 | beta: 0.2021
2024-03-12 20:20:18,010 - INFO - 263     /100000     episodes | train score: 1.06   | train loss: 57.03   | eps: 0.8963 | alpha: 0.8005 | beta: 0.2021
2024-03-12 20:20:18,364 - INFO - 264     /100000     episodes | train score: 17.48  | train loss: 56.54   | eps: 0.8963 | alpha: 0.8005 | beta: 0.2021
2024-03-12 20:20:18,707 - INFO - 265     /100000     episodes | train score: -10.20 | train loss: 56.12   | eps: 0.8963 | alpha: 0.8005 | beta: 0.2021
2024-03-12 20:20:19,075 - INFO - 266     /100000     episodes | train score: 8.00   | train loss: 56.70   | eps: 0.8962 | alpha: 0.8005 | beta: 0.2021
2024-03-12 20:20:19,417 - INFO - 267     /100000     episodes | train score: 9.02   | train loss: 61.12   | eps: 0.8962 | alpha: 0.8005 | beta: 0.2021
2024-03-12 20:20:19,784 - INFO - 268     /100000     episodes | train score: -19.86 | train loss: 53.87   | eps: 0.8962 | alpha: 0.8005 | beta: 0.2021
2024-03-12 20:20:20,132 - INFO - 269     /100000     episodes | train score: 8.66   | train loss: 56.73   | eps: 0.8962 | alpha: 0.8005 | beta: 0.2022
2024-03-12 20:20:20,503 - INFO - 270     /100000     episodes | train score: 8.00   | train loss: 52.18   | eps: 0.8962 | alpha: 0.8005 | beta: 0.2022
2024-03-12 20:20:20,865 - INFO - avg test score: 8.00  
2024-03-12 20:20:21,232 - INFO - 271     /100000     episodes | train score: -12.00 | train loss: 57.47   | eps: 0.8962 | alpha: 0.8005 | beta: 0.2022
2024-03-12 20:20:21,602 - INFO - 272     /100000     episodes | train score: -11.00 | train loss: 46.69   | eps: 0.8962 | alpha: 0.8005 | beta: 0.2022
2024-03-12 20:20:21,981 - INFO - 273     /100000     episodes | train score: 8.02   | train loss: 61.02   | eps: 0.8961 | alpha: 0.8005 | beta: 0.2022
2024-03-12 20:20:22,353 - INFO - 274     /100000     episodes | train score: 6.00   | train loss: 51.22   | eps: 0.8961 | alpha: 0.8005 | beta: 0.2022
2024-03-12 20:20:22,708 - INFO - 275     /100000     episodes | train score: 17.54  | train loss: 55.11   | eps: 0.8961 | alpha: 0.8006 | beta: 0.2022
2024-03-12 20:20:23,037 - INFO - 276     /100000     episodes | train score: 10.48  | train loss: 54.32   | eps: 0.8961 | alpha: 0.8006 | beta: 0.2022
2024-03-12 20:20:23,378 - INFO - 277     /100000     episodes | train score: 27.94  | train loss: 54.76   | eps: 0.8961 | alpha: 0.8006 | beta: 0.2022
2024-03-12 20:20:23,748 - INFO - 278     /100000     episodes | train score: 6.00   | train loss: 49.94   | eps: 0.8961 | alpha: 0.8006 | beta: 0.2022
2024-03-12 20:20:24,105 - INFO - 279     /100000     episodes | train score: 7.46   | train loss: 59.39   | eps: 0.8961 | alpha: 0.8006 | beta: 0.2022
2024-03-12 20:20:24,478 - INFO - 280     /100000     episodes | train score: 6.00   | train loss: 52.21   | eps: 0.8960 | alpha: 0.8006 | beta: 0.2022
2024-03-12 20:20:24,845 - INFO - avg test score: 8.00  
2024-03-12 20:20:25,226 - INFO - 281     /100000     episodes | train score: -12.00 | train loss: 52.68   | eps: 0.8960 | alpha: 0.8006 | beta: 0.2022
2024-03-12 20:20:25,589 - INFO - 282     /100000     episodes | train score: 8.86   | train loss: 55.50   | eps: 0.8960 | alpha: 0.8006 | beta: 0.2023
2024-03-12 20:20:25,962 - INFO - 283     /100000     episodes | train score: -10.00 | train loss: 56.25   | eps: 0.8960 | alpha: 0.8006 | beta: 0.2023
2024-03-12 20:20:26,300 - INFO - 284     /100000     episodes | train score: -10.02 | train loss: 52.66   | eps: 0.8960 | alpha: 0.8006 | beta: 0.2023
2024-03-12 20:20:26,641 - INFO - 285     /100000     episodes | train score: 0.98   | train loss: 56.91   | eps: 0.8960 | alpha: 0.8006 | beta: 0.2023
2024-03-12 20:20:26,978 - INFO - 286     /100000     episodes | train score: 27.98  | train loss: 55.13   | eps: 0.8960 | alpha: 0.8006 | beta: 0.2023
2024-03-12 20:20:27,335 - INFO - 287     /100000     episodes | train score: 8.38   | train loss: 56.37   | eps: 0.8959 | alpha: 0.8006 | beta: 0.2023
2024-03-12 20:20:27,712 - INFO - 288     /100000     episodes | train score: 17.00  | train loss: 56.60   | eps: 0.8959 | alpha: 0.8006 | beta: 0.2023
2024-03-12 20:20:28,087 - INFO - 289     /100000     episodes | train score: -2.00  | train loss: 54.04   | eps: 0.8959 | alpha: 0.8006 | beta: 0.2023
2024-03-12 20:20:28,462 - INFO - 290     /100000     episodes | train score: 16.00  | train loss: 55.75   | eps: 0.8959 | alpha: 0.8006 | beta: 0.2023
2024-03-12 20:20:28,814 - INFO - avg test score: 28.00 
2024-03-12 20:20:29,183 - INFO - 291     /100000     episodes | train score: -0.98  | train loss: 48.62   | eps: 0.8959 | alpha: 0.8006 | beta: 0.2023
2024-03-12 20:20:29,526 - INFO - 292     /100000     episodes | train score: 7.92   | train loss: 56.07   | eps: 0.8959 | alpha: 0.8006 | beta: 0.2023
2024-03-12 20:20:29,882 - INFO - 293     /100000     episodes | train score: -1.44  | train loss: 51.94   | eps: 0.8959 | alpha: 0.8006 | beta: 0.2023
2024-03-12 20:20:30,234 - INFO - 294     /100000     episodes | train score: 7.66   | train loss: 50.74   | eps: 0.8958 | alpha: 0.8006 | beta: 0.2024
2024-03-12 20:20:30,604 - INFO - 295     /100000     episodes | train score: 8.42   | train loss: 53.32   | eps: 0.8958 | alpha: 0.8006 | beta: 0.2024
2024-03-12 20:20:30,966 - INFO - 296     /100000     episodes | train score: -1.54  | train loss: 53.09   | eps: 0.8958 | alpha: 0.8006 | beta: 0.2024
2024-03-12 20:20:31,363 - INFO - 297     /100000     episodes | train score: -11.00 | train loss: 54.69   | eps: 0.8958 | alpha: 0.8006 | beta: 0.2024
2024-03-12 20:20:31,743 - INFO - 298     /100000     episodes | train score: -2.00  | train loss: 57.61   | eps: 0.8958 | alpha: 0.8006 | beta: 0.2024
2024-03-12 20:20:32,144 - INFO - 299     /100000     episodes | train score: -10.78 | train loss: 56.07   | eps: 0.8958 | alpha: 0.8006 | beta: 0.2024
2024-03-12 20:20:32,491 - INFO - 300     /100000     episodes | train score: 28.00  | train loss: 52.57   | eps: 0.8958 | alpha: 0.8006 | beta: 0.2024
2024-03-12 20:20:32,868 - INFO - avg test score: 8.00  
2024-03-12 20:20:33,299 - INFO - 301     /100000     episodes | train score: -1.00  | train loss: 51.28   | eps: 0.8958 | alpha: 0.8006 | beta: 0.2024
2024-03-12 20:20:33,693 - INFO - 302     /100000     episodes | train score: 8.12   | train loss: 53.23   | eps: 0.8957 | alpha: 0.8006 | beta: 0.2024
2024-03-12 20:20:34,161 - INFO - 303     /100000     episodes | train score: 34.88  | train loss: 50.60   | eps: 0.8957 | alpha: 0.8006 | beta: 0.2024
2024-03-12 20:20:34,541 - INFO - 304     /100000     episodes | train score: -2.00  | train loss: 55.92   | eps: 0.8957 | alpha: 0.8006 | beta: 0.2024
2024-03-12 20:20:35,038 - INFO - 305     /100000     episodes | train score: 6.00   | train loss: 58.48   | eps: 0.8957 | alpha: 0.8006 | beta: 0.2024
2024-03-12 20:20:35,432 - INFO - 306     /100000     episodes | train score: -10.12 | train loss: 56.48   | eps: 0.8957 | alpha: 0.8006 | beta: 0.2024
2024-03-12 20:20:35,839 - INFO - 307     /100000     episodes | train score: 6.00   | train loss: 53.61   | eps: 0.8957 | alpha: 0.8006 | beta: 0.2025
2024-03-12 20:20:36,262 - INFO - 308     /100000     episodes | train score: 7.00   | train loss: 52.34   | eps: 0.8957 | alpha: 0.8006 | beta: 0.2025
2024-03-12 20:20:36,659 - INFO - 309     /100000     episodes | train score: 8.14   | train loss: 53.76   | eps: 0.8956 | alpha: 0.8006 | beta: 0.2025
2024-03-12 20:20:37,050 - INFO - 310     /100000     episodes | train score: 26.52  | train loss: 57.31   | eps: 0.8956 | alpha: 0.8006 | beta: 0.2025
2024-03-12 20:20:37,440 - INFO - avg test score: 8.00  
2024-03-12 20:20:38,001 - INFO - 311     /100000     episodes | train score: 16.00  | train loss: 57.70   | eps: 0.8956 | alpha: 0.8006 | beta: 0.2025
2024-03-12 20:20:38,356 - INFO - 312     /100000     episodes | train score: -1.14  | train loss: 51.20   | eps: 0.8956 | alpha: 0.8006 | beta: 0.2025
2024-03-12 20:20:38,726 - INFO - 313     /100000     episodes | train score: -0.50  | train loss: 54.45   | eps: 0.8956 | alpha: 0.8006 | beta: 0.2025
2024-03-12 20:20:39,120 - INFO - 314     /100000     episodes | train score: 6.00   | train loss: 55.64   | eps: 0.8956 | alpha: 0.8006 | beta: 0.2025
2024-03-12 20:20:39,505 - INFO - 315     /100000     episodes | train score: -1.68  | train loss: 54.83   | eps: 0.8956 | alpha: 0.8006 | beta: 0.2025
2024-03-12 20:20:39,943 - INFO - 316     /100000     episodes | train score: -12.00 | train loss: 54.59   | eps: 0.8955 | alpha: 0.8006 | beta: 0.2025
2024-03-12 20:20:40,398 - INFO - 317     /100000     episodes | train score: 7.00   | train loss: 50.54   | eps: 0.8955 | alpha: 0.8006 | beta: 0.2025
2024-03-12 20:20:41,005 - INFO - 318     /100000     episodes | train score: 8.40   | train loss: 59.54   | eps: 0.8955 | alpha: 0.8006 | beta: 0.2025
2024-03-12 20:20:41,408 - INFO - 319     /100000     episodes | train score: -0.86  | train loss: 54.86   | eps: 0.8955 | alpha: 0.8006 | beta: 0.2026
2024-03-12 20:20:41,799 - INFO - 320     /100000     episodes | train score: 17.18  | train loss: 58.79   | eps: 0.8955 | alpha: 0.8006 | beta: 0.2026
2024-03-12 20:20:42,150 - INFO - avg test score: 8.00  
2024-03-12 20:20:42,508 - INFO - 321     /100000     episodes | train score: 7.52   | train loss: 60.35   | eps: 0.8955 | alpha: 0.8006 | beta: 0.2026
2024-03-12 20:20:42,921 - INFO - 322     /100000     episodes | train score: -3.00  | train loss: 58.71   | eps: 0.8955 | alpha: 0.8006 | beta: 0.2026
2024-03-12 20:20:43,304 - INFO - 323     /100000     episodes | train score: -0.24  | train loss: 55.72   | eps: 0.8954 | alpha: 0.8006 | beta: 0.2026
2024-03-12 20:20:43,720 - INFO - 324     /100000     episodes | train score: -2.00  | train loss: 53.45   | eps: 0.8954 | alpha: 0.8006 | beta: 0.2026
2024-03-12 20:20:44,132 - INFO - 325     /100000     episodes | train score: -2.00  | train loss: 56.03   | eps: 0.8954 | alpha: 0.8007 | beta: 0.2026
2024-03-12 20:20:44,499 - INFO - 326     /100000     episodes | train score: -8.80  | train loss: 48.40   | eps: 0.8954 | alpha: 0.8007 | beta: 0.2026
2024-03-12 20:20:44,867 - INFO - 327     /100000     episodes | train score: 8.34   | train loss: 54.93   | eps: 0.8954 | alpha: 0.8007 | beta: 0.2026
2024-03-12 20:20:45,241 - INFO - 328     /100000     episodes | train score: 7.00   | train loss: 48.57   | eps: 0.8954 | alpha: 0.8007 | beta: 0.2026
