2024-03-12 18:09:40,580 - INFO - ============================================================
2024-03-12 18:09:40,581 - INFO - use_wandb                     | True
2024-03-12 18:09:40,581 - INFO - entity_name                   | singfor7012
2024-03-12 18:09:40,581 - INFO - env_name                      | ma_gym:Checkers-v0
2024-03-12 18:09:40,581 - INFO - experiment_name               | vdn
2024-03-12 18:09:40,581 - INFO - use_cuda                      | False
2024-03-12 18:09:40,581 - INFO - n_training_threads            | 12
2024-03-12 18:09:40,581 - INFO - use_render                    | False
2024-03-12 18:09:40,581 - INFO - use_time_sleep                | False
2024-03-12 18:09:40,581 - INFO - sleep_second                  | 0.5
2024-03-12 18:09:40,581 - INFO - seed                          | 42
2024-03-12 18:09:40,581 - INFO - fix_seed                      | True
2024-03-12 18:09:40,581 - INFO - epsilon_anneal_episode        | 60000
2024-03-12 18:09:40,581 - INFO - max_epsilon                   | 0.9
2024-03-12 18:09:40,581 - INFO - min_epsilon                   | 0.05
2024-03-12 18:09:40,581 - INFO - lr                            | 0.001
2024-03-12 18:09:40,581 - INFO - gamma                         | 0.99
2024-03-12 18:09:40,581 - INFO - batch_size                    | 32
2024-03-12 18:09:40,581 - INFO - max_episodes                  | 100000
2024-03-12 18:09:40,581 - INFO - max_step                      | 100
2024-03-12 18:09:40,581 - INFO - step_cost                     | -0.01
2024-03-12 18:09:40,581 - INFO - chunk_size                    | 10
2024-03-12 18:09:40,581 - INFO - update_iter                   | 10
2024-03-12 18:09:40,581 - INFO - update_target_interval        | 20
2024-03-12 18:09:40,581 - INFO - grad_clip_norm                | 0.5
2024-03-12 18:09:40,581 - INFO - decide_target                 | double_dqn
2024-03-12 18:09:40,581 - INFO - decide_network                | Dueling_Net
2024-03-12 18:09:40,581 - INFO - use_recurrent                 | True
2024-03-12 18:09:40,581 - INFO - test_interval                 | 10
2024-03-12 18:09:40,581 - INFO - test_episodes                 | 10
2024-03-12 18:09:40,581 - INFO - buffer_limit                  | 1000
2024-03-12 18:09:40,581 - INFO - eps                           | 1e-06
2024-03-12 18:09:40,581 - INFO - alpha                         | 0.8
2024-03-12 18:09:40,581 - INFO - beta                          | 0.2
2024-03-12 18:09:40,581 - INFO - update_alpha_beta             | True
2024-03-12 18:09:40,581 - INFO - Device: cpu
2024-03-12 18:09:40,581 - INFO - ============================================================
2024-03-12 18:09:49,708 - INFO - 1       /100000     episodes | train score: -11.00 | train loss: 548.77  | eps: 0.9000 | alpha: 0.8000 | beta: 0.2000
2024-03-12 18:09:50,140 - INFO - 2       /100000     episodes | train score: 28.46  | train loss: 3414.34 | eps: 0.9000 | alpha: 0.8000 | beta: 0.2000
2024-03-12 18:09:50,577 - INFO - 3       /100000     episodes | train score: 8.38   | train loss: 2803.39 | eps: 0.9000 | alpha: 0.8000 | beta: 0.2000
2024-03-12 18:09:51,026 - INFO - 4       /100000     episodes | train score: 8.00   | train loss: 2027.00 | eps: 0.9000 | alpha: 0.8000 | beta: 0.2000
2024-03-12 18:09:51,478 - INFO - 5       /100000     episodes | train score: 6.00   | train loss: 975.94  | eps: 0.8999 | alpha: 0.8000 | beta: 0.2000
2024-03-12 18:09:51,902 - INFO - 6       /100000     episodes | train score: -1.28  | train loss: 362.27  | eps: 0.8999 | alpha: 0.8000 | beta: 0.2000
2024-03-12 18:09:52,357 - INFO - 7       /100000     episodes | train score: -23.00 | train loss: 292.36  | eps: 0.8999 | alpha: 0.8000 | beta: 0.2001
2024-03-12 18:09:52,815 - INFO - 8       /100000     episodes | train score: -13.00 | train loss: 230.93  | eps: 0.8999 | alpha: 0.8000 | beta: 0.2001
2024-03-12 18:09:53,222 - INFO - 9       /100000     episodes | train score: -9.86  | train loss: 238.84  | eps: 0.8999 | alpha: 0.8000 | beta: 0.2001
2024-03-12 18:09:53,636 - INFO - 10      /100000     episodes | train score: 28.00  | train loss: 214.70  | eps: 0.8999 | alpha: 0.8000 | beta: 0.2001
2024-03-12 18:09:54,069 - INFO - avg test score: -2.00 
2024-03-12 18:09:54,462 - INFO - 11      /100000     episodes | train score: 19.44  | train loss: 211.20  | eps: 0.8999 | alpha: 0.8000 | beta: 0.2001
2024-03-12 18:09:54,920 - INFO - 12      /100000     episodes | train score: -12.00 | train loss: 238.82  | eps: 0.8998 | alpha: 0.8000 | beta: 0.2001
2024-03-12 18:09:55,375 - INFO - 13      /100000     episodes | train score: 7.00   | train loss: 210.39  | eps: 0.8998 | alpha: 0.8000 | beta: 0.2001
2024-03-12 18:09:55,804 - INFO - 14      /100000     episodes | train score: -0.38  | train loss: 207.93  | eps: 0.8998 | alpha: 0.8000 | beta: 0.2001
2024-03-12 18:09:56,260 - INFO - 15      /100000     episodes | train score: 8.00   | train loss: 202.01  | eps: 0.8998 | alpha: 0.8000 | beta: 0.2001
2024-03-12 18:09:56,676 - INFO - 16      /100000     episodes | train score: 7.96   | train loss: 215.94  | eps: 0.8998 | alpha: 0.8000 | beta: 0.2001
2024-03-12 18:09:57,132 - INFO - 17      /100000     episodes | train score: -1.00  | train loss: 206.39  | eps: 0.8998 | alpha: 0.8000 | beta: 0.2001
2024-03-12 18:09:57,589 - INFO - 18      /100000     episodes | train score: 7.00   | train loss: 208.78  | eps: 0.8998 | alpha: 0.8000 | beta: 0.2001
2024-03-12 18:09:58,031 - INFO - 19      /100000     episodes | train score: 8.38   | train loss: 214.46  | eps: 0.8997 | alpha: 0.8000 | beta: 0.2002
2024-03-12 18:09:58,487 - INFO - 20      /100000     episodes | train score: -11.00 | train loss: 293.01  | eps: 0.8997 | alpha: 0.8000 | beta: 0.2002
2024-03-12 18:09:58,925 - INFO - avg test score: -2.00 
2024-03-12 18:09:59,377 - INFO - 21      /100000     episodes | train score: -20.00 | train loss: 274.82  | eps: 0.8997 | alpha: 0.8000 | beta: 0.2002
2024-03-12 18:09:59,801 - INFO - 22      /100000     episodes | train score: -10.26 | train loss: 829519.69 | eps: 0.8997 | alpha: 0.8000 | beta: 0.2002
2024-03-12 18:10:00,257 - INFO - 23      /100000     episodes | train score: -3.00  | train loss: 671809.88 | eps: 0.8997 | alpha: 0.8000 | beta: 0.2002
2024-03-12 18:10:00,708 - INFO - 24      /100000     episodes | train score: -12.00 | train loss: 649105.06 | eps: 0.8997 | alpha: 0.8000 | beta: 0.2002
2024-03-12 18:10:01,165 - INFO - 25      /100000     episodes | train score: -12.00 | train loss: 639258.12 | eps: 0.8997 | alpha: 0.8001 | beta: 0.2002
2024-03-12 18:10:01,618 - INFO - 26      /100000     episodes | train score: -13.00 | train loss: 787544.19 | eps: 0.8996 | alpha: 0.8001 | beta: 0.2002
2024-03-12 18:10:02,020 - INFO - 27      /100000     episodes | train score: -9.68  | train loss: 692278.69 | eps: 0.8996 | alpha: 0.8001 | beta: 0.2002
2024-03-12 18:10:02,481 - INFO - 28      /100000     episodes | train score: 7.40   | train loss: 733718.94 | eps: 0.8996 | alpha: 0.8001 | beta: 0.2002
2024-03-12 18:10:02,943 - INFO - 29      /100000     episodes | train score: -2.00  | train loss: 897098.81 | eps: 0.8996 | alpha: 0.8001 | beta: 0.2002
2024-03-12 18:10:03,402 - INFO - 30      /100000     episodes | train score: -12.00 | train loss: 670592.38 | eps: 0.8996 | alpha: 0.8001 | beta: 0.2002
2024-03-12 18:10:03,831 - INFO - avg test score: -2.00 
2024-03-12 18:10:04,228 - INFO - 31      /100000     episodes | train score: 1.34   | train loss: 832467.12 | eps: 0.8996 | alpha: 0.8001 | beta: 0.2002
2024-03-12 18:10:04,690 - INFO - 32      /100000     episodes | train score: -2.00  | train loss: 705094.62 | eps: 0.8996 | alpha: 0.8001 | beta: 0.2003
2024-03-12 18:10:05,145 - INFO - 33      /100000     episodes | train score: -2.00  | train loss: 736334.88 | eps: 0.8995 | alpha: 0.8001 | beta: 0.2003
2024-03-12 18:10:05,602 - INFO - 34      /100000     episodes | train score: 17.00  | train loss: 835171.06 | eps: 0.8995 | alpha: 0.8001 | beta: 0.2003
2024-03-12 18:10:06,037 - INFO - 35      /100000     episodes | train score: 17.48  | train loss: 913099.00 | eps: 0.8995 | alpha: 0.8001 | beta: 0.2003
2024-03-12 18:10:06,494 - INFO - 36      /100000     episodes | train score: -20.00 | train loss: 789334.31 | eps: 0.8995 | alpha: 0.8001 | beta: 0.2003
2024-03-12 18:10:06,953 - INFO - 37      /100000     episodes | train score: -12.00 | train loss: 672366.38 | eps: 0.8995 | alpha: 0.8001 | beta: 0.2003
2024-03-12 18:10:07,367 - INFO - 38      /100000     episodes | train score: -8.92  | train loss: 532115.56 | eps: 0.8995 | alpha: 0.8001 | beta: 0.2003
2024-03-12 18:10:07,824 - INFO - 39      /100000     episodes | train score: -11.00 | train loss: 698348.88 | eps: 0.8995 | alpha: 0.8001 | beta: 0.2003
2024-03-12 18:10:08,240 - INFO - 40      /100000     episodes | train score: -10.04 | train loss: 382054.69 | eps: 0.8994 | alpha: 0.8001 | beta: 0.2003
2024-03-12 18:10:08,669 - INFO - avg test score: -2.00 
2024-03-12 18:10:09,126 - INFO - 41      /100000     episodes | train score: -2.00  | train loss: 232403.30 | eps: 0.8994 | alpha: 0.8001 | beta: 0.2003
2024-03-12 18:10:09,580 - INFO - 42      /100000     episodes | train score: 16.00  | train loss: 109000048.00 | eps: 0.8994 | alpha: 0.8001 | beta: 0.2003
2024-03-12 18:10:10,038 - INFO - 43      /100000     episodes | train score: -3.00  | train loss: 92693848.00 | eps: 0.8994 | alpha: 0.8001 | beta: 0.2003
2024-03-12 18:10:10,490 - INFO - 44      /100000     episodes | train score: -12.00 | train loss: 87109232.00 | eps: 0.8994 | alpha: 0.8001 | beta: 0.2004
2024-03-12 18:10:10,944 - INFO - 45      /100000     episodes | train score: -3.00  | train loss: 104736968.00 | eps: 0.8994 | alpha: 0.8001 | beta: 0.2004
2024-03-12 18:10:11,400 - INFO - 46      /100000     episodes | train score: -12.00 | train loss: 96890224.00 | eps: 0.8994 | alpha: 0.8001 | beta: 0.2004
2024-03-12 18:10:11,829 - INFO - 47      /100000     episodes | train score: -1.30  | train loss: 123340952.00 | eps: 0.8993 | alpha: 0.8001 | beta: 0.2004
2024-03-12 18:10:12,298 - INFO - 48      /100000     episodes | train score: -3.00  | train loss: 81983984.00 | eps: 0.8993 | alpha: 0.8001 | beta: 0.2004
2024-03-12 18:10:12,752 - INFO - 49      /100000     episodes | train score: -2.00  | train loss: 109389416.00 | eps: 0.8993 | alpha: 0.8001 | beta: 0.2004
2024-03-12 18:10:13,208 - INFO - 50      /100000     episodes | train score: -12.00 | train loss: 97943408.00 | eps: 0.8993 | alpha: 0.8001 | beta: 0.2004
2024-03-12 18:10:13,639 - INFO - avg test score: -2.00 
2024-03-12 18:10:14,109 - INFO - 51      /100000     episodes | train score: 8.00   | train loss: 82423568.00 | eps: 0.8993 | alpha: 0.8001 | beta: 0.2004
2024-03-12 18:10:14,570 - INFO - 52      /100000     episodes | train score: -3.00  | train loss: 96870120.00 | eps: 0.8993 | alpha: 0.8001 | beta: 0.2004
2024-03-12 18:10:15,028 - INFO - 53      /100000     episodes | train score: -3.00  | train loss: 136677616.00 | eps: 0.8993 | alpha: 0.8001 | beta: 0.2004
2024-03-12 18:10:15,487 - INFO - 54      /100000     episodes | train score: -3.00  | train loss: 99643744.00 | eps: 0.8992 | alpha: 0.8001 | beta: 0.2004
2024-03-12 18:10:15,938 - INFO - 55      /100000     episodes | train score: 6.00   | train loss: 133533744.00 | eps: 0.8992 | alpha: 0.8001 | beta: 0.2004
2024-03-12 18:10:16,356 - INFO - 56      /100000     episodes | train score: -0.12  | train loss: 135436896.00 | eps: 0.8992 | alpha: 0.8001 | beta: 0.2004
2024-03-12 18:10:16,804 - INFO - 57      /100000     episodes | train score: -12.00 | train loss: 109563224.00 | eps: 0.8992 | alpha: 0.8001 | beta: 0.2005
2024-03-12 18:10:17,247 - INFO - 58      /100000     episodes | train score: -0.76  | train loss: 132775824.00 | eps: 0.8992 | alpha: 0.8001 | beta: 0.2005
2024-03-12 18:10:17,696 - INFO - 59      /100000     episodes | train score: -2.00  | train loss: 93927736.00 | eps: 0.8992 | alpha: 0.8001 | beta: 0.2005
2024-03-12 18:10:18,145 - INFO - 60      /100000     episodes | train score: -11.00 | train loss: 133870872.00 | eps: 0.8992 | alpha: 0.8001 | beta: 0.2005
2024-03-12 18:10:18,581 - INFO - avg test score: -2.00 
2024-03-12 18:10:19,100 - INFO - 61      /100000     episodes | train score: -8.44  | train loss: 117956144.00 | eps: 0.8992 | alpha: 0.8001 | beta: 0.2005
2024-03-12 18:10:19,959 - INFO - 62      /100000     episodes | train score: -2.00  | train loss: 1454989568.00 | eps: 0.8991 | alpha: 0.8001 | beta: 0.2005
2024-03-12 18:10:20,442 - INFO - 63      /100000     episodes | train score: -1.92  | train loss: 720632192.00 | eps: 0.8991 | alpha: 0.8001 | beta: 0.2005
2024-03-12 18:10:20,916 - INFO - 64      /100000     episodes | train score: -12.00 | train loss: 1220807296.00 | eps: 0.8991 | alpha: 0.8001 | beta: 0.2005
2024-03-12 18:10:21,527 - INFO - 65      /100000     episodes | train score: -3.00  | train loss: 1061137792.00 | eps: 0.8991 | alpha: 0.8001 | beta: 0.2005
2024-03-12 18:10:21,983 - INFO - 66      /100000     episodes | train score: 7.66   | train loss: 1192806784.00 | eps: 0.8991 | alpha: 0.8001 | beta: 0.2005
2024-03-12 18:10:22,461 - INFO - 67      /100000     episodes | train score: -3.00  | train loss: 1082217728.00 | eps: 0.8991 | alpha: 0.8001 | beta: 0.2005
2024-03-12 18:10:22,925 - INFO - 68      /100000     episodes | train score: -2.00  | train loss: 1124844032.00 | eps: 0.8991 | alpha: 0.8001 | beta: 0.2005
2024-03-12 18:10:23,388 - INFO - 69      /100000     episodes | train score: -2.00  | train loss: 884676800.00 | eps: 0.8990 | alpha: 0.8001 | beta: 0.2006
2024-03-12 18:10:23,849 - INFO - 70      /100000     episodes | train score: -2.00  | train loss: 890341504.00 | eps: 0.8990 | alpha: 0.8001 | beta: 0.2006
2024-03-12 18:10:24,285 - INFO - avg test score: -2.00 
2024-03-12 18:10:24,777 - INFO - 71      /100000     episodes | train score: -12.00 | train loss: 1214419328.00 | eps: 0.8990 | alpha: 0.8001 | beta: 0.2006
2024-03-12 18:10:25,249 - INFO - 72      /100000     episodes | train score: -10.58 | train loss: 1261398272.00 | eps: 0.8990 | alpha: 0.8001 | beta: 0.2006
2024-03-12 18:10:25,657 - INFO - 73      /100000     episodes | train score: 9.44   | train loss: 1194315008.00 | eps: 0.8990 | alpha: 0.8001 | beta: 0.2006
2024-03-12 18:10:26,138 - INFO - 74      /100000     episodes | train score: 7.00   | train loss: 1080089856.00 | eps: 0.8990 | alpha: 0.8001 | beta: 0.2006
2024-03-12 18:10:26,578 - INFO - 75      /100000     episodes | train score: 7.90   | train loss: 1029553664.00 | eps: 0.8990 | alpha: 0.8002 | beta: 0.2006
2024-03-12 18:10:27,058 - INFO - 76      /100000     episodes | train score: -2.00  | train loss: 1103438336.00 | eps: 0.8989 | alpha: 0.8002 | beta: 0.2006
2024-03-12 18:10:27,534 - INFO - 77      /100000     episodes | train score: -2.00  | train loss: 1015592576.00 | eps: 0.8989 | alpha: 0.8002 | beta: 0.2006
2024-03-12 18:10:27,999 - INFO - 78      /100000     episodes | train score: -2.00  | train loss: 1190716672.00 | eps: 0.8989 | alpha: 0.8002 | beta: 0.2006
2024-03-12 18:10:28,431 - INFO - 79      /100000     episodes | train score: 7.52   | train loss: 1405010944.00 | eps: 0.8989 | alpha: 0.8002 | beta: 0.2006
2024-03-12 18:10:28,886 - INFO - 80      /100000     episodes | train score: -3.00  | train loss: 1253797632.00 | eps: 0.8989 | alpha: 0.8002 | beta: 0.2006
2024-03-12 18:10:29,317 - INFO - avg test score: -2.00 
2024-03-12 18:10:29,770 - INFO - 81      /100000     episodes | train score: -22.00 | train loss: 1292273280.00 | eps: 0.8989 | alpha: 0.8002 | beta: 0.2006
2024-03-12 18:10:30,199 - INFO - 82      /100000     episodes | train score: -1.22  | train loss: 5208149504.00 | eps: 0.8989 | alpha: 0.8002 | beta: 0.2007
2024-03-12 18:10:30,630 - INFO - 83      /100000     episodes | train score: 26.60  | train loss: 4894387712.00 | eps: 0.8988 | alpha: 0.8002 | beta: 0.2007
2024-03-12 18:10:31,106 - INFO - 84      /100000     episodes | train score: -2.00  | train loss: 4295150080.00 | eps: 0.8988 | alpha: 0.8002 | beta: 0.2007
2024-03-12 18:10:31,529 - INFO - 85      /100000     episodes | train score: -1.28  | train loss: 4413392384.00 | eps: 0.8988 | alpha: 0.8002 | beta: 0.2007
2024-03-12 18:10:31,981 - INFO - 86      /100000     episodes | train score: 15.00  | train loss: 4844345344.00 | eps: 0.8988 | alpha: 0.8002 | beta: 0.2007
2024-03-12 18:10:32,446 - INFO - 87      /100000     episodes | train score: 6.00   | train loss: 4561178112.00 | eps: 0.8988 | alpha: 0.8002 | beta: 0.2007
2024-03-12 18:10:32,855 - INFO - 88      /100000     episodes | train score: 9.16   | train loss: 4503211008.00 | eps: 0.8988 | alpha: 0.8002 | beta: 0.2007
2024-03-12 18:10:33,306 - INFO - 89      /100000     episodes | train score: 8.20   | train loss: 4715686912.00 | eps: 0.8988 | alpha: 0.8002 | beta: 0.2007
2024-03-12 18:10:33,761 - INFO - 90      /100000     episodes | train score: 6.00   | train loss: 4818516992.00 | eps: 0.8987 | alpha: 0.8002 | beta: 0.2007
2024-03-12 18:10:34,193 - INFO - avg test score: -2.00 
2024-03-12 18:10:34,639 - INFO - 91      /100000     episodes | train score: -3.00  | train loss: 5565545984.00 | eps: 0.8987 | alpha: 0.8002 | beta: 0.2007
2024-03-12 18:10:35,081 - INFO - 92      /100000     episodes | train score: -1.88  | train loss: 4272982528.00 | eps: 0.8987 | alpha: 0.8002 | beta: 0.2007
2024-03-12 18:10:35,502 - INFO - 93      /100000     episodes | train score: -0.30  | train loss: 4599214592.00 | eps: 0.8987 | alpha: 0.8002 | beta: 0.2007
2024-03-12 18:10:35,948 - INFO - 94      /100000     episodes | train score: -1.92  | train loss: 5194212352.00 | eps: 0.8987 | alpha: 0.8002 | beta: 0.2008
2024-03-12 18:10:36,377 - INFO - 95      /100000     episodes | train score: 8.44   | train loss: 4990536192.00 | eps: 0.8987 | alpha: 0.8002 | beta: 0.2008
2024-03-12 18:10:36,793 - INFO - 96      /100000     episodes | train score: 17.72  | train loss: 6181417472.00 | eps: 0.8987 | alpha: 0.8002 | beta: 0.2008
2024-03-12 18:10:37,216 - INFO - 97      /100000     episodes | train score: -9.32  | train loss: 3891302400.00 | eps: 0.8986 | alpha: 0.8002 | beta: 0.2008
2024-03-12 18:10:37,615 - INFO - 98      /100000     episodes | train score: 9.26   | train loss: 4586537472.00 | eps: 0.8986 | alpha: 0.8002 | beta: 0.2008
2024-03-12 18:10:38,061 - INFO - 99      /100000     episodes | train score: -12.00 | train loss: 4870628352.00 | eps: 0.8986 | alpha: 0.8002 | beta: 0.2008
2024-03-12 18:10:38,477 - INFO - 100     /100000     episodes | train score: -0.22  | train loss: 6156896768.00 | eps: 0.8986 | alpha: 0.8002 | beta: 0.2008
2024-03-12 18:10:38,905 - INFO - avg test score: -2.00 
2024-03-12 18:10:39,334 - INFO - 101     /100000     episodes | train score: -1.38  | train loss: 5833570816.00 | eps: 0.8986 | alpha: 0.8002 | beta: 0.2008
2024-03-12 18:10:39,792 - INFO - 102     /100000     episodes | train score: 8.00   | train loss: 14738857984.00 | eps: 0.8986 | alpha: 0.8002 | beta: 0.2008
2024-03-12 18:10:40,246 - INFO - 103     /100000     episodes | train score: 7.00   | train loss: 14115326976.00 | eps: 0.8986 | alpha: 0.8002 | beta: 0.2008
2024-03-12 18:10:40,699 - INFO - 104     /100000     episodes | train score: 6.00   | train loss: 14462538752.00 | eps: 0.8985 | alpha: 0.8002 | beta: 0.2008
2024-03-12 18:10:41,153 - INFO - 105     /100000     episodes | train score: -3.00  | train loss: 15396034560.00 | eps: 0.8985 | alpha: 0.8002 | beta: 0.2008
2024-03-12 18:10:41,613 - INFO - 106     /100000     episodes | train score: -2.00  | train loss: 13737722880.00 | eps: 0.8985 | alpha: 0.8002 | beta: 0.2008
2024-03-12 18:10:42,090 - INFO - 107     /100000     episodes | train score: 6.00   | train loss: 15476159488.00 | eps: 0.8985 | alpha: 0.8002 | beta: 0.2009
2024-03-12 18:10:42,542 - INFO - 108     /100000     episodes | train score: -1.00  | train loss: 10610535424.00 | eps: 0.8985 | alpha: 0.8002 | beta: 0.2009
2024-03-12 18:10:42,997 - INFO - 109     /100000     episodes | train score: -3.00  | train loss: 15990835200.00 | eps: 0.8985 | alpha: 0.8002 | beta: 0.2009
2024-03-12 18:10:43,451 - INFO - 110     /100000     episodes | train score: 7.00   | train loss: 14378403840.00 | eps: 0.8985 | alpha: 0.8002 | beta: 0.2009
2024-03-12 18:10:43,880 - INFO - avg test score: -2.00 
2024-03-12 18:10:44,333 - INFO - 111     /100000     episodes | train score: -12.00 | train loss: 17241497600.00 | eps: 0.8984 | alpha: 0.8002 | beta: 0.2009
2024-03-12 18:10:44,786 - INFO - 112     /100000     episodes | train score: 7.00   | train loss: 13190745088.00 | eps: 0.8984 | alpha: 0.8002 | beta: 0.2009
2024-03-12 18:10:45,228 - INFO - 113     /100000     episodes | train score: -1.58  | train loss: 13663543296.00 | eps: 0.8984 | alpha: 0.8002 | beta: 0.2009
2024-03-12 18:10:45,681 - INFO - 114     /100000     episodes | train score: -12.00 | train loss: 17985400832.00 | eps: 0.8984 | alpha: 0.8002 | beta: 0.2009
2024-03-12 18:10:46,139 - INFO - 115     /100000     episodes | train score: -3.00  | train loss: 16517603328.00 | eps: 0.8984 | alpha: 0.8002 | beta: 0.2009
2024-03-12 18:10:46,594 - INFO - 116     /100000     episodes | train score: -2.00  | train loss: 11726716928.00 | eps: 0.8984 | alpha: 0.8002 | beta: 0.2009
2024-03-12 18:10:47,040 - INFO - 117     /100000     episodes | train score: -1.74  | train loss: 13832276992.00 | eps: 0.8984 | alpha: 0.8002 | beta: 0.2009
2024-03-12 18:10:47,515 - INFO - 118     /100000     episodes | train score: -2.00  | train loss: 14520962048.00 | eps: 0.8983 | alpha: 0.8002 | beta: 0.2009
2024-03-12 18:10:47,928 - INFO - 119     /100000     episodes | train score: -0.92  | train loss: 16238900224.00 | eps: 0.8983 | alpha: 0.8002 | beta: 0.2010
2024-03-12 18:10:48,353 - INFO - 120     /100000     episodes | train score: 16.76  | train loss: 15263512576.00 | eps: 0.8983 | alpha: 0.8002 | beta: 0.2010
2024-03-12 18:10:48,782 - INFO - avg test score: -2.00 
2024-03-12 18:10:49,242 - INFO - 121     /100000     episodes | train score: -2.00  | train loss: 16482181120.00 | eps: 0.8983 | alpha: 0.8002 | beta: 0.2010
2024-03-12 18:10:49,665 - INFO - 122     /100000     episodes | train score: -1.12  | train loss: 36679884800.00 | eps: 0.8983 | alpha: 0.8002 | beta: 0.2010
2024-03-12 18:10:50,124 - INFO - 123     /100000     episodes | train score: 6.00   | train loss: 24945483776.00 | eps: 0.8983 | alpha: 0.8002 | beta: 0.2010
2024-03-12 18:10:50,546 - INFO - 124     /100000     episodes | train score: -0.10  | train loss: 40318107648.00 | eps: 0.8983 | alpha: 0.8002 | beta: 0.2010
2024-03-12 18:10:51,004 - INFO - 125     /100000     episodes | train score: -20.00 | train loss: 25420486656.00 | eps: 0.8982 | alpha: 0.8003 | beta: 0.2010
2024-03-12 18:10:51,484 - INFO - 126     /100000     episodes | train score: -2.00  | train loss: 35662340096.00 | eps: 0.8982 | alpha: 0.8003 | beta: 0.2010
2024-03-12 18:10:51,942 - INFO - 127     /100000     episodes | train score: -3.00  | train loss: 34092165120.00 | eps: 0.8982 | alpha: 0.8003 | beta: 0.2010
2024-03-12 18:10:52,401 - INFO - 128     /100000     episodes | train score: -2.00  | train loss: 33276243968.00 | eps: 0.8982 | alpha: 0.8003 | beta: 0.2010
2024-03-12 18:10:52,858 - INFO - 129     /100000     episodes | train score: -11.00 | train loss: 37298708480.00 | eps: 0.8982 | alpha: 0.8003 | beta: 0.2010
2024-03-12 18:10:53,314 - INFO - 130     /100000     episodes | train score: -1.94  | train loss: 37385199616.00 | eps: 0.8982 | alpha: 0.8003 | beta: 0.2010
2024-03-12 18:10:53,764 - INFO - avg test score: -2.00 
2024-03-12 18:10:54,218 - INFO - 131     /100000     episodes | train score: -12.00 | train loss: 33302386688.00 | eps: 0.8982 | alpha: 0.8003 | beta: 0.2010
2024-03-12 18:10:54,674 - INFO - 132     /100000     episodes | train score: -1.00  | train loss: 35389657088.00 | eps: 0.8981 | alpha: 0.8003 | beta: 0.2011
2024-03-12 18:10:55,129 - INFO - 133     /100000     episodes | train score: -3.00  | train loss: 34367131648.00 | eps: 0.8981 | alpha: 0.8003 | beta: 0.2011
2024-03-12 18:10:55,536 - INFO - 134     /100000     episodes | train score: -0.76  | train loss: 38544044032.00 | eps: 0.8981 | alpha: 0.8003 | beta: 0.2011
2024-03-12 18:10:55,996 - INFO - 135     /100000     episodes | train score: -2.00  | train loss: 37238038528.00 | eps: 0.8981 | alpha: 0.8003 | beta: 0.2011
2024-03-12 18:10:56,452 - INFO - 136     /100000     episodes | train score: -2.00  | train loss: 32384061440.00 | eps: 0.8981 | alpha: 0.8003 | beta: 0.2011
2024-03-12 18:10:56,993 - INFO - 137     /100000     episodes | train score: -2.00  | train loss: 40856956928.00 | eps: 0.8981 | alpha: 0.8003 | beta: 0.2011
2024-03-12 18:10:57,504 - INFO - 138     /100000     episodes | train score: -10.82 | train loss: 33897840640.00 | eps: 0.8981 | alpha: 0.8003 | beta: 0.2011
2024-03-12 18:10:57,934 - INFO - 139     /100000     episodes | train score: -0.20  | train loss: 40218750976.00 | eps: 0.8980 | alpha: 0.8003 | beta: 0.2011
2024-03-12 18:10:58,385 - INFO - 140     /100000     episodes | train score: 7.24   | train loss: 35946946560.00 | eps: 0.8980 | alpha: 0.8003 | beta: 0.2011
2024-03-12 18:10:58,815 - INFO - avg test score: -2.00 
2024-03-12 18:10:59,271 - INFO - 141     /100000     episodes | train score: 7.00   | train loss: 38816993280.00 | eps: 0.8980 | alpha: 0.8003 | beta: 0.2011
2024-03-12 18:10:59,697 - INFO - 142     /100000     episodes | train score: -10.14 | train loss: 84162707456.00 | eps: 0.8980 | alpha: 0.8003 | beta: 0.2011
2024-03-12 18:11:00,155 - INFO - 143     /100000     episodes | train score: 7.00   | train loss: 69115887616.00 | eps: 0.8980 | alpha: 0.8003 | beta: 0.2011
2024-03-12 18:11:00,617 - INFO - 144     /100000     episodes | train score: 7.00   | train loss: 76463996928.00 | eps: 0.8980 | alpha: 0.8003 | beta: 0.2012
2024-03-12 18:11:01,084 - INFO - 145     /100000     episodes | train score: -12.00 | train loss: 76027486208.00 | eps: 0.8980 | alpha: 0.8003 | beta: 0.2012
2024-03-12 18:11:01,547 - INFO - 146     /100000     episodes | train score: -3.00  | train loss: 60910542848.00 | eps: 0.8979 | alpha: 0.8003 | beta: 0.2012
2024-03-12 18:11:01,979 - INFO - 147     /100000     episodes | train score: -10.42 | train loss: 75390869504.00 | eps: 0.8979 | alpha: 0.8003 | beta: 0.2012
2024-03-12 18:11:02,418 - INFO - 148     /100000     episodes | train score: 8.64   | train loss: 76125806592.00 | eps: 0.8979 | alpha: 0.8003 | beta: 0.2012
2024-03-12 18:11:02,838 - INFO - 149     /100000     episodes | train score: 17.90  | train loss: 81881817088.00 | eps: 0.8979 | alpha: 0.8003 | beta: 0.2012
2024-03-12 18:11:03,292 - INFO - 150     /100000     episodes | train score: -9.82  | train loss: 71398744064.00 | eps: 0.8979 | alpha: 0.8003 | beta: 0.2012
2024-03-12 18:11:03,720 - INFO - avg test score: -2.00 
2024-03-12 18:11:04,174 - INFO - 151     /100000     episodes | train score: -12.00 | train loss: 72619016192.00 | eps: 0.8979 | alpha: 0.8003 | beta: 0.2012
2024-03-12 18:11:04,630 - INFO - 152     /100000     episodes | train score: -3.00  | train loss: 69074001920.00 | eps: 0.8979 | alpha: 0.8003 | beta: 0.2012
2024-03-12 18:11:05,073 - INFO - 153     /100000     episodes | train score: 9.40   | train loss: 84377018368.00 | eps: 0.8978 | alpha: 0.8003 | beta: 0.2012
2024-03-12 18:11:05,530 - INFO - 154     /100000     episodes | train score: 9.20   | train loss: 72771043328.00 | eps: 0.8978 | alpha: 0.8003 | beta: 0.2012
2024-03-12 18:11:05,960 - INFO - 155     /100000     episodes | train score: 16.72  | train loss: 70061981696.00 | eps: 0.8978 | alpha: 0.8003 | beta: 0.2012
2024-03-12 18:11:06,442 - INFO - 156     /100000     episodes | train score: -3.00  | train loss: 83787145216.00 | eps: 0.8978 | alpha: 0.8003 | beta: 0.2012
2024-03-12 18:11:06,901 - INFO - 157     /100000     episodes | train score: -1.98  | train loss: 81822990336.00 | eps: 0.8978 | alpha: 0.8003 | beta: 0.2013
2024-03-12 18:11:07,382 - INFO - 158     /100000     episodes | train score: 16.00  | train loss: 74753458176.00 | eps: 0.8978 | alpha: 0.8003 | beta: 0.2013
2024-03-12 18:11:07,844 - INFO - 159     /100000     episodes | train score: -2.00  | train loss: 74669334528.00 | eps: 0.8978 | alpha: 0.8003 | beta: 0.2013
2024-03-12 18:11:08,293 - INFO - 160     /100000     episodes | train score: -1.72  | train loss: 75164106752.00 | eps: 0.8977 | alpha: 0.8003 | beta: 0.2013
2024-03-12 18:11:08,725 - INFO - avg test score: -2.00 
2024-03-12 18:11:09,186 - INFO - 161     /100000     episodes | train score: 25.00  | train loss: 75264016384.00 | eps: 0.8977 | alpha: 0.8003 | beta: 0.2013
2024-03-12 18:11:09,648 - INFO - 162     /100000     episodes | train score: -2.00  | train loss: 150178496512.00 | eps: 0.8977 | alpha: 0.8003 | beta: 0.2013
2024-03-12 18:11:10,105 - INFO - 163     /100000     episodes | train score: 6.00   | train loss: 123526463488.00 | eps: 0.8977 | alpha: 0.8003 | beta: 0.2013
2024-03-12 18:11:10,565 - INFO - 164     /100000     episodes | train score: -12.00 | train loss: 147281477632.00 | eps: 0.8977 | alpha: 0.8003 | beta: 0.2013
2024-03-12 18:11:11,027 - INFO - 165     /100000     episodes | train score: -1.98  | train loss: 144795942912.00 | eps: 0.8977 | alpha: 0.8003 | beta: 0.2013
2024-03-12 18:11:11,471 - INFO - 166     /100000     episodes | train score: 8.40   | train loss: 111621963776.00 | eps: 0.8977 | alpha: 0.8003 | beta: 0.2013
2024-03-12 18:11:11,900 - INFO - 167     /100000     episodes | train score: -9.24  | train loss: 141743505408.00 | eps: 0.8976 | alpha: 0.8003 | beta: 0.2013
2024-03-12 18:11:12,346 - INFO - 168     /100000     episodes | train score: -0.66  | train loss: 149963112448.00 | eps: 0.8976 | alpha: 0.8003 | beta: 0.2013
2024-03-12 18:11:12,828 - INFO - 169     /100000     episodes | train score: -1.00  | train loss: 137588211712.00 | eps: 0.8976 | alpha: 0.8003 | beta: 0.2014
2024-03-12 18:11:13,286 - INFO - 170     /100000     episodes | train score: -3.00  | train loss: 133862014976.00 | eps: 0.8976 | alpha: 0.8003 | beta: 0.2014
2024-03-12 18:11:13,716 - INFO - avg test score: -2.00 
2024-03-12 18:11:14,174 - INFO - 171     /100000     episodes | train score: 6.00   | train loss: 113856192512.00 | eps: 0.8976 | alpha: 0.8003 | beta: 0.2014
2024-03-12 18:11:14,625 - INFO - 172     /100000     episodes | train score: -9.88  | train loss: 137412960256.00 | eps: 0.8976 | alpha: 0.8003 | beta: 0.2014
2024-03-12 18:11:15,081 - INFO - 173     /100000     episodes | train score: -12.00 | train loss: 149105639424.00 | eps: 0.8976 | alpha: 0.8003 | beta: 0.2014
2024-03-12 18:11:15,537 - INFO - 174     /100000     episodes | train score: -2.00  | train loss: 140318277632.00 | eps: 0.8975 | alpha: 0.8003 | beta: 0.2014
2024-03-12 18:11:15,998 - INFO - 175     /100000     episodes | train score: -2.00  | train loss: 150368714752.00 | eps: 0.8975 | alpha: 0.8004 | beta: 0.2014
2024-03-12 18:11:16,404 - INFO - 176     /100000     episodes | train score: -0.76  | train loss: 149076492288.00 | eps: 0.8975 | alpha: 0.8004 | beta: 0.2014
2024-03-12 18:11:16,859 - INFO - 177     /100000     episodes | train score: -11.00 | train loss: 140535873536.00 | eps: 0.8975 | alpha: 0.8004 | beta: 0.2014
2024-03-12 18:11:17,316 - INFO - 178     /100000     episodes | train score: -9.86  | train loss: 133921595392.00 | eps: 0.8975 | alpha: 0.8004 | beta: 0.2014
2024-03-12 18:11:17,772 - INFO - 179     /100000     episodes | train score: 7.00   | train loss: 139457150976.00 | eps: 0.8975 | alpha: 0.8004 | beta: 0.2014
2024-03-12 18:11:18,231 - INFO - 180     /100000     episodes | train score: -2.00  | train loss: 140723257344.00 | eps: 0.8975 | alpha: 0.8004 | beta: 0.2014
2024-03-12 18:11:18,659 - INFO - avg test score: -2.00 
2024-03-12 18:11:19,098 - INFO - 181     /100000     episodes | train score: -0.60  | train loss: 148890796032.00 | eps: 0.8974 | alpha: 0.8004 | beta: 0.2014
2024-03-12 18:11:19,571 - INFO - 182     /100000     episodes | train score: 6.00   | train loss: 247977115648.00 | eps: 0.8974 | alpha: 0.8004 | beta: 0.2015
2024-03-12 18:11:20,029 - INFO - 183     /100000     episodes | train score: -1.00  | train loss: 233067020288.00 | eps: 0.8974 | alpha: 0.8004 | beta: 0.2015
2024-03-12 18:11:20,459 - INFO - 184     /100000     episodes | train score: -1.34  | train loss: 242635276288.00 | eps: 0.8974 | alpha: 0.8004 | beta: 0.2015
2024-03-12 18:11:20,916 - INFO - 185     /100000     episodes | train score: -21.00 | train loss: 228898504704.00 | eps: 0.8974 | alpha: 0.8004 | beta: 0.2015
2024-03-12 18:11:21,378 - INFO - 186     /100000     episodes | train score: 15.00  | train loss: 233383477248.00 | eps: 0.8974 | alpha: 0.8004 | beta: 0.2015
2024-03-12 18:11:21,839 - INFO - 187     /100000     episodes | train score: -12.00 | train loss: 245629714432.00 | eps: 0.8974 | alpha: 0.8004 | beta: 0.2015
2024-03-12 18:11:22,279 - INFO - 188     /100000     episodes | train score: -1.24  | train loss: 250004144128.00 | eps: 0.8974 | alpha: 0.8004 | beta: 0.2015
2024-03-12 18:11:22,741 - INFO - 189     /100000     episodes | train score: -2.00  | train loss: 231187775488.00 | eps: 0.8973 | alpha: 0.8004 | beta: 0.2015
2024-03-12 18:11:23,175 - INFO - 190     /100000     episodes | train score: -10.26 | train loss: 240641474560.00 | eps: 0.8973 | alpha: 0.8004 | beta: 0.2015
2024-03-12 18:11:23,606 - INFO - avg test score: -2.00 
2024-03-12 18:11:24,058 - INFO - 191     /100000     episodes | train score: -1.36  | train loss: 218943488000.00 | eps: 0.8973 | alpha: 0.8004 | beta: 0.2015
2024-03-12 18:11:24,490 - INFO - 192     /100000     episodes | train score: -9.22  | train loss: 249312083968.00 | eps: 0.8973 | alpha: 0.8004 | beta: 0.2015
2024-03-12 18:11:24,906 - INFO - 193     /100000     episodes | train score: 9.04   | train loss: 244313784320.00 | eps: 0.8973 | alpha: 0.8004 | beta: 0.2015
2024-03-12 18:11:25,363 - INFO - 194     /100000     episodes | train score: -12.00 | train loss: 235224383488.00 | eps: 0.8973 | alpha: 0.8004 | beta: 0.2016
2024-03-12 18:11:25,824 - INFO - 195     /100000     episodes | train score: -2.00  | train loss: 251982856192.00 | eps: 0.8973 | alpha: 0.8004 | beta: 0.2016
2024-03-12 18:11:26,258 - INFO - 196     /100000     episodes | train score: -1.44  | train loss: 245077475328.00 | eps: 0.8972 | alpha: 0.8004 | beta: 0.2016
2024-03-12 18:11:26,716 - INFO - 197     /100000     episodes | train score: -10.00 | train loss: 261635538944.00 | eps: 0.8972 | alpha: 0.8004 | beta: 0.2016
2024-03-12 18:11:27,285 - INFO - 198     /100000     episodes | train score: -3.00  | train loss: 270343421952.00 | eps: 0.8972 | alpha: 0.8004 | beta: 0.2016
2024-03-12 18:11:27,746 - INFO - 199     /100000     episodes | train score: -3.00  | train loss: 234674896896.00 | eps: 0.8972 | alpha: 0.8004 | beta: 0.2016
2024-03-12 18:11:28,169 - INFO - 200     /100000     episodes | train score: 10.10  | train loss: 256214777856.00 | eps: 0.8972 | alpha: 0.8004 | beta: 0.2016
2024-03-12 18:11:28,598 - INFO - avg test score: -2.00 
2024-03-12 18:11:29,059 - INFO - 201     /100000     episodes | train score: -3.00  | train loss: 241685135360.00 | eps: 0.8972 | alpha: 0.8004 | beta: 0.2016
2024-03-12 18:11:29,524 - INFO - 202     /100000     episodes | train score: -2.00  | train loss: 388641849344.00 | eps: 0.8972 | alpha: 0.8004 | beta: 0.2016
2024-03-12 18:11:29,993 - INFO - 203     /100000     episodes | train score: -12.00 | train loss: 394484842496.00 | eps: 0.8971 | alpha: 0.8004 | beta: 0.2016
2024-03-12 18:11:30,455 - INFO - 204     /100000     episodes | train score: -12.00 | train loss: 372139327488.00 | eps: 0.8971 | alpha: 0.8004 | beta: 0.2016
2024-03-12 18:11:30,918 - INFO - 205     /100000     episodes | train score: 7.00   | train loss: 385604091904.00 | eps: 0.8971 | alpha: 0.8004 | beta: 0.2016
2024-03-12 18:11:31,371 - INFO - 206     /100000     episodes | train score: -9.76  | train loss: 349975609344.00 | eps: 0.8971 | alpha: 0.8004 | beta: 0.2016
2024-03-12 18:11:31,787 - INFO - 207     /100000     episodes | train score: 9.14   | train loss: 386505015296.00 | eps: 0.8971 | alpha: 0.8004 | beta: 0.2017
2024-03-12 18:11:32,253 - INFO - 208     /100000     episodes | train score: -4.00  | train loss: 390519455744.00 | eps: 0.8971 | alpha: 0.8004 | beta: 0.2017
2024-03-12 18:11:32,712 - INFO - 209     /100000     episodes | train score: -3.00  | train loss: 377764872192.00 | eps: 0.8971 | alpha: 0.8004 | beta: 0.2017
2024-03-12 18:11:33,142 - INFO - 210     /100000     episodes | train score: 8.74   | train loss: 395641716736.00 | eps: 0.8970 | alpha: 0.8004 | beta: 0.2017
2024-03-12 18:11:33,575 - INFO - avg test score: -2.00 
2024-03-12 18:11:34,034 - INFO - 211     /100000     episodes | train score: -10.92 | train loss: 393430007808.00 | eps: 0.8970 | alpha: 0.8004 | beta: 0.2017
2024-03-12 18:11:34,495 - INFO - 212     /100000     episodes | train score: -3.00  | train loss: 405893283840.00 | eps: 0.8970 | alpha: 0.8004 | beta: 0.2017
2024-03-12 18:11:34,959 - INFO - 213     /100000     episodes | train score: 8.08   | train loss: 408698552320.00 | eps: 0.8970 | alpha: 0.8004 | beta: 0.2017
2024-03-12 18:11:35,415 - INFO - 214     /100000     episodes | train score: -9.80  | train loss: 387266150400.00 | eps: 0.8970 | alpha: 0.8004 | beta: 0.2017
2024-03-12 18:11:35,873 - INFO - 215     /100000     episodes | train score: -2.00  | train loss: 413445652480.00 | eps: 0.8970 | alpha: 0.8004 | beta: 0.2017
2024-03-12 18:11:36,328 - INFO - 216     /100000     episodes | train score: -11.00 | train loss: 407512940544.00 | eps: 0.8970 | alpha: 0.8004 | beta: 0.2017
2024-03-12 18:11:36,785 - INFO - 217     /100000     episodes | train score: 8.00   | train loss: 387887661056.00 | eps: 0.8969 | alpha: 0.8004 | beta: 0.2017
2024-03-12 18:11:37,246 - INFO - 218     /100000     episodes | train score: -2.00  | train loss: 422377586688.00 | eps: 0.8969 | alpha: 0.8004 | beta: 0.2017
2024-03-12 18:11:37,674 - INFO - 219     /100000     episodes | train score: 8.78   | train loss: 385478393856.00 | eps: 0.8969 | alpha: 0.8004 | beta: 0.2018
2024-03-12 18:11:38,109 - INFO - 220     /100000     episodes | train score: -1.34  | train loss: 376342708224.00 | eps: 0.8969 | alpha: 0.8004 | beta: 0.2018
2024-03-12 18:11:38,538 - INFO - avg test score: -2.00 
2024-03-12 18:11:38,967 - INFO - 221     /100000     episodes | train score: -10.34 | train loss: 405884862464.00 | eps: 0.8969 | alpha: 0.8004 | beta: 0.2018
2024-03-12 18:11:39,446 - INFO - 222     /100000     episodes | train score: -3.00  | train loss: 606740611072.00 | eps: 0.8969 | alpha: 0.8004 | beta: 0.2018
2024-03-12 18:11:39,905 - INFO - 223     /100000     episodes | train score: -4.00  | train loss: 589830946816.00 | eps: 0.8969 | alpha: 0.8004 | beta: 0.2018
2024-03-12 18:11:40,360 - INFO - 224     /100000     episodes | train score: -4.00  | train loss: 591080062976.00 | eps: 0.8968 | alpha: 0.8004 | beta: 0.2018
2024-03-12 18:11:40,817 - INFO - 225     /100000     episodes | train score: 7.00   | train loss: 603357380608.00 | eps: 0.8968 | alpha: 0.8005 | beta: 0.2018
2024-03-12 18:11:41,249 - INFO - 226     /100000     episodes | train score: 8.60   | train loss: 561739530240.00 | eps: 0.8968 | alpha: 0.8005 | beta: 0.2018
2024-03-12 18:11:41,707 - INFO - 227     /100000     episodes | train score: 7.00   | train loss: 604999909376.00 | eps: 0.8968 | alpha: 0.8005 | beta: 0.2018
2024-03-12 18:11:42,131 - INFO - 228     /100000     episodes | train score: -0.14  | train loss: 605335388160.00 | eps: 0.8968 | alpha: 0.8005 | beta: 0.2018
2024-03-12 18:11:42,576 - INFO - 229     /100000     episodes | train score: 16.24  | train loss: 599980965888.00 | eps: 0.8968 | alpha: 0.8005 | beta: 0.2018
2024-03-12 18:11:43,031 - INFO - 230     /100000     episodes | train score: -3.00  | train loss: 613284184064.00 | eps: 0.8968 | alpha: 0.8005 | beta: 0.2018
2024-03-12 18:11:43,458 - INFO - avg test score: -2.00 
2024-03-12 18:11:43,908 - INFO - 231     /100000     episodes | train score: 17.22  | train loss: 600485265408.00 | eps: 0.8967 | alpha: 0.8005 | beta: 0.2018
2024-03-12 18:11:44,363 - INFO - 232     /100000     episodes | train score: -3.00  | train loss: 606456381440.00 | eps: 0.8967 | alpha: 0.8005 | beta: 0.2019
2024-03-12 18:11:44,824 - INFO - 233     /100000     episodes | train score: -2.00  | train loss: 638881169408.00 | eps: 0.8967 | alpha: 0.8005 | beta: 0.2019
2024-03-12 18:11:45,278 - INFO - 234     /100000     episodes | train score: 7.00   | train loss: 606813945856.00 | eps: 0.8967 | alpha: 0.8005 | beta: 0.2019
2024-03-12 18:11:45,736 - INFO - 235     /100000     episodes | train score: -2.00  | train loss: 627145048064.00 | eps: 0.8967 | alpha: 0.8005 | beta: 0.2019
2024-03-12 18:11:46,192 - INFO - 236     /100000     episodes | train score: -2.00  | train loss: 651571888128.00 | eps: 0.8967 | alpha: 0.8005 | beta: 0.2019
2024-03-12 18:11:46,620 - INFO - 237     /100000     episodes | train score: -1.28  | train loss: 619543003136.00 | eps: 0.8967 | alpha: 0.8005 | beta: 0.2019
2024-03-12 18:11:47,094 - INFO - 238     /100000     episodes | train score: -14.00 | train loss: 633027035136.00 | eps: 0.8966 | alpha: 0.8005 | beta: 0.2019
2024-03-12 18:11:47,553 - INFO - 239     /100000     episodes | train score: -12.00 | train loss: 587151310848.00 | eps: 0.8966 | alpha: 0.8005 | beta: 0.2019
2024-03-12 18:11:48,013 - INFO - 240     /100000     episodes | train score: -12.00 | train loss: 560002629632.00 | eps: 0.8966 | alpha: 0.8005 | beta: 0.2019
2024-03-12 18:11:48,443 - INFO - avg test score: -2.00 
2024-03-12 18:11:48,861 - INFO - 241     /100000     episodes | train score: -1.00  | train loss: 606084661248.00 | eps: 0.8966 | alpha: 0.8005 | beta: 0.2019
2024-03-12 18:11:49,289 - INFO - 242     /100000     episodes | train score: 7.88   | train loss: 879006056448.00 | eps: 0.8966 | alpha: 0.8005 | beta: 0.2019
2024-03-12 18:11:49,697 - INFO - 243     /100000     episodes | train score: -7.74  | train loss: 829739106304.00 | eps: 0.8966 | alpha: 0.8005 | beta: 0.2019
2024-03-12 18:11:50,157 - INFO - 244     /100000     episodes | train score: -4.00  | train loss: 865031684096.00 | eps: 0.8966 | alpha: 0.8005 | beta: 0.2020
2024-03-12 18:11:50,615 - INFO - 245     /100000     episodes | train score: -2.00  | train loss: 813307789312.00 | eps: 0.8965 | alpha: 0.8005 | beta: 0.2020
2024-03-12 18:11:51,096 - INFO - 246     /100000     episodes | train score: -11.00 | train loss: 829094756352.00 | eps: 0.8965 | alpha: 0.8005 | beta: 0.2020
2024-03-12 18:11:51,549 - INFO - 247     /100000     episodes | train score: 8.06   | train loss: 843479384064.00 | eps: 0.8965 | alpha: 0.8005 | beta: 0.2020
2024-03-12 18:11:51,978 - INFO - 248     /100000     episodes | train score: 7.72   | train loss: 839019266048.00 | eps: 0.8965 | alpha: 0.8005 | beta: 0.2020
2024-03-12 18:11:52,437 - INFO - 249     /100000     episodes | train score: 7.00   | train loss: 805073911808.00 | eps: 0.8965 | alpha: 0.8005 | beta: 0.2020
2024-03-12 18:11:52,895 - INFO - 250     /100000     episodes | train score: -3.00  | train loss: 819950125056.00 | eps: 0.8965 | alpha: 0.8005 | beta: 0.2020
2024-03-12 18:11:53,325 - INFO - avg test score: -2.00 
2024-03-12 18:11:53,805 - INFO - 251     /100000     episodes | train score: 17.00  | train loss: 839415758848.00 | eps: 0.8965 | alpha: 0.8005 | beta: 0.2020
2024-03-12 18:11:54,280 - INFO - 252     /100000     episodes | train score: -3.00  | train loss: 852771602432.00 | eps: 0.8964 | alpha: 0.8005 | beta: 0.2020
2024-03-12 18:11:54,733 - INFO - 253     /100000     episodes | train score: 7.24   | train loss: 882549522432.00 | eps: 0.8964 | alpha: 0.8005 | beta: 0.2020
2024-03-12 18:11:55,190 - INFO - 254     /100000     episodes | train score: 8.30   | train loss: 888930107392.00 | eps: 0.8964 | alpha: 0.8005 | beta: 0.2020
2024-03-12 18:11:55,794 - INFO - 255     /100000     episodes | train score: 16.62  | train loss: 862880661504.00 | eps: 0.8964 | alpha: 0.8005 | beta: 0.2020
