2024-03-12 19:48:46,517 - INFO - ============================================================
2024-03-12 19:48:46,517 - INFO - use_wandb                     | True
2024-03-12 19:48:46,517 - INFO - entity_name                   | singfor7012
2024-03-12 19:48:46,517 - INFO - env_name                      | ma_gym:Checkers-v0
2024-03-12 19:48:46,517 - INFO - experiment_name               | vdn
2024-03-12 19:48:46,517 - INFO - use_cuda                      | False
2024-03-12 19:48:46,517 - INFO - n_training_threads            | 12
2024-03-12 19:48:46,517 - INFO - use_render                    | False
2024-03-12 19:48:46,517 - INFO - use_time_sleep                | False
2024-03-12 19:48:46,517 - INFO - sleep_second                  | 0.5
2024-03-12 19:48:46,517 - INFO - seed                          | 42
2024-03-12 19:48:46,517 - INFO - fix_seed                      | True
2024-03-12 19:48:46,517 - INFO - epsilon_anneal_episode        | 60000
2024-03-12 19:48:46,517 - INFO - max_epsilon                   | 0.9
2024-03-12 19:48:46,517 - INFO - min_epsilon                   | 0.05
2024-03-12 19:48:46,517 - INFO - lr                            | 1e-06
2024-03-12 19:48:46,517 - INFO - gamma                         | 0.99
2024-03-12 19:48:46,517 - INFO - batch_size                    | 32
2024-03-12 19:48:46,517 - INFO - max_episodes                  | 100000
2024-03-12 19:48:46,517 - INFO - max_step                      | 100
2024-03-12 19:48:46,517 - INFO - step_cost                     | -0.01
2024-03-12 19:48:46,517 - INFO - chunk_size                    | 10
2024-03-12 19:48:46,517 - INFO - update_iter                   | 10
2024-03-12 19:48:46,517 - INFO - update_target_interval        | 10
2024-03-12 19:48:46,517 - INFO - grad_clip_norm                | 0.5
2024-03-12 19:48:46,517 - INFO - decide_target                 | double_dqn
2024-03-12 19:48:46,517 - INFO - decide_network                | q_net
2024-03-12 19:48:46,517 - INFO - use_recurrent                 | True
2024-03-12 19:48:46,518 - INFO - test_interval                 | 10
2024-03-12 19:48:46,518 - INFO - test_episodes                 | 10
2024-03-12 19:48:46,518 - INFO - buffer_limit                  | 2000
2024-03-12 19:48:46,518 - INFO - eps                           | 1e-06
2024-03-12 19:48:46,518 - INFO - alpha                         | 0.8
2024-03-12 19:48:46,518 - INFO - beta                          | 0.2
2024-03-12 19:48:46,518 - INFO - update_alpha_beta             | True
2024-03-12 19:48:46,518 - INFO - Device: cpu
2024-03-12 19:48:46,518 - INFO - ============================================================
2024-03-12 19:49:01,184 - INFO - 1       /100000     episodes | train score: -1.86  | train loss: 85.87   | eps: 0.9000 | alpha: 0.8000 | beta: 0.2000
2024-03-12 19:49:01,623 - INFO - 2       /100000     episodes | train score: 8.10   | train loss: 52.62   | eps: 0.9000 | alpha: 0.8000 | beta: 0.2000
2024-03-12 19:49:02,094 - INFO - 3       /100000     episodes | train score: -0.74  | train loss: 52.94   | eps: 0.9000 | alpha: 0.8000 | beta: 0.2000
2024-03-12 19:49:02,565 - INFO - 4       /100000     episodes | train score: 16.30  | train loss: 40.02   | eps: 0.9000 | alpha: 0.8000 | beta: 0.2000
2024-03-12 19:49:03,049 - INFO - 5       /100000     episodes | train score: -22.00 | train loss: 42.26   | eps: 0.8999 | alpha: 0.8000 | beta: 0.2000
2024-03-12 19:49:03,494 - INFO - 6       /100000     episodes | train score: -1.10  | train loss: 40.49   | eps: 0.8999 | alpha: 0.8000 | beta: 0.2000
2024-03-12 19:49:03,950 - INFO - 7       /100000     episodes | train score: 7.70   | train loss: 54.35   | eps: 0.8999 | alpha: 0.8000 | beta: 0.2001
2024-03-12 19:49:04,381 - INFO - 8       /100000     episodes | train score: 0.20   | train loss: 46.30   | eps: 0.8999 | alpha: 0.8000 | beta: 0.2001
2024-03-12 19:49:04,868 - INFO - 9       /100000     episodes | train score: -12.00 | train loss: 49.70   | eps: 0.8999 | alpha: 0.8000 | beta: 0.2001
2024-03-12 19:49:05,354 - INFO - 10      /100000     episodes | train score: -3.00  | train loss: 57.66   | eps: 0.8999 | alpha: 0.8000 | beta: 0.2001
2024-03-12 19:49:05,750 - INFO - avg test score: -2.00 
2024-03-12 19:49:06,232 - INFO - 11      /100000     episodes | train score: -21.00 | train loss: 57.60   | eps: 0.8999 | alpha: 0.8000 | beta: 0.2001
2024-03-12 19:49:06,716 - INFO - 12      /100000     episodes | train score: -4.00  | train loss: 56.02   | eps: 0.8998 | alpha: 0.8000 | beta: 0.2001
2024-03-12 19:49:07,200 - INFO - 13      /100000     episodes | train score: -2.00  | train loss: 45.55   | eps: 0.8998 | alpha: 0.8000 | beta: 0.2001
2024-03-12 19:49:07,682 - INFO - 14      /100000     episodes | train score: -19.98 | train loss: 57.54   | eps: 0.8998 | alpha: 0.8000 | beta: 0.2001
2024-03-12 19:49:08,169 - INFO - 15      /100000     episodes | train score: -2.00  | train loss: 57.83   | eps: 0.8998 | alpha: 0.8000 | beta: 0.2001
2024-03-12 19:49:08,652 - INFO - 16      /100000     episodes | train score: 8.04   | train loss: 56.72   | eps: 0.8998 | alpha: 0.8000 | beta: 0.2001
2024-03-12 19:49:09,135 - INFO - 17      /100000     episodes | train score: 6.00   | train loss: 56.33   | eps: 0.8998 | alpha: 0.8000 | beta: 0.2001
2024-03-12 19:49:09,619 - INFO - 18      /100000     episodes | train score: -12.00 | train loss: 65.89   | eps: 0.8998 | alpha: 0.8000 | beta: 0.2001
2024-03-12 19:49:10,097 - INFO - 19      /100000     episodes | train score: 7.22   | train loss: 55.39   | eps: 0.8997 | alpha: 0.8000 | beta: 0.2002
2024-03-12 19:49:10,582 - INFO - 20      /100000     episodes | train score: -20.00 | train loss: 64.59   | eps: 0.8997 | alpha: 0.8000 | beta: 0.2002
2024-03-12 19:49:10,977 - INFO - avg test score: -2.00 
2024-03-12 19:49:11,459 - INFO - 21      /100000     episodes | train score: -12.00 | train loss: 52.79   | eps: 0.8997 | alpha: 0.8000 | beta: 0.2002
2024-03-12 19:49:11,943 - INFO - 22      /100000     episodes | train score: -2.00  | train loss: 59.19   | eps: 0.8997 | alpha: 0.8000 | beta: 0.2002
2024-03-12 19:49:12,430 - INFO - 23      /100000     episodes | train score: -2.00  | train loss: 52.55   | eps: 0.8997 | alpha: 0.8000 | beta: 0.2002
2024-03-12 19:49:12,863 - INFO - 24      /100000     episodes | train score: 0.14   | train loss: 58.93   | eps: 0.8997 | alpha: 0.8000 | beta: 0.2002
2024-03-12 19:49:13,348 - INFO - 25      /100000     episodes | train score: -0.92  | train loss: 56.95   | eps: 0.8997 | alpha: 0.8001 | beta: 0.2002
2024-03-12 19:49:13,831 - INFO - 26      /100000     episodes | train score: 6.00   | train loss: 56.95   | eps: 0.8996 | alpha: 0.8001 | beta: 0.2002
2024-03-12 19:49:14,303 - INFO - 27      /100000     episodes | train score: -10.74 | train loss: 53.28   | eps: 0.8996 | alpha: 0.8001 | beta: 0.2002
2024-03-12 19:49:14,786 - INFO - 28      /100000     episodes | train score: -2.00  | train loss: 61.91   | eps: 0.8996 | alpha: 0.8001 | beta: 0.2002
2024-03-12 19:49:15,270 - INFO - 29      /100000     episodes | train score: 6.00   | train loss: 65.40   | eps: 0.8996 | alpha: 0.8001 | beta: 0.2002
2024-03-12 19:49:15,757 - INFO - 30      /100000     episodes | train score: -3.00  | train loss: 60.33   | eps: 0.8996 | alpha: 0.8001 | beta: 0.2002
2024-03-12 19:49:16,151 - INFO - avg test score: -2.00 
2024-03-12 19:49:16,628 - INFO - 31      /100000     episodes | train score: -1.88  | train loss: 61.90   | eps: 0.8996 | alpha: 0.8001 | beta: 0.2002
2024-03-12 19:49:17,112 - INFO - 32      /100000     episodes | train score: -10.00 | train loss: 52.89   | eps: 0.8996 | alpha: 0.8001 | beta: 0.2003
2024-03-12 19:49:17,599 - INFO - 33      /100000     episodes | train score: -3.00  | train loss: 60.63   | eps: 0.8995 | alpha: 0.8001 | beta: 0.2003
2024-03-12 19:49:18,046 - INFO - 34      /100000     episodes | train score: -0.10  | train loss: 49.35   | eps: 0.8995 | alpha: 0.8001 | beta: 0.2003
2024-03-12 19:49:18,482 - INFO - 35      /100000     episodes | train score: 18.10  | train loss: 55.52   | eps: 0.8995 | alpha: 0.8001 | beta: 0.2003
2024-03-12 19:49:18,968 - INFO - 36      /100000     episodes | train score: -3.00  | train loss: 61.39   | eps: 0.8995 | alpha: 0.8001 | beta: 0.2003
2024-03-12 19:49:19,445 - INFO - 37      /100000     episodes | train score: 17.18  | train loss: 48.96   | eps: 0.8995 | alpha: 0.8001 | beta: 0.2003
2024-03-12 19:49:19,929 - INFO - 38      /100000     episodes | train score: -12.00 | train loss: 57.19   | eps: 0.8995 | alpha: 0.8001 | beta: 0.2003
2024-03-12 19:49:20,414 - INFO - 39      /100000     episodes | train score: -2.00  | train loss: 60.61   | eps: 0.8995 | alpha: 0.8001 | beta: 0.2003
2024-03-12 19:49:20,855 - INFO - 40      /100000     episodes | train score: -0.88  | train loss: 63.78   | eps: 0.8994 | alpha: 0.8001 | beta: 0.2003
2024-03-12 19:49:21,250 - INFO - avg test score: -2.00 
2024-03-12 19:49:21,735 - INFO - 41      /100000     episodes | train score: -12.00 | train loss: 63.95   | eps: 0.8994 | alpha: 0.8001 | beta: 0.2003
2024-03-12 19:49:22,218 - INFO - 42      /100000     episodes | train score: -3.00  | train loss: 59.57   | eps: 0.8994 | alpha: 0.8001 | beta: 0.2003
2024-03-12 19:49:22,678 - INFO - 43      /100000     episodes | train score: -0.42  | train loss: 58.50   | eps: 0.8994 | alpha: 0.8001 | beta: 0.2003
2024-03-12 19:49:23,165 - INFO - 44      /100000     episodes | train score: -12.00 | train loss: 55.50   | eps: 0.8994 | alpha: 0.8001 | beta: 0.2004
2024-03-12 19:49:23,649 - INFO - 45      /100000     episodes | train score: 6.00   | train loss: 54.03   | eps: 0.8994 | alpha: 0.8001 | beta: 0.2004
2024-03-12 19:49:24,136 - INFO - 46      /100000     episodes | train score: -11.00 | train loss: 56.36   | eps: 0.8994 | alpha: 0.8001 | beta: 0.2004
2024-03-12 19:49:24,621 - INFO - 47      /100000     episodes | train score: 7.00   | train loss: 56.50   | eps: 0.8993 | alpha: 0.8001 | beta: 0.2004
2024-03-12 19:49:25,086 - INFO - 48      /100000     episodes | train score: -9.46  | train loss: 61.53   | eps: 0.8993 | alpha: 0.8001 | beta: 0.2004
2024-03-12 19:49:25,570 - INFO - 49      /100000     episodes | train score: -11.00 | train loss: 57.07   | eps: 0.8993 | alpha: 0.8001 | beta: 0.2004
2024-03-12 19:49:26,021 - INFO - 50      /100000     episodes | train score: 0.78   | train loss: 67.69   | eps: 0.8993 | alpha: 0.8001 | beta: 0.2004
2024-03-12 19:49:26,416 - INFO - avg test score: -2.00 
2024-03-12 19:49:26,889 - INFO - 51      /100000     episodes | train score: -1.80  | train loss: 57.94   | eps: 0.8993 | alpha: 0.8001 | beta: 0.2004
2024-03-12 19:49:27,376 - INFO - 52      /100000     episodes | train score: -2.00  | train loss: 52.74   | eps: 0.8993 | alpha: 0.8001 | beta: 0.2004
2024-03-12 19:49:27,863 - INFO - 53      /100000     episodes | train score: -2.00  | train loss: 56.84   | eps: 0.8993 | alpha: 0.8001 | beta: 0.2004
2024-03-12 19:49:28,350 - INFO - 54      /100000     episodes | train score: 8.00   | train loss: 53.65   | eps: 0.8992 | alpha: 0.8001 | beta: 0.2004
2024-03-12 19:49:28,839 - INFO - 55      /100000     episodes | train score: -12.00 | train loss: 58.57   | eps: 0.8992 | alpha: 0.8001 | beta: 0.2004
2024-03-12 19:49:29,276 - INFO - 56      /100000     episodes | train score: 8.28   | train loss: 60.39   | eps: 0.8992 | alpha: 0.8001 | beta: 0.2004
2024-03-12 19:49:29,767 - INFO - 57      /100000     episodes | train score: -1.42  | train loss: 56.67   | eps: 0.8992 | alpha: 0.8001 | beta: 0.2005
2024-03-12 19:49:30,233 - INFO - 58      /100000     episodes | train score: -12.00 | train loss: 59.52   | eps: 0.8992 | alpha: 0.8001 | beta: 0.2005
2024-03-12 19:49:30,614 - INFO - 59      /100000     episodes | train score: -1.90  | train loss: 68.87   | eps: 0.8992 | alpha: 0.8001 | beta: 0.2005
2024-03-12 19:49:30,986 - INFO - 60      /100000     episodes | train score: 16.56  | train loss: 56.69   | eps: 0.8992 | alpha: 0.8001 | beta: 0.2005
2024-03-12 19:49:31,379 - INFO - avg test score: -2.00 
2024-03-12 19:49:31,779 - INFO - 61      /100000     episodes | train score: -12.00 | train loss: 63.59   | eps: 0.8992 | alpha: 0.8001 | beta: 0.2005
2024-03-12 19:49:32,176 - INFO - 62      /100000     episodes | train score: -2.00  | train loss: 61.78   | eps: 0.8991 | alpha: 0.8001 | beta: 0.2005
2024-03-12 19:49:32,592 - INFO - 63      /100000     episodes | train score: -3.00  | train loss: 59.62   | eps: 0.8991 | alpha: 0.8001 | beta: 0.2005
2024-03-12 19:49:32,982 - INFO - 64      /100000     episodes | train score: -2.00  | train loss: 61.12   | eps: 0.8991 | alpha: 0.8001 | beta: 0.2005
2024-03-12 19:49:33,383 - INFO - 65      /100000     episodes | train score: -2.00  | train loss: 54.35   | eps: 0.8991 | alpha: 0.8001 | beta: 0.2005
2024-03-12 19:49:33,796 - INFO - 66      /100000     episodes | train score: -2.00  | train loss: 64.08   | eps: 0.8991 | alpha: 0.8001 | beta: 0.2005
2024-03-12 19:49:34,160 - INFO - 67      /100000     episodes | train score: -1.28  | train loss: 58.19   | eps: 0.8991 | alpha: 0.8001 | beta: 0.2005
2024-03-12 19:49:34,570 - INFO - 68      /100000     episodes | train score: -21.00 | train loss: 59.06   | eps: 0.8991 | alpha: 0.8001 | beta: 0.2005
2024-03-12 19:49:34,924 - INFO - 69      /100000     episodes | train score: -1.26  | train loss: 56.45   | eps: 0.8990 | alpha: 0.8001 | beta: 0.2006
2024-03-12 19:49:35,311 - INFO - 70      /100000     episodes | train score: -3.00  | train loss: 53.40   | eps: 0.8990 | alpha: 0.8001 | beta: 0.2006
2024-03-12 19:49:35,686 - INFO - avg test score: -2.00 
2024-03-12 19:49:36,066 - INFO - 71      /100000     episodes | train score: -4.00  | train loss: 56.42   | eps: 0.8990 | alpha: 0.8001 | beta: 0.2006
2024-03-12 19:49:36,434 - INFO - 72      /100000     episodes | train score: -1.82  | train loss: 62.07   | eps: 0.8990 | alpha: 0.8001 | beta: 0.2006
2024-03-12 19:49:36,836 - INFO - 73      /100000     episodes | train score: 6.00   | train loss: 68.38   | eps: 0.8990 | alpha: 0.8001 | beta: 0.2006
2024-03-12 19:49:37,216 - INFO - 74      /100000     episodes | train score: -12.00 | train loss: 64.54   | eps: 0.8990 | alpha: 0.8001 | beta: 0.2006
2024-03-12 19:49:37,591 - INFO - 75      /100000     episodes | train score: -3.00  | train loss: 62.33   | eps: 0.8990 | alpha: 0.8002 | beta: 0.2006
2024-03-12 19:49:37,975 - INFO - 76      /100000     episodes | train score: -11.00 | train loss: 67.83   | eps: 0.8989 | alpha: 0.8002 | beta: 0.2006
2024-03-12 19:49:38,331 - INFO - 77      /100000     episodes | train score: 9.42   | train loss: 58.46   | eps: 0.8989 | alpha: 0.8002 | beta: 0.2006
2024-03-12 19:49:38,726 - INFO - 78      /100000     episodes | train score: -2.00  | train loss: 61.05   | eps: 0.8989 | alpha: 0.8002 | beta: 0.2006
2024-03-12 19:49:39,115 - INFO - 79      /100000     episodes | train score: -20.00 | train loss: 60.11   | eps: 0.8989 | alpha: 0.8002 | beta: 0.2006
2024-03-12 19:49:39,486 - INFO - 80      /100000     episodes | train score: -4.00  | train loss: 55.01   | eps: 0.8989 | alpha: 0.8002 | beta: 0.2006
2024-03-12 19:49:39,846 - INFO - avg test score: -2.00 
2024-03-12 19:49:40,218 - INFO - 81      /100000     episodes | train score: 7.00   | train loss: 67.28   | eps: 0.8989 | alpha: 0.8002 | beta: 0.2006
2024-03-12 19:49:40,587 - INFO - 82      /100000     episodes | train score: -12.00 | train loss: 70.06   | eps: 0.8989 | alpha: 0.8002 | beta: 0.2007
2024-03-12 19:49:40,924 - INFO - 83      /100000     episodes | train score: 9.16   | train loss: 52.95   | eps: 0.8988 | alpha: 0.8002 | beta: 0.2007
2024-03-12 19:49:41,308 - INFO - 84      /100000     episodes | train score: -10.66 | train loss: 62.76   | eps: 0.8988 | alpha: 0.8002 | beta: 0.2007
2024-03-12 19:49:41,652 - INFO - 85      /100000     episodes | train score: 8.02   | train loss: 59.91   | eps: 0.8988 | alpha: 0.8002 | beta: 0.2007
2024-03-12 19:49:42,048 - INFO - 86      /100000     episodes | train score: -11.00 | train loss: 61.18   | eps: 0.8988 | alpha: 0.8002 | beta: 0.2007
2024-03-12 19:49:42,421 - INFO - 87      /100000     episodes | train score: -2.00  | train loss: 56.73   | eps: 0.8988 | alpha: 0.8002 | beta: 0.2007
2024-03-12 19:49:42,769 - INFO - 88      /100000     episodes | train score: 17.68  | train loss: 59.16   | eps: 0.8988 | alpha: 0.8002 | beta: 0.2007
2024-03-12 19:49:43,138 - INFO - 89      /100000     episodes | train score: 8.00   | train loss: 61.90   | eps: 0.8988 | alpha: 0.8002 | beta: 0.2007
2024-03-12 19:49:43,548 - INFO - 90      /100000     episodes | train score: 7.00   | train loss: 56.21   | eps: 0.8987 | alpha: 0.8002 | beta: 0.2007
2024-03-12 19:49:43,903 - INFO - avg test score: -2.00 
2024-03-12 19:49:44,370 - INFO - 91      /100000     episodes | train score: -1.50  | train loss: 58.60   | eps: 0.8987 | alpha: 0.8002 | beta: 0.2007
2024-03-12 19:49:44,864 - INFO - 92      /100000     episodes | train score: -3.00  | train loss: 58.76   | eps: 0.8987 | alpha: 0.8002 | beta: 0.2007
2024-03-12 19:49:45,347 - INFO - 93      /100000     episodes | train score: 17.26  | train loss: 61.01   | eps: 0.8987 | alpha: 0.8002 | beta: 0.2007
2024-03-12 19:49:45,841 - INFO - 94      /100000     episodes | train score: -12.00 | train loss: 58.75   | eps: 0.8987 | alpha: 0.8002 | beta: 0.2008
2024-03-12 19:49:46,346 - INFO - 95      /100000     episodes | train score: -1.00  | train loss: 62.85   | eps: 0.8987 | alpha: 0.8002 | beta: 0.2008
2024-03-12 19:49:46,830 - INFO - 96      /100000     episodes | train score: -10.50 | train loss: 59.65   | eps: 0.8987 | alpha: 0.8002 | beta: 0.2008
2024-03-12 19:49:47,337 - INFO - 97      /100000     episodes | train score: 7.00   | train loss: 63.51   | eps: 0.8986 | alpha: 0.8002 | beta: 0.2008
2024-03-12 19:49:47,712 - INFO - 98      /100000     episodes | train score: 8.58   | train loss: 65.51   | eps: 0.8986 | alpha: 0.8002 | beta: 0.2008
2024-03-12 19:49:48,084 - INFO - 99      /100000     episodes | train score: -2.00  | train loss: 67.97   | eps: 0.8986 | alpha: 0.8002 | beta: 0.2008
2024-03-12 19:49:48,465 - INFO - 100     /100000     episodes | train score: -11.00 | train loss: 62.61   | eps: 0.8986 | alpha: 0.8002 | beta: 0.2008
2024-03-12 19:49:48,861 - INFO - avg test score: -2.00 
2024-03-12 19:49:49,236 - INFO - 101     /100000     episodes | train score: -11.00 | train loss: 57.62   | eps: 0.8986 | alpha: 0.8002 | beta: 0.2008
2024-03-12 19:49:49,610 - INFO - 102     /100000     episodes | train score: 7.16   | train loss: 55.66   | eps: 0.8986 | alpha: 0.8002 | beta: 0.2008
2024-03-12 19:49:50,011 - INFO - 103     /100000     episodes | train score: -11.00 | train loss: 60.17   | eps: 0.8986 | alpha: 0.8002 | beta: 0.2008
2024-03-12 19:49:50,400 - INFO - 104     /100000     episodes | train score: -12.00 | train loss: 71.25   | eps: 0.8985 | alpha: 0.8002 | beta: 0.2008
2024-03-12 19:49:50,793 - INFO - 105     /100000     episodes | train score: -12.00 | train loss: 54.65   | eps: 0.8985 | alpha: 0.8002 | beta: 0.2008
2024-03-12 19:49:51,177 - INFO - 106     /100000     episodes | train score: 7.00   | train loss: 65.34   | eps: 0.8985 | alpha: 0.8002 | beta: 0.2008
2024-03-12 19:49:51,541 - INFO - 107     /100000     episodes | train score: 0.80   | train loss: 57.45   | eps: 0.8985 | alpha: 0.8002 | beta: 0.2009
2024-03-12 19:49:51,929 - INFO - 108     /100000     episodes | train score: -9.28  | train loss: 61.70   | eps: 0.8985 | alpha: 0.8002 | beta: 0.2009
2024-03-12 19:49:52,339 - INFO - 109     /100000     episodes | train score: -1.96  | train loss: 61.06   | eps: 0.8985 | alpha: 0.8002 | beta: 0.2009
2024-03-12 19:49:52,726 - INFO - 110     /100000     episodes | train score: -3.00  | train loss: 59.96   | eps: 0.8985 | alpha: 0.8002 | beta: 0.2009
2024-03-12 19:49:53,118 - INFO - avg test score: -2.00 
2024-03-12 19:49:53,542 - INFO - 111     /100000     episodes | train score: -12.00 | train loss: 61.47   | eps: 0.8984 | alpha: 0.8002 | beta: 0.2009
2024-03-12 19:49:53,967 - INFO - 112     /100000     episodes | train score: -0.90  | train loss: 59.32   | eps: 0.8984 | alpha: 0.8002 | beta: 0.2009
2024-03-12 19:49:54,418 - INFO - 113     /100000     episodes | train score: -3.00  | train loss: 62.61   | eps: 0.8984 | alpha: 0.8002 | beta: 0.2009
2024-03-12 19:49:54,804 - INFO - 114     /100000     episodes | train score: -13.00 | train loss: 57.98   | eps: 0.8984 | alpha: 0.8002 | beta: 0.2009
2024-03-12 19:49:55,192 - INFO - 115     /100000     episodes | train score: -2.00  | train loss: 69.73   | eps: 0.8984 | alpha: 0.8002 | beta: 0.2009
2024-03-12 19:49:55,573 - INFO - 116     /100000     episodes | train score: -12.00 | train loss: 57.46   | eps: 0.8984 | alpha: 0.8002 | beta: 0.2009
2024-03-12 19:49:55,927 - INFO - 117     /100000     episodes | train score: 17.46  | train loss: 59.34   | eps: 0.8984 | alpha: 0.8002 | beta: 0.2009
2024-03-12 19:49:56,302 - INFO - 118     /100000     episodes | train score: -0.58  | train loss: 59.49   | eps: 0.8983 | alpha: 0.8002 | beta: 0.2009
2024-03-12 19:49:56,706 - INFO - 119     /100000     episodes | train score: -1.54  | train loss: 56.82   | eps: 0.8983 | alpha: 0.8002 | beta: 0.2010
2024-03-12 19:49:57,088 - INFO - 120     /100000     episodes | train score: -11.00 | train loss: 62.25   | eps: 0.8983 | alpha: 0.8002 | beta: 0.2010
2024-03-12 19:49:57,456 - INFO - avg test score: -2.00 
2024-03-12 19:49:57,827 - INFO - 121     /100000     episodes | train score: -22.00 | train loss: 61.34   | eps: 0.8983 | alpha: 0.8002 | beta: 0.2010
2024-03-12 19:49:58,164 - INFO - 122     /100000     episodes | train score: -9.00  | train loss: 59.14   | eps: 0.8983 | alpha: 0.8002 | beta: 0.2010
2024-03-12 19:49:58,508 - INFO - 123     /100000     episodes | train score: 7.86   | train loss: 58.55   | eps: 0.8983 | alpha: 0.8002 | beta: 0.2010
2024-03-12 19:49:58,880 - INFO - 124     /100000     episodes | train score: 8.00   | train loss: 62.73   | eps: 0.8983 | alpha: 0.8002 | beta: 0.2010
2024-03-12 19:49:59,226 - INFO - 125     /100000     episodes | train score: 27.64  | train loss: 58.99   | eps: 0.8982 | alpha: 0.8003 | beta: 0.2010
2024-03-12 19:49:59,595 - INFO - 126     /100000     episodes | train score: -2.00  | train loss: 72.75   | eps: 0.8982 | alpha: 0.8003 | beta: 0.2010
2024-03-12 19:49:59,965 - INFO - 127     /100000     episodes | train score: -20.00 | train loss: 61.82   | eps: 0.8982 | alpha: 0.8003 | beta: 0.2010
2024-03-12 19:50:00,317 - INFO - 128     /100000     episodes | train score: 17.68  | train loss: 61.08   | eps: 0.8982 | alpha: 0.8003 | beta: 0.2010
2024-03-12 19:50:00,693 - INFO - 129     /100000     episodes | train score: -2.00  | train loss: 64.47   | eps: 0.8982 | alpha: 0.8003 | beta: 0.2010
