2024-03-12 20:22:20,662 - INFO - ============================================================
2024-03-12 20:22:20,662 - INFO - use_wandb                     | True
2024-03-12 20:22:20,662 - INFO - entity_name                   | singfor7012
2024-03-12 20:22:20,662 - INFO - env_name                      | ma_gym:Checkers-v0
2024-03-12 20:22:20,662 - INFO - experiment_name               | vdn
2024-03-12 20:22:20,662 - INFO - use_cuda                      | False
2024-03-12 20:22:20,662 - INFO - n_training_threads            | 12
2024-03-12 20:22:20,662 - INFO - use_render                    | False
2024-03-12 20:22:20,662 - INFO - use_time_sleep                | False
2024-03-12 20:22:20,662 - INFO - sleep_second                  | 0.5
2024-03-12 20:22:20,662 - INFO - seed                          | 42
2024-03-12 20:22:20,662 - INFO - fix_seed                      | True
2024-03-12 20:22:20,663 - INFO - epsilon_anneal_episode        | 60000
2024-03-12 20:22:20,663 - INFO - max_epsilon                   | 0.9
2024-03-12 20:22:20,663 - INFO - min_epsilon                   | 0.05
2024-03-12 20:22:20,663 - INFO - lr                            | 1e-05
2024-03-12 20:22:20,663 - INFO - gamma                         | 0.99
2024-03-12 20:22:20,663 - INFO - batch_size                    | 32
2024-03-12 20:22:20,663 - INFO - max_episodes                  | 100000
2024-03-12 20:22:20,663 - INFO - max_step                      | 100
2024-03-12 20:22:20,663 - INFO - step_cost                     | -0.01
2024-03-12 20:22:20,663 - INFO - chunk_size                    | 10
2024-03-12 20:22:20,663 - INFO - update_iter                   | 5
2024-03-12 20:22:20,663 - INFO - update_target_interval        | 5
2024-03-12 20:22:20,663 - INFO - grad_clip_norm                | 0.01
2024-03-12 20:22:20,663 - INFO - decide_target                 | double_dqn
2024-03-12 20:22:20,663 - INFO - decide_network                | q_net
2024-03-12 20:22:20,663 - INFO - use_recurrent                 | True
2024-03-12 20:22:20,663 - INFO - test_interval                 | 10
2024-03-12 20:22:20,663 - INFO - test_episodes                 | 10
2024-03-12 20:22:20,663 - INFO - buffer_limit                  | 4000
2024-03-12 20:22:20,663 - INFO - eps                           | 1e-06
2024-03-12 20:22:20,663 - INFO - alpha                         | 0.8
2024-03-12 20:22:20,663 - INFO - beta                          | 0.2
2024-03-12 20:22:20,663 - INFO - update_alpha_beta             | True
2024-03-12 20:22:20,663 - INFO - Device: cpu
2024-03-12 20:22:20,663 - INFO - ============================================================
2024-03-12 20:22:49,670 - INFO - 1       /100000     episodes | train score: 6.00   | train loss: 78.86   | eps: 0.9000 | alpha: 0.8000 | beta: 0.2000
2024-03-12 20:22:49,900 - INFO - 2       /100000     episodes | train score: 7.00   | train loss: 71.43   | eps: 0.9000 | alpha: 0.8000 | beta: 0.2000
2024-03-12 20:22:50,130 - INFO - 3       /100000     episodes | train score: -11.00 | train loss: 71.97   | eps: 0.9000 | alpha: 0.8000 | beta: 0.2000
2024-03-12 20:22:50,392 - INFO - 4       /100000     episodes | train score: -12.00 | train loss: 59.97   | eps: 0.9000 | alpha: 0.8000 | beta: 0.2000
2024-03-12 20:22:50,639 - INFO - 5       /100000     episodes | train score: -3.00  | train loss: 72.87   | eps: 0.8999 | alpha: 0.8000 | beta: 0.2000
2024-03-12 20:22:50,879 - INFO - 6       /100000     episodes | train score: 7.00   | train loss: 74.59   | eps: 0.8999 | alpha: 0.8000 | beta: 0.2000
2024-03-12 20:22:51,101 - INFO - 7       /100000     episodes | train score: -0.74  | train loss: 53.11   | eps: 0.8999 | alpha: 0.8000 | beta: 0.2001
2024-03-12 20:22:51,357 - INFO - 8       /100000     episodes | train score: -20.00 | train loss: 50.60   | eps: 0.8999 | alpha: 0.8000 | beta: 0.2001
2024-03-12 20:22:51,619 - INFO - 9       /100000     episodes | train score: 17.06  | train loss: 44.52   | eps: 0.8999 | alpha: 0.8000 | beta: 0.2001
2024-03-12 20:22:51,865 - INFO - 10      /100000     episodes | train score: -3.00  | train loss: 45.71   | eps: 0.8999 | alpha: 0.8000 | beta: 0.2001
2024-03-12 20:22:52,251 - INFO - avg test score: -2.00 
2024-03-12 20:22:52,479 - INFO - 11      /100000     episodes | train score: 8.00   | train loss: 48.86   | eps: 0.8999 | alpha: 0.8000 | beta: 0.2001
2024-03-12 20:22:52,718 - INFO - 12      /100000     episodes | train score: -1.58  | train loss: 41.95   | eps: 0.8998 | alpha: 0.8000 | beta: 0.2001
2024-03-12 20:22:52,913 - INFO - 13      /100000     episodes | train score: 7.90   | train loss: 48.57   | eps: 0.8998 | alpha: 0.8000 | beta: 0.2001
2024-03-12 20:22:53,143 - INFO - 14      /100000     episodes | train score: -0.80  | train loss: 33.22   | eps: 0.8998 | alpha: 0.8000 | beta: 0.2001
2024-03-12 20:22:53,386 - INFO - 15      /100000     episodes | train score: 9.02   | train loss: 35.63   | eps: 0.8998 | alpha: 0.8000 | beta: 0.2001
2024-03-12 20:22:53,608 - INFO - 16      /100000     episodes | train score: -1.68  | train loss: 37.87   | eps: 0.8998 | alpha: 0.8000 | beta: 0.2001
2024-03-12 20:22:53,806 - INFO - 17      /100000     episodes | train score: -10.04 | train loss: 32.95   | eps: 0.8998 | alpha: 0.8000 | beta: 0.2001
2024-03-12 20:22:54,034 - INFO - 18      /100000     episodes | train score: -2.00  | train loss: 50.62   | eps: 0.8998 | alpha: 0.8000 | beta: 0.2001
2024-03-12 20:22:54,239 - INFO - 19      /100000     episodes | train score: -1.40  | train loss: 33.29   | eps: 0.8997 | alpha: 0.8000 | beta: 0.2002
2024-03-12 20:22:54,469 - INFO - 20      /100000     episodes | train score: -11.00 | train loss: 29.44   | eps: 0.8997 | alpha: 0.8000 | beta: 0.2002
2024-03-12 20:22:54,832 - INFO - avg test score: -2.00 
2024-03-12 20:22:55,059 - INFO - 21      /100000     episodes | train score: -1.74  | train loss: 40.18   | eps: 0.8997 | alpha: 0.8000 | beta: 0.2002
2024-03-12 20:22:55,303 - INFO - 22      /100000     episodes | train score: 16.00  | train loss: 36.95   | eps: 0.8997 | alpha: 0.8000 | beta: 0.2002
2024-03-12 20:22:55,535 - INFO - 23      /100000     episodes | train score: -3.00  | train loss: 40.10   | eps: 0.8997 | alpha: 0.8000 | beta: 0.2002
2024-03-12 20:22:55,727 - INFO - 24      /100000     episodes | train score: 17.06  | train loss: 39.72   | eps: 0.8997 | alpha: 0.8000 | beta: 0.2002
2024-03-12 20:22:55,954 - INFO - 25      /100000     episodes | train score: -3.00  | train loss: 43.10   | eps: 0.8997 | alpha: 0.8001 | beta: 0.2002
2024-03-12 20:22:56,178 - INFO - 26      /100000     episodes | train score: -3.00  | train loss: 42.00   | eps: 0.8996 | alpha: 0.8001 | beta: 0.2002
2024-03-12 20:22:56,434 - INFO - 27      /100000     episodes | train score: 7.00   | train loss: 47.19   | eps: 0.8996 | alpha: 0.8001 | beta: 0.2002
2024-03-12 20:22:56,676 - INFO - 28      /100000     episodes | train score: -1.00  | train loss: 43.62   | eps: 0.8996 | alpha: 0.8001 | beta: 0.2002
2024-03-12 20:22:56,910 - INFO - 29      /100000     episodes | train score: -1.84  | train loss: 48.24   | eps: 0.8996 | alpha: 0.8001 | beta: 0.2002
2024-03-12 20:22:57,107 - INFO - 30      /100000     episodes | train score: 19.38  | train loss: 44.25   | eps: 0.8996 | alpha: 0.8001 | beta: 0.2002
2024-03-12 20:22:57,498 - INFO - avg test score: -2.00 
2024-03-12 20:22:57,737 - INFO - 31      /100000     episodes | train score: 8.42   | train loss: 42.60   | eps: 0.8996 | alpha: 0.8001 | beta: 0.2002
2024-03-12 20:22:57,993 - INFO - 32      /100000     episodes | train score: 6.00   | train loss: 48.81   | eps: 0.8996 | alpha: 0.8001 | beta: 0.2003
2024-03-12 20:22:58,236 - INFO - 33      /100000     episodes | train score: -3.00  | train loss: 52.55   | eps: 0.8995 | alpha: 0.8001 | beta: 0.2003
2024-03-12 20:22:58,466 - INFO - 34      /100000     episodes | train score: -21.00 | train loss: 58.13   | eps: 0.8995 | alpha: 0.8001 | beta: 0.2003
2024-03-12 20:22:58,693 - INFO - 35      /100000     episodes | train score: -21.00 | train loss: 43.25   | eps: 0.8995 | alpha: 0.8001 | beta: 0.2003
2024-03-12 20:22:58,899 - INFO - 36      /100000     episodes | train score: -10.40 | train loss: 53.15   | eps: 0.8995 | alpha: 0.8001 | beta: 0.2003
2024-03-12 20:22:59,135 - INFO - 37      /100000     episodes | train score: -21.00 | train loss: 44.41   | eps: 0.8995 | alpha: 0.8001 | beta: 0.2003
2024-03-12 20:22:59,358 - INFO - 38      /100000     episodes | train score: -2.00  | train loss: 54.56   | eps: 0.8995 | alpha: 0.8001 | beta: 0.2003
2024-03-12 20:22:59,592 - INFO - 39      /100000     episodes | train score: 7.00   | train loss: 51.87   | eps: 0.8995 | alpha: 0.8001 | beta: 0.2003
2024-03-12 20:22:59,820 - INFO - 40      /100000     episodes | train score: 7.00   | train loss: 53.77   | eps: 0.8994 | alpha: 0.8001 | beta: 0.2003
2024-03-12 20:23:00,187 - INFO - avg test score: -2.00 
2024-03-12 20:23:00,419 - INFO - 41      /100000     episodes | train score: -3.00  | train loss: 46.69   | eps: 0.8994 | alpha: 0.8001 | beta: 0.2003
2024-03-12 20:23:00,602 - INFO - 42      /100000     episodes | train score: 0.24   | train loss: 50.24   | eps: 0.8994 | alpha: 0.8001 | beta: 0.2003
2024-03-12 20:23:00,782 - INFO - 43      /100000     episodes | train score: 8.28   | train loss: 58.45   | eps: 0.8994 | alpha: 0.8001 | beta: 0.2003
2024-03-12 20:23:01,019 - INFO - 44      /100000     episodes | train score: 7.00   | train loss: 42.19   | eps: 0.8994 | alpha: 0.8001 | beta: 0.2004
2024-03-12 20:23:01,253 - INFO - 45      /100000     episodes | train score: -12.00 | train loss: 58.36   | eps: 0.8994 | alpha: 0.8001 | beta: 0.2004
2024-03-12 20:23:01,476 - INFO - 46      /100000     episodes | train score: 8.20   | train loss: 41.49   | eps: 0.8994 | alpha: 0.8001 | beta: 0.2004
2024-03-12 20:23:01,706 - INFO - 47      /100000     episodes | train score: -12.00 | train loss: 57.32   | eps: 0.8993 | alpha: 0.8001 | beta: 0.2004
2024-03-12 20:23:01,919 - INFO - 48      /100000     episodes | train score: -0.46  | train loss: 59.21   | eps: 0.8993 | alpha: 0.8001 | beta: 0.2004
2024-03-12 20:23:02,144 - INFO - 49      /100000     episodes | train score: 6.00   | train loss: 57.48   | eps: 0.8993 | alpha: 0.8001 | beta: 0.2004
2024-03-12 20:23:02,361 - INFO - 50      /100000     episodes | train score: -17.82 | train loss: 56.41   | eps: 0.8993 | alpha: 0.8001 | beta: 0.2004
2024-03-12 20:23:02,726 - INFO - avg test score: -2.00 
2024-03-12 20:23:02,956 - INFO - 51      /100000     episodes | train score: -13.00 | train loss: 50.96   | eps: 0.8993 | alpha: 0.8001 | beta: 0.2004
2024-03-12 20:23:03,181 - INFO - 52      /100000     episodes | train score: -13.00 | train loss: 61.76   | eps: 0.8993 | alpha: 0.8001 | beta: 0.2004
2024-03-12 20:23:03,429 - INFO - 53      /100000     episodes | train score: 16.00  | train loss: 46.81   | eps: 0.8993 | alpha: 0.8001 | beta: 0.2004
2024-03-12 20:23:03,654 - INFO - 54      /100000     episodes | train score: -2.00  | train loss: 57.02   | eps: 0.8992 | alpha: 0.8001 | beta: 0.2004
2024-03-12 20:23:03,883 - INFO - 55      /100000     episodes | train score: -2.00  | train loss: 62.76   | eps: 0.8992 | alpha: 0.8001 | beta: 0.2004
2024-03-12 20:23:04,167 - INFO - 56      /100000     episodes | train score: 6.00   | train loss: 44.52   | eps: 0.8992 | alpha: 0.8001 | beta: 0.2004
2024-03-12 20:23:04,392 - INFO - 57      /100000     episodes | train score: -3.00  | train loss: 53.73   | eps: 0.8992 | alpha: 0.8001 | beta: 0.2005
2024-03-12 20:23:04,615 - INFO - 58      /100000     episodes | train score: -11.00 | train loss: 56.12   | eps: 0.8992 | alpha: 0.8001 | beta: 0.2005
2024-03-12 20:23:04,830 - INFO - 59      /100000     episodes | train score: -0.66  | train loss: 58.39   | eps: 0.8992 | alpha: 0.8001 | beta: 0.2005
2024-03-12 20:23:05,047 - INFO - 60      /100000     episodes | train score: -0.60  | train loss: 54.29   | eps: 0.8992 | alpha: 0.8001 | beta: 0.2005
2024-03-12 20:23:05,406 - INFO - avg test score: -2.00 
2024-03-12 20:23:05,622 - INFO - 61      /100000     episodes | train score: -19.74 | train loss: 57.15   | eps: 0.8992 | alpha: 0.8001 | beta: 0.2005
2024-03-12 20:23:05,845 - INFO - 62      /100000     episodes | train score: -12.00 | train loss: 56.61   | eps: 0.8991 | alpha: 0.8001 | beta: 0.2005
2024-03-12 20:23:06,060 - INFO - 63      /100000     episodes | train score: -10.80 | train loss: 56.11   | eps: 0.8991 | alpha: 0.8001 | beta: 0.2005
2024-03-12 20:23:06,287 - INFO - 64      /100000     episodes | train score: -2.00  | train loss: 55.78   | eps: 0.8991 | alpha: 0.8001 | beta: 0.2005
2024-03-12 20:23:06,546 - INFO - 65      /100000     episodes | train score: -3.00  | train loss: 49.69   | eps: 0.8991 | alpha: 0.8001 | beta: 0.2005
2024-03-12 20:23:06,786 - INFO - 66      /100000     episodes | train score: -3.00  | train loss: 55.40   | eps: 0.8991 | alpha: 0.8001 | beta: 0.2005
2024-03-12 20:23:07,005 - INFO - 67      /100000     episodes | train score: -1.54  | train loss: 55.07   | eps: 0.8991 | alpha: 0.8001 | beta: 0.2005
2024-03-12 20:23:07,211 - INFO - 68      /100000     episodes | train score: -10.42 | train loss: 47.93   | eps: 0.8991 | alpha: 0.8001 | beta: 0.2005
2024-03-12 20:23:07,420 - INFO - 69      /100000     episodes | train score: 8.48   | train loss: 57.24   | eps: 0.8990 | alpha: 0.8001 | beta: 0.2006
2024-03-12 20:23:07,648 - INFO - 70      /100000     episodes | train score: -10.00 | train loss: 58.86   | eps: 0.8990 | alpha: 0.8001 | beta: 0.2006
2024-03-12 20:23:08,005 - INFO - avg test score: -2.00 
2024-03-12 20:23:08,234 - INFO - 71      /100000     episodes | train score: -12.00 | train loss: 54.69   | eps: 0.8990 | alpha: 0.8001 | beta: 0.2006
2024-03-12 20:23:08,456 - INFO - 72      /100000     episodes | train score: 7.00   | train loss: 60.47   | eps: 0.8990 | alpha: 0.8001 | beta: 0.2006
2024-03-12 20:23:08,680 - INFO - 73      /100000     episodes | train score: -2.00  | train loss: 58.68   | eps: 0.8990 | alpha: 0.8001 | beta: 0.2006
2024-03-12 20:23:08,901 - INFO - 74      /100000     episodes | train score: -1.00  | train loss: 58.85   | eps: 0.8990 | alpha: 0.8001 | beta: 0.2006
2024-03-12 20:23:09,124 - INFO - 75      /100000     episodes | train score: -3.00  | train loss: 61.95   | eps: 0.8990 | alpha: 0.8002 | beta: 0.2006
2024-03-12 20:23:09,344 - INFO - 76      /100000     episodes | train score: 7.00   | train loss: 49.79   | eps: 0.8989 | alpha: 0.8002 | beta: 0.2006
2024-03-12 20:23:09,534 - INFO - 77      /100000     episodes | train score: -0.08  | train loss: 51.90   | eps: 0.8989 | alpha: 0.8002 | beta: 0.2006
2024-03-12 20:23:09,759 - INFO - 78      /100000     episodes | train score: -12.00 | train loss: 55.24   | eps: 0.8989 | alpha: 0.8002 | beta: 0.2006
2024-03-12 20:23:09,959 - INFO - 79      /100000     episodes | train score: 7.74   | train loss: 65.70   | eps: 0.8989 | alpha: 0.8002 | beta: 0.2006
2024-03-12 20:23:10,181 - INFO - 80      /100000     episodes | train score: -2.00  | train loss: 47.47   | eps: 0.8989 | alpha: 0.8002 | beta: 0.2006
2024-03-12 20:23:10,542 - INFO - avg test score: -2.00 
2024-03-12 20:23:10,765 - INFO - 81      /100000     episodes | train score: -1.00  | train loss: 56.37   | eps: 0.8989 | alpha: 0.8002 | beta: 0.2006
2024-03-12 20:23:10,997 - INFO - 82      /100000     episodes | train score: 7.10   | train loss: 62.30   | eps: 0.8989 | alpha: 0.8002 | beta: 0.2007
2024-03-12 20:23:11,222 - INFO - 83      /100000     episodes | train score: -12.00 | train loss: 56.66   | eps: 0.8988 | alpha: 0.8002 | beta: 0.2007
2024-03-12 20:23:11,463 - INFO - 84      /100000     episodes | train score: -3.00  | train loss: 55.62   | eps: 0.8988 | alpha: 0.8002 | beta: 0.2007
2024-03-12 20:23:11,684 - INFO - 85      /100000     episodes | train score: 7.20   | train loss: 61.09   | eps: 0.8988 | alpha: 0.8002 | beta: 0.2007
2024-03-12 20:23:11,901 - INFO - 86      /100000     episodes | train score: -0.52  | train loss: 57.82   | eps: 0.8988 | alpha: 0.8002 | beta: 0.2007
2024-03-12 20:23:12,125 - INFO - 87      /100000     episodes | train score: -1.84  | train loss: 61.47   | eps: 0.8988 | alpha: 0.8002 | beta: 0.2007
2024-03-12 20:23:12,357 - INFO - 88      /100000     episodes | train score: -1.98  | train loss: 69.09   | eps: 0.8988 | alpha: 0.8002 | beta: 0.2007
2024-03-12 20:23:12,571 - INFO - 89      /100000     episodes | train score: 7.32   | train loss: 68.12   | eps: 0.8988 | alpha: 0.8002 | beta: 0.2007
2024-03-12 20:23:12,769 - INFO - 90      /100000     episodes | train score: -0.04  | train loss: 69.52   | eps: 0.8987 | alpha: 0.8002 | beta: 0.2007
2024-03-12 20:23:13,125 - INFO - avg test score: -2.00 
2024-03-12 20:23:13,381 - INFO - 91      /100000     episodes | train score: -12.00 | train loss: 63.14   | eps: 0.8987 | alpha: 0.8002 | beta: 0.2007
2024-03-12 20:23:13,585 - INFO - 92      /100000     episodes | train score: -9.96  | train loss: 56.11   | eps: 0.8987 | alpha: 0.8002 | beta: 0.2007
2024-03-12 20:23:13,777 - INFO - 93      /100000     episodes | train score: -10.12 | train loss: 62.28   | eps: 0.8987 | alpha: 0.8002 | beta: 0.2007
2024-03-12 20:23:13,970 - INFO - 94      /100000     episodes | train score: -0.10  | train loss: 59.89   | eps: 0.8987 | alpha: 0.8002 | beta: 0.2008
2024-03-12 20:23:14,340 - INFO - 95      /100000     episodes | train score: -3.00  | train loss: 63.12   | eps: 0.8987 | alpha: 0.8002 | beta: 0.2008
2024-03-12 20:23:14,562 - INFO - 96      /100000     episodes | train score: -11.00 | train loss: 61.02   | eps: 0.8987 | alpha: 0.8002 | beta: 0.2008
2024-03-12 20:23:14,792 - INFO - 97      /100000     episodes | train score: -0.82  | train loss: 60.13   | eps: 0.8986 | alpha: 0.8002 | beta: 0.2008
2024-03-12 20:23:15,020 - INFO - 98      /100000     episodes | train score: -10.56 | train loss: 56.08   | eps: 0.8986 | alpha: 0.8002 | beta: 0.2008
2024-03-12 20:23:15,248 - INFO - 99      /100000     episodes | train score: -13.00 | train loss: 60.75   | eps: 0.8986 | alpha: 0.8002 | beta: 0.2008
2024-03-12 20:23:15,470 - INFO - 100     /100000     episodes | train score: -11.00 | train loss: 55.00   | eps: 0.8986 | alpha: 0.8002 | beta: 0.2008
2024-03-12 20:23:15,828 - INFO - avg test score: -2.00 
2024-03-12 20:23:16,051 - INFO - 101     /100000     episodes | train score: -11.00 | train loss: 59.18   | eps: 0.8986 | alpha: 0.8002 | beta: 0.2008
2024-03-12 20:23:16,275 - INFO - 102     /100000     episodes | train score: -12.00 | train loss: 69.96   | eps: 0.8986 | alpha: 0.8002 | beta: 0.2008
2024-03-12 20:23:16,464 - INFO - 103     /100000     episodes | train score: -0.94  | train loss: 57.44   | eps: 0.8986 | alpha: 0.8002 | beta: 0.2008
2024-03-12 20:23:16,673 - INFO - 104     /100000     episodes | train score: 7.56   | train loss: 66.17   | eps: 0.8985 | alpha: 0.8002 | beta: 0.2008
2024-03-12 20:23:16,894 - INFO - 105     /100000     episodes | train score: 15.00  | train loss: 69.44   | eps: 0.8985 | alpha: 0.8002 | beta: 0.2008
2024-03-12 20:23:17,121 - INFO - 106     /100000     episodes | train score: -21.00 | train loss: 55.62   | eps: 0.8985 | alpha: 0.8002 | beta: 0.2008
2024-03-12 20:23:17,326 - INFO - 107     /100000     episodes | train score: -0.40  | train loss: 62.97   | eps: 0.8985 | alpha: 0.8002 | beta: 0.2009
2024-03-12 20:23:17,549 - INFO - 108     /100000     episodes | train score: -2.00  | train loss: 75.07   | eps: 0.8985 | alpha: 0.8002 | beta: 0.2009
2024-03-12 20:23:17,770 - INFO - 109     /100000     episodes | train score: -3.00  | train loss: 60.46   | eps: 0.8985 | alpha: 0.8002 | beta: 0.2009
2024-03-12 20:23:17,974 - INFO - 110     /100000     episodes | train score: 0.70   | train loss: 67.90   | eps: 0.8985 | alpha: 0.8002 | beta: 0.2009
2024-03-12 20:23:18,382 - INFO - avg test score: -2.00 
2024-03-12 20:23:18,603 - INFO - 111     /100000     episodes | train score: 7.00   | train loss: 57.83   | eps: 0.8984 | alpha: 0.8002 | beta: 0.2009
2024-03-12 20:23:18,826 - INFO - 112     /100000     episodes | train score: -2.00  | train loss: 52.11   | eps: 0.8984 | alpha: 0.8002 | beta: 0.2009
2024-03-12 20:23:19,023 - INFO - 113     /100000     episodes | train score: -1.26  | train loss: 58.64   | eps: 0.8984 | alpha: 0.8002 | beta: 0.2009
2024-03-12 20:23:19,222 - INFO - 114     /100000     episodes | train score: 7.64   | train loss: 68.10   | eps: 0.8984 | alpha: 0.8002 | beta: 0.2009
2024-03-12 20:23:19,451 - INFO - 115     /100000     episodes | train score: -22.00 | train loss: 63.03   | eps: 0.8984 | alpha: 0.8002 | beta: 0.2009
2024-03-12 20:23:19,628 - INFO - 116     /100000     episodes | train score: -0.68  | train loss: 64.97   | eps: 0.8984 | alpha: 0.8002 | beta: 0.2009
2024-03-12 20:23:19,873 - INFO - 117     /100000     episodes | train score: -21.00 | train loss: 56.09   | eps: 0.8984 | alpha: 0.8002 | beta: 0.2009
2024-03-12 20:23:20,125 - INFO - 118     /100000     episodes | train score: -3.00  | train loss: 55.01   | eps: 0.8983 | alpha: 0.8002 | beta: 0.2009
2024-03-12 20:23:20,368 - INFO - 119     /100000     episodes | train score: -11.00 | train loss: 60.23   | eps: 0.8983 | alpha: 0.8002 | beta: 0.2010
2024-03-12 20:23:20,607 - INFO - 120     /100000     episodes | train score: -22.00 | train loss: 58.93   | eps: 0.8983 | alpha: 0.8002 | beta: 0.2010
2024-03-12 20:23:20,966 - INFO - avg test score: -2.00 
2024-03-12 20:23:21,193 - INFO - 121     /100000     episodes | train score: -21.00 | train loss: 48.88   | eps: 0.8983 | alpha: 0.8002 | beta: 0.2010
2024-03-12 20:23:21,429 - INFO - 122     /100000     episodes | train score: 7.00   | train loss: 62.51   | eps: 0.8983 | alpha: 0.8002 | beta: 0.2010
2024-03-12 20:23:21,636 - INFO - 123     /100000     episodes | train score: 16.76  | train loss: 67.44   | eps: 0.8983 | alpha: 0.8002 | beta: 0.2010
2024-03-12 20:23:21,905 - INFO - 124     /100000     episodes | train score: 7.00   | train loss: 66.68   | eps: 0.8983 | alpha: 0.8002 | beta: 0.2010
2024-03-12 20:23:22,217 - INFO - 125     /100000     episodes | train score: -3.00  | train loss: 66.25   | eps: 0.8982 | alpha: 0.8003 | beta: 0.2010
2024-03-12 20:23:22,449 - INFO - 126     /100000     episodes | train score: -10.00 | train loss: 57.25   | eps: 0.8982 | alpha: 0.8003 | beta: 0.2010
2024-03-12 20:23:22,657 - INFO - 127     /100000     episodes | train score: -10.30 | train loss: 57.13   | eps: 0.8982 | alpha: 0.8003 | beta: 0.2010
2024-03-12 20:23:22,860 - INFO - 128     /100000     episodes | train score: 7.70   | train loss: 65.29   | eps: 0.8982 | alpha: 0.8003 | beta: 0.2010
2024-03-12 20:23:23,154 - INFO - 129     /100000     episodes | train score: 8.86   | train loss: 67.91   | eps: 0.8982 | alpha: 0.8003 | beta: 0.2010
2024-03-12 20:23:23,478 - INFO - 130     /100000     episodes | train score: -1.34  | train loss: 63.78   | eps: 0.8982 | alpha: 0.8003 | beta: 0.2010
2024-03-12 20:23:23,945 - INFO - avg test score: -2.00 
2024-03-12 20:23:24,192 - INFO - 131     /100000     episodes | train score: -1.00  | train loss: 52.52   | eps: 0.8982 | alpha: 0.8003 | beta: 0.2010
2024-03-12 20:23:24,414 - INFO - 132     /100000     episodes | train score: 7.00   | train loss: 56.25   | eps: 0.8981 | alpha: 0.8003 | beta: 0.2011
2024-03-12 20:23:24,650 - INFO - 133     /100000     episodes | train score: -3.00  | train loss: 62.18   | eps: 0.8981 | alpha: 0.8003 | beta: 0.2011
2024-03-12 20:23:24,891 - INFO - 134     /100000     episodes | train score: -12.00 | train loss: 62.53   | eps: 0.8981 | alpha: 0.8003 | beta: 0.2011
2024-03-12 20:23:25,122 - INFO - 135     /100000     episodes | train score: -10.84 | train loss: 59.99   | eps: 0.8981 | alpha: 0.8003 | beta: 0.2011
2024-03-12 20:23:25,357 - INFO - 136     /100000     episodes | train score: 7.00   | train loss: 62.96   | eps: 0.8981 | alpha: 0.8003 | beta: 0.2011
2024-03-12 20:23:25,540 - INFO - 137     /100000     episodes | train score: 10.34  | train loss: 53.05   | eps: 0.8981 | alpha: 0.8003 | beta: 0.2011
2024-03-12 20:23:25,774 - INFO - 138     /100000     episodes | train score: 16.00  | train loss: 64.96   | eps: 0.8981 | alpha: 0.8003 | beta: 0.2011
2024-03-12 20:23:26,008 - INFO - 139     /100000     episodes | train score: -2.00  | train loss: 58.08   | eps: 0.8980 | alpha: 0.8003 | beta: 0.2011
2024-03-12 20:23:26,238 - INFO - 140     /100000     episodes | train score: -3.00  | train loss: 68.38   | eps: 0.8980 | alpha: 0.8003 | beta: 0.2011
2024-03-12 20:23:26,630 - INFO - avg test score: -2.00 
2024-03-12 20:23:26,851 - INFO - 141     /100000     episodes | train score: -0.82  | train loss: 55.22   | eps: 0.8980 | alpha: 0.8003 | beta: 0.2011
2024-03-12 20:23:27,083 - INFO - 142     /100000     episodes | train score: -12.00 | train loss: 62.02   | eps: 0.8980 | alpha: 0.8003 | beta: 0.2011
2024-03-12 20:23:27,306 - INFO - 143     /100000     episodes | train score: 8.14   | train loss: 55.64   | eps: 0.8980 | alpha: 0.8003 | beta: 0.2011
2024-03-12 20:23:27,515 - INFO - 144     /100000     episodes | train score: -1.52  | train loss: 58.78   | eps: 0.8980 | alpha: 0.8003 | beta: 0.2012
2024-03-12 20:23:27,727 - INFO - 145     /100000     episodes | train score: -9.70  | train loss: 67.74   | eps: 0.8980 | alpha: 0.8003 | beta: 0.2012
