2024-03-12 19:25:23,592 - INFO - ============================================================
2024-03-12 19:25:23,592 - INFO - use_wandb                     | True
2024-03-12 19:25:23,592 - INFO - entity_name                   | singfor7012
2024-03-12 19:25:23,592 - INFO - env_name                      | ma_gym:Checkers-v0
2024-03-12 19:25:23,592 - INFO - experiment_name               | vdn
2024-03-12 19:25:23,592 - INFO - use_cuda                      | False
2024-03-12 19:25:23,592 - INFO - n_training_threads            | 12
2024-03-12 19:25:23,592 - INFO - use_render                    | False
2024-03-12 19:25:23,592 - INFO - use_time_sleep                | False
2024-03-12 19:25:23,592 - INFO - sleep_second                  | 0.5
2024-03-12 19:25:23,592 - INFO - seed                          | 42
2024-03-12 19:25:23,592 - INFO - fix_seed                      | True
2024-03-12 19:25:23,592 - INFO - epsilon_anneal_episode        | 60000
2024-03-12 19:25:23,592 - INFO - max_epsilon                   | 0.9
2024-03-12 19:25:23,592 - INFO - min_epsilon                   | 0.05
2024-03-12 19:25:23,592 - INFO - lr                            | 0.001
2024-03-12 19:25:23,592 - INFO - gamma                         | 0.99
2024-03-12 19:25:23,592 - INFO - batch_size                    | 32
2024-03-12 19:25:23,592 - INFO - max_episodes                  | 100000
2024-03-12 19:25:23,592 - INFO - max_step                      | 100
2024-03-12 19:25:23,592 - INFO - step_cost                     | -0.01
2024-03-12 19:25:23,592 - INFO - chunk_size                    | 10
2024-03-12 19:25:23,592 - INFO - update_iter                   | 10
2024-03-12 19:25:23,592 - INFO - update_target_interval        | 1
2024-03-12 19:25:23,592 - INFO - grad_clip_norm                | 0.5
2024-03-12 19:25:23,592 - INFO - decide_target                 | double_dqn
2024-03-12 19:25:23,592 - INFO - decide_network                | q_net
2024-03-12 19:25:23,592 - INFO - use_recurrent                 | True
2024-03-12 19:25:23,592 - INFO - test_interval                 | 10
2024-03-12 19:25:23,592 - INFO - test_episodes                 | 10
2024-03-12 19:25:23,592 - INFO - buffer_limit                  | 20000
2024-03-12 19:25:23,592 - INFO - eps                           | 1e-06
2024-03-12 19:25:23,592 - INFO - alpha                         | 0.8
2024-03-12 19:25:23,593 - INFO - beta                          | 0.2
2024-03-12 19:25:23,593 - INFO - update_alpha_beta             | True
2024-03-12 19:25:23,593 - INFO - Device: cpu
2024-03-12 19:25:23,593 - INFO - ============================================================
2024-03-12 19:27:58,764 - INFO - 1       /100000     episodes | train score: -3.00  | train loss: 86.57   | eps: 0.9000 | alpha: 0.8000 | beta: 0.2000
2024-03-12 19:27:59,287 - INFO - 2       /100000     episodes | train score: 26.04  | train loss: 85.45   | eps: 0.9000 | alpha: 0.8000 | beta: 0.2000
2024-03-12 19:27:59,816 - INFO - 3       /100000     episodes | train score: -2.00  | train loss: 71.29   | eps: 0.9000 | alpha: 0.8000 | beta: 0.2000
2024-03-12 19:28:00,319 - INFO - 4       /100000     episodes | train score: 8.42   | train loss: 70.60   | eps: 0.9000 | alpha: 0.8000 | beta: 0.2000
2024-03-12 19:28:00,823 - INFO - 5       /100000     episodes | train score: -9.56  | train loss: 65.72   | eps: 0.8999 | alpha: 0.8000 | beta: 0.2000
2024-03-12 19:28:01,321 - INFO - 6       /100000     episodes | train score: -1.54  | train loss: 52.71   | eps: 0.8999 | alpha: 0.8000 | beta: 0.2000
2024-03-12 19:28:01,819 - INFO - 7       /100000     episodes | train score: -0.52  | train loss: 38.80   | eps: 0.8999 | alpha: 0.8000 | beta: 0.2001
2024-03-12 19:28:02,319 - INFO - 8       /100000     episodes | train score: -0.52  | train loss: 50.16   | eps: 0.8999 | alpha: 0.8000 | beta: 0.2001
2024-03-12 19:28:02,781 - INFO - 9       /100000     episodes | train score: 9.38   | train loss: 54.25   | eps: 0.8999 | alpha: 0.8000 | beta: 0.2001
2024-03-12 19:28:03,271 - INFO - 10      /100000     episodes | train score: -10.22 | train loss: 51.77   | eps: 0.8999 | alpha: 0.8000 | beta: 0.2001
2024-03-12 19:28:03,681 - INFO - avg test score: -2.00 
2024-03-12 19:28:04,065 - INFO - 11      /100000     episodes | train score: -9.64  | train loss: 53.11   | eps: 0.8999 | alpha: 0.8000 | beta: 0.2001
2024-03-12 19:28:04,450 - INFO - 12      /100000     episodes | train score: 8.42   | train loss: 74.95   | eps: 0.8998 | alpha: 0.8000 | beta: 0.2001
2024-03-12 19:28:04,859 - INFO - 13      /100000     episodes | train score: -3.00  | train loss: 128.93  | eps: 0.8998 | alpha: 0.8000 | beta: 0.2001
2024-03-12 19:28:05,226 - INFO - 14      /100000     episodes | train score: 8.84   | train loss: 232.70  | eps: 0.8998 | alpha: 0.8000 | beta: 0.2001
2024-03-12 19:28:05,593 - INFO - 15      /100000     episodes | train score: -0.20  | train loss: 372.64  | eps: 0.8998 | alpha: 0.8000 | beta: 0.2001
2024-03-12 19:28:05,995 - INFO - 16      /100000     episodes | train score: -1.00  | train loss: 748.66  | eps: 0.8998 | alpha: 0.8000 | beta: 0.2001
2024-03-12 19:28:06,389 - INFO - 17      /100000     episodes | train score: 0.22   | train loss: 1163.73 | eps: 0.8998 | alpha: 0.8000 | beta: 0.2001
2024-03-12 19:28:06,791 - INFO - 18      /100000     episodes | train score: 6.00   | train loss: 1759.82 | eps: 0.8998 | alpha: 0.8000 | beta: 0.2001
2024-03-12 19:28:07,201 - INFO - 19      /100000     episodes | train score: 7.00   | train loss: 2917.05 | eps: 0.8997 | alpha: 0.8000 | beta: 0.2002
2024-03-12 19:28:07,610 - INFO - 20      /100000     episodes | train score: -3.00  | train loss: 3164.21 | eps: 0.8997 | alpha: 0.8000 | beta: 0.2002
2024-03-12 19:28:07,989 - INFO - avg test score: -2.00 
2024-03-12 19:28:08,408 - INFO - 21      /100000     episodes | train score: -11.00 | train loss: 4466.32 | eps: 0.8997 | alpha: 0.8000 | beta: 0.2002
2024-03-12 19:28:08,821 - INFO - 22      /100000     episodes | train score: 7.38   | train loss: 5405.10 | eps: 0.8997 | alpha: 0.8000 | beta: 0.2002
2024-03-12 19:28:09,180 - INFO - 23      /100000     episodes | train score: -0.84  | train loss: 9311.79 | eps: 0.8997 | alpha: 0.8000 | beta: 0.2002
2024-03-12 19:28:09,626 - INFO - 24      /100000     episodes | train score: -11.00 | train loss: 9100.83 | eps: 0.8997 | alpha: 0.8000 | beta: 0.2002
2024-03-12 19:28:10,033 - INFO - 25      /100000     episodes | train score: -12.00 | train loss: 13701.69 | eps: 0.8997 | alpha: 0.8001 | beta: 0.2002
2024-03-12 19:28:10,451 - INFO - 26      /100000     episodes | train score: -1.00  | train loss: 15153.47 | eps: 0.8996 | alpha: 0.8001 | beta: 0.2002
2024-03-12 19:28:10,860 - INFO - 27      /100000     episodes | train score: -11.00 | train loss: 18085.02 | eps: 0.8996 | alpha: 0.8001 | beta: 0.2002
2024-03-12 19:28:11,285 - INFO - 28      /100000     episodes | train score: -3.00  | train loss: 22526.66 | eps: 0.8996 | alpha: 0.8001 | beta: 0.2002
2024-03-12 19:28:11,689 - INFO - 29      /100000     episodes | train score: -12.00 | train loss: 31388.01 | eps: 0.8996 | alpha: 0.8001 | beta: 0.2002
2024-03-12 19:28:12,136 - INFO - 30      /100000     episodes | train score: 15.00  | train loss: 40094.24 | eps: 0.8996 | alpha: 0.8001 | beta: 0.2002
2024-03-12 19:28:12,511 - INFO - avg test score: -2.00 
2024-03-12 19:28:12,927 - INFO - 31      /100000     episodes | train score: 16.00  | train loss: 38729.86 | eps: 0.8996 | alpha: 0.8001 | beta: 0.2002
2024-03-12 19:28:13,330 - INFO - 32      /100000     episodes | train score: -1.90  | train loss: 56919.12 | eps: 0.8996 | alpha: 0.8001 | beta: 0.2003
2024-03-12 19:28:13,726 - INFO - 33      /100000     episodes | train score: 0.18   | train loss: 48451.86 | eps: 0.8995 | alpha: 0.8001 | beta: 0.2003
2024-03-12 19:28:14,087 - INFO - 34      /100000     episodes | train score: 8.86   | train loss: 59233.49 | eps: 0.8995 | alpha: 0.8001 | beta: 0.2003
2024-03-12 19:28:14,488 - INFO - 35      /100000     episodes | train score: -21.00 | train loss: 62159.43 | eps: 0.8995 | alpha: 0.8001 | beta: 0.2003
2024-03-12 19:28:14,869 - INFO - 36      /100000     episodes | train score: -19.56 | train loss: 79375.55 | eps: 0.8995 | alpha: 0.8001 | beta: 0.2003
2024-03-12 19:28:15,275 - INFO - 37      /100000     episodes | train score: -4.00  | train loss: 77084.62 | eps: 0.8995 | alpha: 0.8001 | beta: 0.2003
2024-03-12 19:28:15,624 - INFO - 38      /100000     episodes | train score: -9.84  | train loss: 94311.16 | eps: 0.8995 | alpha: 0.8001 | beta: 0.2003
2024-03-12 19:28:16,031 - INFO - 39      /100000     episodes | train score: 7.00   | train loss: 107363.59 | eps: 0.8995 | alpha: 0.8001 | beta: 0.2003
2024-03-12 19:28:16,436 - INFO - 40      /100000     episodes | train score: -3.00  | train loss: 124624.98 | eps: 0.8994 | alpha: 0.8001 | beta: 0.2003
2024-03-12 19:28:16,816 - INFO - avg test score: -2.00 
2024-03-12 19:28:17,205 - INFO - 41      /100000     episodes | train score: 18.30  | train loss: 145153.53 | eps: 0.8994 | alpha: 0.8001 | beta: 0.2003
2024-03-12 19:28:17,611 - INFO - 42      /100000     episodes | train score: 17.00  | train loss: 124453.23 | eps: 0.8994 | alpha: 0.8001 | beta: 0.2003
2024-03-12 19:28:17,995 - INFO - 43      /100000     episodes | train score: -1.54  | train loss: 137095.16 | eps: 0.8994 | alpha: 0.8001 | beta: 0.2003
2024-03-12 19:28:18,404 - INFO - 44      /100000     episodes | train score: -2.00  | train loss: 151788.91 | eps: 0.8994 | alpha: 0.8001 | beta: 0.2004
2024-03-12 19:28:18,790 - INFO - 45      /100000     episodes | train score: -9.54  | train loss: 183394.66 | eps: 0.8994 | alpha: 0.8001 | beta: 0.2004
2024-03-12 19:28:19,192 - INFO - 46      /100000     episodes | train score: -1.00  | train loss: 197273.03 | eps: 0.8994 | alpha: 0.8001 | beta: 0.2004
2024-03-12 19:28:19,602 - INFO - 47      /100000     episodes | train score: -21.00 | train loss: 213504.91 | eps: 0.8993 | alpha: 0.8001 | beta: 0.2004
2024-03-12 19:28:19,989 - INFO - 48      /100000     episodes | train score: 16.82  | train loss: 181797.03 | eps: 0.8993 | alpha: 0.8001 | beta: 0.2004
2024-03-12 19:28:20,391 - INFO - 49      /100000     episodes | train score: 7.00   | train loss: 234492.09 | eps: 0.8993 | alpha: 0.8001 | beta: 0.2004
2024-03-12 19:28:20,792 - INFO - 50      /100000     episodes | train score: 6.00   | train loss: 297193.47 | eps: 0.8993 | alpha: 0.8001 | beta: 0.2004
2024-03-12 19:28:21,171 - INFO - avg test score: -2.00 
2024-03-12 19:28:21,574 - INFO - 51      /100000     episodes | train score: -2.00  | train loss: 252367.03 | eps: 0.8993 | alpha: 0.8001 | beta: 0.2004
2024-03-12 19:28:21,939 - INFO - 52      /100000     episodes | train score: -1.02  | train loss: 298801.28 | eps: 0.8993 | alpha: 0.8001 | beta: 0.2004
2024-03-12 19:28:22,344 - INFO - 53      /100000     episodes | train score: 26.72  | train loss: 289171.31 | eps: 0.8993 | alpha: 0.8001 | beta: 0.2004
2024-03-12 19:28:22,768 - INFO - 54      /100000     episodes | train score: -21.00 | train loss: 284237.41 | eps: 0.8992 | alpha: 0.8001 | beta: 0.2004
2024-03-12 19:28:23,240 - INFO - 55      /100000     episodes | train score: -10.78 | train loss: 346092.69 | eps: 0.8992 | alpha: 0.8001 | beta: 0.2004
2024-03-12 19:28:23,727 - INFO - 56      /100000     episodes | train score: -3.00  | train loss: 370011.19 | eps: 0.8992 | alpha: 0.8001 | beta: 0.2004
2024-03-12 19:28:24,110 - INFO - 57      /100000     episodes | train score: -1.34  | train loss: 418764.09 | eps: 0.8992 | alpha: 0.8001 | beta: 0.2005
2024-03-12 19:28:24,516 - INFO - 58      /100000     episodes | train score: -2.00  | train loss: 424754.16 | eps: 0.8992 | alpha: 0.8001 | beta: 0.2005
2024-03-12 19:28:24,921 - INFO - 59      /100000     episodes | train score: -1.00  | train loss: 400971.31 | eps: 0.8992 | alpha: 0.8001 | beta: 0.2005
2024-03-12 19:28:25,327 - INFO - 60      /100000     episodes | train score: -13.00 | train loss: 471643.44 | eps: 0.8992 | alpha: 0.8001 | beta: 0.2005
2024-03-12 19:28:25,706 - INFO - avg test score: -2.00 
2024-03-12 19:28:26,110 - INFO - 61      /100000     episodes | train score: -1.64  | train loss: 474580.84 | eps: 0.8992 | alpha: 0.8001 | beta: 0.2005
2024-03-12 19:28:26,515 - INFO - 62      /100000     episodes | train score: -3.00  | train loss: 508863.44 | eps: 0.8991 | alpha: 0.8001 | beta: 0.2005
2024-03-12 19:28:26,907 - INFO - 63      /100000     episodes | train score: 9.26   | train loss: 492625.31 | eps: 0.8991 | alpha: 0.8001 | beta: 0.2005
2024-03-12 19:28:27,320 - INFO - 64      /100000     episodes | train score: -12.00 | train loss: 539862.00 | eps: 0.8991 | alpha: 0.8001 | beta: 0.2005
2024-03-12 19:28:27,743 - INFO - 65      /100000     episodes | train score: -9.60  | train loss: 521813.91 | eps: 0.8991 | alpha: 0.8001 | beta: 0.2005
2024-03-12 19:28:28,147 - INFO - 66      /100000     episodes | train score: 7.04   | train loss: 550378.38 | eps: 0.8991 | alpha: 0.8001 | beta: 0.2005
2024-03-12 19:28:28,558 - INFO - 67      /100000     episodes | train score: -10.94 | train loss: 612250.38 | eps: 0.8991 | alpha: 0.8001 | beta: 0.2005
2024-03-12 19:28:28,976 - INFO - 68      /100000     episodes | train score: -21.00 | train loss: 619922.00 | eps: 0.8991 | alpha: 0.8001 | beta: 0.2005
2024-03-12 19:28:29,379 - INFO - 69      /100000     episodes | train score: -12.00 | train loss: 712729.81 | eps: 0.8990 | alpha: 0.8001 | beta: 0.2006
2024-03-12 19:28:29,750 - INFO - 70      /100000     episodes | train score: 7.64   | train loss: 688889.88 | eps: 0.8990 | alpha: 0.8001 | beta: 0.2006
2024-03-12 19:28:30,134 - INFO - avg test score: -2.00 
2024-03-12 19:28:30,545 - INFO - 71      /100000     episodes | train score: -3.00  | train loss: 567339.06 | eps: 0.8990 | alpha: 0.8001 | beta: 0.2006
2024-03-12 19:28:30,912 - INFO - 72      /100000     episodes | train score: -9.14  | train loss: 733845.62 | eps: 0.8990 | alpha: 0.8001 | beta: 0.2006
2024-03-12 19:28:31,314 - INFO - 73      /100000     episodes | train score: -3.00  | train loss: 707931.62 | eps: 0.8990 | alpha: 0.8001 | beta: 0.2006
2024-03-12 19:28:31,734 - INFO - 74      /100000     episodes | train score: -3.00  | train loss: 735134.88 | eps: 0.8990 | alpha: 0.8001 | beta: 0.2006
2024-03-12 19:28:32,151 - INFO - 75      /100000     episodes | train score: -10.00 | train loss: 713107.88 | eps: 0.8990 | alpha: 0.8002 | beta: 0.2006
2024-03-12 19:28:32,572 - INFO - 76      /100000     episodes | train score: -12.00 | train loss: 878960.62 | eps: 0.8989 | alpha: 0.8002 | beta: 0.2006
2024-03-12 19:28:33,185 - INFO - 77      /100000     episodes | train score: -13.00 | train loss: 788824.88 | eps: 0.8989 | alpha: 0.8002 | beta: 0.2006
2024-03-12 19:28:33,573 - INFO - 78      /100000     episodes | train score: -9.92  | train loss: 786530.12 | eps: 0.8989 | alpha: 0.8002 | beta: 0.2006
2024-03-12 19:28:34,003 - INFO - 79      /100000     episodes | train score: -12.00 | train loss: 834566.88 | eps: 0.8989 | alpha: 0.8002 | beta: 0.2006
2024-03-12 19:28:34,377 - INFO - 80      /100000     episodes | train score: -10.14 | train loss: 1000825.31 | eps: 0.8989 | alpha: 0.8002 | beta: 0.2006
2024-03-12 19:28:34,765 - INFO - avg test score: -2.00 
2024-03-12 19:28:35,204 - INFO - 81      /100000     episodes | train score: -4.00  | train loss: 1025788.69 | eps: 0.8989 | alpha: 0.8002 | beta: 0.2006
2024-03-12 19:28:35,617 - INFO - 82      /100000     episodes | train score: -1.88  | train loss: 1137564.75 | eps: 0.8989 | alpha: 0.8002 | beta: 0.2007
2024-03-12 19:28:36,057 - INFO - 83      /100000     episodes | train score: 8.00   | train loss: 935836.62 | eps: 0.8988 | alpha: 0.8002 | beta: 0.2007
2024-03-12 19:28:36,467 - INFO - 84      /100000     episodes | train score: -11.00 | train loss: 1181985.88 | eps: 0.8988 | alpha: 0.8002 | beta: 0.2007
2024-03-12 19:28:36,827 - INFO - 85      /100000     episodes | train score: -0.76  | train loss: 1184496.38 | eps: 0.8988 | alpha: 0.8002 | beta: 0.2007
2024-03-12 19:28:37,179 - INFO - 86      /100000     episodes | train score: 0.06   | train loss: 1083708.12 | eps: 0.8988 | alpha: 0.8002 | beta: 0.2007
