2024-03-18 21:22:47,885 - INFO - ============================================================
2024-03-18 21:22:47,885 - INFO - use_wandb                     | True
2024-03-18 21:22:47,885 - INFO - entity_name                   | singfor7012
2024-03-18 21:22:47,885 - INFO - project_name                  | checker-v0
2024-03-18 21:22:47,885 - INFO - env_name                      | ma_gym:Checkers-v0
2024-03-18 21:22:47,885 - INFO - experiment_name               | vdn
2024-03-18 21:22:47,885 - INFO - use_cuda                      | False
2024-03-18 21:22:47,885 - INFO - n_training_threads            | 12
2024-03-18 21:22:47,885 - INFO - use_render                    | False
2024-03-18 21:22:47,885 - INFO - use_time_sleep                | False
2024-03-18 21:22:47,885 - INFO - sleep_second                  | 0.5
2024-03-18 21:22:47,885 - INFO - seed                          | 42
2024-03-18 21:22:47,885 - INFO - fix_seed                      | True
2024-03-18 21:22:47,885 - INFO - epsilon_anneal_episode        | 15000
2024-03-18 21:22:47,885 - INFO - max_epsilon                   | 0.8
2024-03-18 21:22:47,885 - INFO - min_epsilon                   | 0.05
2024-03-18 21:22:47,885 - INFO - lr                            | 0.001
2024-03-18 21:22:47,885 - INFO - gamma                         | 0.99
2024-03-18 21:22:47,885 - INFO - batch_size                    | 32
2024-03-18 21:22:47,885 - INFO - max_episodes                  | 15000
2024-03-18 21:22:47,885 - INFO - max_step                      | 100
2024-03-18 21:22:47,885 - INFO - step_cost                     | -0.01
2024-03-18 21:22:47,885 - INFO - chunk_size                    | 10
2024-03-18 21:22:47,885 - INFO - update_iter                   | 10
2024-03-18 21:22:47,885 - INFO - update_target_interval        | 20
2024-03-18 21:22:47,885 - INFO - grad_clip_norm                | 5
2024-03-18 21:22:47,885 - INFO - decide_target                 | dqn
2024-03-18 21:22:47,885 - INFO - decide_network                | q_net
2024-03-18 21:22:47,885 - INFO - use_recurrent                 | True
2024-03-18 21:22:47,885 - INFO - test_interval                 | 10
2024-03-18 21:22:47,885 - INFO - test_episodes                 | 20
2024-03-18 21:22:47,885 - INFO - buffer_limit                  | 1000
2024-03-18 21:22:47,885 - INFO - eps                           | 1e-06
2024-03-18 21:22:47,885 - INFO - alpha                         | 0.4
2024-03-18 21:22:47,885 - INFO - beta                          | 0.4
2024-03-18 21:22:47,885 - INFO - update_alpha_beta             | True
2024-03-18 21:22:47,885 - INFO - use_step_weight               | True
2024-03-18 21:22:47,885 - INFO - step_weight                   | 0.99
2024-03-18 21:22:47,885 - INFO - Device: cpu
2024-03-18 21:22:47,885 - INFO - ============================================================
2024-03-18 21:22:55,305 - INFO - 1       /15000      episodes | train score: -2.00  | train loss: 41.28   | eps: 0.8000 | alpha: 0.4000 | beta: 0.4000
