2024-03-12 19:46:26,532 - INFO - ============================================================
2024-03-12 19:46:26,532 - INFO - use_wandb                     | True
2024-03-12 19:46:26,532 - INFO - entity_name                   | singfor7012
2024-03-12 19:46:26,532 - INFO - env_name                      | ma_gym:Checkers-v0
2024-03-12 19:46:26,532 - INFO - experiment_name               | vdn
2024-03-12 19:46:26,532 - INFO - use_cuda                      | False
2024-03-12 19:46:26,532 - INFO - n_training_threads            | 12
2024-03-12 19:46:26,532 - INFO - use_render                    | False
2024-03-12 19:46:26,532 - INFO - use_time_sleep                | False
2024-03-12 19:46:26,532 - INFO - sleep_second                  | 0.5
2024-03-12 19:46:26,532 - INFO - seed                          | 42
2024-03-12 19:46:26,532 - INFO - fix_seed                      | True
2024-03-12 19:46:26,532 - INFO - epsilon_anneal_episode        | 60000
2024-03-12 19:46:26,532 - INFO - max_epsilon                   | 0.9
2024-03-12 19:46:26,532 - INFO - min_epsilon                   | 0.05
2024-03-12 19:46:26,532 - INFO - lr                            | 1e-05
2024-03-12 19:46:26,532 - INFO - gamma                         | 0.99
2024-03-12 19:46:26,532 - INFO - batch_size                    | 32
2024-03-12 19:46:26,532 - INFO - max_episodes                  | 100000
2024-03-12 19:46:26,532 - INFO - max_step                      | 100
2024-03-12 19:46:26,532 - INFO - step_cost                     | -0.01
2024-03-12 19:46:26,532 - INFO - chunk_size                    | 10
2024-03-12 19:46:26,532 - INFO - update_iter                   | 5
2024-03-12 19:46:26,532 - INFO - update_target_interval        | 5
2024-03-12 19:46:26,532 - INFO - grad_clip_norm                | 0.5
2024-03-12 19:46:26,532 - INFO - decide_target                 | double_dqn
2024-03-12 19:46:26,532 - INFO - decide_network                | q_net
2024-03-12 19:46:26,532 - INFO - use_recurrent                 | True
2024-03-12 19:46:26,532 - INFO - test_interval                 | 10
2024-03-12 19:46:26,532 - INFO - test_episodes                 | 10
2024-03-12 19:46:26,532 - INFO - buffer_limit                  | 2000
2024-03-12 19:46:26,532 - INFO - eps                           | 1e-06
2024-03-12 19:46:26,532 - INFO - alpha                         | 0.8
2024-03-12 19:46:26,532 - INFO - beta                          | 0.2
2024-03-12 19:46:26,532 - INFO - update_alpha_beta             | True
2024-03-12 19:46:26,532 - INFO - Device: cpu
2024-03-12 19:46:26,532 - INFO - ============================================================
2024-03-12 19:46:42,668 - INFO - 1       /100000     episodes | train score: -1.86  | train loss: 99.10   | eps: 0.9000 | alpha: 0.8000 | beta: 0.2000
2024-03-12 19:46:42,859 - INFO - 2       /100000     episodes | train score: -1.10  | train loss: 74.69   | eps: 0.9000 | alpha: 0.8000 | beta: 0.2000
2024-03-12 19:46:43,074 - INFO - 3       /100000     episodes | train score: -1.56  | train loss: 83.10   | eps: 0.9000 | alpha: 0.8000 | beta: 0.2000
2024-03-12 19:46:43,258 - INFO - 4       /100000     episodes | train score: 20.28  | train loss: 47.96   | eps: 0.9000 | alpha: 0.8000 | beta: 0.2000
2024-03-12 19:46:43,451 - INFO - 5       /100000     episodes | train score: -9.14  | train loss: 63.59   | eps: 0.8999 | alpha: 0.8000 | beta: 0.2000
2024-03-12 19:46:43,667 - INFO - 6       /100000     episodes | train score: 18.22  | train loss: 39.84   | eps: 0.8999 | alpha: 0.8000 | beta: 0.2000
2024-03-12 19:46:43,888 - INFO - 7       /100000     episodes | train score: -0.94  | train loss: 43.21   | eps: 0.8999 | alpha: 0.8000 | beta: 0.2001
2024-03-12 19:46:44,105 - INFO - 8       /100000     episodes | train score: -8.84  | train loss: 41.27   | eps: 0.8999 | alpha: 0.8000 | beta: 0.2001
2024-03-12 19:46:44,328 - INFO - 9       /100000     episodes | train score: -3.00  | train loss: 41.16   | eps: 0.8999 | alpha: 0.8000 | beta: 0.2001
2024-03-12 19:46:44,551 - INFO - 10      /100000     episodes | train score: -2.00  | train loss: 41.62   | eps: 0.8999 | alpha: 0.8000 | beta: 0.2001
2024-03-12 19:46:44,920 - INFO - avg test score: -2.00 
2024-03-12 19:46:45,195 - INFO - 11      /100000     episodes | train score: 8.28   | train loss: 38.93   | eps: 0.8999 | alpha: 0.8000 | beta: 0.2001
2024-03-12 19:46:45,482 - INFO - 12      /100000     episodes | train score: -12.00 | train loss: 43.43   | eps: 0.8998 | alpha: 0.8000 | beta: 0.2001
2024-03-12 19:46:45,770 - INFO - 13      /100000     episodes | train score: -21.00 | train loss: 45.85   | eps: 0.8998 | alpha: 0.8000 | beta: 0.2001
2024-03-12 19:46:46,010 - INFO - 14      /100000     episodes | train score: -0.92  | train loss: 52.04   | eps: 0.8998 | alpha: 0.8000 | beta: 0.2001
2024-03-12 19:46:46,298 - INFO - 15      /100000     episodes | train score: -3.00  | train loss: 48.93   | eps: 0.8998 | alpha: 0.8000 | beta: 0.2001
2024-03-12 19:46:46,586 - INFO - 16      /100000     episodes | train score: 6.00   | train loss: 43.39   | eps: 0.8998 | alpha: 0.8000 | beta: 0.2001
2024-03-12 19:46:46,873 - INFO - 17      /100000     episodes | train score: -22.00 | train loss: 41.19   | eps: 0.8998 | alpha: 0.8000 | beta: 0.2001
2024-03-12 19:46:47,161 - INFO - 18      /100000     episodes | train score: -12.00 | train loss: 52.46   | eps: 0.8998 | alpha: 0.8000 | beta: 0.2001
2024-03-12 19:46:47,448 - INFO - 19      /100000     episodes | train score: -31.00 | train loss: 46.54   | eps: 0.8997 | alpha: 0.8000 | beta: 0.2002
2024-03-12 19:46:47,735 - INFO - 20      /100000     episodes | train score: 6.00   | train loss: 60.10   | eps: 0.8997 | alpha: 0.8000 | beta: 0.2002
2024-03-12 19:46:48,161 - INFO - avg test score: -2.00 
2024-03-12 19:46:48,446 - INFO - 21      /100000     episodes | train score: -12.00 | train loss: 46.75   | eps: 0.8997 | alpha: 0.8000 | beta: 0.2002
2024-03-12 19:46:48,691 - INFO - 22      /100000     episodes | train score: 1.94   | train loss: 59.45   | eps: 0.8997 | alpha: 0.8000 | beta: 0.2002
2024-03-12 19:46:48,981 - INFO - 23      /100000     episodes | train score: 7.00   | train loss: 55.46   | eps: 0.8997 | alpha: 0.8000 | beta: 0.2002
2024-03-12 19:46:49,243 - INFO - 24      /100000     episodes | train score: -10.40 | train loss: 54.25   | eps: 0.8997 | alpha: 0.8000 | beta: 0.2002
2024-03-12 19:46:49,529 - INFO - 25      /100000     episodes | train score: -1.00  | train loss: 50.67   | eps: 0.8997 | alpha: 0.8001 | beta: 0.2002
2024-03-12 19:46:49,816 - INFO - 26      /100000     episodes | train score: -2.00  | train loss: 59.45   | eps: 0.8996 | alpha: 0.8001 | beta: 0.2002
2024-03-12 19:46:50,105 - INFO - 27      /100000     episodes | train score: 7.00   | train loss: 63.37   | eps: 0.8996 | alpha: 0.8001 | beta: 0.2002
2024-03-12 19:46:50,397 - INFO - 28      /100000     episodes | train score: 16.00  | train loss: 60.79   | eps: 0.8996 | alpha: 0.8001 | beta: 0.2002
2024-03-12 19:46:50,667 - INFO - 29      /100000     episodes | train score: 9.46   | train loss: 76.27   | eps: 0.8996 | alpha: 0.8001 | beta: 0.2002
2024-03-12 19:46:50,952 - INFO - 30      /100000     episodes | train score: -19.88 | train loss: 58.11   | eps: 0.8996 | alpha: 0.8001 | beta: 0.2002
2024-03-12 19:46:51,365 - INFO - avg test score: -2.00 
2024-03-12 19:46:51,596 - INFO - 31      /100000     episodes | train score: 7.00   | train loss: 57.12   | eps: 0.8996 | alpha: 0.8001 | beta: 0.2002
2024-03-12 19:46:51,795 - INFO - 32      /100000     episodes | train score: 8.68   | train loss: 54.13   | eps: 0.8996 | alpha: 0.8001 | beta: 0.2003
2024-03-12 19:46:52,035 - INFO - 33      /100000     episodes | train score: -10.00 | train loss: 51.38   | eps: 0.8995 | alpha: 0.8001 | beta: 0.2003
2024-03-12 19:46:52,286 - INFO - 34      /100000     episodes | train score: -12.00 | train loss: 59.33   | eps: 0.8995 | alpha: 0.8001 | beta: 0.2003
2024-03-12 19:46:52,533 - INFO - 35      /100000     episodes | train score: -2.00  | train loss: 55.38   | eps: 0.8995 | alpha: 0.8001 | beta: 0.2003
2024-03-12 19:46:52,777 - INFO - 36      /100000     episodes | train score: -12.00 | train loss: 59.31   | eps: 0.8995 | alpha: 0.8001 | beta: 0.2003
2024-03-12 19:46:53,007 - INFO - 37      /100000     episodes | train score: -1.92  | train loss: 66.14   | eps: 0.8995 | alpha: 0.8001 | beta: 0.2003
2024-03-12 19:46:53,229 - INFO - 38      /100000     episodes | train score: -0.66  | train loss: 66.45   | eps: 0.8995 | alpha: 0.8001 | beta: 0.2003
2024-03-12 19:46:53,465 - INFO - 39      /100000     episodes | train score: -11.00 | train loss: 65.33   | eps: 0.8995 | alpha: 0.8001 | beta: 0.2003
2024-03-12 19:46:53,678 - INFO - 40      /100000     episodes | train score: -1.48  | train loss: 64.27   | eps: 0.8994 | alpha: 0.8001 | beta: 0.2003
2024-03-12 19:46:54,074 - INFO - avg test score: -2.00 
2024-03-12 19:46:54,308 - INFO - 41      /100000     episodes | train score: -12.00 | train loss: 61.99   | eps: 0.8994 | alpha: 0.8001 | beta: 0.2003
2024-03-12 19:46:54,559 - INFO - 42      /100000     episodes | train score: -3.00  | train loss: 55.21   | eps: 0.8994 | alpha: 0.8001 | beta: 0.2003
2024-03-12 19:46:54,775 - INFO - 43      /100000     episodes | train score: 16.16  | train loss: 58.15   | eps: 0.8994 | alpha: 0.8001 | beta: 0.2003
2024-03-12 19:46:54,995 - INFO - 44      /100000     episodes | train score: -1.00  | train loss: 57.46   | eps: 0.8994 | alpha: 0.8001 | beta: 0.2004
2024-03-12 19:46:55,213 - INFO - 45      /100000     episodes | train score: 7.14   | train loss: 69.02   | eps: 0.8994 | alpha: 0.8001 | beta: 0.2004
2024-03-12 19:46:55,413 - INFO - 46      /100000     episodes | train score: 8.76   | train loss: 59.94   | eps: 0.8994 | alpha: 0.8001 | beta: 0.2004
2024-03-12 19:46:55,675 - INFO - 47      /100000     episodes | train score: -20.00 | train loss: 73.84   | eps: 0.8993 | alpha: 0.8001 | beta: 0.2004
2024-03-12 19:46:55,937 - INFO - 48      /100000     episodes | train score: -12.00 | train loss: 72.01   | eps: 0.8993 | alpha: 0.8001 | beta: 0.2004
2024-03-12 19:46:56,169 - INFO - 49      /100000     episodes | train score: -11.00 | train loss: 59.19   | eps: 0.8993 | alpha: 0.8001 | beta: 0.2004
2024-03-12 19:46:56,389 - INFO - 50      /100000     episodes | train score: 7.14   | train loss: 62.79   | eps: 0.8993 | alpha: 0.8001 | beta: 0.2004
2024-03-12 19:46:56,777 - INFO - avg test score: -2.00 
2024-03-12 19:46:57,019 - INFO - 51      /100000     episodes | train score: -12.00 | train loss: 73.17   | eps: 0.8993 | alpha: 0.8001 | beta: 0.2004
2024-03-12 19:46:57,280 - INFO - 52      /100000     episodes | train score: 6.00   | train loss: 59.76   | eps: 0.8993 | alpha: 0.8001 | beta: 0.2004
2024-03-12 19:46:57,506 - INFO - 53      /100000     episodes | train score: -0.32  | train loss: 62.69   | eps: 0.8993 | alpha: 0.8001 | beta: 0.2004
2024-03-12 19:46:57,722 - INFO - 54      /100000     episodes | train score: -1.00  | train loss: 61.15   | eps: 0.8992 | alpha: 0.8001 | beta: 0.2004
2024-03-12 19:46:57,951 - INFO - 55      /100000     episodes | train score: -21.00 | train loss: 63.65   | eps: 0.8992 | alpha: 0.8001 | beta: 0.2004
2024-03-12 19:46:58,176 - INFO - 56      /100000     episodes | train score: -3.00  | train loss: 57.54   | eps: 0.8992 | alpha: 0.8001 | beta: 0.2004
2024-03-12 19:46:58,417 - INFO - 57      /100000     episodes | train score: -2.00  | train loss: 73.42   | eps: 0.8992 | alpha: 0.8001 | beta: 0.2005
2024-03-12 19:46:58,651 - INFO - 58      /100000     episodes | train score: -2.00  | train loss: 60.44   | eps: 0.8992 | alpha: 0.8001 | beta: 0.2005
2024-03-12 19:46:58,881 - INFO - 59      /100000     episodes | train score: 8.18   | train loss: 59.36   | eps: 0.8992 | alpha: 0.8001 | beta: 0.2005
2024-03-12 19:46:59,106 - INFO - 60      /100000     episodes | train score: -3.00  | train loss: 67.26   | eps: 0.8992 | alpha: 0.8001 | beta: 0.2005
2024-03-12 19:46:59,542 - INFO - avg test score: -2.00 
2024-03-12 19:46:59,777 - INFO - 61      /100000     episodes | train score: -1.72  | train loss: 64.49   | eps: 0.8992 | alpha: 0.8001 | beta: 0.2005
2024-03-12 19:47:00,009 - INFO - 62      /100000     episodes | train score: -1.90  | train loss: 64.89   | eps: 0.8991 | alpha: 0.8001 | beta: 0.2005
2024-03-12 19:47:00,245 - INFO - 63      /100000     episodes | train score: -2.00  | train loss: 58.54   | eps: 0.8991 | alpha: 0.8001 | beta: 0.2005
2024-03-12 19:47:00,494 - INFO - 64      /100000     episodes | train score: 7.00   | train loss: 61.90   | eps: 0.8991 | alpha: 0.8001 | beta: 0.2005
2024-03-12 19:47:00,715 - INFO - 65      /100000     episodes | train score: 9.72   | train loss: 53.62   | eps: 0.8991 | alpha: 0.8001 | beta: 0.2005
2024-03-12 19:47:00,978 - INFO - 66      /100000     episodes | train score: -2.00  | train loss: 60.09   | eps: 0.8991 | alpha: 0.8001 | beta: 0.2005
2024-03-12 19:47:01,275 - INFO - 67      /100000     episodes | train score: -21.00 | train loss: 65.18   | eps: 0.8991 | alpha: 0.8001 | beta: 0.2005
2024-03-12 19:47:01,497 - INFO - 68      /100000     episodes | train score: 8.34   | train loss: 62.21   | eps: 0.8991 | alpha: 0.8001 | beta: 0.2005
2024-03-12 19:47:01,714 - INFO - 69      /100000     episodes | train score: -0.56  | train loss: 58.57   | eps: 0.8990 | alpha: 0.8001 | beta: 0.2006
2024-03-12 19:47:01,928 - INFO - 70      /100000     episodes | train score: -0.42  | train loss: 59.89   | eps: 0.8990 | alpha: 0.8001 | beta: 0.2006
2024-03-12 19:47:02,304 - INFO - avg test score: -2.00 
2024-03-12 19:47:02,518 - INFO - 71      /100000     episodes | train score: -9.78  | train loss: 62.00   | eps: 0.8990 | alpha: 0.8001 | beta: 0.2006
2024-03-12 19:47:02,737 - INFO - 72      /100000     episodes | train score: 7.00   | train loss: 69.50   | eps: 0.8990 | alpha: 0.8001 | beta: 0.2006
2024-03-12 19:47:02,961 - INFO - 73      /100000     episodes | train score: -12.00 | train loss: 70.79   | eps: 0.8990 | alpha: 0.8001 | beta: 0.2006
2024-03-12 19:47:03,184 - INFO - 74      /100000     episodes | train score: -3.00  | train loss: 54.58   | eps: 0.8990 | alpha: 0.8001 | beta: 0.2006
2024-03-12 19:47:03,404 - INFO - 75      /100000     episodes | train score: -2.00  | train loss: 75.12   | eps: 0.8990 | alpha: 0.8002 | beta: 0.2006
2024-03-12 19:47:03,630 - INFO - 76      /100000     episodes | train score: 7.00   | train loss: 69.83   | eps: 0.8989 | alpha: 0.8002 | beta: 0.2006
2024-03-12 19:47:03,856 - INFO - 77      /100000     episodes | train score: -2.00  | train loss: 59.74   | eps: 0.8989 | alpha: 0.8002 | beta: 0.2006
2024-03-12 19:47:04,074 - INFO - 78      /100000     episodes | train score: -19.86 | train loss: 62.53   | eps: 0.8989 | alpha: 0.8002 | beta: 0.2006
2024-03-12 19:47:04,286 - INFO - 79      /100000     episodes | train score: 17.38  | train loss: 55.55   | eps: 0.8989 | alpha: 0.8002 | beta: 0.2006
2024-03-12 19:47:04,509 - INFO - 80      /100000     episodes | train score: -12.00 | train loss: 60.42   | eps: 0.8989 | alpha: 0.8002 | beta: 0.2006
2024-03-12 19:47:04,882 - INFO - avg test score: -2.00 
2024-03-12 19:47:05,136 - INFO - 81      /100000     episodes | train score: 7.00   | train loss: 64.81   | eps: 0.8989 | alpha: 0.8002 | beta: 0.2006
2024-03-12 19:47:05,359 - INFO - 82      /100000     episodes | train score: -3.00  | train loss: 56.54   | eps: 0.8989 | alpha: 0.8002 | beta: 0.2007
2024-03-12 19:47:05,580 - INFO - 83      /100000     episodes | train score: -11.00 | train loss: 63.33   | eps: 0.8988 | alpha: 0.8002 | beta: 0.2007
2024-03-12 19:47:05,761 - INFO - 84      /100000     episodes | train score: 9.16   | train loss: 54.37   | eps: 0.8988 | alpha: 0.8002 | beta: 0.2007
2024-03-12 19:47:05,980 - INFO - 85      /100000     episodes | train score: -2.00  | train loss: 71.15   | eps: 0.8988 | alpha: 0.8002 | beta: 0.2007
2024-03-12 19:47:06,225 - INFO - 86      /100000     episodes | train score: -12.00 | train loss: 63.46   | eps: 0.8988 | alpha: 0.8002 | beta: 0.2007
2024-03-12 19:47:06,401 - INFO - 87      /100000     episodes | train score: -0.64  | train loss: 70.94   | eps: 0.8988 | alpha: 0.8002 | beta: 0.2007
2024-03-12 19:47:06,588 - INFO - 88      /100000     episodes | train score: 0.92   | train loss: 56.55   | eps: 0.8988 | alpha: 0.8002 | beta: 0.2007
2024-03-12 19:47:06,806 - INFO - 89      /100000     episodes | train score: 6.00   | train loss: 60.83   | eps: 0.8988 | alpha: 0.8002 | beta: 0.2007
2024-03-12 19:47:07,024 - INFO - 90      /100000     episodes | train score: -4.00  | train loss: 65.12   | eps: 0.8987 | alpha: 0.8002 | beta: 0.2007
2024-03-12 19:47:07,390 - INFO - avg test score: -2.00 
2024-03-12 19:47:07,585 - INFO - 91      /100000     episodes | train score: -10.36 | train loss: 58.92   | eps: 0.8987 | alpha: 0.8002 | beta: 0.2007
2024-03-12 19:47:07,784 - INFO - 92      /100000     episodes | train score: 18.54  | train loss: 71.80   | eps: 0.8987 | alpha: 0.8002 | beta: 0.2007
2024-03-12 19:47:07,978 - INFO - 93      /100000     episodes | train score: -1.28  | train loss: 62.21   | eps: 0.8987 | alpha: 0.8002 | beta: 0.2007
2024-03-12 19:47:08,196 - INFO - 94      /100000     episodes | train score: 7.06   | train loss: 77.15   | eps: 0.8987 | alpha: 0.8002 | beta: 0.2008
2024-03-12 19:47:08,420 - INFO - 95      /100000     episodes | train score: 5.00   | train loss: 70.86   | eps: 0.8987 | alpha: 0.8002 | beta: 0.2008
2024-03-12 19:47:08,640 - INFO - 96      /100000     episodes | train score: 8.00   | train loss: 71.99   | eps: 0.8987 | alpha: 0.8002 | beta: 0.2008
2024-03-12 19:47:08,859 - INFO - 97      /100000     episodes | train score: -2.00  | train loss: 63.45   | eps: 0.8986 | alpha: 0.8002 | beta: 0.2008
2024-03-12 19:47:09,033 - INFO - 98      /100000     episodes | train score: 18.34  | train loss: 65.88   | eps: 0.8986 | alpha: 0.8002 | beta: 0.2008
2024-03-12 19:47:09,252 - INFO - 99      /100000     episodes | train score: -21.00 | train loss: 55.44   | eps: 0.8986 | alpha: 0.8002 | beta: 0.2008
2024-03-12 19:47:09,471 - INFO - 100     /100000     episodes | train score: 15.00  | train loss: 57.38   | eps: 0.8986 | alpha: 0.8002 | beta: 0.2008
2024-03-12 19:47:09,838 - INFO - avg test score: -2.00 
2024-03-12 19:47:10,056 - INFO - 101     /100000     episodes | train score: -12.00 | train loss: 66.11   | eps: 0.8986 | alpha: 0.8002 | beta: 0.2008
2024-03-12 19:47:10,275 - INFO - 102     /100000     episodes | train score: -3.00  | train loss: 57.86   | eps: 0.8986 | alpha: 0.8002 | beta: 0.2008
2024-03-12 19:47:10,470 - INFO - 103     /100000     episodes | train score: -1.24  | train loss: 64.49   | eps: 0.8986 | alpha: 0.8002 | beta: 0.2008
2024-03-12 19:47:10,690 - INFO - 104     /100000     episodes | train score: 7.00   | train loss: 63.24   | eps: 0.8985 | alpha: 0.8002 | beta: 0.2008
2024-03-12 19:47:10,911 - INFO - 105     /100000     episodes | train score: -11.00 | train loss: 62.58   | eps: 0.8985 | alpha: 0.8002 | beta: 0.2008
2024-03-12 19:47:11,143 - INFO - 106     /100000     episodes | train score: -12.00 | train loss: 72.63   | eps: 0.8985 | alpha: 0.8002 | beta: 0.2008
2024-03-12 19:47:11,326 - INFO - 107     /100000     episodes | train score: 0.10   | train loss: 66.39   | eps: 0.8985 | alpha: 0.8002 | beta: 0.2009
2024-03-12 19:47:11,547 - INFO - 108     /100000     episodes | train score: 6.00   | train loss: 63.72   | eps: 0.8985 | alpha: 0.8002 | beta: 0.2009
2024-03-12 19:47:11,768 - INFO - 109     /100000     episodes | train score: -11.00 | train loss: 67.03   | eps: 0.8985 | alpha: 0.8002 | beta: 0.2009
2024-03-12 19:47:11,991 - INFO - 110     /100000     episodes | train score: 16.22  | train loss: 67.44   | eps: 0.8985 | alpha: 0.8002 | beta: 0.2009
2024-03-12 19:47:12,361 - INFO - avg test score: -2.00 
2024-03-12 19:47:12,586 - INFO - 111     /100000     episodes | train score: 6.00   | train loss: 67.43   | eps: 0.8984 | alpha: 0.8002 | beta: 0.2009
2024-03-12 19:47:12,795 - INFO - 112     /100000     episodes | train score: 26.42  | train loss: 62.93   | eps: 0.8984 | alpha: 0.8002 | beta: 0.2009
2024-03-12 19:47:12,999 - INFO - 113     /100000     episodes | train score: -1.50  | train loss: 57.57   | eps: 0.8984 | alpha: 0.8002 | beta: 0.2009
2024-03-12 19:47:13,218 - INFO - 114     /100000     episodes | train score: -12.00 | train loss: 57.97   | eps: 0.8984 | alpha: 0.8002 | beta: 0.2009
2024-03-12 19:47:13,419 - INFO - 115     /100000     episodes | train score: 8.56   | train loss: 75.23   | eps: 0.8984 | alpha: 0.8002 | beta: 0.2009
2024-03-12 19:47:13,638 - INFO - 116     /100000     episodes | train score: -20.00 | train loss: 63.22   | eps: 0.8984 | alpha: 0.8002 | beta: 0.2009
2024-03-12 19:47:13,859 - INFO - 117     /100000     episodes | train score: -4.00  | train loss: 79.73   | eps: 0.8984 | alpha: 0.8002 | beta: 0.2009
2024-03-12 19:47:14,084 - INFO - 118     /100000     episodes | train score: -3.00  | train loss: 69.77   | eps: 0.8983 | alpha: 0.8002 | beta: 0.2009
2024-03-12 19:47:14,269 - INFO - 119     /100000     episodes | train score: 18.06  | train loss: 66.19   | eps: 0.8983 | alpha: 0.8002 | beta: 0.2010
2024-03-12 19:47:14,480 - INFO - 120     /100000     episodes | train score: -1.74  | train loss: 63.95   | eps: 0.8983 | alpha: 0.8002 | beta: 0.2010
2024-03-12 19:47:14,860 - INFO - avg test score: -2.00 
2024-03-12 19:47:15,033 - INFO - 121     /100000     episodes | train score: -8.64  | train loss: 86.42   | eps: 0.8983 | alpha: 0.8002 | beta: 0.2010
2024-03-12 19:47:15,250 - INFO - 122     /100000     episodes | train score: -27.96 | train loss: 58.95   | eps: 0.8983 | alpha: 0.8002 | beta: 0.2010
2024-03-12 19:47:15,475 - INFO - 123     /100000     episodes | train score: -2.00  | train loss: 70.23   | eps: 0.8983 | alpha: 0.8002 | beta: 0.2010
2024-03-12 19:47:15,694 - INFO - 124     /100000     episodes | train score: -12.00 | train loss: 68.37   | eps: 0.8983 | alpha: 0.8002 | beta: 0.2010
2024-03-12 19:47:15,880 - INFO - 125     /100000     episodes | train score: 9.04   | train loss: 66.14   | eps: 0.8982 | alpha: 0.8003 | beta: 0.2010
2024-03-12 19:47:16,072 - INFO - 126     /100000     episodes | train score: 7.88   | train loss: 69.71   | eps: 0.8982 | alpha: 0.8003 | beta: 0.2010
2024-03-12 19:47:16,300 - INFO - 127     /100000     episodes | train score: -12.00 | train loss: 65.92   | eps: 0.8982 | alpha: 0.8003 | beta: 0.2010
2024-03-12 19:47:16,509 - INFO - 128     /100000     episodes | train score: 7.44   | train loss: 67.36   | eps: 0.8982 | alpha: 0.8003 | beta: 0.2010
2024-03-12 19:47:16,742 - INFO - 129     /100000     episodes | train score: -22.00 | train loss: 59.46   | eps: 0.8982 | alpha: 0.8003 | beta: 0.2010
2024-03-12 19:47:16,960 - INFO - 130     /100000     episodes | train score: 0.50   | train loss: 62.57   | eps: 0.8982 | alpha: 0.8003 | beta: 0.2010
2024-03-12 19:47:17,367 - INFO - avg test score: -2.00 
2024-03-12 19:47:17,576 - INFO - 131     /100000     episodes | train score: -0.42  | train loss: 67.48   | eps: 0.8982 | alpha: 0.8003 | beta: 0.2010
2024-03-12 19:47:17,806 - INFO - 132     /100000     episodes | train score: 6.00   | train loss: 60.46   | eps: 0.8981 | alpha: 0.8003 | beta: 0.2011
2024-03-12 19:47:18,045 - INFO - 133     /100000     episodes | train score: 15.00  | train loss: 63.80   | eps: 0.8981 | alpha: 0.8003 | beta: 0.2011
2024-03-12 19:47:18,277 - INFO - 134     /100000     episodes | train score: -3.00  | train loss: 69.96   | eps: 0.8981 | alpha: 0.8003 | beta: 0.2011
2024-03-12 19:47:18,507 - INFO - 135     /100000     episodes | train score: -14.00 | train loss: 62.47   | eps: 0.8981 | alpha: 0.8003 | beta: 0.2011
2024-03-12 19:47:18,731 - INFO - 136     /100000     episodes | train score: -3.00  | train loss: 61.95   | eps: 0.8981 | alpha: 0.8003 | beta: 0.2011
2024-03-12 19:47:19,009 - INFO - 137     /100000     episodes | train score: -12.00 | train loss: 74.32   | eps: 0.8981 | alpha: 0.8003 | beta: 0.2011
2024-03-12 19:47:19,251 - INFO - 138     /100000     episodes | train score: -12.00 | train loss: 61.75   | eps: 0.8981 | alpha: 0.8003 | beta: 0.2011
2024-03-12 19:47:19,495 - INFO - 139     /100000     episodes | train score: -12.00 | train loss: 60.65   | eps: 0.8980 | alpha: 0.8003 | beta: 0.2011
2024-03-12 19:47:19,716 - INFO - 140     /100000     episodes | train score: 8.26   | train loss: 75.69   | eps: 0.8980 | alpha: 0.8003 | beta: 0.2011
2024-03-12 19:47:20,116 - INFO - avg test score: -2.00 
2024-03-12 19:47:20,370 - INFO - 141     /100000     episodes | train score: 7.00   | train loss: 73.05   | eps: 0.8980 | alpha: 0.8003 | beta: 0.2011
2024-03-12 19:47:20,622 - INFO - 142     /100000     episodes | train score: 7.00   | train loss: 77.95   | eps: 0.8980 | alpha: 0.8003 | beta: 0.2011
2024-03-12 19:47:20,868 - INFO - 143     /100000     episodes | train score: 7.00   | train loss: 65.33   | eps: 0.8980 | alpha: 0.8003 | beta: 0.2011
2024-03-12 19:47:21,200 - INFO - 144     /100000     episodes | train score: -10.64 | train loss: 66.46   | eps: 0.8980 | alpha: 0.8003 | beta: 0.2012
2024-03-12 19:47:21,439 - INFO - 145     /100000     episodes | train score: -3.00  | train loss: 57.94   | eps: 0.8980 | alpha: 0.8003 | beta: 0.2012
2024-03-12 19:47:21,666 - INFO - 146     /100000     episodes | train score: 7.00   | train loss: 58.01   | eps: 0.8979 | alpha: 0.8003 | beta: 0.2012
2024-03-12 19:47:21,892 - INFO - 147     /100000     episodes | train score: -4.00  | train loss: 62.28   | eps: 0.8979 | alpha: 0.8003 | beta: 0.2012
2024-03-12 19:47:22,119 - INFO - 148     /100000     episodes | train score: -3.00  | train loss: 65.82   | eps: 0.8979 | alpha: 0.8003 | beta: 0.2012
2024-03-12 19:47:22,348 - INFO - 149     /100000     episodes | train score: -3.00  | train loss: 67.40   | eps: 0.8979 | alpha: 0.8003 | beta: 0.2012
2024-03-12 19:47:22,575 - INFO - 150     /100000     episodes | train score: -12.00 | train loss: 54.23   | eps: 0.8979 | alpha: 0.8003 | beta: 0.2012
2024-03-12 19:47:22,942 - INFO - avg test score: -2.00 
2024-03-12 19:47:23,163 - INFO - 151     /100000     episodes | train score: -3.00  | train loss: 66.34   | eps: 0.8979 | alpha: 0.8003 | beta: 0.2012
2024-03-12 19:47:23,364 - INFO - 152     /100000     episodes | train score: 8.56   | train loss: 72.17   | eps: 0.8979 | alpha: 0.8003 | beta: 0.2012
2024-03-12 19:47:23,584 - INFO - 153     /100000     episodes | train score: -2.00  | train loss: 69.07   | eps: 0.8978 | alpha: 0.8003 | beta: 0.2012
2024-03-12 19:47:23,803 - INFO - 154     /100000     episodes | train score: -2.00  | train loss: 64.93   | eps: 0.8978 | alpha: 0.8003 | beta: 0.2012
2024-03-12 19:47:24,027 - INFO - 155     /100000     episodes | train score: 6.00   | train loss: 59.47   | eps: 0.8978 | alpha: 0.8003 | beta: 0.2012
2024-03-12 19:47:24,248 - INFO - 156     /100000     episodes | train score: -3.00  | train loss: 63.87   | eps: 0.8978 | alpha: 0.8003 | beta: 0.2012
2024-03-12 19:47:24,475 - INFO - 157     /100000     episodes | train score: -12.00 | train loss: 71.81   | eps: 0.8978 | alpha: 0.8003 | beta: 0.2013
2024-03-12 19:47:24,698 - INFO - 158     /100000     episodes | train score: -22.00 | train loss: 77.45   | eps: 0.8978 | alpha: 0.8003 | beta: 0.2013
2024-03-12 19:47:24,927 - INFO - 159     /100000     episodes | train score: -10.00 | train loss: 73.60   | eps: 0.8978 | alpha: 0.8003 | beta: 0.2013
2024-03-12 19:47:25,149 - INFO - 160     /100000     episodes | train score: 7.00   | train loss: 57.62   | eps: 0.8977 | alpha: 0.8003 | beta: 0.2013
2024-03-12 19:47:25,508 - INFO - avg test score: -2.00 
2024-03-12 19:47:25,733 - INFO - 161     /100000     episodes | train score: -3.00  | train loss: 76.06   | eps: 0.8977 | alpha: 0.8003 | beta: 0.2013
2024-03-12 19:47:25,940 - INFO - 162     /100000     episodes | train score: 8.56   | train loss: 59.24   | eps: 0.8977 | alpha: 0.8003 | beta: 0.2013
2024-03-12 19:47:26,167 - INFO - 163     /100000     episodes | train score: 17.00  | train loss: 63.45   | eps: 0.8977 | alpha: 0.8003 | beta: 0.2013
2024-03-12 19:47:26,386 - INFO - 164     /100000     episodes | train score: -1.86  | train loss: 54.64   | eps: 0.8977 | alpha: 0.8003 | beta: 0.2013
2024-03-12 19:47:26,612 - INFO - 165     /100000     episodes | train score: 7.00   | train loss: 72.09   | eps: 0.8977 | alpha: 0.8003 | beta: 0.2013
2024-03-12 19:47:26,846 - INFO - 166     /100000     episodes | train score: 6.00   | train loss: 78.96   | eps: 0.8977 | alpha: 0.8003 | beta: 0.2013
2024-03-12 19:47:27,035 - INFO - 167     /100000     episodes | train score: 1.02   | train loss: 68.92   | eps: 0.8976 | alpha: 0.8003 | beta: 0.2013
2024-03-12 19:47:27,258 - INFO - 168     /100000     episodes | train score: -3.00  | train loss: 64.30   | eps: 0.8976 | alpha: 0.8003 | beta: 0.2013
2024-03-12 19:47:27,456 - INFO - 169     /100000     episodes | train score: -0.26  | train loss: 64.42   | eps: 0.8976 | alpha: 0.8003 | beta: 0.2014
2024-03-12 19:47:27,683 - INFO - 170     /100000     episodes | train score: -10.46 | train loss: 67.50   | eps: 0.8976 | alpha: 0.8003 | beta: 0.2014
2024-03-12 19:47:28,058 - INFO - avg test score: -2.00 
2024-03-12 19:47:28,269 - INFO - 171     /100000     episodes | train score: -1.68  | train loss: 68.27   | eps: 0.8976 | alpha: 0.8003 | beta: 0.2014
2024-03-12 19:47:28,488 - INFO - 172     /100000     episodes | train score: -2.00  | train loss: 64.17   | eps: 0.8976 | alpha: 0.8003 | beta: 0.2014
2024-03-12 19:47:28,711 - INFO - 173     /100000     episodes | train score: 6.00   | train loss: 61.73   | eps: 0.8976 | alpha: 0.8003 | beta: 0.2014
2024-03-12 19:47:28,932 - INFO - 174     /100000     episodes | train score: 7.00   | train loss: 57.23   | eps: 0.8975 | alpha: 0.8003 | beta: 0.2014
2024-03-12 19:47:29,175 - INFO - 175     /100000     episodes | train score: -22.00 | train loss: 72.35   | eps: 0.8975 | alpha: 0.8004 | beta: 0.2014
2024-03-12 19:47:29,401 - INFO - 176     /100000     episodes | train score: -21.00 | train loss: 74.62   | eps: 0.8975 | alpha: 0.8004 | beta: 0.2014
2024-03-12 19:47:29,625 - INFO - 177     /100000     episodes | train score: -1.00  | train loss: 64.51   | eps: 0.8975 | alpha: 0.8004 | beta: 0.2014
2024-03-12 19:47:29,826 - INFO - 178     /100000     episodes | train score: -10.34 | train loss: 64.37   | eps: 0.8975 | alpha: 0.8004 | beta: 0.2014
2024-03-12 19:47:30,046 - INFO - 179     /100000     episodes | train score: -13.00 | train loss: 58.57   | eps: 0.8975 | alpha: 0.8004 | beta: 0.2014
2024-03-12 19:47:30,266 - INFO - 180     /100000     episodes | train score: -3.00  | train loss: 64.60   | eps: 0.8975 | alpha: 0.8004 | beta: 0.2014
2024-03-12 19:47:30,629 - INFO - avg test score: -2.00 
2024-03-12 19:47:30,848 - INFO - 181     /100000     episodes | train score: -3.00  | train loss: 60.47   | eps: 0.8974 | alpha: 0.8004 | beta: 0.2014
2024-03-12 19:47:31,068 - INFO - 182     /100000     episodes | train score: -4.00  | train loss: 76.56   | eps: 0.8974 | alpha: 0.8004 | beta: 0.2015
2024-03-12 19:47:31,289 - INFO - 183     /100000     episodes | train score: -11.00 | train loss: 69.46   | eps: 0.8974 | alpha: 0.8004 | beta: 0.2015
2024-03-12 19:47:31,509 - INFO - 184     /100000     episodes | train score: -3.00  | train loss: 67.56   | eps: 0.8974 | alpha: 0.8004 | beta: 0.2015
2024-03-12 19:47:31,731 - INFO - 185     /100000     episodes | train score: -12.00 | train loss: 62.55   | eps: 0.8974 | alpha: 0.8004 | beta: 0.2015
2024-03-12 19:47:31,950 - INFO - 186     /100000     episodes | train score: -3.00  | train loss: 70.04   | eps: 0.8974 | alpha: 0.8004 | beta: 0.2015
2024-03-12 19:47:32,185 - INFO - 187     /100000     episodes | train score: -12.00 | train loss: 78.56   | eps: 0.8974 | alpha: 0.8004 | beta: 0.2015
2024-03-12 19:47:32,409 - INFO - 188     /100000     episodes | train score: -3.00  | train loss: 66.71   | eps: 0.8974 | alpha: 0.8004 | beta: 0.2015
2024-03-12 19:47:32,633 - INFO - 189     /100000     episodes | train score: -3.00  | train loss: 63.49   | eps: 0.8973 | alpha: 0.8004 | beta: 0.2015
2024-03-12 19:47:32,874 - INFO - 190     /100000     episodes | train score: 9.28   | train loss: 68.01   | eps: 0.8973 | alpha: 0.8004 | beta: 0.2015
2024-03-12 19:47:33,236 - INFO - avg test score: -2.00 
2024-03-12 19:47:33,438 - INFO - 191     /100000     episodes | train score: -0.40  | train loss: 60.77   | eps: 0.8973 | alpha: 0.8004 | beta: 0.2015
2024-03-12 19:47:33,661 - INFO - 192     /100000     episodes | train score: -2.00  | train loss: 70.97   | eps: 0.8973 | alpha: 0.8004 | beta: 0.2015
2024-03-12 19:47:33,888 - INFO - 193     /100000     episodes | train score: -3.00  | train loss: 59.26   | eps: 0.8973 | alpha: 0.8004 | beta: 0.2015
2024-03-12 19:47:34,111 - INFO - 194     /100000     episodes | train score: -1.72  | train loss: 68.44   | eps: 0.8973 | alpha: 0.8004 | beta: 0.2016
2024-03-12 19:47:34,341 - INFO - 195     /100000     episodes | train score: -2.00  | train loss: 73.16   | eps: 0.8973 | alpha: 0.8004 | beta: 0.2016
2024-03-12 19:47:34,574 - INFO - 196     /100000     episodes | train score: 8.00   | train loss: 75.44   | eps: 0.8972 | alpha: 0.8004 | beta: 0.2016
2024-03-12 19:47:34,766 - INFO - 197     /100000     episodes | train score: -9.00  | train loss: 63.42   | eps: 0.8972 | alpha: 0.8004 | beta: 0.2016
2024-03-12 19:47:34,993 - INFO - 198     /100000     episodes | train score: 16.00  | train loss: 70.76   | eps: 0.8972 | alpha: 0.8004 | beta: 0.2016
2024-03-12 19:47:35,221 - INFO - 199     /100000     episodes | train score: -12.00 | train loss: 65.44   | eps: 0.8972 | alpha: 0.8004 | beta: 0.2016
2024-03-12 19:47:35,445 - INFO - 200     /100000     episodes | train score: -2.00  | train loss: 66.73   | eps: 0.8972 | alpha: 0.8004 | beta: 0.2016
2024-03-12 19:47:35,803 - INFO - avg test score: -2.00 
2024-03-12 19:47:36,021 - INFO - 201     /100000     episodes | train score: 6.00   | train loss: 67.66   | eps: 0.8972 | alpha: 0.8004 | beta: 0.2016
2024-03-12 19:47:36,248 - INFO - 202     /100000     episodes | train score: -2.00  | train loss: 61.33   | eps: 0.8972 | alpha: 0.8004 | beta: 0.2016
2024-03-12 19:47:36,467 - INFO - 203     /100000     episodes | train score: 16.00  | train loss: 67.29   | eps: 0.8971 | alpha: 0.8004 | beta: 0.2016
2024-03-12 19:47:36,689 - INFO - 204     /100000     episodes | train score: -11.00 | train loss: 67.40   | eps: 0.8971 | alpha: 0.8004 | beta: 0.2016
2024-03-12 19:47:36,912 - INFO - 205     /100000     episodes | train score: -11.00 | train loss: 65.65   | eps: 0.8971 | alpha: 0.8004 | beta: 0.2016
2024-03-12 19:47:37,135 - INFO - 206     /100000     episodes | train score: -12.00 | train loss: 72.54   | eps: 0.8971 | alpha: 0.8004 | beta: 0.2016
2024-03-12 19:47:37,362 - INFO - 207     /100000     episodes | train score: -2.00  | train loss: 67.45   | eps: 0.8971 | alpha: 0.8004 | beta: 0.2017
2024-03-12 19:47:37,544 - INFO - 208     /100000     episodes | train score: 0.32   | train loss: 63.30   | eps: 0.8971 | alpha: 0.8004 | beta: 0.2017
2024-03-12 19:47:37,773 - INFO - 209     /100000     episodes | train score: 7.00   | train loss: 61.87   | eps: 0.8971 | alpha: 0.8004 | beta: 0.2017
2024-03-12 19:47:38,001 - INFO - 210     /100000     episodes | train score: -2.00  | train loss: 65.14   | eps: 0.8970 | alpha: 0.8004 | beta: 0.2017
2024-03-12 19:47:38,401 - INFO - avg test score: -2.00 
2024-03-12 19:47:38,609 - INFO - 211     /100000     episodes | train score: 8.94   | train loss: 65.59   | eps: 0.8970 | alpha: 0.8004 | beta: 0.2017
2024-03-12 19:47:38,841 - INFO - 212     /100000     episodes | train score: -3.00  | train loss: 61.04   | eps: 0.8970 | alpha: 0.8004 | beta: 0.2017
2024-03-12 19:47:39,073 - INFO - 213     /100000     episodes | train score: 18.14  | train loss: 63.37   | eps: 0.8970 | alpha: 0.8004 | beta: 0.2017
2024-03-12 19:47:39,301 - INFO - 214     /100000     episodes | train score: -3.00  | train loss: 74.08   | eps: 0.8970 | alpha: 0.8004 | beta: 0.2017
2024-03-12 19:47:39,549 - INFO - 215     /100000     episodes | train score: 7.00   | train loss: 66.76   | eps: 0.8970 | alpha: 0.8004 | beta: 0.2017
2024-03-12 19:47:39,798 - INFO - 216     /100000     episodes | train score: -2.00  | train loss: 64.80   | eps: 0.8970 | alpha: 0.8004 | beta: 0.2017
2024-03-12 19:47:40,060 - INFO - 217     /100000     episodes | train score: -1.78  | train loss: 62.88   | eps: 0.8969 | alpha: 0.8004 | beta: 0.2017
2024-03-12 19:47:40,307 - INFO - 218     /100000     episodes | train score: -12.00 | train loss: 68.04   | eps: 0.8969 | alpha: 0.8004 | beta: 0.2017
2024-03-12 19:47:40,541 - INFO - 219     /100000     episodes | train score: 7.00   | train loss: 68.80   | eps: 0.8969 | alpha: 0.8004 | beta: 0.2018
2024-03-12 19:47:40,763 - INFO - 220     /100000     episodes | train score: 8.14   | train loss: 68.59   | eps: 0.8969 | alpha: 0.8004 | beta: 0.2018
2024-03-12 19:47:41,137 - INFO - avg test score: -2.00 
2024-03-12 19:47:41,371 - INFO - 221     /100000     episodes | train score: 17.00  | train loss: 68.03   | eps: 0.8969 | alpha: 0.8004 | beta: 0.2018
2024-03-12 19:47:41,601 - INFO - 222     /100000     episodes | train score: -3.00  | train loss: 63.94   | eps: 0.8969 | alpha: 0.8004 | beta: 0.2018
2024-03-12 19:47:41,791 - INFO - 223     /100000     episodes | train score: 8.88   | train loss: 76.28   | eps: 0.8969 | alpha: 0.8004 | beta: 0.2018
2024-03-12 19:47:42,079 - INFO - 224     /100000     episodes | train score: -12.00 | train loss: 66.11   | eps: 0.8968 | alpha: 0.8004 | beta: 0.2018
2024-03-12 19:47:42,355 - INFO - 225     /100000     episodes | train score: -1.72  | train loss: 64.59   | eps: 0.8968 | alpha: 0.8005 | beta: 0.2018
2024-03-12 19:47:42,597 - INFO - 226     /100000     episodes | train score: 0.02   | train loss: 72.49   | eps: 0.8968 | alpha: 0.8005 | beta: 0.2018
2024-03-12 19:47:42,885 - INFO - 227     /100000     episodes | train score: -2.00  | train loss: 67.09   | eps: 0.8968 | alpha: 0.8005 | beta: 0.2018
2024-03-12 19:47:43,173 - INFO - 228     /100000     episodes | train score: -12.00 | train loss: 70.56   | eps: 0.8968 | alpha: 0.8005 | beta: 0.2018
2024-03-12 19:47:43,461 - INFO - 229     /100000     episodes | train score: -11.00 | train loss: 69.97   | eps: 0.8968 | alpha: 0.8005 | beta: 0.2018
2024-03-12 19:47:43,738 - INFO - 230     /100000     episodes | train score: -0.72  | train loss: 59.35   | eps: 0.8968 | alpha: 0.8005 | beta: 0.2018
2024-03-12 19:47:44,132 - INFO - avg test score: -2.00 
2024-03-12 19:47:44,403 - INFO - 231     /100000     episodes | train score: 18.34  | train loss: 71.47   | eps: 0.8967 | alpha: 0.8005 | beta: 0.2018
2024-03-12 19:47:44,690 - INFO - 232     /100000     episodes | train score: 7.00   | train loss: 76.92   | eps: 0.8967 | alpha: 0.8005 | beta: 0.2019
2024-03-12 19:47:44,975 - INFO - 233     /100000     episodes | train score: 16.10  | train loss: 56.82   | eps: 0.8967 | alpha: 0.8005 | beta: 0.2019
2024-03-12 19:47:45,262 - INFO - 234     /100000     episodes | train score: -12.00 | train loss: 67.42   | eps: 0.8967 | alpha: 0.8005 | beta: 0.2019
2024-03-12 19:47:45,494 - INFO - 235     /100000     episodes | train score: 18.30  | train loss: 73.57   | eps: 0.8967 | alpha: 0.8005 | beta: 0.2019
2024-03-12 19:47:45,783 - INFO - 236     /100000     episodes | train score: -3.00  | train loss: 61.11   | eps: 0.8967 | alpha: 0.8005 | beta: 0.2019
2024-03-12 19:47:46,075 - INFO - 237     /100000     episodes | train score: 7.00   | train loss: 64.45   | eps: 0.8967 | alpha: 0.8005 | beta: 0.2019
2024-03-12 19:47:46,311 - INFO - 238     /100000     episodes | train score: -7.82  | train loss: 69.93   | eps: 0.8966 | alpha: 0.8005 | beta: 0.2019
2024-03-12 19:47:46,550 - INFO - 239     /100000     episodes | train score: -0.90  | train loss: 62.53   | eps: 0.8966 | alpha: 0.8005 | beta: 0.2019
2024-03-12 19:47:46,838 - INFO - 240     /100000     episodes | train score: -2.00  | train loss: 66.95   | eps: 0.8966 | alpha: 0.8005 | beta: 0.2019
2024-03-12 19:47:47,234 - INFO - avg test score: -2.00 
2024-03-12 19:47:47,505 - INFO - 241     /100000     episodes | train score: -10.68 | train loss: 79.14   | eps: 0.8966 | alpha: 0.8005 | beta: 0.2019
2024-03-12 19:47:47,793 - INFO - 242     /100000     episodes | train score: -2.00  | train loss: 68.14   | eps: 0.8966 | alpha: 0.8005 | beta: 0.2019
2024-03-12 19:47:48,082 - INFO - 243     /100000     episodes | train score: 8.00   | train loss: 69.86   | eps: 0.8966 | alpha: 0.8005 | beta: 0.2019
2024-03-12 19:47:48,369 - INFO - 244     /100000     episodes | train score: 7.00   | train loss: 59.79   | eps: 0.8966 | alpha: 0.8005 | beta: 0.2020
2024-03-12 19:47:48,659 - INFO - 245     /100000     episodes | train score: -12.00 | train loss: 72.66   | eps: 0.8965 | alpha: 0.8005 | beta: 0.2020
2024-03-12 19:47:48,947 - INFO - 246     /100000     episodes | train score: -11.00 | train loss: 68.34   | eps: 0.8965 | alpha: 0.8005 | beta: 0.2020
2024-03-12 19:47:49,236 - INFO - 247     /100000     episodes | train score: -12.00 | train loss: 68.56   | eps: 0.8965 | alpha: 0.8005 | beta: 0.2020
2024-03-12 19:47:49,524 - INFO - 248     /100000     episodes | train score: -12.00 | train loss: 67.86   | eps: 0.8965 | alpha: 0.8005 | beta: 0.2020
2024-03-12 19:47:49,763 - INFO - 249     /100000     episodes | train score: 1.08   | train loss: 69.94   | eps: 0.8965 | alpha: 0.8005 | beta: 0.2020
2024-03-12 19:47:50,054 - INFO - 250     /100000     episodes | train score: -2.00  | train loss: 62.54   | eps: 0.8965 | alpha: 0.8005 | beta: 0.2020
2024-03-12 19:47:50,450 - INFO - avg test score: -2.00 
2024-03-12 19:47:50,735 - INFO - 251     /100000     episodes | train score: -3.00  | train loss: 68.85   | eps: 0.8965 | alpha: 0.8005 | beta: 0.2020
2024-03-12 19:47:51,022 - INFO - 252     /100000     episodes | train score: -2.00  | train loss: 70.22   | eps: 0.8964 | alpha: 0.8005 | beta: 0.2020
2024-03-12 19:47:51,282 - INFO - 253     /100000     episodes | train score: 7.64   | train loss: 59.00   | eps: 0.8964 | alpha: 0.8005 | beta: 0.2020
2024-03-12 19:47:51,569 - INFO - 254     /100000     episodes | train score: -2.00  | train loss: 60.38   | eps: 0.8964 | alpha: 0.8005 | beta: 0.2020
2024-03-12 19:47:51,857 - INFO - 255     /100000     episodes | train score: -11.00 | train loss: 73.45   | eps: 0.8964 | alpha: 0.8005 | beta: 0.2020
2024-03-12 19:47:52,133 - INFO - 256     /100000     episodes | train score: 8.28   | train loss: 66.89   | eps: 0.8964 | alpha: 0.8005 | beta: 0.2020
2024-03-12 19:47:52,423 - INFO - 257     /100000     episodes | train score: -1.00  | train loss: 66.32   | eps: 0.8964 | alpha: 0.8005 | beta: 0.2021
2024-03-12 19:47:52,683 - INFO - 258     /100000     episodes | train score: 7.62   | train loss: 69.04   | eps: 0.8964 | alpha: 0.8005 | beta: 0.2021
2024-03-12 19:47:52,970 - INFO - 259     /100000     episodes | train score: 6.00   | train loss: 61.89   | eps: 0.8963 | alpha: 0.8005 | beta: 0.2021
2024-03-12 19:47:53,258 - INFO - 260     /100000     episodes | train score: 7.00   | train loss: 68.66   | eps: 0.8963 | alpha: 0.8005 | beta: 0.2021
2024-03-12 19:47:53,656 - INFO - avg test score: -2.00 
2024-03-12 19:47:53,945 - INFO - 261     /100000     episodes | train score: 7.00   | train loss: 65.75   | eps: 0.8963 | alpha: 0.8005 | beta: 0.2021
2024-03-12 19:47:54,213 - INFO - 262     /100000     episodes | train score: 16.60  | train loss: 73.80   | eps: 0.8963 | alpha: 0.8005 | beta: 0.2021
2024-03-12 19:47:54,507 - INFO - 263     /100000     episodes | train score: 7.00   | train loss: 62.10   | eps: 0.8963 | alpha: 0.8005 | beta: 0.2021
2024-03-12 19:47:54,802 - INFO - 264     /100000     episodes | train score: 16.00  | train loss: 58.21   | eps: 0.8963 | alpha: 0.8005 | beta: 0.2021
2024-03-12 19:47:55,097 - INFO - 265     /100000     episodes | train score: -12.00 | train loss: 74.66   | eps: 0.8963 | alpha: 0.8005 | beta: 0.2021
2024-03-12 19:47:55,389 - INFO - 266     /100000     episodes | train score: 5.00   | train loss: 71.77   | eps: 0.8962 | alpha: 0.8005 | beta: 0.2021
2024-03-12 19:47:55,682 - INFO - 267     /100000     episodes | train score: -4.00  | train loss: 61.54   | eps: 0.8962 | alpha: 0.8005 | beta: 0.2021
2024-03-12 19:47:55,963 - INFO - 268     /100000     episodes | train score: 7.26   | train loss: 67.43   | eps: 0.8962 | alpha: 0.8005 | beta: 0.2021
2024-03-12 19:47:56,254 - INFO - 269     /100000     episodes | train score: -2.00  | train loss: 73.06   | eps: 0.8962 | alpha: 0.8005 | beta: 0.2022
2024-03-12 19:47:56,552 - INFO - 270     /100000     episodes | train score: -12.00 | train loss: 69.89   | eps: 0.8962 | alpha: 0.8005 | beta: 0.2022
2024-03-12 19:47:56,956 - INFO - avg test score: -2.00 
2024-03-12 19:47:57,184 - INFO - 271     /100000     episodes | train score: -3.00  | train loss: 75.35   | eps: 0.8962 | alpha: 0.8005 | beta: 0.2022
2024-03-12 19:47:57,377 - INFO - 272     /100000     episodes | train score: 8.80   | train loss: 63.98   | eps: 0.8962 | alpha: 0.8005 | beta: 0.2022
2024-03-12 19:47:57,586 - INFO - 273     /100000     episodes | train score: -1.40  | train loss: 66.54   | eps: 0.8961 | alpha: 0.8005 | beta: 0.2022
2024-03-12 19:47:57,843 - INFO - 274     /100000     episodes | train score: -12.00 | train loss: 72.05   | eps: 0.8961 | alpha: 0.8005 | beta: 0.2022
2024-03-12 19:47:58,079 - INFO - 275     /100000     episodes | train score: -11.00 | train loss: 65.14   | eps: 0.8961 | alpha: 0.8006 | beta: 0.2022
2024-03-12 19:47:58,304 - INFO - 276     /100000     episodes | train score: -3.00  | train loss: 67.24   | eps: 0.8961 | alpha: 0.8006 | beta: 0.2022
2024-03-12 19:47:58,511 - INFO - 277     /100000     episodes | train score: -10.34 | train loss: 72.76   | eps: 0.8961 | alpha: 0.8006 | beta: 0.2022
2024-03-12 19:47:58,769 - INFO - 278     /100000     episodes | train score: -1.00  | train loss: 65.61   | eps: 0.8961 | alpha: 0.8006 | beta: 0.2022
2024-03-12 19:47:59,009 - INFO - 279     /100000     episodes | train score: -12.00 | train loss: 72.00   | eps: 0.8961 | alpha: 0.8006 | beta: 0.2022
2024-03-12 19:47:59,232 - INFO - 280     /100000     episodes | train score: -0.62  | train loss: 72.18   | eps: 0.8960 | alpha: 0.8006 | beta: 0.2022
2024-03-12 19:47:59,611 - INFO - avg test score: -2.00 
2024-03-12 19:47:59,816 - INFO - 281     /100000     episodes | train score: 17.98  | train loss: 65.84   | eps: 0.8960 | alpha: 0.8006 | beta: 0.2022
2024-03-12 19:48:00,022 - INFO - 282     /100000     episodes | train score: -10.34 | train loss: 76.05   | eps: 0.8960 | alpha: 0.8006 | beta: 0.2023
2024-03-12 19:48:00,249 - INFO - 283     /100000     episodes | train score: 8.22   | train loss: 79.41   | eps: 0.8960 | alpha: 0.8006 | beta: 0.2023
2024-03-12 19:48:00,467 - INFO - 284     /100000     episodes | train score: -1.52  | train loss: 63.36   | eps: 0.8960 | alpha: 0.8006 | beta: 0.2023
2024-03-12 19:48:00,696 - INFO - 285     /100000     episodes | train score: -3.00  | train loss: 64.90   | eps: 0.8960 | alpha: 0.8006 | beta: 0.2023
2024-03-12 19:48:00,910 - INFO - 286     /100000     episodes | train score: -0.28  | train loss: 78.52   | eps: 0.8960 | alpha: 0.8006 | beta: 0.2023
2024-03-12 19:48:01,148 - INFO - 287     /100000     episodes | train score: -3.00  | train loss: 81.94   | eps: 0.8959 | alpha: 0.8006 | beta: 0.2023
2024-03-12 19:48:01,368 - INFO - 288     /100000     episodes | train score: -11.00 | train loss: 81.67   | eps: 0.8959 | alpha: 0.8006 | beta: 0.2023
2024-03-12 19:48:01,587 - INFO - 289     /100000     episodes | train score: -12.00 | train loss: 73.24   | eps: 0.8959 | alpha: 0.8006 | beta: 0.2023
2024-03-12 19:48:01,806 - INFO - 290     /100000     episodes | train score: -11.00 | train loss: 68.01   | eps: 0.8959 | alpha: 0.8006 | beta: 0.2023
2024-03-12 19:48:02,168 - INFO - avg test score: -2.00 
2024-03-12 19:48:02,373 - INFO - 291     /100000     episodes | train score: -1.48  | train loss: 75.23   | eps: 0.8959 | alpha: 0.8006 | beta: 0.2023
2024-03-12 19:48:02,572 - INFO - 292     /100000     episodes | train score: 16.88  | train loss: 63.55   | eps: 0.8959 | alpha: 0.8006 | beta: 0.2023
2024-03-12 19:48:02,805 - INFO - 293     /100000     episodes | train score: 7.00   | train loss: 72.72   | eps: 0.8959 | alpha: 0.8006 | beta: 0.2023
2024-03-12 19:48:03,001 - INFO - 294     /100000     episodes | train score: 7.88   | train loss: 74.07   | eps: 0.8958 | alpha: 0.8006 | beta: 0.2024
2024-03-12 19:48:03,220 - INFO - 295     /100000     episodes | train score: 0.12   | train loss: 70.61   | eps: 0.8958 | alpha: 0.8006 | beta: 0.2024
2024-03-12 19:48:03,404 - INFO - 296     /100000     episodes | train score: 28.16  | train loss: 73.14   | eps: 0.8958 | alpha: 0.8006 | beta: 0.2024
2024-03-12 19:48:03,627 - INFO - 297     /100000     episodes | train score: -11.00 | train loss: 68.82   | eps: 0.8958 | alpha: 0.8006 | beta: 0.2024
2024-03-12 19:48:03,876 - INFO - 298     /100000     episodes | train score: -12.00 | train loss: 70.89   | eps: 0.8958 | alpha: 0.8006 | beta: 0.2024
2024-03-12 19:48:04,131 - INFO - 299     /100000     episodes | train score: 7.00   | train loss: 64.53   | eps: 0.8958 | alpha: 0.8006 | beta: 0.2024
2024-03-12 19:48:04,377 - INFO - 300     /100000     episodes | train score: -21.00 | train loss: 74.08   | eps: 0.8958 | alpha: 0.8006 | beta: 0.2024
2024-03-12 19:48:04,762 - INFO - avg test score: -2.00 
2024-03-12 19:48:04,973 - INFO - 301     /100000     episodes | train score: -1.56  | train loss: 73.52   | eps: 0.8958 | alpha: 0.8006 | beta: 0.2024
2024-03-12 19:48:05,203 - INFO - 302     /100000     episodes | train score: -1.94  | train loss: 79.63   | eps: 0.8957 | alpha: 0.8006 | beta: 0.2024
2024-03-12 19:48:05,434 - INFO - 303     /100000     episodes | train score: -3.00  | train loss: 65.94   | eps: 0.8957 | alpha: 0.8006 | beta: 0.2024
2024-03-12 19:48:05,663 - INFO - 304     /100000     episodes | train score: 16.00  | train loss: 82.62   | eps: 0.8957 | alpha: 0.8006 | beta: 0.2024
2024-03-12 19:48:05,892 - INFO - 305     /100000     episodes | train score: -11.00 | train loss: 73.07   | eps: 0.8957 | alpha: 0.8006 | beta: 0.2024
2024-03-12 19:48:06,123 - INFO - 306     /100000     episodes | train score: 7.00   | train loss: 87.09   | eps: 0.8957 | alpha: 0.8006 | beta: 0.2024
2024-03-12 19:48:06,314 - INFO - 307     /100000     episodes | train score: 9.96   | train loss: 70.02   | eps: 0.8957 | alpha: 0.8006 | beta: 0.2025
2024-03-12 19:48:06,541 - INFO - 308     /100000     episodes | train score: -21.00 | train loss: 61.78   | eps: 0.8957 | alpha: 0.8006 | beta: 0.2025
2024-03-12 19:48:06,771 - INFO - 309     /100000     episodes | train score: -12.00 | train loss: 69.82   | eps: 0.8956 | alpha: 0.8006 | beta: 0.2025
2024-03-12 19:48:07,014 - INFO - 310     /100000     episodes | train score: 7.00   | train loss: 66.92   | eps: 0.8956 | alpha: 0.8006 | beta: 0.2025
2024-03-12 19:48:07,398 - INFO - avg test score: -2.00 
2024-03-12 19:48:07,635 - INFO - 311     /100000     episodes | train score: -11.00 | train loss: 60.96   | eps: 0.8956 | alpha: 0.8006 | beta: 0.2025
2024-03-12 19:48:07,817 - INFO - 312     /100000     episodes | train score: 19.30  | train loss: 73.54   | eps: 0.8956 | alpha: 0.8006 | beta: 0.2025
2024-03-12 19:48:08,050 - INFO - 313     /100000     episodes | train score: -3.00  | train loss: 73.50   | eps: 0.8956 | alpha: 0.8006 | beta: 0.2025
2024-03-12 19:48:08,277 - INFO - 314     /100000     episodes | train score: 9.12   | train loss: 67.44   | eps: 0.8956 | alpha: 0.8006 | beta: 0.2025
2024-03-12 19:48:08,522 - INFO - 315     /100000     episodes | train score: -2.00  | train loss: 93.87   | eps: 0.8956 | alpha: 0.8006 | beta: 0.2025
2024-03-12 19:48:08,756 - INFO - 316     /100000     episodes | train score: 16.00  | train loss: 63.09   | eps: 0.8955 | alpha: 0.8006 | beta: 0.2025
2024-03-12 19:48:08,984 - INFO - 317     /100000     episodes | train score: -1.82  | train loss: 73.68   | eps: 0.8955 | alpha: 0.8006 | beta: 0.2025
2024-03-12 19:48:09,332 - INFO - 318     /100000     episodes | train score: -13.00 | train loss: 64.62   | eps: 0.8955 | alpha: 0.8006 | beta: 0.2025
2024-03-12 19:48:09,550 - INFO - 319     /100000     episodes | train score: -10.38 | train loss: 64.71   | eps: 0.8955 | alpha: 0.8006 | beta: 0.2026
2024-03-12 19:48:09,776 - INFO - 320     /100000     episodes | train score: -10.88 | train loss: 64.58   | eps: 0.8955 | alpha: 0.8006 | beta: 0.2026
2024-03-12 19:48:10,142 - INFO - avg test score: -2.00 
2024-03-12 19:48:10,381 - INFO - 321     /100000     episodes | train score: 16.72  | train loss: 71.79   | eps: 0.8955 | alpha: 0.8006 | beta: 0.2026
2024-03-12 19:48:10,582 - INFO - 322     /100000     episodes | train score: -1.06  | train loss: 65.74   | eps: 0.8955 | alpha: 0.8006 | beta: 0.2026
2024-03-12 19:48:10,763 - INFO - 323     /100000     episodes | train score: 9.50   | train loss: 83.01   | eps: 0.8954 | alpha: 0.8006 | beta: 0.2026
2024-03-12 19:48:10,994 - INFO - 324     /100000     episodes | train score: -3.00  | train loss: 66.97   | eps: 0.8954 | alpha: 0.8006 | beta: 0.2026
