2024-03-12 19:45:03,934 - INFO - ============================================================
2024-03-12 19:45:03,934 - INFO - use_wandb                     | True
2024-03-12 19:45:03,934 - INFO - entity_name                   | singfor7012
2024-03-12 19:45:03,934 - INFO - env_name                      | ma_gym:Checkers-v0
2024-03-12 19:45:03,934 - INFO - experiment_name               | vdn
2024-03-12 19:45:03,934 - INFO - use_cuda                      | False
2024-03-12 19:45:03,934 - INFO - n_training_threads            | 12
2024-03-12 19:45:03,934 - INFO - use_render                    | False
2024-03-12 19:45:03,934 - INFO - use_time_sleep                | False
2024-03-12 19:45:03,934 - INFO - sleep_second                  | 0.5
2024-03-12 19:45:03,934 - INFO - seed                          | 42
2024-03-12 19:45:03,934 - INFO - fix_seed                      | True
2024-03-12 19:45:03,934 - INFO - epsilon_anneal_episode        | 60000
2024-03-12 19:45:03,934 - INFO - max_epsilon                   | 0.9
2024-03-12 19:45:03,934 - INFO - min_epsilon                   | 0.05
2024-03-12 19:45:03,934 - INFO - lr                            | 1e-07
2024-03-12 19:45:03,934 - INFO - gamma                         | 0.99
2024-03-12 19:45:03,934 - INFO - batch_size                    | 32
2024-03-12 19:45:03,934 - INFO - max_episodes                  | 100000
2024-03-12 19:45:03,934 - INFO - max_step                      | 100
2024-03-12 19:45:03,934 - INFO - step_cost                     | -0.01
2024-03-12 19:45:03,934 - INFO - chunk_size                    | 10
2024-03-12 19:45:03,934 - INFO - update_iter                   | 5
2024-03-12 19:45:03,935 - INFO - update_target_interval        | 1
2024-03-12 19:45:03,935 - INFO - grad_clip_norm                | 0.5
2024-03-12 19:45:03,935 - INFO - decide_target                 | double_dqn
2024-03-12 19:45:03,935 - INFO - decide_network                | q_net
2024-03-12 19:45:03,935 - INFO - use_recurrent                 | True
2024-03-12 19:45:03,935 - INFO - test_interval                 | 10
2024-03-12 19:45:03,935 - INFO - test_episodes                 | 10
2024-03-12 19:45:03,935 - INFO - buffer_limit                  | 2000
2024-03-12 19:45:03,935 - INFO - eps                           | 1e-06
2024-03-12 19:45:03,935 - INFO - alpha                         | 0.8
2024-03-12 19:45:03,935 - INFO - beta                          | 0.2
2024-03-12 19:45:03,935 - INFO - update_alpha_beta             | True
2024-03-12 19:45:03,935 - INFO - Device: cpu
2024-03-12 19:45:03,935 - INFO - ============================================================
2024-03-12 19:45:21,653 - INFO - 1       /100000     episodes | train score: -1.86  | train loss: 99.10   | eps: 0.9000 | alpha: 0.8000 | beta: 0.2000
2024-03-12 19:45:21,902 - INFO - 2       /100000     episodes | train score: -1.10  | train loss: 74.68   | eps: 0.9000 | alpha: 0.8000 | beta: 0.2000
2024-03-12 19:45:22,173 - INFO - 3       /100000     episodes | train score: -1.56  | train loss: 84.17   | eps: 0.9000 | alpha: 0.8000 | beta: 0.2000
2024-03-12 19:45:22,404 - INFO - 4       /100000     episodes | train score: 20.28  | train loss: 61.99   | eps: 0.9000 | alpha: 0.8000 | beta: 0.2000
2024-03-12 19:45:22,656 - INFO - 5       /100000     episodes | train score: -9.14  | train loss: 59.15   | eps: 0.8999 | alpha: 0.8000 | beta: 0.2000
2024-03-12 19:45:22,934 - INFO - 6       /100000     episodes | train score: 18.22  | train loss: 54.58   | eps: 0.8999 | alpha: 0.8000 | beta: 0.2000
2024-03-12 19:45:23,219 - INFO - 7       /100000     episodes | train score: -0.94  | train loss: 55.14   | eps: 0.8999 | alpha: 0.8000 | beta: 0.2001
2024-03-12 19:45:23,499 - INFO - 8       /100000     episodes | train score: -9.84  | train loss: 38.60   | eps: 0.8999 | alpha: 0.8000 | beta: 0.2001
2024-03-12 19:45:23,777 - INFO - 9       /100000     episodes | train score: -1.82  | train loss: 49.33   | eps: 0.8999 | alpha: 0.8000 | beta: 0.2001
2024-03-12 19:45:24,059 - INFO - 10      /100000     episodes | train score: 17.10  | train loss: 34.45   | eps: 0.8999 | alpha: 0.8000 | beta: 0.2001
2024-03-12 19:45:24,457 - INFO - avg test score: -2.00 
2024-03-12 19:45:24,731 - INFO - 11      /100000     episodes | train score: 8.28   | train loss: 41.26   | eps: 0.8999 | alpha: 0.8000 | beta: 0.2001
2024-03-12 19:45:25,016 - INFO - 12      /100000     episodes | train score: -11.00 | train loss: 40.60   | eps: 0.8998 | alpha: 0.8000 | beta: 0.2001
2024-03-12 19:45:25,302 - INFO - 13      /100000     episodes | train score: -1.00  | train loss: 52.59   | eps: 0.8998 | alpha: 0.8000 | beta: 0.2001
2024-03-12 19:45:25,535 - INFO - 14      /100000     episodes | train score: 9.24   | train loss: 43.47   | eps: 0.8998 | alpha: 0.8000 | beta: 0.2001
2024-03-12 19:45:25,823 - INFO - 15      /100000     episodes | train score: -3.00  | train loss: 32.51   | eps: 0.8998 | alpha: 0.8000 | beta: 0.2001
2024-03-12 19:45:26,111 - INFO - 16      /100000     episodes | train score: -2.00  | train loss: 45.34   | eps: 0.8998 | alpha: 0.8000 | beta: 0.2001
2024-03-12 19:45:26,398 - INFO - 17      /100000     episodes | train score: 7.00   | train loss: 47.81   | eps: 0.8998 | alpha: 0.8000 | beta: 0.2001
2024-03-12 19:45:26,685 - INFO - 18      /100000     episodes | train score: -21.00 | train loss: 53.94   | eps: 0.8998 | alpha: 0.8000 | beta: 0.2001
2024-03-12 19:45:26,973 - INFO - 19      /100000     episodes | train score: -11.00 | train loss: 51.46   | eps: 0.8997 | alpha: 0.8000 | beta: 0.2002
2024-03-12 19:45:27,257 - INFO - 20      /100000     episodes | train score: 7.04   | train loss: 43.40   | eps: 0.8997 | alpha: 0.8000 | beta: 0.2002
2024-03-12 19:45:27,656 - INFO - avg test score: -2.00 
2024-03-12 19:45:27,906 - INFO - 21      /100000     episodes | train score: 9.80   | train loss: 44.08   | eps: 0.8997 | alpha: 0.8000 | beta: 0.2002
2024-03-12 19:45:28,183 - INFO - 22      /100000     episodes | train score: 7.20   | train loss: 54.53   | eps: 0.8997 | alpha: 0.8000 | beta: 0.2002
2024-03-12 19:45:28,472 - INFO - 23      /100000     episodes | train score: -2.00  | train loss: 48.82   | eps: 0.8997 | alpha: 0.8000 | beta: 0.2002
2024-03-12 19:45:28,744 - INFO - 24      /100000     episodes | train score: -1.70  | train loss: 55.23   | eps: 0.8997 | alpha: 0.8000 | beta: 0.2002
2024-03-12 19:45:29,029 - INFO - 25      /100000     episodes | train score: -2.00  | train loss: 68.88   | eps: 0.8997 | alpha: 0.8001 | beta: 0.2002
2024-03-12 19:45:29,316 - INFO - 26      /100000     episodes | train score: -3.00  | train loss: 48.24   | eps: 0.8996 | alpha: 0.8001 | beta: 0.2002
2024-03-12 19:45:29,602 - INFO - 27      /100000     episodes | train score: 7.00   | train loss: 54.61   | eps: 0.8996 | alpha: 0.8001 | beta: 0.2002
2024-03-12 19:45:29,887 - INFO - 28      /100000     episodes | train score: 16.00  | train loss: 59.89   | eps: 0.8996 | alpha: 0.8001 | beta: 0.2002
2024-03-12 19:45:30,155 - INFO - 29      /100000     episodes | train score: 9.46   | train loss: 51.42   | eps: 0.8996 | alpha: 0.8001 | beta: 0.2002
2024-03-12 19:45:30,437 - INFO - 30      /100000     episodes | train score: -19.88 | train loss: 73.97   | eps: 0.8996 | alpha: 0.8001 | beta: 0.2002
2024-03-12 19:45:30,835 - INFO - avg test score: -2.00 
2024-03-12 19:45:31,119 - INFO - 31      /100000     episodes | train score: 7.00   | train loss: 61.52   | eps: 0.8996 | alpha: 0.8001 | beta: 0.2002
2024-03-12 19:45:31,404 - INFO - 32      /100000     episodes | train score: -2.00  | train loss: 63.45   | eps: 0.8996 | alpha: 0.8001 | beta: 0.2003
2024-03-12 19:45:31,691 - INFO - 33      /100000     episodes | train score: 16.00  | train loss: 60.43   | eps: 0.8995 | alpha: 0.8001 | beta: 0.2003
2024-03-12 19:45:31,977 - INFO - 34      /100000     episodes | train score: 6.00   | train loss: 52.51   | eps: 0.8995 | alpha: 0.8001 | beta: 0.2003
2024-03-12 19:45:32,264 - INFO - 35      /100000     episodes | train score: -21.00 | train loss: 54.92   | eps: 0.8995 | alpha: 0.8001 | beta: 0.2003
2024-03-12 19:45:32,552 - INFO - 36      /100000     episodes | train score: -11.00 | train loss: 63.95   | eps: 0.8995 | alpha: 0.8001 | beta: 0.2003
2024-03-12 19:45:32,837 - INFO - 37      /100000     episodes | train score: -11.00 | train loss: 54.39   | eps: 0.8995 | alpha: 0.8001 | beta: 0.2003
2024-03-12 19:45:33,122 - INFO - 38      /100000     episodes | train score: -2.00  | train loss: 56.57   | eps: 0.8995 | alpha: 0.8001 | beta: 0.2003
2024-03-12 19:45:33,408 - INFO - 39      /100000     episodes | train score: -12.00 | train loss: 53.28   | eps: 0.8995 | alpha: 0.8001 | beta: 0.2003
2024-03-12 19:45:33,674 - INFO - 40      /100000     episodes | train score: -10.56 | train loss: 70.66   | eps: 0.8994 | alpha: 0.8001 | beta: 0.2003
2024-03-12 19:45:34,090 - INFO - avg test score: -2.00 
2024-03-12 19:45:34,312 - INFO - 41      /100000     episodes | train score: -2.00  | train loss: 67.63   | eps: 0.8994 | alpha: 0.8001 | beta: 0.2003
2024-03-12 19:45:34,534 - INFO - 42      /100000     episodes | train score: -2.00  | train loss: 60.47   | eps: 0.8994 | alpha: 0.8001 | beta: 0.2003
2024-03-12 19:45:34,752 - INFO - 43      /100000     episodes | train score: -3.00  | train loss: 60.61   | eps: 0.8994 | alpha: 0.8001 | beta: 0.2003
2024-03-12 19:45:34,955 - INFO - 44      /100000     episodes | train score: -19.54 | train loss: 61.54   | eps: 0.8994 | alpha: 0.8001 | beta: 0.2004
2024-03-12 19:45:35,133 - INFO - 45      /100000     episodes | train score: -9.80  | train loss: 63.65   | eps: 0.8994 | alpha: 0.8001 | beta: 0.2004
2024-03-12 19:45:35,313 - INFO - 46      /100000     episodes | train score: -0.84  | train loss: 65.03   | eps: 0.8994 | alpha: 0.8001 | beta: 0.2004
2024-03-12 19:45:35,495 - INFO - 47      /100000     episodes | train score: 10.16  | train loss: 56.33   | eps: 0.8993 | alpha: 0.8001 | beta: 0.2004
2024-03-12 19:45:35,689 - INFO - 48      /100000     episodes | train score: -8.98  | train loss: 50.10   | eps: 0.8993 | alpha: 0.8001 | beta: 0.2004
2024-03-12 19:45:35,908 - INFO - 49      /100000     episodes | train score: -21.00 | train loss: 72.03   | eps: 0.8993 | alpha: 0.8001 | beta: 0.2004
2024-03-12 19:45:36,127 - INFO - 50      /100000     episodes | train score: -13.00 | train loss: 54.62   | eps: 0.8993 | alpha: 0.8001 | beta: 0.2004
2024-03-12 19:45:36,493 - INFO - avg test score: -2.00 
2024-03-12 19:45:36,725 - INFO - 51      /100000     episodes | train score: -12.00 | train loss: 50.97   | eps: 0.8993 | alpha: 0.8001 | beta: 0.2004
2024-03-12 19:45:36,954 - INFO - 52      /100000     episodes | train score: 17.00  | train loss: 69.59   | eps: 0.8993 | alpha: 0.8001 | beta: 0.2004
2024-03-12 19:45:37,185 - INFO - 53      /100000     episodes | train score: -11.00 | train loss: 66.30   | eps: 0.8993 | alpha: 0.8001 | beta: 0.2004
2024-03-12 19:45:37,403 - INFO - 54      /100000     episodes | train score: -9.92  | train loss: 66.85   | eps: 0.8992 | alpha: 0.8001 | beta: 0.2004
2024-03-12 19:45:37,590 - INFO - 55      /100000     episodes | train score: -0.02  | train loss: 70.00   | eps: 0.8992 | alpha: 0.8001 | beta: 0.2004
2024-03-12 19:45:37,799 - INFO - 56      /100000     episodes | train score: -9.26  | train loss: 68.08   | eps: 0.8992 | alpha: 0.8001 | beta: 0.2004
2024-03-12 19:45:38,004 - INFO - 57      /100000     episodes | train score: -1.46  | train loss: 72.91   | eps: 0.8992 | alpha: 0.8001 | beta: 0.2005
2024-03-12 19:45:38,231 - INFO - 58      /100000     episodes | train score: 7.00   | train loss: 66.62   | eps: 0.8992 | alpha: 0.8001 | beta: 0.2005
2024-03-12 19:45:38,431 - INFO - 59      /100000     episodes | train score: -1.40  | train loss: 67.16   | eps: 0.8992 | alpha: 0.8001 | beta: 0.2005
2024-03-12 19:45:38,622 - INFO - 60      /100000     episodes | train score: -1.16  | train loss: 62.69   | eps: 0.8992 | alpha: 0.8001 | beta: 0.2005
2024-03-12 19:45:38,986 - INFO - avg test score: -2.00 
2024-03-12 19:45:39,211 - INFO - 61      /100000     episodes | train score: -12.00 | train loss: 57.24   | eps: 0.8992 | alpha: 0.8001 | beta: 0.2005
2024-03-12 19:45:39,432 - INFO - 62      /100000     episodes | train score: -20.00 | train loss: 47.56   | eps: 0.8991 | alpha: 0.8001 | beta: 0.2005
2024-03-12 19:45:39,681 - INFO - 63      /100000     episodes | train score: -12.00 | train loss: 73.81   | eps: 0.8991 | alpha: 0.8001 | beta: 0.2005
2024-03-12 19:45:39,908 - INFO - 64      /100000     episodes | train score: -30.00 | train loss: 64.94   | eps: 0.8991 | alpha: 0.8001 | beta: 0.2005
2024-03-12 19:45:40,104 - INFO - 65      /100000     episodes | train score: -9.10  | train loss: 57.79   | eps: 0.8991 | alpha: 0.8001 | beta: 0.2005
2024-03-12 19:45:40,323 - INFO - 66      /100000     episodes | train score: -0.76  | train loss: 56.40   | eps: 0.8991 | alpha: 0.8001 | beta: 0.2005
2024-03-12 19:45:40,569 - INFO - 67      /100000     episodes | train score: -3.00  | train loss: 59.04   | eps: 0.8991 | alpha: 0.8001 | beta: 0.2005
2024-03-12 19:45:40,794 - INFO - 68      /100000     episodes | train score: 7.36   | train loss: 58.97   | eps: 0.8991 | alpha: 0.8001 | beta: 0.2005
2024-03-12 19:45:41,028 - INFO - 69      /100000     episodes | train score: 8.00   | train loss: 78.67   | eps: 0.8990 | alpha: 0.8001 | beta: 0.2006
2024-03-12 19:45:41,253 - INFO - 70      /100000     episodes | train score: -11.00 | train loss: 65.51   | eps: 0.8990 | alpha: 0.8001 | beta: 0.2006
2024-03-12 19:45:41,695 - INFO - avg test score: -2.00 
2024-03-12 19:45:41,957 - INFO - 71      /100000     episodes | train score: 7.90   | train loss: 57.52   | eps: 0.8990 | alpha: 0.8001 | beta: 0.2006
2024-03-12 19:45:42,252 - INFO - 72      /100000     episodes | train score: -3.00  | train loss: 70.33   | eps: 0.8990 | alpha: 0.8001 | beta: 0.2006
2024-03-12 19:45:42,518 - INFO - 73      /100000     episodes | train score: -2.00  | train loss: 75.54   | eps: 0.8990 | alpha: 0.8001 | beta: 0.2006
2024-03-12 19:45:42,715 - INFO - 74      /100000     episodes | train score: -9.88  | train loss: 69.16   | eps: 0.8990 | alpha: 0.8001 | beta: 0.2006
2024-03-12 19:45:42,956 - INFO - 75      /100000     episodes | train score: -1.00  | train loss: 60.71   | eps: 0.8990 | alpha: 0.8002 | beta: 0.2006
2024-03-12 19:45:43,296 - INFO - 76      /100000     episodes | train score: -1.90  | train loss: 64.65   | eps: 0.8989 | alpha: 0.8002 | beta: 0.2006
2024-03-12 19:45:43,531 - INFO - 77      /100000     episodes | train score: -0.12  | train loss: 53.86   | eps: 0.8989 | alpha: 0.8002 | beta: 0.2006
2024-03-12 19:45:43,758 - INFO - 78      /100000     episodes | train score: 7.00   | train loss: 61.06   | eps: 0.8989 | alpha: 0.8002 | beta: 0.2006
2024-03-12 19:45:43,978 - INFO - 79      /100000     episodes | train score: -3.00  | train loss: 60.38   | eps: 0.8989 | alpha: 0.8002 | beta: 0.2006
2024-03-12 19:45:44,202 - INFO - 80      /100000     episodes | train score: -2.00  | train loss: 61.67   | eps: 0.8989 | alpha: 0.8002 | beta: 0.2006
2024-03-12 19:45:44,566 - INFO - avg test score: -2.00 
2024-03-12 19:45:44,786 - INFO - 81      /100000     episodes | train score: -1.00  | train loss: 73.03   | eps: 0.8989 | alpha: 0.8002 | beta: 0.2006
2024-03-12 19:45:45,009 - INFO - 82      /100000     episodes | train score: -31.00 | train loss: 71.53   | eps: 0.8989 | alpha: 0.8002 | beta: 0.2007
2024-03-12 19:45:45,237 - INFO - 83      /100000     episodes | train score: 6.00   | train loss: 70.00   | eps: 0.8988 | alpha: 0.8002 | beta: 0.2007
2024-03-12 19:45:45,459 - INFO - 84      /100000     episodes | train score: -10.00 | train loss: 61.58   | eps: 0.8988 | alpha: 0.8002 | beta: 0.2007
2024-03-12 19:45:45,690 - INFO - 85      /100000     episodes | train score: -2.00  | train loss: 65.23   | eps: 0.8988 | alpha: 0.8002 | beta: 0.2007
2024-03-12 19:45:45,876 - INFO - 86      /100000     episodes | train score: 19.38  | train loss: 62.27   | eps: 0.8988 | alpha: 0.8002 | beta: 0.2007
2024-03-12 19:45:46,087 - INFO - 87      /100000     episodes | train score: -1.62  | train loss: 64.57   | eps: 0.8988 | alpha: 0.8002 | beta: 0.2007
2024-03-12 19:45:46,304 - INFO - 88      /100000     episodes | train score: -0.80  | train loss: 70.93   | eps: 0.8988 | alpha: 0.8002 | beta: 0.2007
2024-03-12 19:45:46,526 - INFO - 89      /100000     episodes | train score: 6.00   | train loss: 64.46   | eps: 0.8988 | alpha: 0.8002 | beta: 0.2007
2024-03-12 19:45:46,766 - INFO - 90      /100000     episodes | train score: 7.00   | train loss: 53.64   | eps: 0.8987 | alpha: 0.8002 | beta: 0.2007
2024-03-12 19:45:47,140 - INFO - avg test score: -2.00 
2024-03-12 19:45:47,396 - INFO - 91      /100000     episodes | train score: -9.72  | train loss: 63.31   | eps: 0.8987 | alpha: 0.8002 | beta: 0.2007
2024-03-12 19:45:47,621 - INFO - 92      /100000     episodes | train score: -21.00 | train loss: 66.60   | eps: 0.8987 | alpha: 0.8002 | beta: 0.2007
2024-03-12 19:45:47,850 - INFO - 93      /100000     episodes | train score: 6.00   | train loss: 62.16   | eps: 0.8987 | alpha: 0.8002 | beta: 0.2007
2024-03-12 19:45:48,077 - INFO - 94      /100000     episodes | train score: -1.96  | train loss: 59.89   | eps: 0.8987 | alpha: 0.8002 | beta: 0.2008
2024-03-12 19:45:48,317 - INFO - 95      /100000     episodes | train score: 8.00   | train loss: 72.09   | eps: 0.8987 | alpha: 0.8002 | beta: 0.2008
2024-03-12 19:45:48,505 - INFO - 96      /100000     episodes | train score: 27.36  | train loss: 65.63   | eps: 0.8987 | alpha: 0.8002 | beta: 0.2008
2024-03-12 19:45:48,701 - INFO - 97      /100000     episodes | train score: 8.86   | train loss: 61.13   | eps: 0.8986 | alpha: 0.8002 | beta: 0.2008
2024-03-12 19:45:48,914 - INFO - 98      /100000     episodes | train score: -18.60 | train loss: 80.05   | eps: 0.8986 | alpha: 0.8002 | beta: 0.2008
2024-03-12 19:45:49,210 - INFO - 99      /100000     episodes | train score: -3.00  | train loss: 71.78   | eps: 0.8986 | alpha: 0.8002 | beta: 0.2008
2024-03-12 19:45:49,490 - INFO - 100     /100000     episodes | train score: -2.00  | train loss: 58.90   | eps: 0.8986 | alpha: 0.8002 | beta: 0.2008
2024-03-12 19:45:49,869 - INFO - avg test score: -2.00 
2024-03-12 19:45:50,061 - INFO - 101     /100000     episodes | train score: -10.00 | train loss: 63.96   | eps: 0.8986 | alpha: 0.8002 | beta: 0.2008
2024-03-12 19:45:50,291 - INFO - 102     /100000     episodes | train score: -2.00  | train loss: 58.00   | eps: 0.8986 | alpha: 0.8002 | beta: 0.2008
2024-03-12 19:45:50,534 - INFO - 103     /100000     episodes | train score: -2.00  | train loss: 65.47   | eps: 0.8986 | alpha: 0.8002 | beta: 0.2008
2024-03-12 19:45:50,727 - INFO - 104     /100000     episodes | train score: 8.00   | train loss: 70.97   | eps: 0.8985 | alpha: 0.8002 | beta: 0.2008
2024-03-12 19:45:50,962 - INFO - 105     /100000     episodes | train score: -12.00 | train loss: 66.30   | eps: 0.8985 | alpha: 0.8002 | beta: 0.2008
2024-03-12 19:45:51,190 - INFO - 106     /100000     episodes | train score: -12.00 | train loss: 61.51   | eps: 0.8985 | alpha: 0.8002 | beta: 0.2008
2024-03-12 19:45:51,412 - INFO - 107     /100000     episodes | train score: -10.64 | train loss: 69.43   | eps: 0.8985 | alpha: 0.8002 | beta: 0.2009
2024-03-12 19:45:51,656 - INFO - 108     /100000     episodes | train score: 5.00   | train loss: 67.01   | eps: 0.8985 | alpha: 0.8002 | beta: 0.2009
2024-03-12 19:45:51,896 - INFO - 109     /100000     episodes | train score: 8.00   | train loss: 62.66   | eps: 0.8985 | alpha: 0.8002 | beta: 0.2009
2024-03-12 19:45:52,131 - INFO - 110     /100000     episodes | train score: -11.00 | train loss: 64.38   | eps: 0.8985 | alpha: 0.8002 | beta: 0.2009
2024-03-12 19:45:52,515 - INFO - avg test score: -2.00 
2024-03-12 19:45:52,744 - INFO - 111     /100000     episodes | train score: -10.54 | train loss: 64.67   | eps: 0.8984 | alpha: 0.8002 | beta: 0.2009
2024-03-12 19:45:52,951 - INFO - 112     /100000     episodes | train score: -1.56  | train loss: 69.89   | eps: 0.8984 | alpha: 0.8002 | beta: 0.2009
