2024-03-18 21:13:29,161 - INFO - ============================================================
2024-03-18 21:13:29,161 - INFO - use_wandb                     | True
2024-03-18 21:13:29,161 - INFO - entity_name                   | singfor7012
2024-03-18 21:13:29,161 - INFO - project_name                  | checker-v0
2024-03-18 21:13:29,161 - INFO - env_name                      | ma_gym:Checkers-v0
2024-03-18 21:13:29,161 - INFO - experiment_name               | vdn
2024-03-18 21:13:29,161 - INFO - use_cuda                      | False
2024-03-18 21:13:29,161 - INFO - n_training_threads            | 12
2024-03-18 21:13:29,161 - INFO - use_render                    | False
2024-03-18 21:13:29,161 - INFO - use_time_sleep                | False
2024-03-18 21:13:29,161 - INFO - sleep_second                  | 0.5
2024-03-18 21:13:29,161 - INFO - seed                          | 42
2024-03-18 21:13:29,161 - INFO - fix_seed                      | True
2024-03-18 21:13:29,162 - INFO - epsilon_anneal_episode        | 15000
2024-03-18 21:13:29,162 - INFO - max_epsilon                   | 0.8
2024-03-18 21:13:29,162 - INFO - min_epsilon                   | 0.05
2024-03-18 21:13:29,162 - INFO - lr                            | 0.001
2024-03-18 21:13:29,162 - INFO - gamma                         | 0.99
2024-03-18 21:13:29,162 - INFO - batch_size                    | 32
2024-03-18 21:13:29,162 - INFO - max_episodes                  | 15000
2024-03-18 21:13:29,162 - INFO - max_step                      | 100
2024-03-18 21:13:29,162 - INFO - step_cost                     | -0.01
2024-03-18 21:13:29,162 - INFO - chunk_size                    | 10
2024-03-18 21:13:29,162 - INFO - update_iter                   | 10
2024-03-18 21:13:29,162 - INFO - update_target_interval        | 20
2024-03-18 21:13:29,162 - INFO - grad_clip_norm                | 5
2024-03-18 21:13:29,162 - INFO - decide_target                 | dqn
2024-03-18 21:13:29,162 - INFO - decide_network                | q_net
2024-03-18 21:13:29,162 - INFO - use_recurrent                 | True
2024-03-18 21:13:29,162 - INFO - test_interval                 | 10
2024-03-18 21:13:29,162 - INFO - test_episodes                 | 20
2024-03-18 21:13:29,162 - INFO - buffer_limit                  | 10000
2024-03-18 21:13:29,162 - INFO - eps                           | 1e-06
2024-03-18 21:13:29,162 - INFO - alpha                         | 0.4
2024-03-18 21:13:29,162 - INFO - beta                          | 0.4
2024-03-18 21:13:29,162 - INFO - update_alpha_beta             | True
2024-03-18 21:13:29,162 - INFO - use_step_weight               | True
2024-03-18 21:13:29,162 - INFO - step_weight                   | 0.99
2024-03-18 21:13:29,162 - INFO - Device: cpu
2024-03-18 21:13:29,162 - INFO - ============================================================
2024-03-18 21:14:38,800 - INFO - 1       /15000      episodes | train score: -1.66  | train loss: 52.94   | eps: 0.8000 | alpha: 0.4000 | beta: 0.4000
2024-03-18 21:14:39,095 - INFO - 2       /15000      episodes | train score: -2.00  | train loss: 47.53   | eps: 0.8000 | alpha: 0.4001 | beta: 0.4001
2024-03-18 21:14:39,391 - INFO - 3       /15000      episodes | train score: -2.00  | train loss: 45.80   | eps: 0.7999 | alpha: 0.4001 | beta: 0.4001
2024-03-18 21:14:39,686 - INFO - 4       /15000      episodes | train score: -11.00 | train loss: 39.42   | eps: 0.7999 | alpha: 0.4002 | beta: 0.4002
2024-03-18 21:14:39,984 - INFO - 5       /15000      episodes | train score: -2.00  | train loss: 32.16   | eps: 0.7998 | alpha: 0.4002 | beta: 0.4002
2024-03-18 21:14:40,268 - INFO - 6       /15000      episodes | train score: 7.30   | train loss: 32.00   | eps: 0.7998 | alpha: 0.4002 | beta: 0.4002
2024-03-18 21:14:40,559 - INFO - 7       /15000      episodes | train score: 8.00   | train loss: 32.29   | eps: 0.7997 | alpha: 0.4003 | beta: 0.4003
2024-03-18 21:14:40,858 - INFO - 8       /15000      episodes | train score: -2.00  | train loss: 25.03   | eps: 0.7997 | alpha: 0.4003 | beta: 0.4003
2024-03-18 21:14:41,139 - INFO - 9       /15000      episodes | train score: 17.46  | train loss: 17.97   | eps: 0.7996 | alpha: 0.4004 | beta: 0.4004
2024-03-18 21:14:41,440 - INFO - 10      /15000      episodes | train score: 6.00   | train loss: 15.26   | eps: 0.7996 | alpha: 0.4004 | beta: 0.4004
