2024-03-12 19:30:26,217 - INFO - ============================================================
2024-03-12 19:30:26,217 - INFO - use_wandb                     | True
2024-03-12 19:30:26,217 - INFO - entity_name                   | singfor7012
2024-03-12 19:30:26,217 - INFO - env_name                      | ma_gym:Checkers-v0
2024-03-12 19:30:26,217 - INFO - experiment_name               | vdn
2024-03-12 19:30:26,217 - INFO - use_cuda                      | False
2024-03-12 19:30:26,217 - INFO - n_training_threads            | 12
2024-03-12 19:30:26,217 - INFO - use_render                    | False
2024-03-12 19:30:26,217 - INFO - use_time_sleep                | False
2024-03-12 19:30:26,217 - INFO - sleep_second                  | 0.5
2024-03-12 19:30:26,217 - INFO - seed                          | 42
2024-03-12 19:30:26,217 - INFO - fix_seed                      | True
2024-03-12 19:30:26,217 - INFO - epsilon_anneal_episode        | 60000
2024-03-12 19:30:26,217 - INFO - max_epsilon                   | 0.9
2024-03-12 19:30:26,217 - INFO - min_epsilon                   | 0.05
2024-03-12 19:30:26,217 - INFO - lr                            | 0.01
2024-03-12 19:30:26,217 - INFO - gamma                         | 0.99
2024-03-12 19:30:26,217 - INFO - batch_size                    | 32
2024-03-12 19:30:26,217 - INFO - max_episodes                  | 100000
2024-03-12 19:30:26,217 - INFO - max_step                      | 100
2024-03-12 19:30:26,217 - INFO - step_cost                     | -0.01
2024-03-12 19:30:26,217 - INFO - chunk_size                    | 10
2024-03-12 19:30:26,217 - INFO - update_iter                   | 4
2024-03-12 19:30:26,217 - INFO - update_target_interval        | 1
2024-03-12 19:30:26,217 - INFO - grad_clip_norm                | 0.5
2024-03-12 19:30:26,217 - INFO - decide_target                 | double_dqn
2024-03-12 19:30:26,217 - INFO - decide_network                | q_net
2024-03-12 19:30:26,217 - INFO - use_recurrent                 | True
2024-03-12 19:30:26,217 - INFO - test_interval                 | 10
2024-03-12 19:30:26,217 - INFO - test_episodes                 | 10
2024-03-12 19:30:26,217 - INFO - buffer_limit                  | 5000
2024-03-12 19:30:26,217 - INFO - eps                           | 1e-06
2024-03-12 19:30:26,217 - INFO - alpha                         | 0.8
2024-03-12 19:30:26,217 - INFO - beta                          | 0.2
2024-03-12 19:30:26,217 - INFO - update_alpha_beta             | True
2024-03-12 19:30:26,217 - INFO - Device: cpu
2024-03-12 19:30:26,217 - INFO - ============================================================
2024-03-12 19:31:09,107 - INFO - 1       /100000     episodes | train score: -1.00  | train loss: 75.13   | eps: 0.9000 | alpha: 0.8000 | beta: 0.2000
2024-03-12 19:31:09,357 - INFO - 2       /100000     episodes | train score: -1.92  | train loss: 77.16   | eps: 0.9000 | alpha: 0.8000 | beta: 0.2000
2024-03-12 19:31:09,611 - INFO - 3       /100000     episodes | train score: -3.00  | train loss: 46.10   | eps: 0.9000 | alpha: 0.8000 | beta: 0.2000
2024-03-12 19:31:09,824 - INFO - 4       /100000     episodes | train score: -10.04 | train loss: 108.99  | eps: 0.9000 | alpha: 0.8000 | beta: 0.2000
2024-03-12 19:31:10,080 - INFO - 5       /100000     episodes | train score: 25.04  | train loss: 169.66  | eps: 0.8999 | alpha: 0.8000 | beta: 0.2000
2024-03-12 19:31:10,335 - INFO - 6       /100000     episodes | train score: -12.00 | train loss: 79.44   | eps: 0.8999 | alpha: 0.8000 | beta: 0.2000
2024-03-12 19:31:10,550 - INFO - 7       /100000     episodes | train score: 7.88   | train loss: 54.84   | eps: 0.8999 | alpha: 0.8000 | beta: 0.2001
2024-03-12 19:31:10,751 - INFO - 8       /100000     episodes | train score: -0.84  | train loss: 50.73   | eps: 0.8999 | alpha: 0.8000 | beta: 0.2001
2024-03-12 19:31:10,978 - INFO - 9       /100000     episodes | train score: -0.36  | train loss: 82.70   | eps: 0.8999 | alpha: 0.8000 | beta: 0.2001
2024-03-12 19:31:11,209 - INFO - 10      /100000     episodes | train score: -0.50  | train loss: 116.93  | eps: 0.8999 | alpha: 0.8000 | beta: 0.2001
2024-03-12 19:31:11,683 - INFO - avg test score: -2.00 
2024-03-12 19:31:11,936 - INFO - 11      /100000     episodes | train score: -2.00  | train loss: 372.27  | eps: 0.8999 | alpha: 0.8000 | beta: 0.2001
2024-03-12 19:31:12,190 - INFO - 12      /100000     episodes | train score: -3.00  | train loss: 900.85  | eps: 0.8998 | alpha: 0.8000 | beta: 0.2001
2024-03-12 19:31:12,437 - INFO - 13      /100000     episodes | train score: -1.84  | train loss: 2300.09 | eps: 0.8998 | alpha: 0.8000 | beta: 0.2001
2024-03-12 19:31:12,691 - INFO - 14      /100000     episodes | train score: 4.00   | train loss: 5978.62 | eps: 0.8998 | alpha: 0.8000 | beta: 0.2001
2024-03-12 19:31:12,945 - INFO - 15      /100000     episodes | train score: 17.00  | train loss: 12626.19 | eps: 0.8998 | alpha: 0.8000 | beta: 0.2001
2024-03-12 19:31:13,201 - INFO - 16      /100000     episodes | train score: 16.00  | train loss: 21117.06 | eps: 0.8998 | alpha: 0.8000 | beta: 0.2001
2024-03-12 19:31:13,456 - INFO - 17      /100000     episodes | train score: 8.00   | train loss: 44461.41 | eps: 0.8998 | alpha: 0.8000 | beta: 0.2001
2024-03-12 19:31:13,694 - INFO - 18      /100000     episodes | train score: 8.40   | train loss: 87544.53 | eps: 0.8998 | alpha: 0.8000 | beta: 0.2001
2024-03-12 19:31:13,951 - INFO - 19      /100000     episodes | train score: -11.00 | train loss: 150273.95 | eps: 0.8997 | alpha: 0.8000 | beta: 0.2002
2024-03-12 19:31:14,207 - INFO - 20      /100000     episodes | train score: 6.00   | train loss: 240256.48 | eps: 0.8997 | alpha: 0.8000 | beta: 0.2002
2024-03-12 19:31:14,606 - INFO - avg test score: -2.00 
2024-03-12 19:31:14,809 - INFO - 21      /100000     episodes | train score: -3.00  | train loss: 306239.75 | eps: 0.8997 | alpha: 0.8000 | beta: 0.2002
2024-03-12 19:31:15,014 - INFO - 22      /100000     episodes | train score: -1.00  | train loss: 425587.00 | eps: 0.8997 | alpha: 0.8000 | beta: 0.2002
2024-03-12 19:31:15,216 - INFO - 23      /100000     episodes | train score: -12.00 | train loss: 609813.88 | eps: 0.8997 | alpha: 0.8000 | beta: 0.2002
2024-03-12 19:31:15,418 - INFO - 24      /100000     episodes | train score: -3.00  | train loss: 660142.81 | eps: 0.8997 | alpha: 0.8000 | beta: 0.2002
2024-03-12 19:31:15,619 - INFO - 25      /100000     episodes | train score: -1.00  | train loss: 981085.38 | eps: 0.8997 | alpha: 0.8000 | beta: 0.2002
2024-03-12 19:31:15,800 - INFO - 26      /100000     episodes | train score: 17.54  | train loss: 1276889.50 | eps: 0.8996 | alpha: 0.8001 | beta: 0.2002
2024-03-12 19:31:15,959 - INFO - 27      /100000     episodes | train score: -9.90  | train loss: 1128846.75 | eps: 0.8996 | alpha: 0.8001 | beta: 0.2002
2024-03-12 19:31:16,162 - INFO - 28      /100000     episodes | train score: -3.00  | train loss: 1322224.38 | eps: 0.8996 | alpha: 0.8001 | beta: 0.2002
2024-03-12 19:31:16,319 - INFO - 29      /100000     episodes | train score: 19.38  | train loss: 1630166.38 | eps: 0.8996 | alpha: 0.8001 | beta: 0.2002
2024-03-12 19:31:16,529 - INFO - 30      /100000     episodes | train score: -21.00 | train loss: 1527155.50 | eps: 0.8996 | alpha: 0.8001 | beta: 0.2002
2024-03-12 19:31:16,917 - INFO - avg test score: -2.00 
2024-03-12 19:31:17,095 - INFO - 31      /100000     episodes | train score: -0.34  | train loss: 1243210.25 | eps: 0.8996 | alpha: 0.8001 | beta: 0.2002
2024-03-12 19:31:17,298 - INFO - 32      /100000     episodes | train score: -11.00 | train loss: 1796166.12 | eps: 0.8996 | alpha: 0.8001 | beta: 0.2003
2024-03-12 19:31:17,512 - INFO - 33      /100000     episodes | train score: 17.24  | train loss: 1539242.25 | eps: 0.8995 | alpha: 0.8001 | beta: 0.2003
2024-03-12 19:31:17,717 - INFO - 34      /100000     episodes | train score: -13.00 | train loss: 1643140.50 | eps: 0.8995 | alpha: 0.8001 | beta: 0.2003
2024-03-12 19:31:17,930 - INFO - 35      /100000     episodes | train score: -2.00  | train loss: 2257916.75 | eps: 0.8995 | alpha: 0.8001 | beta: 0.2003
2024-03-12 19:31:18,137 - INFO - 36      /100000     episodes | train score: -2.00  | train loss: 2176142.50 | eps: 0.8995 | alpha: 0.8001 | beta: 0.2003
2024-03-12 19:31:18,341 - INFO - 37      /100000     episodes | train score: -11.00 | train loss: 2123439.00 | eps: 0.8995 | alpha: 0.8001 | beta: 0.2003
2024-03-12 19:31:18,510 - INFO - 38      /100000     episodes | train score: -10.18 | train loss: 2261586.50 | eps: 0.8995 | alpha: 0.8001 | beta: 0.2003
2024-03-12 19:31:18,688 - INFO - 39      /100000     episodes | train score: -0.24  | train loss: 2066726.00 | eps: 0.8995 | alpha: 0.8001 | beta: 0.2003
2024-03-12 19:31:18,894 - INFO - 40      /100000     episodes | train score: -2.00  | train loss: 2321179.25 | eps: 0.8994 | alpha: 0.8001 | beta: 0.2003
2024-03-12 19:31:19,256 - INFO - avg test score: -2.00 
2024-03-12 19:31:19,430 - INFO - 41      /100000     episodes | train score: -1.42  | train loss: 2733741.00 | eps: 0.8994 | alpha: 0.8001 | beta: 0.2003
2024-03-12 19:31:19,590 - INFO - 42      /100000     episodes | train score: -9.86  | train loss: 2505460.50 | eps: 0.8994 | alpha: 0.8001 | beta: 0.2003
2024-03-12 19:31:19,799 - INFO - 43      /100000     episodes | train score: -2.00  | train loss: 2128423.75 | eps: 0.8994 | alpha: 0.8001 | beta: 0.2003
2024-03-12 19:31:20,018 - INFO - 44      /100000     episodes | train score: -2.00  | train loss: 2740812.25 | eps: 0.8994 | alpha: 0.8001 | beta: 0.2004
2024-03-12 19:31:20,195 - INFO - 45      /100000     episodes | train score: 9.70   | train loss: 1895468.00 | eps: 0.8994 | alpha: 0.8001 | beta: 0.2004
2024-03-12 19:31:20,402 - INFO - 46      /100000     episodes | train score: -3.00  | train loss: 2997740.75 | eps: 0.8994 | alpha: 0.8001 | beta: 0.2004
2024-03-12 19:31:20,636 - INFO - 47      /100000     episodes | train score: -11.00 | train loss: 3767142.00 | eps: 0.8993 | alpha: 0.8001 | beta: 0.2004
2024-03-12 19:31:20,806 - INFO - 48      /100000     episodes | train score: 0.82   | train loss: 2541509.00 | eps: 0.8993 | alpha: 0.8001 | beta: 0.2004
2024-03-12 19:31:20,999 - INFO - 49      /100000     episodes | train score: -1.92  | train loss: 2827370.50 | eps: 0.8993 | alpha: 0.8001 | beta: 0.2004
2024-03-12 19:31:21,202 - INFO - 50      /100000     episodes | train score: 7.00   | train loss: 3140817.00 | eps: 0.8993 | alpha: 0.8001 | beta: 0.2004
2024-03-12 19:31:21,591 - INFO - avg test score: -2.00 
2024-03-12 19:31:21,789 - INFO - 51      /100000     episodes | train score: -2.00  | train loss: 3522238.50 | eps: 0.8993 | alpha: 0.8001 | beta: 0.2004
2024-03-12 19:31:21,987 - INFO - 52      /100000     episodes | train score: -2.00  | train loss: 3821690.75 | eps: 0.8993 | alpha: 0.8001 | beta: 0.2004
2024-03-12 19:31:22,188 - INFO - 53      /100000     episodes | train score: -12.00 | train loss: 3604152.00 | eps: 0.8993 | alpha: 0.8001 | beta: 0.2004
2024-03-12 19:31:22,359 - INFO - 54      /100000     episodes | train score: 7.76   | train loss: 2960657.75 | eps: 0.8992 | alpha: 0.8001 | beta: 0.2004
2024-03-12 19:31:22,562 - INFO - 55      /100000     episodes | train score: 7.00   | train loss: 2692190.50 | eps: 0.8992 | alpha: 0.8001 | beta: 0.2004
2024-03-12 19:31:22,761 - INFO - 56      /100000     episodes | train score: -11.00 | train loss: 3804556.75 | eps: 0.8992 | alpha: 0.8001 | beta: 0.2004
2024-03-12 19:31:22,975 - INFO - 57      /100000     episodes | train score: -21.00 | train loss: 2710916.00 | eps: 0.8992 | alpha: 0.8001 | beta: 0.2005
2024-03-12 19:31:23,166 - INFO - 58      /100000     episodes | train score: 8.44   | train loss: 2453077.50 | eps: 0.8992 | alpha: 0.8001 | beta: 0.2005
2024-03-12 19:31:23,378 - INFO - 59      /100000     episodes | train score: -1.00  | train loss: 3356425.50 | eps: 0.8992 | alpha: 0.8001 | beta: 0.2005
2024-03-12 19:31:23,574 - INFO - 60      /100000     episodes | train score: -0.30  | train loss: 2423224.00 | eps: 0.8992 | alpha: 0.8001 | beta: 0.2005
2024-03-12 19:31:23,982 - INFO - avg test score: -2.00 
2024-03-12 19:31:24,157 - INFO - 61      /100000     episodes | train score: 8.74   | train loss: 3499957.00 | eps: 0.8992 | alpha: 0.8001 | beta: 0.2005
2024-03-12 19:31:24,361 - INFO - 62      /100000     episodes | train score: 16.00  | train loss: 2692392.25 | eps: 0.8991 | alpha: 0.8001 | beta: 0.2005
2024-03-12 19:31:24,567 - INFO - 63      /100000     episodes | train score: -2.00  | train loss: 2478256.00 | eps: 0.8991 | alpha: 0.8001 | beta: 0.2005
2024-03-12 19:31:24,755 - INFO - 64      /100000     episodes | train score: -1.60  | train loss: 2602610.00 | eps: 0.8991 | alpha: 0.8001 | beta: 0.2005
2024-03-12 19:31:24,977 - INFO - 65      /100000     episodes | train score: -12.00 | train loss: 2793543.50 | eps: 0.8991 | alpha: 0.8001 | beta: 0.2005
2024-03-12 19:31:25,170 - INFO - 66      /100000     episodes | train score: 7.24   | train loss: 2605469.50 | eps: 0.8991 | alpha: 0.8001 | beta: 0.2005
2024-03-12 19:31:25,372 - INFO - 67      /100000     episodes | train score: 6.00   | train loss: 2580704.25 | eps: 0.8991 | alpha: 0.8001 | beta: 0.2005
2024-03-12 19:31:25,565 - INFO - 68      /100000     episodes | train score: 0.16   | train loss: 2907329.75 | eps: 0.8991 | alpha: 0.8001 | beta: 0.2005
2024-03-12 19:31:25,777 - INFO - 69      /100000     episodes | train score: -2.00  | train loss: 2883730.50 | eps: 0.8990 | alpha: 0.8001 | beta: 0.2006
2024-03-12 19:31:25,994 - INFO - 70      /100000     episodes | train score: -2.00  | train loss: 2831827.75 | eps: 0.8990 | alpha: 0.8001 | beta: 0.2006
2024-03-12 19:31:26,460 - INFO - avg test score: -2.00 
2024-03-12 19:31:26,709 - INFO - 71      /100000     episodes | train score: -9.90  | train loss: 3789709.25 | eps: 0.8990 | alpha: 0.8001 | beta: 0.2006
2024-03-12 19:31:26,965 - INFO - 72      /100000     episodes | train score: 6.00   | train loss: 3818682.25 | eps: 0.8990 | alpha: 0.8001 | beta: 0.2006
2024-03-12 19:31:27,221 - INFO - 73      /100000     episodes | train score: -3.00  | train loss: 4224890.50 | eps: 0.8990 | alpha: 0.8001 | beta: 0.2006
2024-03-12 19:31:27,470 - INFO - 74      /100000     episodes | train score: -0.78  | train loss: 3737094.00 | eps: 0.8990 | alpha: 0.8001 | beta: 0.2006
2024-03-12 19:31:27,727 - INFO - 75      /100000     episodes | train score: -3.00  | train loss: 3766091.50 | eps: 0.8990 | alpha: 0.8001 | beta: 0.2006
2024-03-12 19:31:27,985 - INFO - 76      /100000     episodes | train score: -2.00  | train loss: 3141794.50 | eps: 0.8989 | alpha: 0.8002 | beta: 0.2006
2024-03-12 19:31:28,245 - INFO - 77      /100000     episodes | train score: -21.00 | train loss: 3741681.50 | eps: 0.8989 | alpha: 0.8002 | beta: 0.2006
2024-03-12 19:31:28,503 - INFO - 78      /100000     episodes | train score: -11.00 | train loss: 3689812.25 | eps: 0.8989 | alpha: 0.8002 | beta: 0.2006
2024-03-12 19:31:28,724 - INFO - 79      /100000     episodes | train score: 17.78  | train loss: 3435648.50 | eps: 0.8989 | alpha: 0.8002 | beta: 0.2006
2024-03-12 19:31:28,980 - INFO - 80      /100000     episodes | train score: 7.00   | train loss: 3491039.25 | eps: 0.8989 | alpha: 0.8002 | beta: 0.2006
2024-03-12 19:31:29,379 - INFO - avg test score: -2.00 
2024-03-12 19:31:29,632 - INFO - 81      /100000     episodes | train score: -2.00  | train loss: 5148899.50 | eps: 0.8989 | alpha: 0.8002 | beta: 0.2006
2024-03-12 19:31:29,866 - INFO - 82      /100000     episodes | train score: 7.46   | train loss: 5197924.50 | eps: 0.8989 | alpha: 0.8002 | beta: 0.2007
2024-03-12 19:31:30,121 - INFO - 83      /100000     episodes | train score: -13.00 | train loss: 3455809.50 | eps: 0.8988 | alpha: 0.8002 | beta: 0.2007
2024-03-12 19:31:30,379 - INFO - 84      /100000     episodes | train score: -1.00  | train loss: 3024412.25 | eps: 0.8988 | alpha: 0.8002 | beta: 0.2007
2024-03-12 19:31:30,635 - INFO - 85      /100000     episodes | train score: 6.00   | train loss: 5489060.00 | eps: 0.8988 | alpha: 0.8002 | beta: 0.2007
2024-03-12 19:31:30,889 - INFO - 86      /100000     episodes | train score: 6.00   | train loss: 3179347.25 | eps: 0.8988 | alpha: 0.8002 | beta: 0.2007
2024-03-12 19:31:31,114 - INFO - 87      /100000     episodes | train score: -1.32  | train loss: 3644406.00 | eps: 0.8988 | alpha: 0.8002 | beta: 0.2007
2024-03-12 19:31:31,372 - INFO - 88      /100000     episodes | train score: -3.00  | train loss: 3905524.00 | eps: 0.8988 | alpha: 0.8002 | beta: 0.2007
2024-03-12 19:31:31,628 - INFO - 89      /100000     episodes | train score: -2.00  | train loss: 3287514.75 | eps: 0.8988 | alpha: 0.8002 | beta: 0.2007
2024-03-12 19:31:31,883 - INFO - 90      /100000     episodes | train score: -21.00 | train loss: 5039693.00 | eps: 0.8987 | alpha: 0.8002 | beta: 0.2007
2024-03-12 19:31:32,283 - INFO - avg test score: -2.00 
2024-03-12 19:31:32,514 - INFO - 91      /100000     episodes | train score: 16.56  | train loss: 4720752.00 | eps: 0.8987 | alpha: 0.8002 | beta: 0.2007
2024-03-12 19:31:32,723 - INFO - 92      /100000     episodes | train score: 9.04   | train loss: 3750528.75 | eps: 0.8987 | alpha: 0.8002 | beta: 0.2007
2024-03-12 19:31:32,979 - INFO - 93      /100000     episodes | train score: -11.00 | train loss: 5435329.50 | eps: 0.8987 | alpha: 0.8002 | beta: 0.2007
2024-03-12 19:31:33,204 - INFO - 94      /100000     episodes | train score: -10.34 | train loss: 4699754.00 | eps: 0.8987 | alpha: 0.8002 | beta: 0.2008
2024-03-12 19:31:33,461 - INFO - 95      /100000     episodes | train score: -2.00  | train loss: 3641466.75 | eps: 0.8987 | alpha: 0.8002 | beta: 0.2008
2024-03-12 19:31:33,717 - INFO - 96      /100000     episodes | train score: -11.00 | train loss: 5574492.00 | eps: 0.8987 | alpha: 0.8002 | beta: 0.2008
2024-03-12 19:31:33,972 - INFO - 97      /100000     episodes | train score: 15.00  | train loss: 3316903.50 | eps: 0.8986 | alpha: 0.8002 | beta: 0.2008
2024-03-12 19:31:34,227 - INFO - 98      /100000     episodes | train score: -2.00  | train loss: 3543337.50 | eps: 0.8986 | alpha: 0.8002 | beta: 0.2008
2024-03-12 19:31:34,481 - INFO - 99      /100000     episodes | train score: 8.00   | train loss: 3773438.50 | eps: 0.8986 | alpha: 0.8002 | beta: 0.2008
2024-03-12 19:31:34,741 - INFO - 100     /100000     episodes | train score: -21.00 | train loss: 5179105.00 | eps: 0.8986 | alpha: 0.8002 | beta: 0.2008
2024-03-12 19:31:35,135 - INFO - avg test score: -2.00 
2024-03-12 19:31:35,388 - INFO - 101     /100000     episodes | train score: -12.00 | train loss: 6514174.00 | eps: 0.8986 | alpha: 0.8002 | beta: 0.2008
2024-03-12 19:31:35,643 - INFO - 102     /100000     episodes | train score: -21.00 | train loss: 7468865.00 | eps: 0.8986 | alpha: 0.8002 | beta: 0.2008
2024-03-12 19:31:35,897 - INFO - 103     /100000     episodes | train score: -11.00 | train loss: 4589403.00 | eps: 0.8986 | alpha: 0.8002 | beta: 0.2008
2024-03-12 19:31:36,153 - INFO - 104     /100000     episodes | train score: 7.00   | train loss: 8023753.00 | eps: 0.8985 | alpha: 0.8002 | beta: 0.2008
2024-03-12 19:31:36,414 - INFO - 105     /100000     episodes | train score: -21.00 | train loss: 6578526.00 | eps: 0.8985 | alpha: 0.8002 | beta: 0.2008
2024-03-12 19:31:36,670 - INFO - 106     /100000     episodes | train score: -2.00  | train loss: 6697540.00 | eps: 0.8985 | alpha: 0.8002 | beta: 0.2008
2024-03-12 19:31:36,926 - INFO - 107     /100000     episodes | train score: -21.00 | train loss: 6625506.00 | eps: 0.8985 | alpha: 0.8002 | beta: 0.2009
2024-03-12 19:31:37,138 - INFO - 108     /100000     episodes | train score: 9.96   | train loss: 9906315.00 | eps: 0.8985 | alpha: 0.8002 | beta: 0.2009
2024-03-12 19:31:37,392 - INFO - 109     /100000     episodes | train score: -2.00  | train loss: 4791879.50 | eps: 0.8985 | alpha: 0.8002 | beta: 0.2009
2024-03-12 19:31:37,646 - INFO - 110     /100000     episodes | train score: -11.00 | train loss: 7941062.50 | eps: 0.8985 | alpha: 0.8002 | beta: 0.2009
2024-03-12 19:31:38,047 - INFO - avg test score: -2.00 
2024-03-12 19:31:38,293 - INFO - 111     /100000     episodes | train score: 8.16   | train loss: 7176694.50 | eps: 0.8984 | alpha: 0.8002 | beta: 0.2009
2024-03-12 19:31:38,551 - INFO - 112     /100000     episodes | train score: 7.00   | train loss: 6292110.00 | eps: 0.8984 | alpha: 0.8002 | beta: 0.2009
2024-03-12 19:31:38,805 - INFO - 113     /100000     episodes | train score: 7.00   | train loss: 8454575.00 | eps: 0.8984 | alpha: 0.8002 | beta: 0.2009
2024-03-12 19:31:39,031 - INFO - 114     /100000     episodes | train score: -1.36  | train loss: 5830343.00 | eps: 0.8984 | alpha: 0.8002 | beta: 0.2009
2024-03-12 19:31:39,286 - INFO - 115     /100000     episodes | train score: -3.00  | train loss: 8225967.00 | eps: 0.8984 | alpha: 0.8002 | beta: 0.2009
2024-03-12 19:31:39,497 - INFO - 116     /100000     episodes | train score: -10.02 | train loss: 7470434.50 | eps: 0.8984 | alpha: 0.8002 | beta: 0.2009
2024-03-12 19:31:39,754 - INFO - 117     /100000     episodes | train score: -1.00  | train loss: 6306964.50 | eps: 0.8984 | alpha: 0.8002 | beta: 0.2009
2024-03-12 19:31:39,964 - INFO - 118     /100000     episodes | train score: 9.08   | train loss: 8078777.00 | eps: 0.8983 | alpha: 0.8002 | beta: 0.2009
2024-03-12 19:31:40,220 - INFO - 119     /100000     episodes | train score: -12.00 | train loss: 8188709.00 | eps: 0.8983 | alpha: 0.8002 | beta: 0.2010
2024-03-12 19:31:40,478 - INFO - 120     /100000     episodes | train score: -2.00  | train loss: 9449830.00 | eps: 0.8983 | alpha: 0.8002 | beta: 0.2010
2024-03-12 19:31:40,877 - INFO - avg test score: -2.00 
2024-03-12 19:31:41,118 - INFO - 121     /100000     episodes | train score: 8.32   | train loss: 5838948.50 | eps: 0.8983 | alpha: 0.8002 | beta: 0.2010
2024-03-12 19:31:41,376 - INFO - 122     /100000     episodes | train score: -10.00 | train loss: 9992783.00 | eps: 0.8983 | alpha: 0.8002 | beta: 0.2010
2024-03-12 19:31:41,621 - INFO - 123     /100000     episodes | train score: -1.72  | train loss: 6594932.00 | eps: 0.8983 | alpha: 0.8002 | beta: 0.2010
2024-03-12 19:31:41,877 - INFO - 124     /100000     episodes | train score: -2.00  | train loss: 6225039.00 | eps: 0.8983 | alpha: 0.8002 | beta: 0.2010
2024-03-12 19:31:42,130 - INFO - 125     /100000     episodes | train score: -14.00 | train loss: 5627850.00 | eps: 0.8982 | alpha: 0.8002 | beta: 0.2010
2024-03-12 19:31:42,384 - INFO - 126     /100000     episodes | train score: -11.00 | train loss: 5221463.00 | eps: 0.8982 | alpha: 0.8003 | beta: 0.2010
2024-03-12 19:31:42,640 - INFO - 127     /100000     episodes | train score: -11.00 | train loss: 9020758.00 | eps: 0.8982 | alpha: 0.8003 | beta: 0.2010
2024-03-12 19:31:42,876 - INFO - 128     /100000     episodes | train score: 8.38   | train loss: 6260660.00 | eps: 0.8982 | alpha: 0.8003 | beta: 0.2010
2024-03-12 19:31:43,116 - INFO - 129     /100000     episodes | train score: 8.42   | train loss: 6742657.00 | eps: 0.8982 | alpha: 0.8003 | beta: 0.2010
2024-03-12 19:31:43,345 - INFO - 130     /100000     episodes | train score: -0.42  | train loss: 7215795.50 | eps: 0.8982 | alpha: 0.8003 | beta: 0.2010
2024-03-12 19:31:43,759 - INFO - avg test score: -2.00 
2024-03-12 19:31:44,013 - INFO - 131     /100000     episodes | train score: -3.00  | train loss: 10990589.00 | eps: 0.8982 | alpha: 0.8003 | beta: 0.2010
2024-03-12 19:31:44,261 - INFO - 132     /100000     episodes | train score: -10.82 | train loss: 9653967.00 | eps: 0.8981 | alpha: 0.8003 | beta: 0.2011
2024-03-12 19:31:44,515 - INFO - 133     /100000     episodes | train score: -21.00 | train loss: 15143973.00 | eps: 0.8981 | alpha: 0.8003 | beta: 0.2011
2024-03-12 19:31:44,765 - INFO - 134     /100000     episodes | train score: 9.30   | train loss: 10966835.00 | eps: 0.8981 | alpha: 0.8003 | beta: 0.2011
2024-03-12 19:31:45,019 - INFO - 135     /100000     episodes | train score: -1.94  | train loss: 8235000.00 | eps: 0.8981 | alpha: 0.8003 | beta: 0.2011
2024-03-12 19:31:45,277 - INFO - 136     /100000     episodes | train score: -12.00 | train loss: 9576889.00 | eps: 0.8981 | alpha: 0.8003 | beta: 0.2011
2024-03-12 19:31:45,535 - INFO - 137     /100000     episodes | train score: -1.00  | train loss: 7339885.00 | eps: 0.8981 | alpha: 0.8003 | beta: 0.2011
2024-03-12 19:31:45,772 - INFO - 138     /100000     episodes | train score: 27.40  | train loss: 9004572.00 | eps: 0.8981 | alpha: 0.8003 | beta: 0.2011
2024-03-12 19:31:46,027 - INFO - 139     /100000     episodes | train score: -2.00  | train loss: 7124288.00 | eps: 0.8980 | alpha: 0.8003 | beta: 0.2011
2024-03-12 19:31:46,297 - INFO - 140     /100000     episodes | train score: -3.00  | train loss: 10103810.00 | eps: 0.8980 | alpha: 0.8003 | beta: 0.2011
2024-03-12 19:31:46,694 - INFO - avg test score: -2.00 
2024-03-12 19:31:46,950 - INFO - 141     /100000     episodes | train score: 8.00   | train loss: 8879793.00 | eps: 0.8980 | alpha: 0.8003 | beta: 0.2011
2024-03-12 19:31:47,200 - INFO - 142     /100000     episodes | train score: -1.90  | train loss: 8383196.50 | eps: 0.8980 | alpha: 0.8003 | beta: 0.2011
2024-03-12 19:31:47,458 - INFO - 143     /100000     episodes | train score: -11.00 | train loss: 13159588.00 | eps: 0.8980 | alpha: 0.8003 | beta: 0.2011
2024-03-12 19:31:47,680 - INFO - 144     /100000     episodes | train score: -0.26  | train loss: 11019698.00 | eps: 0.8980 | alpha: 0.8003 | beta: 0.2012
2024-03-12 19:31:47,935 - INFO - 145     /100000     episodes | train score: -3.00  | train loss: 11746786.00 | eps: 0.8980 | alpha: 0.8003 | beta: 0.2012
2024-03-12 19:31:48,191 - INFO - 146     /100000     episodes | train score: -11.00 | train loss: 13575320.00 | eps: 0.8979 | alpha: 0.8003 | beta: 0.2012
2024-03-12 19:31:48,428 - INFO - 147     /100000     episodes | train score: -9.60  | train loss: 12696802.00 | eps: 0.8979 | alpha: 0.8003 | beta: 0.2012
2024-03-12 19:31:48,685 - INFO - 148     /100000     episodes | train score: -1.00  | train loss: 12124617.00 | eps: 0.8979 | alpha: 0.8003 | beta: 0.2012
2024-03-12 19:31:48,898 - INFO - 149     /100000     episodes | train score: -1.10  | train loss: 12252732.00 | eps: 0.8979 | alpha: 0.8003 | beta: 0.2012
2024-03-12 19:31:49,142 - INFO - 150     /100000     episodes | train score: 7.24   | train loss: 18830006.00 | eps: 0.8979 | alpha: 0.8003 | beta: 0.2012
2024-03-12 19:31:49,531 - INFO - avg test score: -2.00 
2024-03-12 19:31:49,788 - INFO - 151     /100000     episodes | train score: -3.00  | train loss: 13904542.00 | eps: 0.8979 | alpha: 0.8003 | beta: 0.2012
2024-03-12 19:31:50,007 - INFO - 152     /100000     episodes | train score: -0.12  | train loss: 17176184.00 | eps: 0.8979 | alpha: 0.8003 | beta: 0.2012
2024-03-12 19:31:50,224 - INFO - 153     /100000     episodes | train score: -9.08  | train loss: 14374024.00 | eps: 0.8978 | alpha: 0.8003 | beta: 0.2012
2024-03-12 19:31:50,464 - INFO - 154     /100000     episodes | train score: -10.60 | train loss: 16579400.00 | eps: 0.8978 | alpha: 0.8003 | beta: 0.2012
2024-03-12 19:31:50,709 - INFO - 155     /100000     episodes | train score: -1.64  | train loss: 20600832.00 | eps: 0.8978 | alpha: 0.8003 | beta: 0.2012
2024-03-12 19:31:50,971 - INFO - 156     /100000     episodes | train score: -12.00 | train loss: 14895608.00 | eps: 0.8978 | alpha: 0.8003 | beta: 0.2012
2024-03-12 19:31:51,213 - INFO - 157     /100000     episodes | train score: 16.40  | train loss: 14250524.00 | eps: 0.8978 | alpha: 0.8003 | beta: 0.2013
2024-03-12 19:31:51,470 - INFO - 158     /100000     episodes | train score: -11.00 | train loss: 18169804.00 | eps: 0.8978 | alpha: 0.8003 | beta: 0.2013
2024-03-12 19:31:51,713 - INFO - 159     /100000     episodes | train score: 7.36   | train loss: 35275248.00 | eps: 0.8978 | alpha: 0.8003 | beta: 0.2013
2024-03-12 19:31:51,977 - INFO - 160     /100000     episodes | train score: 7.00   | train loss: 20677562.00 | eps: 0.8977 | alpha: 0.8003 | beta: 0.2013
2024-03-12 19:31:52,395 - INFO - avg test score: -2.00 
2024-03-12 19:31:52,601 - INFO - 161     /100000     episodes | train score: -13.00 | train loss: 23935688.00 | eps: 0.8977 | alpha: 0.8003 | beta: 0.2013
2024-03-12 19:31:52,780 - INFO - 162     /100000     episodes | train score: 8.80   | train loss: 24475404.00 | eps: 0.8977 | alpha: 0.8003 | beta: 0.2013
2024-03-12 19:31:52,984 - INFO - 163     /100000     episodes | train score: -12.00 | train loss: 25130168.00 | eps: 0.8977 | alpha: 0.8003 | beta: 0.2013
2024-03-12 19:31:53,170 - INFO - 164     /100000     episodes | train score: -1.58  | train loss: 27814346.00 | eps: 0.8977 | alpha: 0.8003 | beta: 0.2013
2024-03-12 19:31:53,351 - INFO - 165     /100000     episodes | train score: 8.56   | train loss: 25997776.00 | eps: 0.8977 | alpha: 0.8003 | beta: 0.2013
2024-03-12 19:31:53,517 - INFO - 166     /100000     episodes | train score: 26.90  | train loss: 45931120.00 | eps: 0.8977 | alpha: 0.8003 | beta: 0.2013
2024-03-12 19:31:53,719 - INFO - 167     /100000     episodes | train score: -2.00  | train loss: 45650396.00 | eps: 0.8976 | alpha: 0.8003 | beta: 0.2013
2024-03-12 19:31:53,918 - INFO - 168     /100000     episodes | train score: -3.00  | train loss: 44796280.00 | eps: 0.8976 | alpha: 0.8003 | beta: 0.2013
2024-03-12 19:31:54,099 - INFO - 169     /100000     episodes | train score: -1.42  | train loss: 44099764.00 | eps: 0.8976 | alpha: 0.8003 | beta: 0.2014
2024-03-12 19:31:54,302 - INFO - 170     /100000     episodes | train score: 7.00   | train loss: 37512388.00 | eps: 0.8976 | alpha: 0.8003 | beta: 0.2014
2024-03-12 19:31:54,672 - INFO - avg test score: -2.00 
2024-03-12 19:31:54,867 - INFO - 171     /100000     episodes | train score: -3.00  | train loss: 59048576.00 | eps: 0.8976 | alpha: 0.8003 | beta: 0.2014
2024-03-12 19:31:55,066 - INFO - 172     /100000     episodes | train score: -3.00  | train loss: 41043548.00 | eps: 0.8976 | alpha: 0.8003 | beta: 0.2014
2024-03-12 19:31:55,267 - INFO - 173     /100000     episodes | train score: -3.00  | train loss: 35288116.00 | eps: 0.8976 | alpha: 0.8003 | beta: 0.2014
2024-03-12 19:31:55,465 - INFO - 174     /100000     episodes | train score: -3.00  | train loss: 45287764.00 | eps: 0.8975 | alpha: 0.8003 | beta: 0.2014
2024-03-12 19:31:55,629 - INFO - 175     /100000     episodes | train score: 17.94  | train loss: 53320096.00 | eps: 0.8975 | alpha: 0.8003 | beta: 0.2014
2024-03-12 19:31:55,809 - INFO - 176     /100000     episodes | train score: 7.46   | train loss: 44291268.00 | eps: 0.8975 | alpha: 0.8004 | beta: 0.2014
2024-03-12 19:31:55,995 - INFO - 177     /100000     episodes | train score: -10.66 | train loss: 47695904.00 | eps: 0.8975 | alpha: 0.8004 | beta: 0.2014
2024-03-12 19:31:56,190 - INFO - 178     /100000     episodes | train score: -2.00  | train loss: 50896656.00 | eps: 0.8975 | alpha: 0.8004 | beta: 0.2014
2024-03-12 19:31:56,392 - INFO - 179     /100000     episodes | train score: 7.64   | train loss: 47372112.00 | eps: 0.8975 | alpha: 0.8004 | beta: 0.2014
2024-03-12 19:31:56,698 - INFO - 180     /100000     episodes | train score: -3.00  | train loss: 48808228.00 | eps: 0.8975 | alpha: 0.8004 | beta: 0.2014
2024-03-12 19:31:57,170 - INFO - avg test score: -2.00 
2024-03-12 19:31:57,337 - INFO - 181     /100000     episodes | train score: 7.74   | train loss: 69238736.00 | eps: 0.8974 | alpha: 0.8004 | beta: 0.2014
2024-03-12 19:31:57,535 - INFO - 182     /100000     episodes | train score: -2.00  | train loss: 57405896.00 | eps: 0.8974 | alpha: 0.8004 | beta: 0.2015
2024-03-12 19:31:57,730 - INFO - 183     /100000     episodes | train score: -18.90 | train loss: 42927464.00 | eps: 0.8974 | alpha: 0.8004 | beta: 0.2015
2024-03-12 19:31:57,930 - INFO - 184     /100000     episodes | train score: -22.00 | train loss: 65748660.00 | eps: 0.8974 | alpha: 0.8004 | beta: 0.2015
2024-03-12 19:31:58,089 - INFO - 185     /100000     episodes | train score: 1.20   | train loss: 63470232.00 | eps: 0.8974 | alpha: 0.8004 | beta: 0.2015
2024-03-12 19:31:58,280 - INFO - 186     /100000     episodes | train score: 16.12  | train loss: 46001452.00 | eps: 0.8974 | alpha: 0.8004 | beta: 0.2015
2024-03-12 19:31:58,452 - INFO - 187     /100000     episodes | train score: -1.34  | train loss: 36551100.00 | eps: 0.8974 | alpha: 0.8004 | beta: 0.2015
2024-03-12 19:31:58,647 - INFO - 188     /100000     episodes | train score: -2.00  | train loss: 42078468.00 | eps: 0.8974 | alpha: 0.8004 | beta: 0.2015
2024-03-12 19:31:58,843 - INFO - 189     /100000     episodes | train score: -12.00 | train loss: 80794632.00 | eps: 0.8973 | alpha: 0.8004 | beta: 0.2015
2024-03-12 19:31:59,039 - INFO - 190     /100000     episodes | train score: -3.00  | train loss: 47327924.00 | eps: 0.8973 | alpha: 0.8004 | beta: 0.2015
2024-03-12 19:31:59,409 - INFO - avg test score: -2.00 
2024-03-12 19:31:59,575 - INFO - 191     /100000     episodes | train score: -10.22 | train loss: 66291808.00 | eps: 0.8973 | alpha: 0.8004 | beta: 0.2015
2024-03-12 19:31:59,768 - INFO - 192     /100000     episodes | train score: 8.08   | train loss: 95871128.00 | eps: 0.8973 | alpha: 0.8004 | beta: 0.2015
2024-03-12 19:31:59,963 - INFO - 193     /100000     episodes | train score: -12.00 | train loss: 68799680.00 | eps: 0.8973 | alpha: 0.8004 | beta: 0.2015
2024-03-12 19:32:00,160 - INFO - 194     /100000     episodes | train score: -12.00 | train loss: 68939040.00 | eps: 0.8973 | alpha: 0.8004 | beta: 0.2016
2024-03-12 19:32:00,359 - INFO - 195     /100000     episodes | train score: -2.00  | train loss: 131834752.00 | eps: 0.8973 | alpha: 0.8004 | beta: 0.2016
2024-03-12 19:32:00,566 - INFO - 196     /100000     episodes | train score: -2.00  | train loss: 101809040.00 | eps: 0.8972 | alpha: 0.8004 | beta: 0.2016
2024-03-12 19:32:00,757 - INFO - 197     /100000     episodes | train score: -1.76  | train loss: 83895520.00 | eps: 0.8972 | alpha: 0.8004 | beta: 0.2016
2024-03-12 19:32:00,932 - INFO - 198     /100000     episodes | train score: -1.44  | train loss: 95216192.00 | eps: 0.8972 | alpha: 0.8004 | beta: 0.2016
2024-03-12 19:32:01,128 - INFO - 199     /100000     episodes | train score: -12.00 | train loss: 128231048.00 | eps: 0.8972 | alpha: 0.8004 | beta: 0.2016
2024-03-12 19:32:01,328 - INFO - 200     /100000     episodes | train score: -12.00 | train loss: 100972304.00 | eps: 0.8972 | alpha: 0.8004 | beta: 0.2016
2024-03-12 19:32:01,688 - INFO - avg test score: -2.00 
2024-03-12 19:32:01,882 - INFO - 201     /100000     episodes | train score: -21.00 | train loss: 98503480.00 | eps: 0.8972 | alpha: 0.8004 | beta: 0.2016
2024-03-12 19:32:02,043 - INFO - 202     /100000     episodes | train score: -0.94  | train loss: 114271360.00 | eps: 0.8972 | alpha: 0.8004 | beta: 0.2016
2024-03-12 19:32:02,238 - INFO - 203     /100000     episodes | train score: -1.00  | train loss: 86123712.00 | eps: 0.8971 | alpha: 0.8004 | beta: 0.2016
2024-03-12 19:32:02,399 - INFO - 204     /100000     episodes | train score: 8.94   | train loss: 149351488.00 | eps: 0.8971 | alpha: 0.8004 | beta: 0.2016
2024-03-12 19:32:02,602 - INFO - 205     /100000     episodes | train score: -3.00  | train loss: 111818696.00 | eps: 0.8971 | alpha: 0.8004 | beta: 0.2016
2024-03-12 19:32:02,799 - INFO - 206     /100000     episodes | train score: -21.00 | train loss: 105166872.00 | eps: 0.8971 | alpha: 0.8004 | beta: 0.2016
2024-03-12 19:32:02,972 - INFO - 207     /100000     episodes | train score: 18.80  | train loss: 101708704.00 | eps: 0.8971 | alpha: 0.8004 | beta: 0.2017
2024-03-12 19:32:03,169 - INFO - 208     /100000     episodes | train score: -21.00 | train loss: 160627232.00 | eps: 0.8971 | alpha: 0.8004 | beta: 0.2017
2024-03-12 19:32:03,366 - INFO - 209     /100000     episodes | train score: -20.00 | train loss: 74198016.00 | eps: 0.8971 | alpha: 0.8004 | beta: 0.2017
2024-03-12 19:32:03,543 - INFO - 210     /100000     episodes | train score: -10.46 | train loss: 75123512.00 | eps: 0.8970 | alpha: 0.8004 | beta: 0.2017
2024-03-12 19:32:03,903 - INFO - avg test score: -2.00 
2024-03-12 19:32:04,098 - INFO - 211     /100000     episodes | train score: -3.00  | train loss: 133166112.00 | eps: 0.8970 | alpha: 0.8004 | beta: 0.2017
2024-03-12 19:32:04,294 - INFO - 212     /100000     episodes | train score: -2.00  | train loss: 142064192.00 | eps: 0.8970 | alpha: 0.8004 | beta: 0.2017
2024-03-12 19:32:04,451 - INFO - 213     /100000     episodes | train score: 18.06  | train loss: 119687856.00 | eps: 0.8970 | alpha: 0.8004 | beta: 0.2017
2024-03-12 19:32:04,653 - INFO - 214     /100000     episodes | train score: -3.00  | train loss: 115827952.00 | eps: 0.8970 | alpha: 0.8004 | beta: 0.2017
2024-03-12 19:32:04,850 - INFO - 215     /100000     episodes | train score: -12.00 | train loss: 178355440.00 | eps: 0.8970 | alpha: 0.8004 | beta: 0.2017
2024-03-12 19:32:05,046 - INFO - 216     /100000     episodes | train score: -1.60  | train loss: 162988320.00 | eps: 0.8970 | alpha: 0.8004 | beta: 0.2017
2024-03-12 19:32:05,246 - INFO - 217     /100000     episodes | train score: 7.00   | train loss: 199438272.00 | eps: 0.8969 | alpha: 0.8004 | beta: 0.2017
2024-03-12 19:32:05,442 - INFO - 218     /100000     episodes | train score: -11.00 | train loss: 248654688.00 | eps: 0.8969 | alpha: 0.8004 | beta: 0.2017
2024-03-12 19:32:05,637 - INFO - 219     /100000     episodes | train score: 6.00   | train loss: 171154464.00 | eps: 0.8969 | alpha: 0.8004 | beta: 0.2018
2024-03-12 19:32:05,819 - INFO - 220     /100000     episodes | train score: -0.48  | train loss: 156949760.00 | eps: 0.8969 | alpha: 0.8004 | beta: 0.2018
2024-03-12 19:32:06,191 - INFO - avg test score: -2.00 
2024-03-12 19:32:06,611 - INFO - 221     /100000     episodes | train score: -3.00  | train loss: 261168848.00 | eps: 0.8969 | alpha: 0.8004 | beta: 0.2018
2024-03-12 19:32:06,801 - INFO - 222     /100000     episodes | train score: 7.28   | train loss: 256941856.00 | eps: 0.8969 | alpha: 0.8004 | beta: 0.2018
2024-03-12 19:32:07,003 - INFO - 223     /100000     episodes | train score: -21.00 | train loss: 216513296.00 | eps: 0.8969 | alpha: 0.8004 | beta: 0.2018
2024-03-12 19:32:07,204 - INFO - 224     /100000     episodes | train score: -2.00  | train loss: 234106112.00 | eps: 0.8968 | alpha: 0.8004 | beta: 0.2018
2024-03-12 19:32:07,414 - INFO - 225     /100000     episodes | train score: 16.00  | train loss: 217168784.00 | eps: 0.8968 | alpha: 0.8004 | beta: 0.2018
2024-03-12 19:32:07,627 - INFO - 226     /100000     episodes | train score: -12.00 | train loss: 236365296.00 | eps: 0.8968 | alpha: 0.8005 | beta: 0.2018
2024-03-12 19:32:07,835 - INFO - 227     /100000     episodes | train score: -2.00  | train loss: 251680384.00 | eps: 0.8968 | alpha: 0.8005 | beta: 0.2018
2024-03-12 19:32:08,041 - INFO - 228     /100000     episodes | train score: 6.00   | train loss: 267383008.00 | eps: 0.8968 | alpha: 0.8005 | beta: 0.2018
2024-03-12 19:32:08,261 - INFO - 229     /100000     episodes | train score: -3.00  | train loss: 224063312.00 | eps: 0.8968 | alpha: 0.8005 | beta: 0.2018
2024-03-12 19:32:08,472 - INFO - 230     /100000     episodes | train score: -12.00 | train loss: 283428032.00 | eps: 0.8968 | alpha: 0.8005 | beta: 0.2018
2024-03-12 19:32:08,899 - INFO - avg test score: -2.00 
2024-03-12 19:32:09,109 - INFO - 231     /100000     episodes | train score: -12.00 | train loss: 290546176.00 | eps: 0.8967 | alpha: 0.8005 | beta: 0.2018
2024-03-12 19:32:09,317 - INFO - 232     /100000     episodes | train score: -11.00 | train loss: 322685120.00 | eps: 0.8967 | alpha: 0.8005 | beta: 0.2019
2024-03-12 19:32:09,525 - INFO - 233     /100000     episodes | train score: -1.96  | train loss: 309064832.00 | eps: 0.8967 | alpha: 0.8005 | beta: 0.2019
2024-03-12 19:32:09,725 - INFO - 234     /100000     episodes | train score: -0.92  | train loss: 330190752.00 | eps: 0.8967 | alpha: 0.8005 | beta: 0.2019
2024-03-12 19:32:09,932 - INFO - 235     /100000     episodes | train score: 16.06  | train loss: 261694144.00 | eps: 0.8967 | alpha: 0.8005 | beta: 0.2019
2024-03-12 19:32:10,103 - INFO - 236     /100000     episodes | train score: -10.12 | train loss: 423574304.00 | eps: 0.8967 | alpha: 0.8005 | beta: 0.2019
2024-03-12 19:32:10,307 - INFO - 237     /100000     episodes | train score: -12.00 | train loss: 294650656.00 | eps: 0.8967 | alpha: 0.8005 | beta: 0.2019
2024-03-12 19:32:10,513 - INFO - 238     /100000     episodes | train score: -2.00  | train loss: 300779168.00 | eps: 0.8966 | alpha: 0.8005 | beta: 0.2019
2024-03-12 19:32:10,726 - INFO - 239     /100000     episodes | train score: -11.00 | train loss: 433944672.00 | eps: 0.8966 | alpha: 0.8005 | beta: 0.2019
2024-03-12 19:32:10,946 - INFO - 240     /100000     episodes | train score: 9.00   | train loss: 446078016.00 | eps: 0.8966 | alpha: 0.8005 | beta: 0.2019
2024-03-12 19:32:11,336 - INFO - avg test score: -2.00 
2024-03-12 19:32:11,546 - INFO - 241     /100000     episodes | train score: 7.32   | train loss: 480567520.00 | eps: 0.8966 | alpha: 0.8005 | beta: 0.2019
2024-03-12 19:32:11,756 - INFO - 242     /100000     episodes | train score: -3.00  | train loss: 505904512.00 | eps: 0.8966 | alpha: 0.8005 | beta: 0.2019
2024-03-12 19:32:11,981 - INFO - 243     /100000     episodes | train score: 7.18   | train loss: 507039840.00 | eps: 0.8966 | alpha: 0.8005 | beta: 0.2019
2024-03-12 19:32:12,181 - INFO - 244     /100000     episodes | train score: -12.00 | train loss: 386280416.00 | eps: 0.8966 | alpha: 0.8005 | beta: 0.2020
2024-03-12 19:32:12,354 - INFO - 245     /100000     episodes | train score: 17.78  | train loss: 650013824.00 | eps: 0.8965 | alpha: 0.8005 | beta: 0.2020
2024-03-12 19:32:12,554 - INFO - 246     /100000     episodes | train score: -3.00  | train loss: 680624000.00 | eps: 0.8965 | alpha: 0.8005 | beta: 0.2020
2024-03-12 19:32:12,744 - INFO - 247     /100000     episodes | train score: -9.80  | train loss: 583310016.00 | eps: 0.8965 | alpha: 0.8005 | beta: 0.2020
2024-03-12 19:32:12,901 - INFO - 248     /100000     episodes | train score: -9.74  | train loss: 746795520.00 | eps: 0.8965 | alpha: 0.8005 | beta: 0.2020
2024-03-12 19:32:13,084 - INFO - 249     /100000     episodes | train score: 8.50   | train loss: 498583616.00 | eps: 0.8965 | alpha: 0.8005 | beta: 0.2020
2024-03-12 19:32:13,282 - INFO - 250     /100000     episodes | train score: 16.10  | train loss: 380323008.00 | eps: 0.8965 | alpha: 0.8005 | beta: 0.2020
2024-03-12 19:32:13,645 - INFO - avg test score: -2.00 
2024-03-12 19:32:13,818 - INFO - 251     /100000     episodes | train score: -10.36 | train loss: 909965952.00 | eps: 0.8965 | alpha: 0.8005 | beta: 0.2020
2024-03-12 19:32:14,037 - INFO - 252     /100000     episodes | train score: -12.00 | train loss: 595191680.00 | eps: 0.8964 | alpha: 0.8005 | beta: 0.2020
2024-03-12 19:32:14,238 - INFO - 253     /100000     episodes | train score: -2.00  | train loss: 513454752.00 | eps: 0.8964 | alpha: 0.8005 | beta: 0.2020
2024-03-12 19:32:14,429 - INFO - 254     /100000     episodes | train score: 8.64   | train loss: 494375104.00 | eps: 0.8964 | alpha: 0.8005 | beta: 0.2020
2024-03-12 19:32:14,692 - INFO - 255     /100000     episodes | train score: -21.00 | train loss: 558959552.00 | eps: 0.8964 | alpha: 0.8005 | beta: 0.2020
2024-03-12 19:32:14,896 - INFO - 256     /100000     episodes | train score: -2.00  | train loss: 760916800.00 | eps: 0.8964 | alpha: 0.8005 | beta: 0.2020
2024-03-12 19:32:15,092 - INFO - 257     /100000     episodes | train score: -12.00 | train loss: 664033536.00 | eps: 0.8964 | alpha: 0.8005 | beta: 0.2021
2024-03-12 19:32:15,294 - INFO - 258     /100000     episodes | train score: -1.00  | train loss: 793894976.00 | eps: 0.8964 | alpha: 0.8005 | beta: 0.2021
2024-03-12 19:32:15,486 - INFO - 259     /100000     episodes | train score: -30.00 | train loss: 657135936.00 | eps: 0.8963 | alpha: 0.8005 | beta: 0.2021
2024-03-12 19:32:15,680 - INFO - 260     /100000     episodes | train score: -2.00  | train loss: 569895360.00 | eps: 0.8963 | alpha: 0.8005 | beta: 0.2021
2024-03-12 19:32:16,045 - INFO - avg test score: -2.00 
