2024-03-09 14:09:54,949 - INFO - ============================================================
2024-03-09 14:09:54,949 - INFO - use_wandb                     | False
2024-03-09 14:09:54,949 - INFO - entity_name                   | singfor7012
2024-03-09 14:09:54,949 - INFO - env_name                      | ma_gym:Checkers-v0
2024-03-09 14:09:54,949 - INFO - experiment_name               | junk
2024-03-09 14:09:54,949 - INFO - use_cuda                      | False
2024-03-09 14:09:54,949 - INFO - n_training_threads            | 12
2024-03-09 14:09:54,949 - INFO - use_render                    | False
2024-03-09 14:09:54,949 - INFO - use_time_sleep                | False
2024-03-09 14:09:54,949 - INFO - sleep_second                  | 0.5
2024-03-09 14:09:54,949 - INFO - seed                          | 42
2024-03-09 14:09:54,950 - INFO - fix_seed                      | True
2024-03-09 14:09:54,950 - INFO - epsilon_anneal_episode        | 60000
2024-03-09 14:09:54,950 - INFO - max_epsilon                   | 0.9
2024-03-09 14:09:54,950 - INFO - min_epsilon                   | 0.05
2024-03-09 14:09:54,950 - INFO - lr                            | 0.001
2024-03-09 14:09:54,950 - INFO - gamma                         | 0.99
2024-03-09 14:09:54,950 - INFO - batch_size                    | 32
2024-03-09 14:09:54,950 - INFO - max_episodes                  | 100000
2024-03-09 14:09:54,950 - INFO - max_step                      | 100
2024-03-09 14:09:54,950 - INFO - step_cost                     | -0.01
2024-03-09 14:09:54,950 - INFO - chunk_size                    | 10
2024-03-09 14:09:54,950 - INFO - update_iter                   | 10
2024-03-09 14:09:54,950 - INFO - update_target_interval        | 20
2024-03-09 14:09:54,950 - INFO - grad_clip_norm                | 5
2024-03-09 14:09:54,950 - INFO - target_setting                | double_dqn
2024-03-09 14:09:54,950 - INFO - action_network                | q_net
2024-03-09 14:09:54,950 - INFO - use_recurrent                 | True
2024-03-09 14:09:54,950 - INFO - test_interval                 | 10
2024-03-09 14:09:54,950 - INFO - test_episodes                 | 10
2024-03-09 14:09:54,950 - INFO - buffer_limit                  | 10000
2024-03-09 14:09:54,950 - INFO - eps                           | 1e-06
2024-03-09 14:09:54,950 - INFO - alpha                         | 0.8
2024-03-09 14:09:54,950 - INFO - beta                          | 0.2
2024-03-09 14:09:54,950 - INFO - update_alpha_beta             | True
2024-03-09 14:09:54,950 - INFO - ============================================================
2024-03-09 14:09:54,950 - INFO - Device: cpu
